2021-07-26 16:58:33,848 INFO org.polytech.pfe.domego.services.sockets.game.GameSocketHandler [http-nio-8080-exec-6] GameSocketHandler : New user on socket with ip : /0:0:0:0:0:0:0:1:53714
2021-07-26 16:58:33,832 INFO org.polytech.pfe.domego.services.sockets.room.RoomSocketHandler [http-nio-8080-exec-13] RoomSocketHandler : New user on socket with ip : /0:0:0:0:0:0:0:1:62326
2021-07-26 16:59:10,984 INFO org.polytech.pfe.domego.services.sockets.room.RoomSocketHandler [http-nio-8080-exec-12] RoomSocketHandler : New user on socket with ip : /0:0:0:0:0:0:0:1:53753
2021-07-26 16:59:11,407 INFO org.polytech.pfe.domego.services.sockets.game.GameSocketHandler [http-nio-8080-exec-5] GameSocketHandler : New user on socket with ip : /0:0:0:0:0:0:0:1:56891
2021-07-26 16:59:13,762 INFO org.polytech.pfe.domego.services.sockets.room.RoomSocketHandler [http-nio-8080-exec-2] RoomSocketHandler : New user on socket with ip : /0:0:0:0:0:0:0:1:50765
2021-07-26 16:59:14,085 INFO org.polytech.pfe.domego.services.sockets.game.GameSocketHandler [http-nio-8080-exec-4] GameSocketHandler : New user on socket with ip : /0:0:0:0:0:0:0:1:65093
2021-07-26 16:59:19,628 INFO org.polytech.pfe.domego.services.sockets.room.RoomSocketHandler [http-nio-8080-exec-13] RoomSocketHandler : New user on socket with ip : /0:0:0:0:0:0:0:1:63911
2021-07-26 16:59:19,648 INFO org.polytech.pfe.domego.services.sockets.game.GameSocketHandler [http-nio-8080-exec-1] GameSocketHandler : New user on socket with ip : /0:0:0:0:0:0:0:1:55626
2021-07-26 16:59:37,427 INFO org.polytech.pfe.domego.services.sockets.room.RoomSocketHandler [http-nio-8080-exec-2] RoomSocketHandler : New user on socket with ip : /0:0:0:0:0:0:0:1:65097
2021-07-26 16:59:37,448 INFO org.polytech.pfe.domego.services.sockets.game.GameSocketHandler [http-nio-8080-exec-4] GameSocketHandler : New user on socket with ip : /0:0:0:0:0:0:0:1:54489
2021-07-26 16:59:41,392 INFO org.polytech.pfe.domego.services.sockets.room.RoomSocketHandler [http-nio-8080-exec-10] RoomSocketHandler : New user on socket with ip : /0:0:0:0:0:0:0:1:64721
2021-07-26 16:59:41,493 INFO org.polytech.pfe.domego.services.sockets.game.GameSocketHandler [http-nio-8080-exec-6] GameSocketHandler : New user on socket with ip : /0:0:0:0:0:0:0:1:49494
2021-07-26 16:59:51,548 INFO org.polytech.pfe.domego.services.sockets.room.RoomSocketHandler [http-nio-8080-exec-13] RoomSocketHandler : New user on socket with ip : /0:0:0:0:0:0:0:1:51425
2021-07-26 16:59:51,560 INFO org.polytech.pfe.domego.services.sockets.game.GameSocketHandler [http-nio-8080-exec-1] GameSocketHandler : New user on socket with ip : /0:0:0:0:0:0:0:1:58652
2021-07-26 20:29:46,889 INFO org.polytech.pfe.domego.services.sockets.room.RoomSocketHandler [http-nio-8080-exec-3] RoomSocketHandler : Close session on socket with ip : /0:0:0:0:0:0:0:1:64721
2021-07-26 20:29:46,895 INFO org.polytech.pfe.domego.services.sockets.game.GameSocketHandler [http-nio-8080-exec-12] GameSocketHandler : Close session on socket with ip : /0:0:0:0:0:0:0:1:58652
2021-07-26 20:29:46,894 INFO org.polytech.pfe.domego.services.sockets.game.GameSocketHandler [http-nio-8080-exec-13] GameSocketHandler : Close session on socket with ip : /0:0:0:0:0:0:0:1:56891
2021-07-26 20:29:46,894 INFO org.polytech.pfe.domego.services.sockets.room.RoomSocketHandler [http-nio-8080-exec-1] RoomSocketHandler : Close session on socket with ip : /0:0:0:0:0:0:0:1:53753
2021-07-26 20:29:46,892 INFO org.polytech.pfe.domego.services.sockets.game.GameSocketHandler [http-nio-8080-exec-10] GameSocketHandler : Close session on socket with ip : /0:0:0:0:0:0:0:1:55626
2021-07-26 20:29:46,894 INFO org.polytech.pfe.domego.services.sockets.room.RoomSocketHandler [http-nio-8080-exec-5] RoomSocketHandler : Close session on socket with ip : /0:0:0:0:0:0:0:1:51425
2021-07-26 20:29:46,894 INFO org.polytech.pfe.domego.services.sockets.room.RoomSocketHandler [http-nio-8080-exec-8] RoomSocketHandler : Close session on socket with ip : /0:0:0:0:0:0:0:1:50765
2021-07-26 20:29:46,890 INFO org.polytech.pfe.domego.services.sockets.room.RoomSocketHandler [http-nio-8080-exec-6] RoomSocketHandler : Close session on socket with ip : /0:0:0:0:0:0:0:1:63911
2021-07-26 20:29:46,892 INFO org.polytech.pfe.domego.services.sockets.game.GameSocketHandler [http-nio-8080-exec-4] GameSocketHandler : Close session on socket with ip : /0:0:0:0:0:0:0:1:49494
2021-07-26 20:29:46,892 INFO org.polytech.pfe.domego.services.sockets.room.RoomSocketHandler [http-nio-8080-exec-2] RoomSocketHandler : Close session on socket with ip : /0:0:0:0:0:0:0:1:65097
2021-07-26 20:29:46,907 INFO org.polytech.pfe.domego.services.sockets.game.GameSocketHandler [http-nio-8080-exec-17] GameSocketHandler : Close session on socket with ip : /0:0:0:0:0:0:0:1:65093
2021-07-26 20:29:46,914 INFO org.polytech.pfe.domego.services.sockets.room.RoomSocketHandler [http-nio-8080-exec-18] RoomSocketHandler : Close session on socket with ip : /0:0:0:0:0:0:0:1:62326
2021-07-26 20:29:46,914 INFO org.polytech.pfe.domego.services.sockets.game.GameSocketHandler [http-nio-8080-exec-16] GameSocketHandler : Close session on socket with ip : /0:0:0:0:0:0:0:1:53714
2021-07-26 20:29:46,917 INFO org.polytech.pfe.domego.services.sockets.game.GameSocketHandler [http-nio-8080-exec-15] GameSocketHandler : Close session on socket with ip : /0:0:0:0:0:0:0:1:54489
2021-07-26 22:30:50,068 INFO org.polytech.pfe.domego.services.sockets.room.RoomSocketHandler [http-nio-8080-exec-13] RoomSocketHandler : New user on socket with ip : /0:0:0:0:0:0:0:1:55019
2021-07-26 22:30:50,081 INFO org.polytech.pfe.domego.services.sockets.game.GameSocketHandler [http-nio-8080-exec-17] GameSocketHandler : New user on socket with ip : /0:0:0:0:0:0:0:1:50670
2021-07-26 22:48:11,297 INFO org.springframework.boot.StartupInfoLogger [main] Starting RoleAccessorTest on PC-8 with PID 16852 (started by Utilisateur in D:\SI4\Stage\SI4-stage-Domego\Server)
2021-07-26 22:48:11,304 INFO org.springframework.boot.SpringApplication [main] No active profile set, falling back to default profiles: default
2021-07-26 22:48:13,726 INFO org.springframework.data.repository.config.RepositoryConfigurationDelegate [main] Bootstrapping Spring Data repositories in DEFAULT mode.
2021-07-26 22:48:13,965 INFO org.springframework.data.repository.config.RepositoryConfigurationDelegate [main] Finished Spring Data repository scanning in 216ms. Found 2 repository interfaces.
2021-07-26 22:48:16,113 INFO com.mongodb.diagnostics.logging.SLF4JLogger [main] Cluster created with settings {hosts=[localhost:27017], mode=MULTIPLE, requiredClusterType=UNKNOWN, serverSelectionTimeout='30000 ms', maxWaitQueueSize=500}
2021-07-26 22:48:16,114 INFO com.mongodb.diagnostics.logging.SLF4JLogger [main] Adding discovered server localhost:27017 to client view of cluster
2021-07-26 22:48:16,371 INFO com.mongodb.diagnostics.logging.SLF4JLogger [cluster-ClusterId{value='60ff1f9060dc7557600faee4', description='null'}-localhost:27017] Opened connection [connectionId{localValue:1, serverValue:9}] to localhost:27017
2021-07-26 22:48:16,388 INFO com.mongodb.diagnostics.logging.SLF4JLogger [cluster-ClusterId{value='60ff1f9060dc7557600faee4', description='null'}-localhost:27017] Monitor thread successfully connected to server with description ServerDescription{address=localhost:27017, type=STANDALONE, state=CONNECTED, ok=true, version=ServerVersion{versionList=[4, 4, 5]}, minWireVersion=0, maxWireVersion=9, maxDocumentSize=16777216, logicalSessionTimeoutMinutes=30, roundTripTimeNanos=8482200}
2021-07-26 22:48:16,392 INFO com.mongodb.diagnostics.logging.SLF4JLogger [cluster-ClusterId{value='60ff1f9060dc7557600faee4', description='null'}-localhost:27017] Discovered cluster type of STANDALONE
2021-07-26 22:48:16,702 WARN org.springframework.data.convert.CustomConversions [main] Registering converter from class java.time.LocalDateTime to class java.time.Instant as reading converter although it doesn't convert from a store-supported type! You might wanna check you annotation setup at the converter implementation.
2021-07-26 22:48:16,705 WARN org.springframework.data.convert.CustomConversions [main] Registering converter from class java.time.Instant to class java.time.LocalDateTime as reading converter although it doesn't convert from a store-supported type! You might wanna check you annotation setup at the converter implementation.
2021-07-26 22:48:17,047 WARN org.springframework.data.convert.CustomConversions [main] Registering converter from class java.time.LocalDateTime to class java.time.Instant as reading converter although it doesn't convert from a store-supported type! You might wanna check you annotation setup at the converter implementation.
2021-07-26 22:48:17,048 WARN org.springframework.data.convert.CustomConversions [main] Registering converter from class java.time.Instant to class java.time.LocalDateTime as reading converter although it doesn't convert from a store-supported type! You might wanna check you annotation setup at the converter implementation.
2021-07-26 22:48:17,712 INFO com.mongodb.diagnostics.logging.SLF4JLogger [main] Opened connection [connectionId{localValue:2, serverValue:10}] to localhost:27017
2021-07-26 22:48:18,195 INFO org.springframework.scheduling.concurrent.ExecutorConfigurationSupport [main] Initializing ExecutorService 'defaultSockJsTaskScheduler'
2021-07-26 22:48:19,822 INFO org.springframework.scheduling.concurrent.ExecutorConfigurationSupport [main] Initializing ExecutorService 'applicationTaskExecutor'
2021-07-26 22:48:20,134 INFO org.springframework.boot.autoconfigure.web.servlet.WelcomePageHandlerMapping [main] Adding welcome page: class path resource [static/index.html]
2021-07-26 22:48:20,767 INFO org.springframework.boot.StartupInfoLogger [main] Started RoleAccessorTest in 12.64 seconds (JVM running for 17.414)
2021-07-26 22:48:22,068 INFO org.springframework.test.context.support.AbstractTestContextBootstrapper [main] Neither @ContextConfiguration nor @ContextHierarchy found for test class [org.polytech.pfe.domego.GameRequestHandlerTest], using SpringBootContextLoader
2021-07-26 22:48:22,071 INFO org.springframework.test.context.support.AbstractContextLoader [main] Could not detect default resource locations for test class [org.polytech.pfe.domego.GameRequestHandlerTest]: no resource found for suffixes {-context.xml, Context.groovy}.
2021-07-26 22:48:22,072 INFO org.springframework.test.context.support.AnnotationConfigContextLoaderUtils [main] Could not detect default configuration classes for test class [org.polytech.pfe.domego.GameRequestHandlerTest]: GameRequestHandlerTest does not declare any static, non-private, non-final, nested classes annotated with @Configuration.
2021-07-26 22:48:22,084 INFO org.springframework.boot.test.context.SpringBootTestContextBootstrapper [main] Found @SpringBootConfiguration org.polytech.pfe.domego.DomegoApplication for test class org.polytech.pfe.domego.GameRequestHandlerTest
2021-07-26 22:48:22,089 INFO org.springframework.test.context.support.AbstractTestContextBootstrapper [main] Loaded default TestExecutionListener class names from location [META-INF/spring.factories]: [org.springframework.boot.test.mock.mockito.MockitoTestExecutionListener, org.springframework.boot.test.mock.mockito.ResetMocksTestExecutionListener, org.springframework.boot.test.autoconfigure.restdocs.RestDocsTestExecutionListener, org.springframework.boot.test.autoconfigure.web.client.MockRestServiceServerResetTestExecutionListener, org.springframework.boot.test.autoconfigure.web.servlet.MockMvcPrintOnlyOnFailureTestExecutionListener, org.springframework.boot.test.autoconfigure.web.servlet.WebDriverTestExecutionListener, org.springframework.test.context.web.ServletTestExecutionListener, org.springframework.test.context.support.DirtiesContextBeforeModesTestExecutionListener, org.springframework.test.context.support.DependencyInjectionTestExecutionListener, org.springframework.test.context.support.DirtiesContextTestExecutionListener, org.springframework.test.context.transaction.TransactionalTestExecutionListener, org.springframework.test.context.jdbc.SqlScriptsTestExecutionListener, org.springframework.test.context.event.EventPublishingTestExecutionListener]
2021-07-26 22:48:22,090 INFO org.springframework.test.context.support.AbstractTestContextBootstrapper [main] Using TestExecutionListeners: [org.springframework.test.context.web.ServletTestExecutionListener@9138641, org.springframework.test.context.support.DirtiesContextBeforeModesTestExecutionListener@1bb80b10, org.springframework.boot.test.mock.mockito.MockitoTestExecutionListener@ec0fa12, org.springframework.boot.test.autoconfigure.SpringBootDependencyInjectionTestExecutionListener@5384ea8e, org.springframework.test.context.support.DirtiesContextTestExecutionListener@46305f31, org.springframework.test.context.transaction.TransactionalTestExecutionListener@1d8b3c6c, org.springframework.test.context.jdbc.SqlScriptsTestExecutionListener@149245a5, org.springframework.test.context.event.EventPublishingTestExecutionListener@60b60d23, org.springframework.boot.test.mock.mockito.ResetMocksTestExecutionListener@24bb0fd3, org.springframework.boot.test.autoconfigure.restdocs.RestDocsTestExecutionListener@60973f74, org.springframework.boot.test.autoconfigure.web.client.MockRestServiceServerResetTestExecutionListener@66aee1ae, org.springframework.boot.test.autoconfigure.web.servlet.MockMvcPrintOnlyOnFailureTestExecutionListener@3621374d, org.springframework.boot.test.autoconfigure.web.servlet.WebDriverTestExecutionListener@4a1873cd]
2021-07-26 22:48:22,886 INFO org.polytech.pfe.domego.protocol.game.BuyResourceEvent [main] BuyResourceEvent : In game  3721c04a-f5ed-454f-acd4-7a61bd3b233d the player named : name has buy 1 resources. He has now : 11 resources and : 29 999 money.
2021-07-26 22:48:22,986 INFO org.polytech.pfe.domego.protocol.game.JoinGameEvent [main] JoinGameEvent : Le joueur : name a rejoint la partie : e2255088-3089-4b19-bc76-9eb0ed8660e0
2021-07-26 22:48:22,989 INFO org.polytech.pfe.domego.protocol.game.JoinGameEvent [main] JoinGameEvent : Le joueur : name a rejoint la partie : e2255088-3089-4b19-bc76-9eb0ed8660e0
2021-07-26 22:48:22,993 INFO org.polytech.pfe.domego.protocol.game.JoinGameEvent [main] JoinGameEvent : Le joueur : name a rejoint la partie : e2255088-3089-4b19-bc76-9eb0ed8660e0
2021-07-26 22:48:22,995 INFO org.polytech.pfe.domego.protocol.game.JoinGameEvent [main] JoinGameEvent : Le joueur : name a rejoint la partie : e2255088-3089-4b19-bc76-9eb0ed8660e0
2021-07-26 22:48:22,998 INFO org.polytech.pfe.domego.protocol.game.JoinGameEvent [main] JoinGameEvent : Le joueur : name a rejoint la partie : e2255088-3089-4b19-bc76-9eb0ed8660e0
2021-07-26 22:48:23,001 INFO org.polytech.pfe.domego.protocol.game.JoinGameEvent [main] JoinGameEvent : Le joueur : name a rejoint la partie : e2255088-3089-4b19-bc76-9eb0ed8660e0
2021-07-26 22:48:23,085 INFO org.polytech.pfe.domego.protocol.game.LaunchGameEvent [main] LaunchGameEvent : Send Message LaunchGameEvent to all players
2021-07-26 22:48:23,166 INFO org.polytech.pfe.domego.protocol.game.JoinGameEvent [main] JoinGameEvent : Le joueur : name a rejoint la partie : 922bfd5a-dacc-4d01-89ca-4e0f14b342d8
2021-07-26 22:48:23,928 INFO org.springframework.test.context.support.AbstractTestContextBootstrapper [main] Neither @ContextConfiguration nor @ContextHierarchy found for test class [org.polytech.pfe.domego.RoomRequestHandlerTest], using SpringBootContextLoader
2021-07-26 22:48:23,930 INFO org.springframework.test.context.support.AbstractContextLoader [main] Could not detect default resource locations for test class [org.polytech.pfe.domego.RoomRequestHandlerTest]: no resource found for suffixes {-context.xml, Context.groovy}.
2021-07-26 22:48:23,931 INFO org.springframework.test.context.support.AnnotationConfigContextLoaderUtils [main] Could not detect default configuration classes for test class [org.polytech.pfe.domego.RoomRequestHandlerTest]: RoomRequestHandlerTest does not declare any static, non-private, non-final, nested classes annotated with @Configuration.
2021-07-26 22:48:23,936 INFO org.springframework.boot.test.context.SpringBootTestContextBootstrapper [main] Found @SpringBootConfiguration org.polytech.pfe.domego.DomegoApplication for test class org.polytech.pfe.domego.RoomRequestHandlerTest
2021-07-26 22:48:23,939 INFO org.springframework.test.context.support.AbstractTestContextBootstrapper [main] Loaded default TestExecutionListener class names from location [META-INF/spring.factories]: [org.springframework.boot.test.mock.mockito.MockitoTestExecutionListener, org.springframework.boot.test.mock.mockito.ResetMocksTestExecutionListener, org.springframework.boot.test.autoconfigure.restdocs.RestDocsTestExecutionListener, org.springframework.boot.test.autoconfigure.web.client.MockRestServiceServerResetTestExecutionListener, org.springframework.boot.test.autoconfigure.web.servlet.MockMvcPrintOnlyOnFailureTestExecutionListener, org.springframework.boot.test.autoconfigure.web.servlet.WebDriverTestExecutionListener, org.springframework.test.context.web.ServletTestExecutionListener, org.springframework.test.context.support.DirtiesContextBeforeModesTestExecutionListener, org.springframework.test.context.support.DependencyInjectionTestExecutionListener, org.springframework.test.context.support.DirtiesContextTestExecutionListener, org.springframework.test.context.transaction.TransactionalTestExecutionListener, org.springframework.test.context.jdbc.SqlScriptsTestExecutionListener, org.springframework.test.context.event.EventPublishingTestExecutionListener]
2021-07-26 22:48:23,940 INFO org.springframework.test.context.support.AbstractTestContextBootstrapper [main] Using TestExecutionListeners: [org.springframework.test.context.web.ServletTestExecutionListener@68c97dc3, org.springframework.test.context.support.DirtiesContextBeforeModesTestExecutionListener@367f761b, org.springframework.boot.test.mock.mockito.MockitoTestExecutionListener@2f7925e9, org.springframework.boot.test.autoconfigure.SpringBootDependencyInjectionTestExecutionListener@1e176d98, org.springframework.test.context.support.DirtiesContextTestExecutionListener@3d932cfc, org.springframework.test.context.transaction.TransactionalTestExecutionListener@70115afb, org.springframework.test.context.jdbc.SqlScriptsTestExecutionListener@16a17f7d, org.springframework.test.context.event.EventPublishingTestExecutionListener@337fab9c, org.springframework.boot.test.mock.mockito.ResetMocksTestExecutionListener@17af85c3, org.springframework.boot.test.autoconfigure.restdocs.RestDocsTestExecutionListener@6d13d34f, org.springframework.boot.test.autoconfigure.web.client.MockRestServiceServerResetTestExecutionListener@70540307, org.springframework.boot.test.autoconfigure.web.servlet.MockMvcPrintOnlyOnFailureTestExecutionListener@3e3975da, org.springframework.boot.test.autoconfigure.web.servlet.WebDriverTestExecutionListener@55537e43]
2021-07-26 22:48:23,959 INFO org.polytech.pfe.domego.services.sockets.room.RoomRequestHandler [main] RoomRequestHandler : New Room request type : class org.polytech.pfe.domego.protocol.room.CreateGameEvent
2021-07-26 22:48:23,981 INFO org.polytech.pfe.domego.protocol.room.CreateGameEvent [main] CreateGameEvent : name has created a Room named : name's lobby with ID : 181ca5d1-6851-4e98-b48f-344ec82fe378
2021-07-26 22:48:23,984 INFO org.polytech.pfe.domego.services.sockets.room.RoomRequestHandler [main] RoomRequestHandler : New Room request type : class org.polytech.pfe.domego.protocol.room.CreateGameEvent
2021-07-26 22:48:23,986 INFO org.polytech.pfe.domego.protocol.room.CreateGameEvent [main] CreateGameEvent : name has created a Room named : name's lobby with ID : 4e781f80-471a-4538-980c-de6807b5268d
2021-07-26 22:48:24,012 INFO org.polytech.pfe.domego.services.sockets.room.RoomRequestHandler [main] RoomRequestHandler : New Room request type : class org.polytech.pfe.domego.protocol.room.CreateGameEvent
2021-07-26 22:48:24,013 INFO org.polytech.pfe.domego.protocol.room.CreateGameEvent [main] CreateGameEvent : name has created a Room named : name's lobby with ID : 18509c89-c9c7-415d-b5d1-44e592e2036b
2021-07-26 22:48:24,031 INFO org.polytech.pfe.domego.services.sockets.room.RoomRequestHandler [main] RoomRequestHandler : New Room request type : class org.polytech.pfe.domego.protocol.room.ChooseRoleEvent
2021-07-26 22:48:24,040 INFO org.polytech.pfe.domego.protocol.room.ChooseRoleEvent [main] ChooseRoleEvent : In game : 18509c89-c9c7-415d-b5d1-44e592e2036b the player name : name has change role, new role : MANAGER
2021-07-26 22:48:24,053 INFO org.polytech.pfe.domego.services.sockets.room.RoomRequestHandler [main] RoomRequestHandler : New Room request type : class org.polytech.pfe.domego.protocol.room.CreateGameEvent
2021-07-26 22:48:24,054 INFO org.polytech.pfe.domego.protocol.room.CreateGameEvent [main] CreateGameEvent : name has created a Room named : name's lobby with ID : f9a5b31e-6582-461d-ac95-7de55d1ea2d8
2021-07-26 22:48:24,059 INFO org.polytech.pfe.domego.services.sockets.room.RoomRequestHandler [main] RoomRequestHandler : New Room request type : class org.polytech.pfe.domego.protocol.room.JoinRoomEvent
2021-07-26 22:48:24,060 INFO org.polytech.pfe.domego.protocol.room.JoinRoomEvent [main] JoinRoomEvent : New player named : name2 has join the room : f9a5b31e-6582-461d-ac95-7de55d1ea2d8
2021-07-26 22:48:24,072 INFO org.polytech.pfe.domego.services.sockets.room.RoomRequestHandler [main] RoomRequestHandler : New Room request type : class org.polytech.pfe.domego.protocol.room.CreateGameEvent
2021-07-26 22:48:24,073 INFO org.polytech.pfe.domego.protocol.room.CreateGameEvent [main] CreateGameEvent : name has created a Room named : name's lobby with ID : 5b3cb034-7c85-4f14-8a3c-02f71fe79e55
2021-07-26 22:48:24,079 INFO org.polytech.pfe.domego.services.sockets.room.RoomRequestHandler [main] RoomRequestHandler : New Room request type : class org.polytech.pfe.domego.protocol.room.ChangeStatusEvent
2021-07-26 22:48:24,080 INFO org.polytech.pfe.domego.protocol.room.ChangeStatusEvent [main] ChangeStatusEvent : In game : 5b3cb034-7c85-4f14-8a3c-02f71fe79e55 the player name : name has change status, new status : Ready
2021-07-26 22:48:24,600 INFO org.springframework.scheduling.concurrent.ExecutorConfigurationSupport [SpringContextShutdownHook] Shutting down ExecutorService 'applicationTaskExecutor'
2021-07-26 22:48:24,602 INFO org.springframework.scheduling.concurrent.ExecutorConfigurationSupport [SpringContextShutdownHook] Shutting down ExecutorService 'defaultSockJsTaskScheduler'
2021-07-26 22:48:24,779 INFO com.mongodb.diagnostics.logging.SLF4JLogger [SpringContextShutdownHook] Closed connection [connectionId{localValue:2, serverValue:10}] to localhost:27017 because the pool has been closed.
2021-07-26 23:02:06,708 INFO org.springframework.boot.StartupInfoLogger [main] Starting RoleAccessorTest on PC-8 with PID 9200 (started by Utilisateur in D:\SI4\Stage\SI4-stage-Domego\Server)
2021-07-26 23:02:06,714 INFO org.springframework.boot.SpringApplication [main] No active profile set, falling back to default profiles: default
2021-07-26 23:02:08,339 INFO org.springframework.data.repository.config.RepositoryConfigurationDelegate [main] Bootstrapping Spring Data repositories in DEFAULT mode.
2021-07-26 23:02:08,524 INFO org.springframework.data.repository.config.RepositoryConfigurationDelegate [main] Finished Spring Data repository scanning in 168ms. Found 2 repository interfaces.
2021-07-26 23:02:10,432 INFO com.mongodb.diagnostics.logging.SLF4JLogger [main] Cluster created with settings {hosts=[localhost:27017], mode=MULTIPLE, requiredClusterType=UNKNOWN, serverSelectionTimeout='30000 ms', maxWaitQueueSize=500}
2021-07-26 23:02:10,433 INFO com.mongodb.diagnostics.logging.SLF4JLogger [main] Adding discovered server localhost:27017 to client view of cluster
2021-07-26 23:02:10,702 INFO com.mongodb.diagnostics.logging.SLF4JLogger [cluster-ClusterId{value='60ff22d2322e5973b641a46f', description='null'}-localhost:27017] Opened connection [connectionId{localValue:1, serverValue:11}] to localhost:27017
2021-07-26 23:02:10,717 INFO com.mongodb.diagnostics.logging.SLF4JLogger [cluster-ClusterId{value='60ff22d2322e5973b641a46f', description='null'}-localhost:27017] Monitor thread successfully connected to server with description ServerDescription{address=localhost:27017, type=STANDALONE, state=CONNECTED, ok=true, version=ServerVersion{versionList=[4, 4, 5]}, minWireVersion=0, maxWireVersion=9, maxDocumentSize=16777216, logicalSessionTimeoutMinutes=30, roundTripTimeNanos=8796300}
2021-07-26 23:02:10,721 INFO com.mongodb.diagnostics.logging.SLF4JLogger [cluster-ClusterId{value='60ff22d2322e5973b641a46f', description='null'}-localhost:27017] Discovered cluster type of STANDALONE
2021-07-26 23:02:10,880 WARN org.springframework.data.convert.CustomConversions [main] Registering converter from class java.time.LocalDateTime to class java.time.Instant as reading converter although it doesn't convert from a store-supported type! You might wanna check you annotation setup at the converter implementation.
2021-07-26 23:02:10,881 WARN org.springframework.data.convert.CustomConversions [main] Registering converter from class java.time.Instant to class java.time.LocalDateTime as reading converter although it doesn't convert from a store-supported type! You might wanna check you annotation setup at the converter implementation.
2021-07-26 23:02:11,130 WARN org.springframework.data.convert.CustomConversions [main] Registering converter from class java.time.LocalDateTime to class java.time.Instant as reading converter although it doesn't convert from a store-supported type! You might wanna check you annotation setup at the converter implementation.
2021-07-26 23:02:11,131 WARN org.springframework.data.convert.CustomConversions [main] Registering converter from class java.time.Instant to class java.time.LocalDateTime as reading converter although it doesn't convert from a store-supported type! You might wanna check you annotation setup at the converter implementation.
2021-07-26 23:02:11,572 INFO com.mongodb.diagnostics.logging.SLF4JLogger [main] Opened connection [connectionId{localValue:2, serverValue:12}] to localhost:27017
2021-07-26 23:02:12,031 INFO org.springframework.scheduling.concurrent.ExecutorConfigurationSupport [main] Initializing ExecutorService 'defaultSockJsTaskScheduler'
2021-07-26 23:02:13,182 INFO org.springframework.scheduling.concurrent.ExecutorConfigurationSupport [main] Initializing ExecutorService 'applicationTaskExecutor'
2021-07-26 23:02:13,550 INFO org.springframework.boot.autoconfigure.web.servlet.WelcomePageHandlerMapping [main] Adding welcome page: class path resource [static/index.html]
2021-07-26 23:02:14,146 INFO org.springframework.boot.StartupInfoLogger [main] Started RoleAccessorTest in 10.553 seconds (JVM running for 15.466)
2021-07-26 23:02:15,335 INFO org.springframework.test.context.support.AbstractTestContextBootstrapper [main] Neither @ContextConfiguration nor @ContextHierarchy found for test class [org.polytech.pfe.domego.GameRequestHandlerTest], using SpringBootContextLoader
2021-07-26 23:02:15,337 INFO org.springframework.test.context.support.AbstractContextLoader [main] Could not detect default resource locations for test class [org.polytech.pfe.domego.GameRequestHandlerTest]: no resource found for suffixes {-context.xml, Context.groovy}.
2021-07-26 23:02:15,338 INFO org.springframework.test.context.support.AnnotationConfigContextLoaderUtils [main] Could not detect default configuration classes for test class [org.polytech.pfe.domego.GameRequestHandlerTest]: GameRequestHandlerTest does not declare any static, non-private, non-final, nested classes annotated with @Configuration.
2021-07-26 23:02:15,351 INFO org.springframework.boot.test.context.SpringBootTestContextBootstrapper [main] Found @SpringBootConfiguration org.polytech.pfe.domego.DomegoApplication for test class org.polytech.pfe.domego.GameRequestHandlerTest
2021-07-26 23:02:15,355 INFO org.springframework.test.context.support.AbstractTestContextBootstrapper [main] Loaded default TestExecutionListener class names from location [META-INF/spring.factories]: [org.springframework.boot.test.mock.mockito.MockitoTestExecutionListener, org.springframework.boot.test.mock.mockito.ResetMocksTestExecutionListener, org.springframework.boot.test.autoconfigure.restdocs.RestDocsTestExecutionListener, org.springframework.boot.test.autoconfigure.web.client.MockRestServiceServerResetTestExecutionListener, org.springframework.boot.test.autoconfigure.web.servlet.MockMvcPrintOnlyOnFailureTestExecutionListener, org.springframework.boot.test.autoconfigure.web.servlet.WebDriverTestExecutionListener, org.springframework.test.context.web.ServletTestExecutionListener, org.springframework.test.context.support.DirtiesContextBeforeModesTestExecutionListener, org.springframework.test.context.support.DependencyInjectionTestExecutionListener, org.springframework.test.context.support.DirtiesContextTestExecutionListener, org.springframework.test.context.transaction.TransactionalTestExecutionListener, org.springframework.test.context.jdbc.SqlScriptsTestExecutionListener, org.springframework.test.context.event.EventPublishingTestExecutionListener]
2021-07-26 23:02:15,356 INFO org.springframework.test.context.support.AbstractTestContextBootstrapper [main] Using TestExecutionListeners: [org.springframework.test.context.web.ServletTestExecutionListener@11d5c69f, org.springframework.test.context.support.DirtiesContextBeforeModesTestExecutionListener@237c67aa, org.springframework.boot.test.mock.mockito.MockitoTestExecutionListener@3beeb771, org.springframework.boot.test.autoconfigure.SpringBootDependencyInjectionTestExecutionListener@2ec182d, org.springframework.test.context.support.DirtiesContextTestExecutionListener@3db2d7d1, org.springframework.test.context.transaction.TransactionalTestExecutionListener@7db3a6fa, org.springframework.test.context.jdbc.SqlScriptsTestExecutionListener@33a8c302, org.springframework.test.context.event.EventPublishingTestExecutionListener@5167982a, org.springframework.boot.test.mock.mockito.ResetMocksTestExecutionListener@7ac0d188, org.springframework.boot.test.autoconfigure.restdocs.RestDocsTestExecutionListener@1aa42c5c, org.springframework.boot.test.autoconfigure.web.client.MockRestServiceServerResetTestExecutionListener@6f615cd9, org.springframework.boot.test.autoconfigure.web.servlet.MockMvcPrintOnlyOnFailureTestExecutionListener@22a2fd7, org.springframework.boot.test.autoconfigure.web.servlet.WebDriverTestExecutionListener@7e1af28b]
2021-07-26 23:02:16,235 INFO org.polytech.pfe.domego.protocol.game.BuyResourceEvent [main] BuyResourceEvent : In game  1d3690bd-9644-46ab-9374-f6998a6812db the player named : name has buy 1 resources. He has now : 11 resources and : 29 999 money.
2021-07-26 23:02:16,338 INFO org.polytech.pfe.domego.protocol.game.JoinGameEvent [main] JoinGameEvent : Le joueur : name a rejoint la partie : 6a62cddb-948c-40ea-98e0-17e03276bd94
2021-07-26 23:02:16,342 INFO org.polytech.pfe.domego.protocol.game.JoinGameEvent [main] JoinGameEvent : Le joueur : name a rejoint la partie : 6a62cddb-948c-40ea-98e0-17e03276bd94
2021-07-26 23:02:16,344 INFO org.polytech.pfe.domego.protocol.game.JoinGameEvent [main] JoinGameEvent : Le joueur : name a rejoint la partie : 6a62cddb-948c-40ea-98e0-17e03276bd94
2021-07-26 23:02:16,346 INFO org.polytech.pfe.domego.protocol.game.JoinGameEvent [main] JoinGameEvent : Le joueur : name a rejoint la partie : 6a62cddb-948c-40ea-98e0-17e03276bd94
2021-07-26 23:02:16,349 INFO org.polytech.pfe.domego.protocol.game.JoinGameEvent [main] JoinGameEvent : Le joueur : name a rejoint la partie : 6a62cddb-948c-40ea-98e0-17e03276bd94
2021-07-26 23:02:16,353 INFO org.polytech.pfe.domego.protocol.game.JoinGameEvent [main] JoinGameEvent : Le joueur : name a rejoint la partie : 6a62cddb-948c-40ea-98e0-17e03276bd94
2021-07-26 23:02:16,454 INFO org.polytech.pfe.domego.protocol.game.LaunchGameEvent [main] LaunchGameEvent : Send Message LaunchGameEvent to all players
2021-07-26 23:02:16,516 INFO org.polytech.pfe.domego.protocol.game.JoinGameEvent [main] JoinGameEvent : Le joueur : name a rejoint la partie : f70f7f33-94d8-451d-8293-0b988d2eb7c3
2021-07-26 23:02:17,031 INFO org.springframework.test.context.support.AbstractTestContextBootstrapper [main] Neither @ContextConfiguration nor @ContextHierarchy found for test class [org.polytech.pfe.domego.RoomRequestHandlerTest], using SpringBootContextLoader
2021-07-26 23:02:17,033 INFO org.springframework.test.context.support.AbstractContextLoader [main] Could not detect default resource locations for test class [org.polytech.pfe.domego.RoomRequestHandlerTest]: no resource found for suffixes {-context.xml, Context.groovy}.
2021-07-26 23:02:17,034 INFO org.springframework.test.context.support.AnnotationConfigContextLoaderUtils [main] Could not detect default configuration classes for test class [org.polytech.pfe.domego.RoomRequestHandlerTest]: RoomRequestHandlerTest does not declare any static, non-private, non-final, nested classes annotated with @Configuration.
2021-07-26 23:02:17,037 INFO org.springframework.boot.test.context.SpringBootTestContextBootstrapper [main] Found @SpringBootConfiguration org.polytech.pfe.domego.DomegoApplication for test class org.polytech.pfe.domego.RoomRequestHandlerTest
2021-07-26 23:02:17,041 INFO org.springframework.test.context.support.AbstractTestContextBootstrapper [main] Loaded default TestExecutionListener class names from location [META-INF/spring.factories]: [org.springframework.boot.test.mock.mockito.MockitoTestExecutionListener, org.springframework.boot.test.mock.mockito.ResetMocksTestExecutionListener, org.springframework.boot.test.autoconfigure.restdocs.RestDocsTestExecutionListener, org.springframework.boot.test.autoconfigure.web.client.MockRestServiceServerResetTestExecutionListener, org.springframework.boot.test.autoconfigure.web.servlet.MockMvcPrintOnlyOnFailureTestExecutionListener, org.springframework.boot.test.autoconfigure.web.servlet.WebDriverTestExecutionListener, org.springframework.test.context.web.ServletTestExecutionListener, org.springframework.test.context.support.DirtiesContextBeforeModesTestExecutionListener, org.springframework.test.context.support.DependencyInjectionTestExecutionListener, org.springframework.test.context.support.DirtiesContextTestExecutionListener, org.springframework.test.context.transaction.TransactionalTestExecutionListener, org.springframework.test.context.jdbc.SqlScriptsTestExecutionListener, org.springframework.test.context.event.EventPublishingTestExecutionListener]
2021-07-26 23:02:17,042 INFO org.springframework.test.context.support.AbstractTestContextBootstrapper [main] Using TestExecutionListeners: [org.springframework.test.context.web.ServletTestExecutionListener@394f2e02, org.springframework.test.context.support.DirtiesContextBeforeModesTestExecutionListener@6fbf1abb, org.springframework.boot.test.mock.mockito.MockitoTestExecutionListener@448ffd91, org.springframework.boot.test.autoconfigure.SpringBootDependencyInjectionTestExecutionListener@2fdf8482, org.springframework.test.context.support.DirtiesContextTestExecutionListener@6f208045, org.springframework.test.context.transaction.TransactionalTestExecutionListener@78dd35d8, org.springframework.test.context.jdbc.SqlScriptsTestExecutionListener@43852c27, org.springframework.test.context.event.EventPublishingTestExecutionListener@10ad4b41, org.springframework.boot.test.mock.mockito.ResetMocksTestExecutionListener@7b64d3b9, org.springframework.boot.test.autoconfigure.restdocs.RestDocsTestExecutionListener@6a865af8, org.springframework.boot.test.autoconfigure.web.client.MockRestServiceServerResetTestExecutionListener@8b79b, org.springframework.boot.test.autoconfigure.web.servlet.MockMvcPrintOnlyOnFailureTestExecutionListener@7a051398, org.springframework.boot.test.autoconfigure.web.servlet.WebDriverTestExecutionListener@27a1fe7a]
2021-07-26 23:02:17,057 INFO org.polytech.pfe.domego.services.sockets.room.RoomRequestHandler [main] RoomRequestHandler : New Room request type : class org.polytech.pfe.domego.protocol.room.CreateGameEvent
2021-07-26 23:02:17,063 INFO org.polytech.pfe.domego.protocol.room.CreateGameEvent [main] CreateGameEvent : name has created a Room named : name's lobby with ID : 0d5d029c-13a9-452d-89c2-2167ad682bdc
2021-07-26 23:02:17,064 INFO org.polytech.pfe.domego.services.sockets.room.RoomRequestHandler [main] RoomRequestHandler : New Room request type : class org.polytech.pfe.domego.protocol.room.CreateGameEvent
2021-07-26 23:02:17,066 INFO org.polytech.pfe.domego.protocol.room.CreateGameEvent [main] CreateGameEvent : name has created a Room named : name's lobby with ID : b43fb3e4-c1a4-4bf7-970f-f0dac74d2310
2021-07-26 23:02:17,083 INFO org.polytech.pfe.domego.services.sockets.room.RoomRequestHandler [main] RoomRequestHandler : New Room request type : class org.polytech.pfe.domego.protocol.room.CreateGameEvent
2021-07-26 23:02:17,085 INFO org.polytech.pfe.domego.protocol.room.CreateGameEvent [main] CreateGameEvent : name has created a Room named : name's lobby with ID : a5b1457e-71ad-4628-b66d-2d50c9fb6f97
2021-07-26 23:02:17,100 INFO org.polytech.pfe.domego.services.sockets.room.RoomRequestHandler [main] RoomRequestHandler : New Room request type : class org.polytech.pfe.domego.protocol.room.ChooseRoleEvent
2021-07-26 23:02:17,108 INFO org.polytech.pfe.domego.protocol.room.ChooseRoleEvent [main] ChooseRoleEvent : In game : a5b1457e-71ad-4628-b66d-2d50c9fb6f97 the player name : name has change role, new role : MANAGER
2021-07-26 23:02:17,124 INFO org.polytech.pfe.domego.services.sockets.room.RoomRequestHandler [main] RoomRequestHandler : New Room request type : class org.polytech.pfe.domego.protocol.room.CreateGameEvent
2021-07-26 23:02:17,126 INFO org.polytech.pfe.domego.protocol.room.CreateGameEvent [main] CreateGameEvent : name has created a Room named : name's lobby with ID : 452a08af-a731-431a-b3f0-e172dadd18ea
2021-07-26 23:02:17,131 INFO org.polytech.pfe.domego.services.sockets.room.RoomRequestHandler [main] RoomRequestHandler : New Room request type : class org.polytech.pfe.domego.protocol.room.JoinRoomEvent
2021-07-26 23:02:17,132 INFO org.polytech.pfe.domego.protocol.room.JoinRoomEvent [main] JoinRoomEvent : New player named : name2 has join the room : 452a08af-a731-431a-b3f0-e172dadd18ea
2021-07-26 23:02:17,147 INFO org.polytech.pfe.domego.services.sockets.room.RoomRequestHandler [main] RoomRequestHandler : New Room request type : class org.polytech.pfe.domego.protocol.room.CreateGameEvent
2021-07-26 23:02:17,148 INFO org.polytech.pfe.domego.protocol.room.CreateGameEvent [main] CreateGameEvent : name has created a Room named : name's lobby with ID : b9652bd3-610a-4e28-852a-9bc088877dc1
2021-07-26 23:02:17,152 INFO org.polytech.pfe.domego.services.sockets.room.RoomRequestHandler [main] RoomRequestHandler : New Room request type : class org.polytech.pfe.domego.protocol.room.ChangeStatusEvent
2021-07-26 23:02:17,153 INFO org.polytech.pfe.domego.protocol.room.ChangeStatusEvent [main] ChangeStatusEvent : In game : b9652bd3-610a-4e28-852a-9bc088877dc1 the player name : name has change status, new status : Ready
2021-07-26 23:02:17,569 INFO org.springframework.scheduling.concurrent.ExecutorConfigurationSupport [SpringContextShutdownHook] Shutting down ExecutorService 'applicationTaskExecutor'
2021-07-26 23:02:17,570 INFO org.springframework.scheduling.concurrent.ExecutorConfigurationSupport [SpringContextShutdownHook] Shutting down ExecutorService 'defaultSockJsTaskScheduler'
2021-07-26 23:02:17,733 INFO com.mongodb.diagnostics.logging.SLF4JLogger [SpringContextShutdownHook] Closed connection [connectionId{localValue:2, serverValue:12}] to localhost:27017 because the pool has been closed.
2021-07-26 23:02:54,862 INFO org.springframework.boot.StartupInfoLogger [main] Starting DomegoApplication on PC-8 with PID 14788 (D:\SI4\Stage\SI4-stage-Domego\Server\target\classes started by Utilisateur in D:\SI4\Stage\SI4-stage-Domego\Server)
2021-07-26 23:02:54,869 INFO org.springframework.boot.SpringApplication [main] No active profile set, falling back to default profiles: default
2021-07-26 23:02:55,811 INFO org.springframework.data.repository.config.RepositoryConfigurationDelegate [main] Bootstrapping Spring Data repositories in DEFAULT mode.
2021-07-26 23:02:55,947 INFO org.springframework.data.repository.config.RepositoryConfigurationDelegate [main] Finished Spring Data repository scanning in 129ms. Found 2 repository interfaces.
2021-07-26 23:02:56,558 INFO org.springframework.boot.web.embedded.tomcat.TomcatWebServer [main] Tomcat initialized with port(s): 8080 (http)
2021-07-26 23:02:56,573 INFO org.apache.juli.logging.DirectJDKLog [main] Initializing ProtocolHandler ["http-nio-8080"]
2021-07-26 23:02:56,575 INFO org.apache.juli.logging.DirectJDKLog [main] Starting service [Tomcat]
2021-07-26 23:02:56,577 INFO org.apache.juli.logging.DirectJDKLog [main] Starting Servlet engine: [Apache Tomcat/9.0.27]
2021-07-26 23:02:56,717 INFO org.apache.juli.logging.DirectJDKLog [main] Initializing Spring embedded WebApplicationContext
2021-07-26 23:02:56,719 INFO org.springframework.boot.web.servlet.context.ServletWebServerApplicationContext [main] Root WebApplicationContext: initialization completed in 1803 ms
2021-07-26 23:02:57,059 INFO com.mongodb.diagnostics.logging.SLF4JLogger [main] Cluster created with settings {hosts=[localhost:27017], mode=MULTIPLE, requiredClusterType=UNKNOWN, serverSelectionTimeout='30000 ms', maxWaitQueueSize=500}
2021-07-26 23:02:57,061 INFO com.mongodb.diagnostics.logging.SLF4JLogger [main] Adding discovered server localhost:27017 to client view of cluster
2021-07-26 23:02:57,118 INFO com.mongodb.diagnostics.logging.SLF4JLogger [cluster-ClusterId{value='60ff2301a04e5c568a6cd01c', description='null'}-localhost:27017] Opened connection [connectionId{localValue:1, serverValue:13}] to localhost:27017
2021-07-26 23:02:57,127 INFO com.mongodb.diagnostics.logging.SLF4JLogger [cluster-ClusterId{value='60ff2301a04e5c568a6cd01c', description='null'}-localhost:27017] Monitor thread successfully connected to server with description ServerDescription{address=localhost:27017, type=STANDALONE, state=CONNECTED, ok=true, version=ServerVersion{versionList=[4, 4, 5]}, minWireVersion=0, maxWireVersion=9, maxDocumentSize=16777216, logicalSessionTimeoutMinutes=30, roundTripTimeNanos=3306800}
2021-07-26 23:02:57,131 INFO com.mongodb.diagnostics.logging.SLF4JLogger [cluster-ClusterId{value='60ff2301a04e5c568a6cd01c', description='null'}-localhost:27017] Discovered cluster type of STANDALONE
2021-07-26 23:02:57,179 WARN org.springframework.data.convert.CustomConversions [main] Registering converter from class java.time.LocalDateTime to class java.time.Instant as reading converter although it doesn't convert from a store-supported type! You might wanna check you annotation setup at the converter implementation.
2021-07-26 23:02:57,181 WARN org.springframework.data.convert.CustomConversions [main] Registering converter from class java.time.Instant to class java.time.LocalDateTime as reading converter although it doesn't convert from a store-supported type! You might wanna check you annotation setup at the converter implementation.
2021-07-26 23:02:57,279 WARN org.springframework.data.convert.CustomConversions [main] Registering converter from class java.time.LocalDateTime to class java.time.Instant as reading converter although it doesn't convert from a store-supported type! You might wanna check you annotation setup at the converter implementation.
2021-07-26 23:02:57,281 WARN org.springframework.data.convert.CustomConversions [main] Registering converter from class java.time.Instant to class java.time.LocalDateTime as reading converter although it doesn't convert from a store-supported type! You might wanna check you annotation setup at the converter implementation.
2021-07-26 23:02:57,444 INFO com.mongodb.diagnostics.logging.SLF4JLogger [main] Opened connection [connectionId{localValue:2, serverValue:14}] to localhost:27017
2021-07-26 23:02:57,596 INFO org.springframework.scheduling.concurrent.ExecutorConfigurationSupport [main] Initializing ExecutorService 'defaultSockJsTaskScheduler'
2021-07-26 23:02:57,774 INFO org.springframework.scheduling.concurrent.ExecutorConfigurationSupport [main] Initializing ExecutorService 'applicationTaskExecutor'
2021-07-26 23:02:57,844 INFO org.springframework.boot.autoconfigure.web.servlet.WelcomePageHandlerMapping [main] Adding welcome page: class path resource [static/index.html]
2021-07-26 23:02:58,003 INFO org.apache.juli.logging.DirectJDKLog [main] Starting ProtocolHandler ["http-nio-8080"]
2021-07-26 23:02:58,131 INFO org.springframework.boot.web.embedded.tomcat.TomcatWebServer [main] Tomcat started on port(s): 8080 (http) with context path ''
2021-07-26 23:02:58,137 INFO org.springframework.boot.StartupInfoLogger [main] Started DomegoApplication in 4.446 seconds (JVM running for 5.172)
2021-07-26 23:03:26,061 INFO org.apache.juli.logging.DirectJDKLog [http-nio-8080-exec-1] Initializing Spring DispatcherServlet 'dispatcherServlet'
2021-07-26 23:03:26,062 INFO org.springframework.web.servlet.FrameworkServlet [http-nio-8080-exec-1] Initializing Servlet 'dispatcherServlet'
2021-07-26 23:03:26,072 INFO org.springframework.web.servlet.FrameworkServlet [http-nio-8080-exec-1] Completed initialization in 8 ms
2021-07-26 23:05:11,214 INFO org.polytech.pfe.domego.services.sockets.room.RoomSocketHandler [http-nio-8080-exec-1] RoomSocketHandler : New user on socket with ip : /0:0:0:0:0:0:0:1:62292
2021-07-26 23:05:11,221 INFO org.polytech.pfe.domego.services.sockets.game.GameSocketHandler [http-nio-8080-exec-2] GameSocketHandler : New user on socket with ip : /0:0:0:0:0:0:0:1:59307
2021-07-26 23:05:11,348 INFO org.polytech.pfe.domego.services.sockets.room.RoomSocketHandler [http-nio-8080-exec-3] RoomSocketHandler : New user on socket with ip : /0:0:0:0:0:0:0:1:58245
2021-07-26 23:05:11,377 INFO org.polytech.pfe.domego.services.sockets.game.GameSocketHandler [http-nio-8080-exec-4] GameSocketHandler : New user on socket with ip : /0:0:0:0:0:0:0:1:63569
2021-07-26 23:05:15,130 INFO org.polytech.pfe.domego.services.sockets.room.RoomSocketHandler [http-nio-8080-exec-8] RoomSocketHandler : New user on socket with ip : /0:0:0:0:0:0:0:1:54169
2021-07-26 23:05:15,148 INFO org.polytech.pfe.domego.services.sockets.game.GameSocketHandler [http-nio-8080-exec-9] GameSocketHandler : New user on socket with ip : /0:0:0:0:0:0:0:1:52015
2021-07-26 23:05:33,294 INFO org.polytech.pfe.domego.services.sockets.room.RoomSocketHandler [http-nio-8080-exec-4] RoomSocketHandler : New user on socket with ip : /0:0:0:0:0:0:0:1:55827
2021-07-26 23:05:33,310 INFO org.polytech.pfe.domego.services.sockets.game.GameSocketHandler [http-nio-8080-exec-5] GameSocketHandler : New user on socket with ip : /0:0:0:0:0:0:0:1:50470
2021-07-26 23:05:35,150 INFO org.polytech.pfe.domego.services.sockets.room.RoomSocketHandler [http-nio-8080-exec-7] RoomSocketHandler : New user on socket with ip : /0:0:0:0:0:0:0:1:61957
2021-07-26 23:05:35,167 INFO org.polytech.pfe.domego.services.sockets.game.GameSocketHandler [http-nio-8080-exec-8] GameSocketHandler : New user on socket with ip : /0:0:0:0:0:0:0:1:61858
2021-07-26 23:05:41,920 INFO org.polytech.pfe.domego.services.sockets.room.RoomSocketHandler [http-nio-8080-exec-7] RoomSocketHandler : New user on socket with ip : /0:0:0:0:0:0:0:1:54684
2021-07-26 23:05:41,937 INFO org.polytech.pfe.domego.services.sockets.game.GameSocketHandler [http-nio-8080-exec-8] GameSocketHandler : New user on socket with ip : /0:0:0:0:0:0:0:1:56327
2021-07-26 23:05:45,824 INFO org.polytech.pfe.domego.services.sockets.room.RoomSocketHandler [http-nio-8080-exec-4] RoomSocketHandler : New user on socket with ip : /0:0:0:0:0:0:0:1:64858
2021-07-26 23:05:45,839 INFO org.polytech.pfe.domego.services.sockets.game.GameSocketHandler [http-nio-8080-exec-5] GameSocketHandler : New user on socket with ip : /0:0:0:0:0:0:0:1:50327
2021-07-26 23:16:48,072 INFO org.polytech.pfe.domego.services.sockets.room.RoomRequestHandler [http-nio-8080-exec-1] RoomRequestHandler : New Room request type : class org.polytech.pfe.domego.protocol.room.CreateGameEvent
2021-07-26 23:16:48,122 INFO org.polytech.pfe.domego.protocol.room.CreateGameEvent [http-nio-8080-exec-1] CreateGameEvent : A has created a Room named : A's lobby with ID : ffa6ed47-508f-49fa-a6a9-7c3bcdd2ce55
2021-07-26 23:16:50,153 INFO org.polytech.pfe.domego.services.sockets.room.RoomRequestHandler [http-nio-8080-exec-3] RoomRequestHandler : New Room request type : class org.polytech.pfe.domego.protocol.room.ChooseRoleEvent
2021-07-26 23:16:50,264 INFO org.polytech.pfe.domego.protocol.room.ChooseRoleEvent [http-nio-8080-exec-3] ChooseRoleEvent : In game : ffa6ed47-508f-49fa-a6a9-7c3bcdd2ce55 the player name : A has change role, new role : MANAGER
2021-07-26 23:16:51,045 INFO org.polytech.pfe.domego.services.sockets.room.RoomRequestHandler [http-nio-8080-exec-4] RoomRequestHandler : New Room request type : class org.polytech.pfe.domego.protocol.room.ChangeStatusEvent
2021-07-26 23:16:51,048 INFO org.polytech.pfe.domego.protocol.room.ChangeStatusEvent [http-nio-8080-exec-4] ChangeStatusEvent : In game : ffa6ed47-508f-49fa-a6a9-7c3bcdd2ce55 the player name : A has change status, new status : Ready
2021-07-26 23:16:57,558 INFO org.polytech.pfe.domego.services.sockets.room.RoomRequestHandler [http-nio-8080-exec-9] RoomRequestHandler : New Room request type : class org.polytech.pfe.domego.protocol.room.JoinRoomEvent
2021-07-26 23:16:57,560 INFO org.polytech.pfe.domego.protocol.room.JoinRoomEvent [http-nio-8080-exec-9] JoinRoomEvent : New player named : Z has join the room : ffa6ed47-508f-49fa-a6a9-7c3bcdd2ce55
2021-07-26 23:16:59,476 INFO org.polytech.pfe.domego.services.sockets.room.RoomRequestHandler [http-nio-8080-exec-1] RoomRequestHandler : New Room request type : class org.polytech.pfe.domego.protocol.room.ChooseRoleEvent
2021-07-26 23:16:59,487 INFO org.polytech.pfe.domego.protocol.room.ChooseRoleEvent [http-nio-8080-exec-1] ChooseRoleEvent : In game : ffa6ed47-508f-49fa-a6a9-7c3bcdd2ce55 the player name : Z has change role, new role : ARCHITECT
2021-07-26 23:17:00,427 INFO org.polytech.pfe.domego.services.sockets.room.RoomRequestHandler [http-nio-8080-exec-2] RoomRequestHandler : New Room request type : class org.polytech.pfe.domego.protocol.room.ChangeStatusEvent
2021-07-26 23:17:00,429 INFO org.polytech.pfe.domego.protocol.room.ChangeStatusEvent [http-nio-8080-exec-2] ChangeStatusEvent : In game : ffa6ed47-508f-49fa-a6a9-7c3bcdd2ce55 the player name : Z has change status, new status : Ready
2021-07-26 23:17:05,382 INFO org.polytech.pfe.domego.services.sockets.room.RoomRequestHandler [http-nio-8080-exec-6] RoomRequestHandler : New Room request type : class org.polytech.pfe.domego.protocol.room.JoinRoomEvent
2021-07-26 23:17:05,384 INFO org.polytech.pfe.domego.protocol.room.JoinRoomEvent [http-nio-8080-exec-6] JoinRoomEvent : New player named : E has join the room : ffa6ed47-508f-49fa-a6a9-7c3bcdd2ce55
2021-07-26 23:17:07,775 INFO org.polytech.pfe.domego.services.sockets.room.RoomRequestHandler [http-nio-8080-exec-8] RoomRequestHandler : New Room request type : class org.polytech.pfe.domego.protocol.room.ChooseRoleEvent
2021-07-26 23:17:07,781 INFO org.polytech.pfe.domego.protocol.room.ChooseRoleEvent [http-nio-8080-exec-8] ChooseRoleEvent : In game : ffa6ed47-508f-49fa-a6a9-7c3bcdd2ce55 the player name : E has change role, new role : OFFICER
2021-07-26 23:17:08,687 INFO org.polytech.pfe.domego.services.sockets.room.RoomRequestHandler [http-nio-8080-exec-9] RoomRequestHandler : New Room request type : class org.polytech.pfe.domego.protocol.room.ChangeStatusEvent
2021-07-26 23:17:08,688 INFO org.polytech.pfe.domego.protocol.room.ChangeStatusEvent [http-nio-8080-exec-9] ChangeStatusEvent : In game : ffa6ed47-508f-49fa-a6a9-7c3bcdd2ce55 the player name : E has change status, new status : Ready
2021-07-26 23:17:18,774 INFO org.polytech.pfe.domego.services.sockets.room.RoomRequestHandler [http-nio-8080-exec-4] RoomRequestHandler : New Room request type : class org.polytech.pfe.domego.protocol.room.JoinRoomEvent
2021-07-26 23:17:18,776 INFO org.polytech.pfe.domego.protocol.room.JoinRoomEvent [http-nio-8080-exec-4] JoinRoomEvent : New player named : R has join the room : ffa6ed47-508f-49fa-a6a9-7c3bcdd2ce55
2021-07-26 23:17:21,023 INFO org.polytech.pfe.domego.services.sockets.room.RoomRequestHandler [http-nio-8080-exec-8] RoomRequestHandler : New Room request type : class org.polytech.pfe.domego.protocol.room.ChooseRoleEvent
2021-07-26 23:17:21,044 INFO org.polytech.pfe.domego.protocol.room.ChooseRoleEvent [http-nio-8080-exec-8] ChooseRoleEvent : In game : ffa6ed47-508f-49fa-a6a9-7c3bcdd2ce55 the player name : R has change role, new role : CONTROLLER
2021-07-26 23:17:22,062 INFO org.polytech.pfe.domego.services.sockets.room.RoomRequestHandler [http-nio-8080-exec-9] RoomRequestHandler : New Room request type : class org.polytech.pfe.domego.protocol.room.ChangeStatusEvent
2021-07-26 23:17:22,064 INFO org.polytech.pfe.domego.protocol.room.ChangeStatusEvent [http-nio-8080-exec-9] ChangeStatusEvent : In game : ffa6ed47-508f-49fa-a6a9-7c3bcdd2ce55 the player name : R has change status, new status : Ready
2021-07-26 23:17:28,085 INFO org.polytech.pfe.domego.services.sockets.room.RoomRequestHandler [http-nio-8080-exec-5] RoomRequestHandler : New Room request type : class org.polytech.pfe.domego.protocol.room.JoinRoomEvent
2021-07-26 23:17:28,087 INFO org.polytech.pfe.domego.protocol.room.JoinRoomEvent [http-nio-8080-exec-5] JoinRoomEvent : New player named : T has join the room : ffa6ed47-508f-49fa-a6a9-7c3bcdd2ce55
2021-07-26 23:17:31,549 INFO org.polytech.pfe.domego.services.sockets.room.RoomRequestHandler [http-nio-8080-exec-7] RoomRequestHandler : New Room request type : class org.polytech.pfe.domego.protocol.room.ChooseRoleEvent
2021-07-26 23:17:31,556 INFO org.polytech.pfe.domego.protocol.room.ChooseRoleEvent [http-nio-8080-exec-7] ChooseRoleEvent : In game : ffa6ed47-508f-49fa-a6a9-7c3bcdd2ce55 the player name : T has change role, new role : SECONDARY
2021-07-26 23:17:32,477 INFO org.polytech.pfe.domego.services.sockets.room.RoomRequestHandler [http-nio-8080-exec-8] RoomRequestHandler : New Room request type : class org.polytech.pfe.domego.protocol.room.ChangeStatusEvent
2021-07-26 23:17:32,479 INFO org.polytech.pfe.domego.protocol.room.ChangeStatusEvent [http-nio-8080-exec-8] ChangeStatusEvent : In game : ffa6ed47-508f-49fa-a6a9-7c3bcdd2ce55 the player name : T has change status, new status : Ready
2021-07-26 23:17:37,901 INFO org.polytech.pfe.domego.services.sockets.room.RoomRequestHandler [http-nio-8080-exec-10] RoomRequestHandler : New Room request type : class org.polytech.pfe.domego.protocol.room.JoinRoomEvent
2021-07-26 23:17:37,903 INFO org.polytech.pfe.domego.protocol.room.JoinRoomEvent [http-nio-8080-exec-10] JoinRoomEvent : New player named : Y has join the room : ffa6ed47-508f-49fa-a6a9-7c3bcdd2ce55
2021-07-26 23:17:41,470 INFO org.polytech.pfe.domego.services.sockets.room.RoomRequestHandler [http-nio-8080-exec-2] RoomRequestHandler : New Room request type : class org.polytech.pfe.domego.protocol.room.ChooseRoleEvent
2021-07-26 23:17:41,475 INFO org.polytech.pfe.domego.protocol.room.ChooseRoleEvent [http-nio-8080-exec-2] ChooseRoleEvent : In game : ffa6ed47-508f-49fa-a6a9-7c3bcdd2ce55 the player name : Y has change role, new role : 
2021-07-26 23:17:43,111 INFO org.polytech.pfe.domego.services.sockets.room.RoomRequestHandler [http-nio-8080-exec-3] RoomRequestHandler : New Room request type : class org.polytech.pfe.domego.protocol.room.ChangeStatusEvent
2021-07-26 23:17:43,114 INFO org.polytech.pfe.domego.protocol.room.ChangeStatusEvent [http-nio-8080-exec-3] ChangeStatusEvent : In game : ffa6ed47-508f-49fa-a6a9-7c3bcdd2ce55 the player name : Y has change status, new status : Ready
2021-07-26 23:17:59,531 INFO org.polytech.pfe.domego.services.sockets.room.RoomRequestHandler [http-nio-8080-exec-5] RoomRequestHandler : New Room request type : class org.polytech.pfe.domego.protocol.room.StartGameEvent
2021-07-26 23:17:59,621 INFO org.polytech.pfe.domego.protocol.room.StartGameEvent [http-nio-8080-exec-5] StartGameEvent: Player name : A start the game for room with ID ffa6ed47-508f-49fa-a6a9-7c3bcdd2ce55
2021-07-26 23:17:59,624 INFO org.polytech.pfe.domego.protocol.room.StartGameEvent [http-nio-8080-exec-5] StartGameEvent : Delete room : ffa6ed47-508f-49fa-a6a9-7c3bcdd2ce55
2021-07-26 23:17:59,686 INFO org.polytech.pfe.domego.protocol.game.JoinGameEvent [http-nio-8080-exec-4] JoinGameEvent : Le joueur : A a rejoint la partie : ffa6ed47-508f-49fa-a6a9-7c3bcdd2ce55
2021-07-26 23:17:59,783 INFO org.polytech.pfe.domego.protocol.game.JoinGameEvent [http-nio-8080-exec-6] JoinGameEvent : Le joueur : E a rejoint la partie : ffa6ed47-508f-49fa-a6a9-7c3bcdd2ce55
2021-07-26 23:17:59,883 INFO org.polytech.pfe.domego.protocol.game.JoinGameEvent [http-nio-8080-exec-7] JoinGameEvent : Le joueur : T a rejoint la partie : ffa6ed47-508f-49fa-a6a9-7c3bcdd2ce55
2021-07-26 23:17:59,896 INFO org.polytech.pfe.domego.protocol.game.JoinGameEvent [http-nio-8080-exec-8] JoinGameEvent : Le joueur : Y a rejoint la partie : ffa6ed47-508f-49fa-a6a9-7c3bcdd2ce55
2021-07-26 23:18:00,056 INFO org.polytech.pfe.domego.protocol.game.JoinGameEvent [http-nio-8080-exec-9] JoinGameEvent : Le joueur : R a rejoint la partie : ffa6ed47-508f-49fa-a6a9-7c3bcdd2ce55
2021-07-26 23:18:00,090 INFO org.polytech.pfe.domego.protocol.game.JoinGameEvent [http-nio-8080-exec-10] JoinGameEvent : Le joueur : Z a rejoint la partie : ffa6ed47-508f-49fa-a6a9-7c3bcdd2ce55
2021-07-26 23:18:00,168 INFO org.polytech.pfe.domego.protocol.game.LaunchGameEvent [http-nio-8080-exec-10] LaunchGameEvent : Send Message LaunchGameEvent to all players
2021-07-26 23:23:32,442 INFO org.polytech.pfe.domego.services.sockets.game.GameSocketHandler [http-nio-8080-exec-3] GameSocketHandler : Close session on socket with ip : /0:0:0:0:0:0:0:1:52015
2021-07-26 23:23:32,450 INFO org.polytech.pfe.domego.services.sockets.room.RoomSocketHandler [http-nio-8080-exec-5] RoomSocketHandler : Close session on socket with ip : /0:0:0:0:0:0:0:1:54169
2021-07-26 23:23:32,456 INFO org.polytech.pfe.domego.DisconnectManager [http-nio-8080-exec-5] DisconnectManager : Le joueur : A s'est deconnecte de la partie du système, nous l'avons donc supprimer de la partie : ffa6ed47-508f-49fa-a6a9-7c3bcdd2ce55
2021-07-26 23:23:32,473 INFO org.polytech.pfe.domego.services.sockets.room.RoomSocketHandler [http-nio-8080-exec-4] RoomSocketHandler : Close session on socket with ip : /0:0:0:0:0:0:0:1:55827
2021-07-26 23:23:32,475 INFO org.polytech.pfe.domego.DisconnectManager [http-nio-8080-exec-4] DisconnectManager : Le joueur : E s'est deconnecte de la partie du système, nous l'avons donc supprimer de la partie : ffa6ed47-508f-49fa-a6a9-7c3bcdd2ce55
2021-07-26 23:23:32,478 INFO org.polytech.pfe.domego.services.sockets.game.GameSocketHandler [http-nio-8080-exec-6] GameSocketHandler : Close session on socket with ip : /0:0:0:0:0:0:0:1:50470
2021-07-26 23:23:32,769 INFO org.polytech.pfe.domego.services.sockets.game.GameSocketHandler [http-nio-8080-exec-7] GameSocketHandler : Close session on socket with ip : /0:0:0:0:0:0:0:1:56327
2021-07-26 23:23:32,768 INFO org.polytech.pfe.domego.services.sockets.room.RoomSocketHandler [http-nio-8080-exec-8] RoomSocketHandler : Close session on socket with ip : /0:0:0:0:0:0:0:1:54684
2021-07-26 23:23:32,773 INFO org.polytech.pfe.domego.DisconnectManager [http-nio-8080-exec-8] DisconnectManager : Le joueur : T s'est deconnecte de la partie du système, nous l'avons donc supprimer de la partie : ffa6ed47-508f-49fa-a6a9-7c3bcdd2ce55
2021-07-26 23:23:32,838 INFO org.polytech.pfe.domego.services.sockets.game.GameSocketHandler [http-nio-8080-exec-9] GameSocketHandler : Close session on socket with ip : /0:0:0:0:0:0:0:1:61858
2021-07-26 23:23:32,840 INFO org.polytech.pfe.domego.services.sockets.room.RoomSocketHandler [http-nio-8080-exec-10] RoomSocketHandler : Close session on socket with ip : /0:0:0:0:0:0:0:1:61957
2021-07-26 23:23:32,842 INFO org.polytech.pfe.domego.DisconnectManager [http-nio-8080-exec-10] DisconnectManager : Le joueur : R s'est deconnecte de la partie du système, nous l'avons donc supprimer de la partie : ffa6ed47-508f-49fa-a6a9-7c3bcdd2ce55
2021-07-26 23:23:32,973 INFO org.polytech.pfe.domego.services.sockets.room.RoomSocketHandler [http-nio-8080-exec-1] RoomSocketHandler : Close session on socket with ip : /0:0:0:0:0:0:0:1:62292
2021-07-26 23:23:32,973 INFO org.polytech.pfe.domego.services.sockets.game.GameSocketHandler [http-nio-8080-exec-2] GameSocketHandler : Close session on socket with ip : /0:0:0:0:0:0:0:1:59307
2021-07-26 23:23:33,018 INFO org.polytech.pfe.domego.services.sockets.room.RoomSocketHandler [http-nio-8080-exec-3] RoomSocketHandler : Close session on socket with ip : /0:0:0:0:0:0:0:1:64858
2021-07-26 23:23:33,020 INFO org.polytech.pfe.domego.DisconnectManager [http-nio-8080-exec-3] DisconnectManager : Le joueur : Y s'est deconnecte de la partie du système, nous l'avons donc supprimer de la partie : ffa6ed47-508f-49fa-a6a9-7c3bcdd2ce55
2021-07-26 23:23:33,325 INFO org.polytech.pfe.domego.services.sockets.game.GameSocketHandler [http-nio-8080-exec-5] GameSocketHandler : Close session on socket with ip : /0:0:0:0:0:0:0:1:50327
2021-07-26 23:23:33,339 INFO org.polytech.pfe.domego.services.sockets.room.RoomSocketHandler [http-nio-8080-exec-4] RoomSocketHandler : Close session on socket with ip : /0:0:0:0:0:0:0:1:58245
2021-07-26 23:23:33,341 INFO org.polytech.pfe.domego.services.sockets.game.GameSocketHandler [http-nio-8080-exec-6] GameSocketHandler : Close session on socket with ip : /0:0:0:0:0:0:0:1:63569
2021-07-26 23:23:33,343 INFO org.polytech.pfe.domego.DisconnectManager [http-nio-8080-exec-4] DisconnectManager : Le joueur : Z s'est deconnecte de la partie du système, nous l'avons donc supprimer de la partie : ffa6ed47-508f-49fa-a6a9-7c3bcdd2ce55
2021-07-26 23:23:39,272 INFO org.polytech.pfe.domego.services.sockets.room.RoomSocketHandler [http-nio-8080-exec-8] RoomSocketHandler : New user on socket with ip : /0:0:0:0:0:0:0:1:55007
2021-07-26 23:23:39,298 INFO org.polytech.pfe.domego.services.sockets.game.GameSocketHandler [http-nio-8080-exec-9] GameSocketHandler : New user on socket with ip : /0:0:0:0:0:0:0:1:61894
2021-07-26 23:23:57,284 INFO org.polytech.pfe.domego.services.sockets.room.RoomSocketHandler [http-nio-8080-exec-7] RoomSocketHandler : New user on socket with ip : /0:0:0:0:0:0:0:1:49517
2021-07-26 23:23:57,300 INFO org.polytech.pfe.domego.services.sockets.game.GameSocketHandler [http-nio-8080-exec-8] GameSocketHandler : New user on socket with ip : /0:0:0:0:0:0:0:1:55414
2021-07-26 23:23:57,515 INFO org.polytech.pfe.domego.services.sockets.room.RoomSocketHandler [http-nio-8080-exec-9] RoomSocketHandler : New user on socket with ip : /0:0:0:0:0:0:0:1:58293
2021-07-26 23:23:57,531 INFO org.polytech.pfe.domego.services.sockets.game.GameSocketHandler [http-nio-8080-exec-2] GameSocketHandler : New user on socket with ip : /0:0:0:0:0:0:0:1:65414
2021-07-26 23:23:57,577 INFO org.polytech.pfe.domego.services.sockets.room.RoomSocketHandler [http-nio-8080-exec-1] RoomSocketHandler : New user on socket with ip : /0:0:0:0:0:0:0:1:53074
2021-07-26 23:23:57,594 INFO org.polytech.pfe.domego.services.sockets.game.GameSocketHandler [http-nio-8080-exec-3] GameSocketHandler : New user on socket with ip : /0:0:0:0:0:0:0:1:58030
2021-07-26 23:23:59,158 INFO org.polytech.pfe.domego.services.sockets.room.RoomSocketHandler [http-nio-8080-exec-4] RoomSocketHandler : New user on socket with ip : /0:0:0:0:0:0:0:1:53136
2021-07-26 23:23:59,188 INFO org.polytech.pfe.domego.services.sockets.game.GameSocketHandler [http-nio-8080-exec-7] GameSocketHandler : New user on socket with ip : /0:0:0:0:0:0:0:1:57357
2021-07-26 23:23:59,799 INFO org.polytech.pfe.domego.services.sockets.room.RoomSocketHandler [http-nio-8080-exec-2] RoomSocketHandler : New user on socket with ip : /0:0:0:0:0:0:0:1:52633
2021-07-26 23:23:59,893 INFO org.polytech.pfe.domego.services.sockets.game.GameSocketHandler [http-nio-8080-exec-1] GameSocketHandler : New user on socket with ip : /0:0:0:0:0:0:0:1:49220
2021-07-26 23:24:00,187 INFO org.polytech.pfe.domego.services.sockets.room.RoomSocketHandler [http-nio-8080-exec-5] RoomSocketHandler : New user on socket with ip : /0:0:0:0:0:0:0:1:58984
2021-07-26 23:24:00,285 INFO org.polytech.pfe.domego.services.sockets.game.GameSocketHandler [http-nio-8080-exec-6] GameSocketHandler : New user on socket with ip : /0:0:0:0:0:0:0:1:51702
2021-07-26 23:24:12,011 INFO org.polytech.pfe.domego.services.sockets.room.RoomRequestHandler [http-nio-8080-exec-3] RoomRequestHandler : New Room request type : class org.polytech.pfe.domego.protocol.room.CreateGameEvent
2021-07-26 23:24:12,014 INFO org.polytech.pfe.domego.protocol.room.CreateGameEvent [http-nio-8080-exec-3] CreateGameEvent : A has created a Room named : A's lobby with ID : 5c66a758-a335-4577-8414-0299005a1aee
2021-07-26 23:24:13,370 INFO org.polytech.pfe.domego.services.sockets.room.RoomRequestHandler [http-nio-8080-exec-6] RoomRequestHandler : New Room request type : class org.polytech.pfe.domego.protocol.room.ChooseRoleEvent
2021-07-26 23:24:13,379 INFO org.polytech.pfe.domego.protocol.room.ChooseRoleEvent [http-nio-8080-exec-6] ChooseRoleEvent : In game : 5c66a758-a335-4577-8414-0299005a1aee the player name : A has change role, new role : MANAGER
2021-07-26 23:24:14,452 INFO org.polytech.pfe.domego.services.sockets.room.RoomRequestHandler [http-nio-8080-exec-10] RoomRequestHandler : New Room request type : class org.polytech.pfe.domego.protocol.room.ChangeStatusEvent
2021-07-26 23:24:14,460 INFO org.polytech.pfe.domego.protocol.room.ChangeStatusEvent [http-nio-8080-exec-10] ChangeStatusEvent : In game : 5c66a758-a335-4577-8414-0299005a1aee the player name : A has change status, new status : Ready
2021-07-26 23:24:19,204 INFO org.polytech.pfe.domego.services.sockets.room.RoomRequestHandler [http-nio-8080-exec-4] RoomRequestHandler : New Room request type : class org.polytech.pfe.domego.protocol.room.JoinRoomEvent
2021-07-26 23:24:19,205 INFO org.polytech.pfe.domego.protocol.room.JoinRoomEvent [http-nio-8080-exec-4] JoinRoomEvent : New player named : Z has join the room : 5c66a758-a335-4577-8414-0299005a1aee
2021-07-26 23:24:20,846 INFO org.polytech.pfe.domego.services.sockets.room.RoomRequestHandler [http-nio-8080-exec-9] RoomRequestHandler : New Room request type : class org.polytech.pfe.domego.protocol.room.ChooseRoleEvent
2021-07-26 23:24:20,853 INFO org.polytech.pfe.domego.protocol.room.ChooseRoleEvent [http-nio-8080-exec-9] ChooseRoleEvent : In game : 5c66a758-a335-4577-8414-0299005a1aee the player name : Z has change role, new role : ARCHITECT
2021-07-26 23:24:22,278 INFO org.polytech.pfe.domego.services.sockets.room.RoomRequestHandler [http-nio-8080-exec-1] RoomRequestHandler : New Room request type : class org.polytech.pfe.domego.protocol.room.ChangeStatusEvent
2021-07-26 23:24:22,282 INFO org.polytech.pfe.domego.protocol.room.ChangeStatusEvent [http-nio-8080-exec-1] ChangeStatusEvent : In game : 5c66a758-a335-4577-8414-0299005a1aee the player name : Z has change status, new status : Ready
2021-07-26 23:24:28,893 INFO org.polytech.pfe.domego.services.sockets.room.RoomRequestHandler [http-nio-8080-exec-2] RoomRequestHandler : New Room request type : class org.polytech.pfe.domego.protocol.room.JoinRoomEvent
2021-07-26 23:24:28,895 INFO org.polytech.pfe.domego.protocol.room.JoinRoomEvent [http-nio-8080-exec-2] JoinRoomEvent : New player named : E has join the room : 5c66a758-a335-4577-8414-0299005a1aee
2021-07-26 23:24:31,068 INFO org.polytech.pfe.domego.services.sockets.room.RoomRequestHandler [http-nio-8080-exec-4] RoomRequestHandler : New Room request type : class org.polytech.pfe.domego.protocol.room.ChooseRoleEvent
2021-07-26 23:24:31,074 INFO org.polytech.pfe.domego.protocol.room.ChooseRoleEvent [http-nio-8080-exec-4] ChooseRoleEvent : In game : 5c66a758-a335-4577-8414-0299005a1aee the player name : E has change role, new role : OFFICER
2021-07-26 23:24:32,036 INFO org.polytech.pfe.domego.services.sockets.room.RoomRequestHandler [http-nio-8080-exec-7] RoomRequestHandler : New Room request type : class org.polytech.pfe.domego.protocol.room.ChangeStatusEvent
2021-07-26 23:24:32,038 INFO org.polytech.pfe.domego.protocol.room.ChangeStatusEvent [http-nio-8080-exec-7] ChangeStatusEvent : In game : 5c66a758-a335-4577-8414-0299005a1aee the player name : E has change status, new status : Ready
2021-07-26 23:24:38,605 INFO org.polytech.pfe.domego.services.sockets.room.RoomRequestHandler [http-nio-8080-exec-5] RoomRequestHandler : New Room request type : class org.polytech.pfe.domego.protocol.room.JoinRoomEvent
2021-07-26 23:24:38,606 INFO org.polytech.pfe.domego.protocol.room.JoinRoomEvent [http-nio-8080-exec-5] JoinRoomEvent : New player named : R has join the room : 5c66a758-a335-4577-8414-0299005a1aee
2021-07-26 23:24:40,602 INFO org.polytech.pfe.domego.services.sockets.room.RoomRequestHandler [http-nio-8080-exec-7] RoomRequestHandler : New Room request type : class org.polytech.pfe.domego.protocol.room.ChooseRoleEvent
2021-07-26 23:24:40,612 INFO org.polytech.pfe.domego.protocol.room.ChooseRoleEvent [http-nio-8080-exec-7] ChooseRoleEvent : In game : 5c66a758-a335-4577-8414-0299005a1aee the player name : R has change role, new role : CONTROLLER
2021-07-26 23:24:41,449 INFO org.polytech.pfe.domego.services.sockets.room.RoomRequestHandler [http-nio-8080-exec-8] RoomRequestHandler : New Room request type : class org.polytech.pfe.domego.protocol.room.ChangeStatusEvent
2021-07-26 23:24:41,451 INFO org.polytech.pfe.domego.protocol.room.ChangeStatusEvent [http-nio-8080-exec-8] ChangeStatusEvent : In game : 5c66a758-a335-4577-8414-0299005a1aee the player name : R has change status, new status : Ready
2021-07-26 23:24:50,500 INFO org.polytech.pfe.domego.services.sockets.room.RoomRequestHandler [http-nio-8080-exec-7] RoomRequestHandler : New Room request type : class org.polytech.pfe.domego.protocol.room.JoinRoomEvent
2021-07-26 23:24:50,501 INFO org.polytech.pfe.domego.protocol.room.JoinRoomEvent [http-nio-8080-exec-7] JoinRoomEvent : New player named : T has join the room : 5c66a758-a335-4577-8414-0299005a1aee
2021-07-26 23:24:54,068 INFO org.polytech.pfe.domego.services.sockets.room.RoomRequestHandler [http-nio-8080-exec-10] RoomRequestHandler : New Room request type : class org.polytech.pfe.domego.protocol.room.ChooseRoleEvent
2021-07-26 23:24:54,073 INFO org.polytech.pfe.domego.protocol.room.ChooseRoleEvent [http-nio-8080-exec-10] ChooseRoleEvent : In game : 5c66a758-a335-4577-8414-0299005a1aee the player name : T has change role, new role : SECONDARY
2021-07-26 23:24:54,968 INFO org.polytech.pfe.domego.services.sockets.room.RoomRequestHandler [http-nio-8080-exec-9] RoomRequestHandler : New Room request type : class org.polytech.pfe.domego.protocol.room.ChangeStatusEvent
2021-07-26 23:24:54,970 INFO org.polytech.pfe.domego.protocol.room.ChangeStatusEvent [http-nio-8080-exec-9] ChangeStatusEvent : In game : 5c66a758-a335-4577-8414-0299005a1aee the player name : T has change status, new status : Ready
2021-07-26 23:25:00,181 INFO org.polytech.pfe.domego.services.sockets.room.RoomRequestHandler [http-nio-8080-exec-5] RoomRequestHandler : New Room request type : class org.polytech.pfe.domego.protocol.room.JoinRoomEvent
2021-07-26 23:25:00,182 INFO org.polytech.pfe.domego.protocol.room.JoinRoomEvent [http-nio-8080-exec-5] JoinRoomEvent : New player named : Y has join the room : 5c66a758-a335-4577-8414-0299005a1aee
2021-07-26 23:25:02,615 INFO org.polytech.pfe.domego.services.sockets.room.RoomRequestHandler [http-nio-8080-exec-6] RoomRequestHandler : New Room request type : class org.polytech.pfe.domego.protocol.room.ChooseRoleEvent
2021-07-26 23:25:02,621 INFO org.polytech.pfe.domego.protocol.room.ChooseRoleEvent [http-nio-8080-exec-6] ChooseRoleEvent : In game : 5c66a758-a335-4577-8414-0299005a1aee the player name : Y has change role, new role : 
2021-07-26 23:25:03,586 INFO org.polytech.pfe.domego.services.sockets.room.RoomRequestHandler [http-nio-8080-exec-4] RoomRequestHandler : New Room request type : class org.polytech.pfe.domego.protocol.room.ChangeStatusEvent
2021-07-26 23:25:03,601 INFO org.polytech.pfe.domego.protocol.room.ChangeStatusEvent [http-nio-8080-exec-4] ChangeStatusEvent : In game : 5c66a758-a335-4577-8414-0299005a1aee the player name : Y has change status, new status : Ready
2021-07-26 23:25:36,458 INFO org.polytech.pfe.domego.services.sockets.room.RoomRequestHandler [http-nio-8080-exec-5] RoomRequestHandler : New Room request type : class org.polytech.pfe.domego.protocol.room.StartGameEvent
2021-07-26 23:25:36,469 INFO org.polytech.pfe.domego.protocol.room.StartGameEvent [http-nio-8080-exec-5] StartGameEvent: Player name : A start the game for room with ID 5c66a758-a335-4577-8414-0299005a1aee
2021-07-26 23:25:36,471 INFO org.polytech.pfe.domego.protocol.room.StartGameEvent [http-nio-8080-exec-5] StartGameEvent : Delete room : 5c66a758-a335-4577-8414-0299005a1aee
2021-07-26 23:25:36,478 INFO org.polytech.pfe.domego.protocol.game.JoinGameEvent [http-nio-8080-exec-6] JoinGameEvent : Le joueur : E a rejoint la partie : 5c66a758-a335-4577-8414-0299005a1aee
2021-07-26 23:25:36,491 INFO org.polytech.pfe.domego.protocol.game.JoinGameEvent [http-nio-8080-exec-4] JoinGameEvent : Le joueur : A a rejoint la partie : 5c66a758-a335-4577-8414-0299005a1aee
2021-07-26 23:25:36,767 INFO org.polytech.pfe.domego.protocol.game.JoinGameEvent [http-nio-8080-exec-7] JoinGameEvent : Le joueur : T a rejoint la partie : 5c66a758-a335-4577-8414-0299005a1aee
2021-07-26 23:25:36,790 INFO org.polytech.pfe.domego.protocol.game.JoinGameEvent [http-nio-8080-exec-8] JoinGameEvent : Le joueur : Y a rejoint la partie : 5c66a758-a335-4577-8414-0299005a1aee
2021-07-26 23:25:36,892 INFO org.polytech.pfe.domego.protocol.game.JoinGameEvent [http-nio-8080-exec-10] JoinGameEvent : Le joueur : R a rejoint la partie : 5c66a758-a335-4577-8414-0299005a1aee
2021-07-26 23:25:36,916 INFO org.polytech.pfe.domego.protocol.game.JoinGameEvent [http-nio-8080-exec-9] JoinGameEvent : Le joueur : Z a rejoint la partie : 5c66a758-a335-4577-8414-0299005a1aee
2021-07-26 23:25:36,965 INFO org.polytech.pfe.domego.protocol.game.LaunchGameEvent [http-nio-8080-exec-9] LaunchGameEvent : Send Message LaunchGameEvent to all players
