2021-06-16 13:23:28,868 INFO org.springframework.boot.StartupInfoLogger [main] Starting DomegoApplication on PC-8 with PID 12504 (D:\SI4\Stage\SI4-stage-Domego\Server\target\classes started by Utilisateur in D:\SI4\Stage\SI4-stage-Domego\Server)
2021-06-16 13:23:28,875 INFO org.springframework.boot.SpringApplication [main] No active profile set, falling back to default profiles: default
2021-06-16 13:23:29,839 INFO org.springframework.data.repository.config.RepositoryConfigurationDelegate [main] Bootstrapping Spring Data repositories in DEFAULT mode.
2021-06-16 13:23:29,975 INFO org.springframework.data.repository.config.RepositoryConfigurationDelegate [main] Finished Spring Data repository scanning in 124ms. Found 2 repository interfaces.
2021-06-16 13:23:30,603 INFO org.springframework.boot.web.embedded.tomcat.TomcatWebServer [main] Tomcat initialized with port(s): 8080 (http)
2021-06-16 13:23:30,627 INFO org.apache.juli.logging.DirectJDKLog [main] Initializing ProtocolHandler ["http-nio-8080"]
2021-06-16 13:23:30,628 INFO org.apache.juli.logging.DirectJDKLog [main] Starting service [Tomcat]
2021-06-16 13:23:30,629 INFO org.apache.juli.logging.DirectJDKLog [main] Starting Servlet engine: [Apache Tomcat/9.0.27]
2021-06-16 13:23:30,821 INFO org.apache.juli.logging.DirectJDKLog [main] Initializing Spring embedded WebApplicationContext
2021-06-16 13:23:30,822 INFO org.springframework.boot.web.servlet.context.ServletWebServerApplicationContext [main] Root WebApplicationContext: initialization completed in 1868 ms
2021-06-16 13:23:31,475 INFO com.mongodb.diagnostics.logging.SLF4JLogger [main] Cluster created with settings {hosts=[localhost:27017], mode=MULTIPLE, requiredClusterType=UNKNOWN, serverSelectionTimeout='30000 ms', maxWaitQueueSize=500}
2021-06-16 13:23:31,476 INFO com.mongodb.diagnostics.logging.SLF4JLogger [main] Adding discovered server localhost:27017 to client view of cluster
2021-06-16 13:23:31,583 INFO com.mongodb.diagnostics.logging.SLF4JLogger [cluster-ClusterId{value='60c9df339a9ac76ba4dd8aa9', description='null'}-localhost:27017] Opened connection [connectionId{localValue:1, serverValue:10}] to localhost:27017
2021-06-16 13:23:31,592 INFO com.mongodb.diagnostics.logging.SLF4JLogger [cluster-ClusterId{value='60c9df339a9ac76ba4dd8aa9', description='null'}-localhost:27017] Monitor thread successfully connected to server with description ServerDescription{address=localhost:27017, type=STANDALONE, state=CONNECTED, ok=true, version=ServerVersion{versionList=[4, 4, 5]}, minWireVersion=0, maxWireVersion=9, maxDocumentSize=16777216, logicalSessionTimeoutMinutes=30, roundTripTimeNanos=4766900}
2021-06-16 13:23:31,597 INFO com.mongodb.diagnostics.logging.SLF4JLogger [cluster-ClusterId{value='60c9df339a9ac76ba4dd8aa9', description='null'}-localhost:27017] Discovered cluster type of STANDALONE
2021-06-16 13:23:31,677 WARN org.springframework.data.convert.CustomConversions [main] Registering converter from class java.time.LocalDateTime to class java.time.Instant as reading converter although it doesn't convert from a store-supported type! You might wanna check you annotation setup at the converter implementation.
2021-06-16 13:23:31,679 WARN org.springframework.data.convert.CustomConversions [main] Registering converter from class java.time.Instant to class java.time.LocalDateTime as reading converter although it doesn't convert from a store-supported type! You might wanna check you annotation setup at the converter implementation.
2021-06-16 13:23:31,835 WARN org.springframework.data.convert.CustomConversions [main] Registering converter from class java.time.LocalDateTime to class java.time.Instant as reading converter although it doesn't convert from a store-supported type! You might wanna check you annotation setup at the converter implementation.
2021-06-16 13:23:31,842 WARN org.springframework.data.convert.CustomConversions [main] Registering converter from class java.time.Instant to class java.time.LocalDateTime as reading converter although it doesn't convert from a store-supported type! You might wanna check you annotation setup at the converter implementation.
2021-06-16 13:23:32,154 INFO com.mongodb.diagnostics.logging.SLF4JLogger [main] Opened connection [connectionId{localValue:2, serverValue:11}] to localhost:27017
2021-06-16 13:23:32,323 INFO org.springframework.scheduling.concurrent.ExecutorConfigurationSupport [main] Initializing ExecutorService 'defaultSockJsTaskScheduler'
2021-06-16 13:23:32,646 INFO org.springframework.scheduling.concurrent.ExecutorConfigurationSupport [main] Initializing ExecutorService 'applicationTaskExecutor'
2021-06-16 13:23:32,746 INFO org.springframework.boot.autoconfigure.web.servlet.WelcomePageHandlerMapping [main] Adding welcome page: class path resource [static/index.html]
2021-06-16 13:23:32,903 INFO org.apache.juli.logging.DirectJDKLog [main] Starting ProtocolHandler ["http-nio-8080"]
2021-06-16 13:23:32,943 INFO org.springframework.boot.web.embedded.tomcat.TomcatWebServer [main] Tomcat started on port(s): 8080 (http) with context path ''
2021-06-16 13:23:32,948 INFO org.springframework.boot.StartupInfoLogger [main] Started DomegoApplication in 5.714 seconds (JVM running for 6.586)
2021-06-16 13:24:04,775 INFO org.apache.juli.logging.DirectJDKLog [http-nio-8080-exec-2] Initializing Spring DispatcherServlet 'dispatcherServlet'
2021-06-16 13:24:04,776 INFO org.springframework.web.servlet.FrameworkServlet [http-nio-8080-exec-2] Initializing Servlet 'dispatcherServlet'
2021-06-16 13:24:04,793 INFO org.springframework.web.servlet.FrameworkServlet [http-nio-8080-exec-2] Completed initialization in 15 ms
2021-06-16 13:24:05,071 INFO org.polytech.pfe.domego.services.sockets.room.RoomSocketHandler [http-nio-8080-exec-1] RoomSocketHandler : New user on socket with ip : /0:0:0:0:0:0:0:1:59128
2021-06-16 13:24:24,279 INFO org.polytech.pfe.domego.services.sockets.room.RoomRequestHandler [http-nio-8080-exec-10] RoomRequestHandler : New Room request type : class org.polytech.pfe.domego.protocol.room.CreateGameEvent
2021-06-16 13:24:24,321 INFO org.polytech.pfe.domego.protocol.room.CreateGameEvent [http-nio-8080-exec-10] CreateGameEvent : Denis has created a Room named : Denis's lobby with ID : 28604dc9-6c14-4ed4-a565-1a04e868f5f5
2021-06-16 13:24:24,355 INFO org.polytech.pfe.domego.services.sockets.game.GameSocketHandler [http-nio-8080-exec-2] GameSocketHandler : New user on socket with ip : /0:0:0:0:0:0:0:1:51449
2021-06-16 13:24:28,941 INFO org.polytech.pfe.domego.services.sockets.room.RoomRequestHandler [http-nio-8080-exec-1] RoomRequestHandler : New Room request type : class org.polytech.pfe.domego.protocol.room.ChooseRoleEvent
2021-06-16 13:24:29,037 INFO org.polytech.pfe.domego.protocol.room.ChooseRoleEvent [http-nio-8080-exec-1] ChooseRoleEvent : In game : 28604dc9-6c14-4ed4-a565-1a04e868f5f5 the player name : Denis has change role, new role : MANAGER
2021-06-16 13:24:31,921 INFO org.polytech.pfe.domego.services.sockets.room.RoomRequestHandler [http-nio-8080-exec-3] RoomRequestHandler : New Room request type : class org.polytech.pfe.domego.protocol.room.ChangeStatusEvent
2021-06-16 13:24:31,923 INFO org.polytech.pfe.domego.protocol.room.ChangeStatusEvent [http-nio-8080-exec-3] ChangeStatusEvent : In game : 28604dc9-6c14-4ed4-a565-1a04e868f5f5 the player name : Denis has change status, new status : Ready
2021-06-16 13:24:49,412 INFO org.polytech.pfe.domego.services.sockets.room.RoomSocketHandler [http-nio-8080-exec-4] RoomSocketHandler : New user on socket with ip : /0:0:0:0:0:0:0:1:62349
2021-06-16 13:25:05,892 INFO org.polytech.pfe.domego.services.sockets.room.RoomRequestHandler [http-nio-8080-exec-1] RoomRequestHandler : New Room request type : class org.polytech.pfe.domego.protocol.room.JoinRoomEvent
2021-06-16 13:25:05,895 INFO org.polytech.pfe.domego.protocol.room.JoinRoomEvent [http-nio-8080-exec-1] JoinRoomEvent : New player named : Armand has join the room : 28604dc9-6c14-4ed4-a565-1a04e868f5f5
2021-06-16 13:25:05,931 INFO org.polytech.pfe.domego.services.sockets.game.GameSocketHandler [http-nio-8080-exec-3] GameSocketHandler : New user on socket with ip : /0:0:0:0:0:0:0:1:57818
2021-06-16 13:25:09,764 INFO org.polytech.pfe.domego.services.sockets.room.RoomRequestHandler [http-nio-8080-exec-5] RoomRequestHandler : New Room request type : class org.polytech.pfe.domego.protocol.room.ChooseRoleEvent
2021-06-16 13:25:09,770 INFO org.polytech.pfe.domego.protocol.room.ChooseRoleEvent [http-nio-8080-exec-5] ChooseRoleEvent : In game : 28604dc9-6c14-4ed4-a565-1a04e868f5f5 the player name : Armand has change role, new role : ARCHITECT
2021-06-16 13:25:11,883 INFO org.polytech.pfe.domego.services.sockets.room.RoomRequestHandler [http-nio-8080-exec-6] RoomRequestHandler : New Room request type : class org.polytech.pfe.domego.protocol.room.ChangeStatusEvent
2021-06-16 13:25:11,884 INFO org.polytech.pfe.domego.protocol.room.ChangeStatusEvent [http-nio-8080-exec-6] ChangeStatusEvent : In game : 28604dc9-6c14-4ed4-a565-1a04e868f5f5 the player name : Armand has change status, new status : Ready
2021-06-16 13:25:28,857 INFO org.polytech.pfe.domego.services.sockets.room.RoomSocketHandler [http-nio-8080-exec-7] RoomSocketHandler : New user on socket with ip : /0:0:0:0:0:0:0:1:55258
2021-06-16 13:25:34,807 INFO org.polytech.pfe.domego.services.sockets.room.RoomSocketHandler [http-nio-8080-exec-1] RoomSocketHandler : New user on socket with ip : /0:0:0:0:0:0:0:1:58966
2021-06-16 13:25:37,755 INFO org.polytech.pfe.domego.services.sockets.room.RoomSocketHandler [http-nio-8080-exec-4] RoomSocketHandler : New user on socket with ip : /0:0:0:0:0:0:0:1:52132
2021-06-16 13:25:38,684 INFO org.polytech.pfe.domego.services.sockets.room.RoomSocketHandler [http-nio-8080-exec-6] RoomSocketHandler : New user on socket with ip : /0:0:0:0:0:0:0:1:57372
2021-06-16 13:25:41,103 INFO org.polytech.pfe.domego.services.sockets.room.RoomRequestHandler [http-nio-8080-exec-2] RoomRequestHandler : New Room request type : class org.polytech.pfe.domego.protocol.room.JoinRoomEvent
2021-06-16 13:25:41,104 INFO org.polytech.pfe.domego.protocol.room.JoinRoomEvent [http-nio-8080-exec-2] JoinRoomEvent : New player named : Jack has join the room : 28604dc9-6c14-4ed4-a565-1a04e868f5f5
2021-06-16 13:25:41,130 INFO org.polytech.pfe.domego.services.sockets.game.GameSocketHandler [http-nio-8080-exec-1] GameSocketHandler : New user on socket with ip : /0:0:0:0:0:0:0:1:60008
2021-06-16 13:25:43,962 INFO org.polytech.pfe.domego.services.sockets.room.RoomRequestHandler [http-nio-8080-exec-4] RoomRequestHandler : New Room request type : class org.polytech.pfe.domego.protocol.room.ChooseRoleEvent
2021-06-16 13:25:43,979 INFO org.polytech.pfe.domego.protocol.room.ChooseRoleEvent [http-nio-8080-exec-4] ChooseRoleEvent : In game : 28604dc9-6c14-4ed4-a565-1a04e868f5f5 the player name : Jack has change role, new role : OFFICER
2021-06-16 13:25:45,273 INFO org.polytech.pfe.domego.services.sockets.room.RoomRequestHandler [http-nio-8080-exec-8] RoomRequestHandler : New Room request type : class org.polytech.pfe.domego.protocol.room.ChangeStatusEvent
2021-06-16 13:25:45,275 INFO org.polytech.pfe.domego.protocol.room.ChangeStatusEvent [http-nio-8080-exec-8] ChangeStatusEvent : In game : 28604dc9-6c14-4ed4-a565-1a04e868f5f5 the player name : Jack has change status, new status : Ready
2021-06-16 13:25:56,870 INFO org.polytech.pfe.domego.services.sockets.room.RoomRequestHandler [http-nio-8080-exec-8] RoomRequestHandler : New Room request type : class org.polytech.pfe.domego.protocol.room.JoinRoomEvent
2021-06-16 13:25:56,878 INFO org.polytech.pfe.domego.protocol.room.JoinRoomEvent [http-nio-8080-exec-8] JoinRoomEvent : New player named : Eric has join the room : 28604dc9-6c14-4ed4-a565-1a04e868f5f5
2021-06-16 13:25:56,933 INFO org.polytech.pfe.domego.services.sockets.game.GameSocketHandler [http-nio-8080-exec-9] GameSocketHandler : New user on socket with ip : /0:0:0:0:0:0:0:1:51575
2021-06-16 13:26:02,454 INFO org.polytech.pfe.domego.services.sockets.room.RoomRequestHandler [http-nio-8080-exec-4] RoomRequestHandler : New Room request type : class org.polytech.pfe.domego.protocol.room.ChooseRoleEvent
2021-06-16 13:26:02,459 INFO org.polytech.pfe.domego.protocol.room.ChooseRoleEvent [http-nio-8080-exec-4] ChooseRoleEvent : In game : 28604dc9-6c14-4ed4-a565-1a04e868f5f5 the player name : Eric has change role, new role : CONTROLLER
2021-06-16 13:26:04,517 INFO org.polytech.pfe.domego.services.sockets.room.RoomRequestHandler [http-nio-8080-exec-9] RoomRequestHandler : New Room request type : class org.polytech.pfe.domego.protocol.room.ChangeStatusEvent
2021-06-16 13:26:04,519 INFO org.polytech.pfe.domego.protocol.room.ChangeStatusEvent [http-nio-8080-exec-9] ChangeStatusEvent : In game : 28604dc9-6c14-4ed4-a565-1a04e868f5f5 the player name : Eric has change status, new status : Ready
2021-06-16 13:26:06,180 INFO org.polytech.pfe.domego.services.sockets.room.RoomRequestHandler [http-nio-8080-exec-10] RoomRequestHandler : New Room request type : class org.polytech.pfe.domego.protocol.room.ChooseRoleEvent
2021-06-16 13:26:06,208 INFO org.polytech.pfe.domego.protocol.room.ChooseRoleEvent [http-nio-8080-exec-10] ChooseRoleEvent : In game : 28604dc9-6c14-4ed4-a565-1a04e868f5f5 the player name : Eric has change role, new role : NONE
2021-06-16 13:26:07,111 INFO org.polytech.pfe.domego.services.sockets.room.RoomRequestHandler [http-nio-8080-exec-2] RoomRequestHandler : New Room request type : class org.polytech.pfe.domego.protocol.room.ChooseRoleEvent
2021-06-16 13:26:07,116 INFO org.polytech.pfe.domego.protocol.room.ChooseRoleEvent [http-nio-8080-exec-2] ChooseRoleEvent : In game : 28604dc9-6c14-4ed4-a565-1a04e868f5f5 the player name : Eric has change role, new role : CONTROLLER
2021-06-16 13:26:23,218 INFO org.polytech.pfe.domego.services.sockets.room.RoomRequestHandler [http-nio-8080-exec-1] RoomRequestHandler : New Room request type : class org.polytech.pfe.domego.protocol.room.JoinRoomEvent
2021-06-16 13:26:23,219 INFO org.polytech.pfe.domego.protocol.room.JoinRoomEvent [http-nio-8080-exec-1] JoinRoomEvent : New player named : Rodrigue has join the room : 28604dc9-6c14-4ed4-a565-1a04e868f5f5
2021-06-16 13:26:23,813 INFO org.polytech.pfe.domego.services.sockets.game.GameSocketHandler [http-nio-8080-exec-5] GameSocketHandler : New user on socket with ip : /0:0:0:0:0:0:0:1:63449
2021-06-16 13:26:26,856 INFO org.polytech.pfe.domego.services.sockets.room.RoomRequestHandler [http-nio-8080-exec-7] RoomRequestHandler : New Room request type : class org.polytech.pfe.domego.protocol.room.ChooseRoleEvent
2021-06-16 13:26:26,867 INFO org.polytech.pfe.domego.protocol.room.ChooseRoleEvent [http-nio-8080-exec-7] ChooseRoleEvent : In game : 28604dc9-6c14-4ed4-a565-1a04e868f5f5 the player name : Rodrigue has change role, new role : SECONDARY
2021-06-16 13:26:28,398 INFO org.polytech.pfe.domego.services.sockets.room.RoomRequestHandler [http-nio-8080-exec-8] RoomRequestHandler : New Room request type : class org.polytech.pfe.domego.protocol.room.ChangeStatusEvent
2021-06-16 13:26:28,399 INFO org.polytech.pfe.domego.protocol.room.ChangeStatusEvent [http-nio-8080-exec-8] ChangeStatusEvent : In game : 28604dc9-6c14-4ed4-a565-1a04e868f5f5 the player name : Rodrigue has change status, new status : Ready
2021-06-16 13:26:42,166 INFO org.polytech.pfe.domego.services.sockets.room.RoomRequestHandler [http-nio-8080-exec-4] RoomRequestHandler : New Room request type : class org.polytech.pfe.domego.protocol.room.JoinRoomEvent
2021-06-16 13:26:42,167 INFO org.polytech.pfe.domego.protocol.room.JoinRoomEvent [http-nio-8080-exec-4] JoinRoomEvent : New player named : Paul has join the room : 28604dc9-6c14-4ed4-a565-1a04e868f5f5
2021-06-16 13:26:42,234 INFO org.polytech.pfe.domego.services.sockets.game.GameSocketHandler [http-nio-8080-exec-6] GameSocketHandler : New user on socket with ip : /0:0:0:0:0:0:0:1:59727
2021-06-16 13:26:45,404 INFO org.polytech.pfe.domego.services.sockets.room.RoomRequestHandler [http-nio-8080-exec-7] RoomRequestHandler : New Room request type : class org.polytech.pfe.domego.protocol.room.ChooseRoleEvent
2021-06-16 13:26:45,409 INFO org.polytech.pfe.domego.protocol.room.ChooseRoleEvent [http-nio-8080-exec-7] ChooseRoleEvent : In game : 28604dc9-6c14-4ed4-a565-1a04e868f5f5 the player name : Paul has change role, new role : 
2021-06-16 13:26:47,286 INFO org.polytech.pfe.domego.services.sockets.room.RoomRequestHandler [http-nio-8080-exec-8] RoomRequestHandler : New Room request type : class org.polytech.pfe.domego.protocol.room.ChangeStatusEvent
2021-06-16 13:26:47,294 INFO org.polytech.pfe.domego.protocol.room.ChangeStatusEvent [http-nio-8080-exec-8] ChangeStatusEvent : In game : 28604dc9-6c14-4ed4-a565-1a04e868f5f5 the player name : Paul has change status, new status : Ready
2021-06-16 13:26:56,466 INFO org.polytech.pfe.domego.services.sockets.room.RoomRequestHandler [http-nio-8080-exec-9] RoomRequestHandler : New Room request type : class org.polytech.pfe.domego.protocol.room.ChooseRoleEvent
2021-06-16 13:26:56,471 INFO org.polytech.pfe.domego.protocol.room.ChooseRoleEvent [http-nio-8080-exec-9] ChooseRoleEvent : In game : 28604dc9-6c14-4ed4-a565-1a04e868f5f5 the player name : Paul has change role, new role : NONE
2021-06-16 13:27:14,835 INFO org.polytech.pfe.domego.services.sockets.room.RoomRequestHandler [http-nio-8080-exec-10] RoomRequestHandler : New Room request type : class org.polytech.pfe.domego.protocol.room.ChooseRoleEvent
2021-06-16 13:27:14,841 INFO org.polytech.pfe.domego.protocol.room.ChooseRoleEvent [http-nio-8080-exec-10] ChooseRoleEvent : In game : 28604dc9-6c14-4ed4-a565-1a04e868f5f5 the player name : Rodrigue has change role, new role : 
2021-06-16 13:27:14,846 INFO org.polytech.pfe.domego.services.sockets.room.RoomRequestHandler [http-nio-8080-exec-10] RoomRequestHandler : New Room request type : class org.polytech.pfe.domego.protocol.room.ChangeStatusEvent
2021-06-16 13:27:14,847 INFO org.polytech.pfe.domego.protocol.room.ChangeStatusEvent [http-nio-8080-exec-10] ChangeStatusEvent : In game : 28604dc9-6c14-4ed4-a565-1a04e868f5f5 the player name : Rodrigue has change status, new status : Not Ready
2021-06-16 13:27:16,388 INFO org.polytech.pfe.domego.services.sockets.room.RoomRequestHandler [http-nio-8080-exec-2] RoomRequestHandler : New Room request type : class org.polytech.pfe.domego.protocol.room.ChangeStatusEvent
2021-06-16 13:27:16,389 INFO org.polytech.pfe.domego.protocol.room.ChangeStatusEvent [http-nio-8080-exec-2] ChangeStatusEvent : In game : 28604dc9-6c14-4ed4-a565-1a04e868f5f5 the player name : Rodrigue has change status, new status : Ready
2021-06-16 13:27:26,580 INFO org.polytech.pfe.domego.services.sockets.room.RoomRequestHandler [http-nio-8080-exec-3] RoomRequestHandler : New Room request type : class org.polytech.pfe.domego.protocol.room.ChooseRoleEvent
2021-06-16 13:27:26,586 INFO org.polytech.pfe.domego.protocol.room.ChooseRoleEvent [http-nio-8080-exec-3] ChooseRoleEvent : In game : 28604dc9-6c14-4ed4-a565-1a04e868f5f5 the player name : Eric has change role, new role : SECONDARY
2021-06-16 13:27:26,590 INFO org.polytech.pfe.domego.services.sockets.room.RoomRequestHandler [http-nio-8080-exec-3] RoomRequestHandler : New Room request type : class org.polytech.pfe.domego.protocol.room.ChangeStatusEvent
2021-06-16 13:27:26,591 INFO org.polytech.pfe.domego.protocol.room.ChangeStatusEvent [http-nio-8080-exec-3] ChangeStatusEvent : In game : 28604dc9-6c14-4ed4-a565-1a04e868f5f5 the player name : Eric has change status, new status : Not Ready
2021-06-16 13:27:27,572 INFO org.polytech.pfe.domego.services.sockets.room.RoomRequestHandler [http-nio-8080-exec-1] RoomRequestHandler : New Room request type : class org.polytech.pfe.domego.protocol.room.ChangeStatusEvent
2021-06-16 13:27:27,574 INFO org.polytech.pfe.domego.protocol.room.ChangeStatusEvent [http-nio-8080-exec-1] ChangeStatusEvent : In game : 28604dc9-6c14-4ed4-a565-1a04e868f5f5 the player name : Eric has change status, new status : Ready
2021-06-16 13:27:34,592 INFO org.polytech.pfe.domego.services.sockets.room.RoomRequestHandler [http-nio-8080-exec-5] RoomRequestHandler : New Room request type : class org.polytech.pfe.domego.protocol.room.StartGameEvent
2021-06-16 13:27:48,619 INFO org.polytech.pfe.domego.services.sockets.room.RoomRequestHandler [http-nio-8080-exec-4] RoomRequestHandler : New Room request type : class org.polytech.pfe.domego.protocol.room.ChooseRoleEvent
2021-06-16 13:27:48,624 INFO org.polytech.pfe.domego.protocol.room.ChooseRoleEvent [http-nio-8080-exec-4] ChooseRoleEvent : In game : 28604dc9-6c14-4ed4-a565-1a04e868f5f5 the player name : Paul has change role, new role : CONTROLLER
2021-06-16 13:27:57,408 INFO org.polytech.pfe.domego.services.sockets.room.RoomRequestHandler [http-nio-8080-exec-6] RoomRequestHandler : New Room request type : class org.polytech.pfe.domego.protocol.room.StartGameEvent
2021-06-16 13:27:57,497 INFO org.polytech.pfe.domego.protocol.room.StartGameEvent [http-nio-8080-exec-6] StartGameEvent: Player name : Denis start the game for room with ID 28604dc9-6c14-4ed4-a565-1a04e868f5f5
2021-06-16 13:27:57,498 INFO org.polytech.pfe.domego.protocol.room.StartGameEvent [http-nio-8080-exec-6] StartGameEvent : Delete room : 28604dc9-6c14-4ed4-a565-1a04e868f5f5
2021-06-16 13:27:57,537 INFO org.polytech.pfe.domego.protocol.game.JoinGameEvent [http-nio-8080-exec-8] JoinGameEvent : Le joueur : Armand a rejoint la partie : 28604dc9-6c14-4ed4-a565-1a04e868f5f5
2021-06-16 13:27:57,537 INFO org.polytech.pfe.domego.protocol.game.JoinGameEvent [http-nio-8080-exec-7] JoinGameEvent : Le joueur : Denis a rejoint la partie : 28604dc9-6c14-4ed4-a565-1a04e868f5f5
2021-06-16 13:27:57,537 INFO org.polytech.pfe.domego.protocol.game.JoinGameEvent [http-nio-8080-exec-9] JoinGameEvent : Le joueur : Jack a rejoint la partie : 28604dc9-6c14-4ed4-a565-1a04e868f5f5
2021-06-16 13:27:57,571 INFO org.polytech.pfe.domego.protocol.game.JoinGameEvent [http-nio-8080-exec-10] JoinGameEvent : Le joueur : Eric a rejoint la partie : 28604dc9-6c14-4ed4-a565-1a04e868f5f5
2021-06-16 13:27:57,672 INFO org.polytech.pfe.domego.protocol.game.JoinGameEvent [http-nio-8080-exec-2] JoinGameEvent : Le joueur : Rodrigue a rejoint la partie : 28604dc9-6c14-4ed4-a565-1a04e868f5f5
2021-06-16 13:27:57,674 INFO org.polytech.pfe.domego.protocol.game.JoinGameEvent [http-nio-8080-exec-3] JoinGameEvent : Le joueur : Paul a rejoint la partie : 28604dc9-6c14-4ed4-a565-1a04e868f5f5
2021-06-16 13:27:57,734 INFO org.polytech.pfe.domego.protocol.game.LaunchGameEvent [http-nio-8080-exec-3] LaunchGameEvent : Send Message LaunchGameEvent to all players
2021-06-16 13:29:41,377 INFO org.polytech.pfe.domego.protocol.game.BuyResourceEvent [http-nio-8080-exec-1] BuyResourceEvent : In game  28604dc9-6c14-4ed4-a565-1a04e868f5f5 the player named : Denis has buy 22 resources. He has now : 22 resources and : 128 money.
2021-06-16 13:30:24,695 INFO org.polytech.pfe.domego.models.activity.Activity [http-nio-8080-exec-5] The RISKS payment is done
2021-06-16 13:30:24,700 INFO org.polytech.pfe.domego.models.activity.Activity [http-nio-8080-exec-5] The mandatory payment is done
2021-06-16 13:30:24,705 INFO org.polytech.pfe.domego.protocol.game.PayResourcesEvent [http-nio-8080-exec-5] PaymentResourcesEvent : In the game 28604dc9-6c14-4ed4-a565-1a04e868f5f5, the player named Denis has realize 2 payment for the activity : 1
2021-06-16 13:30:24,726 INFO org.polytech.pfe.domego.protocol.game.PayResourcesEvent [http-nio-8080-exec-5] PaymentResourcesEvent : List Payment :  [Payment{amount=3, type='RISKS'}, Payment{amount=1, type='MANDATORY'}]
2021-06-16 13:30:24,728 INFO org.polytech.pfe.domego.protocol.game.PayResourcesEvent [http-nio-8080-exec-5] PaymentResourcesEvent : In the game 28604dc9-6c14-4ed4-a565-1a04e868f5f5, the player named Denis has now 18 resources
2021-06-16 13:30:24,747 INFO org.polytech.pfe.domego.protocol.game.DrawCardEvent [http-nio-8080-exec-5] DrawCardEvent : In the game 28604dc9-6c14-4ed4-a565-1a04e868f5f5 for the activity 1 they draw 0 risk cards and 0 quality card
2021-06-16 13:30:24,749 INFO org.polytech.pfe.domego.protocol.game.DrawCardEvent [http-nio-8080-exec-5] DrawCardEvent : List of Risk : []
2021-06-16 13:30:24,751 INFO org.polytech.pfe.domego.protocol.game.DrawCardEvent [http-nio-8080-exec-5] DrawCardEvent : List of Quality : []
2021-06-16 13:30:24,770 INFO org.polytech.pfe.domego.protocol.game.ChangeActivityEvent [http-nio-8080-exec-5] ChangeActivityEvent : In game : 28604dc9-6c14-4ed4-a565-1a04e868f5f5, the current activity is now 2
2021-06-16 13:32:58,397 INFO org.polytech.pfe.domego.models.activity.Activity [http-nio-8080-exec-4] The RISKS payment is done
2021-06-16 13:32:58,399 INFO org.polytech.pfe.domego.models.activity.Activity [http-nio-8080-exec-4] The mandatory payment is done
2021-06-16 13:32:58,400 INFO org.polytech.pfe.domego.models.activity.Activity [http-nio-8080-exec-4] The DAYS payment is done
2021-06-16 13:32:58,402 INFO org.polytech.pfe.domego.protocol.game.PayResourcesEvent [http-nio-8080-exec-4] PaymentResourcesEvent : In the game 28604dc9-6c14-4ed4-a565-1a04e868f5f5, the player named Denis has realize 3 payment for the activity : 2
2021-06-16 13:32:58,403 INFO org.polytech.pfe.domego.protocol.game.PayResourcesEvent [http-nio-8080-exec-4] PaymentResourcesEvent : List Payment :  [Payment{amount=0, type='RISKS'}, Payment{amount=1, type='MANDATORY'}, Payment{amount=2, type='DAYS'}]
2021-06-16 13:32:58,405 INFO org.polytech.pfe.domego.protocol.game.PayResourcesEvent [http-nio-8080-exec-4] PaymentResourcesEvent : In the game 28604dc9-6c14-4ed4-a565-1a04e868f5f5, the player named Denis has now 15 resources
2021-06-16 13:32:58,412 INFO org.polytech.pfe.domego.protocol.game.DrawCardEvent [http-nio-8080-exec-4] DrawCardEvent : In the game 28604dc9-6c14-4ed4-a565-1a04e868f5f5 for the activity 2 they draw 2 risk cards and 0 quality card
2021-06-16 13:32:58,433 INFO org.polytech.pfe.domego.protocol.game.DrawCardEvent [http-nio-8080-exec-4] DrawCardEvent : List of Risk : [RiskAction{riskOfActivityId=2, description='Pas de concertation avec le voisinage', bonusList=[RiskBonus{activityID=10, amount=1}]}, RiskAction{riskOfActivityId=2, description='Café pas bon', bonusList=[]}]
2021-06-16 13:32:58,435 INFO org.polytech.pfe.domego.protocol.game.DrawCardEvent [http-nio-8080-exec-4] DrawCardEvent : List of Quality : []
2021-06-16 13:32:58,451 INFO org.polytech.pfe.domego.protocol.game.ChangeActivityEvent [http-nio-8080-exec-4] ChangeActivityEvent : In game : 28604dc9-6c14-4ed4-a565-1a04e868f5f5, the current activity is now 3
2021-06-16 13:39:22,400 INFO org.polytech.pfe.domego.models.activity.Activity [http-nio-8080-exec-6] The RISKS payment is done
2021-06-16 13:39:22,402 INFO org.polytech.pfe.domego.models.activity.Activity [http-nio-8080-exec-6] The mandatory payment is done
2021-06-16 13:39:22,405 INFO org.polytech.pfe.domego.protocol.game.PayResourcesEvent [http-nio-8080-exec-6] PaymentResourcesEvent : In the game 28604dc9-6c14-4ed4-a565-1a04e868f5f5, the player named Denis has realize 2 payment for the activity : 3
2021-06-16 13:39:22,406 INFO org.polytech.pfe.domego.protocol.game.PayResourcesEvent [http-nio-8080-exec-6] PaymentResourcesEvent : List Payment :  [Payment{amount=3, type='RISKS'}, Payment{amount=1, type='MANDATORY'}]
2021-06-16 13:39:22,410 INFO org.polytech.pfe.domego.protocol.game.PayResourcesEvent [http-nio-8080-exec-6] PaymentResourcesEvent : In the game 28604dc9-6c14-4ed4-a565-1a04e868f5f5, the player named Denis has now 11 resources
2021-06-16 13:40:47,780 INFO org.polytech.pfe.domego.protocol.game.negociation.EndNegotiationEvent [http-nio-8080-exec-10] EndNegotiationEvent : In game 28604dc9-6c14-4ed4-a565-1a04e868f5f5 the negotiation beetween MAITRE_D_OUVRAGE and MAITRE_D_OEUVRE is over. The amount of the negociation is 100.
2021-06-16 13:40:47,785 INFO org.polytech.pfe.domego.protocol.game.DrawCardEvent [http-nio-8080-exec-10] DrawCardEvent : In the game 28604dc9-6c14-4ed4-a565-1a04e868f5f5 for the activity 3 they draw 0 risk cards and 0 quality card
2021-06-16 13:40:47,788 INFO org.polytech.pfe.domego.protocol.game.DrawCardEvent [http-nio-8080-exec-10] DrawCardEvent : List of Risk : []
2021-06-16 13:40:47,789 INFO org.polytech.pfe.domego.protocol.game.DrawCardEvent [http-nio-8080-exec-10] DrawCardEvent : List of Quality : []
2021-06-16 13:40:47,795 INFO org.polytech.pfe.domego.protocol.game.ChangeActivityEvent [http-nio-8080-exec-10] ChangeActivityEvent : In game : 28604dc9-6c14-4ed4-a565-1a04e868f5f5, the current activity is now 4
2021-06-16 13:43:59,934 INFO org.polytech.pfe.domego.models.activity.Activity [http-nio-8080-exec-2] The RISKS payment is done
2021-06-16 13:43:59,936 INFO org.polytech.pfe.domego.models.activity.Activity [http-nio-8080-exec-2] The mandatory payment is done
2021-06-16 13:43:59,939 INFO org.polytech.pfe.domego.protocol.game.PayResourcesEvent [http-nio-8080-exec-2] PaymentResourcesEvent : In the game 28604dc9-6c14-4ed4-a565-1a04e868f5f5, the player named Denis has realize 2 payment for the activity : 4
2021-06-16 13:43:59,941 INFO org.polytech.pfe.domego.protocol.game.PayResourcesEvent [http-nio-8080-exec-2] PaymentResourcesEvent : List Payment :  [Payment{amount=0, type='RISKS'}, Payment{amount=1, type='MANDATORY'}]
2021-06-16 13:43:59,943 INFO org.polytech.pfe.domego.protocol.game.PayResourcesEvent [http-nio-8080-exec-2] PaymentResourcesEvent : In the game 28604dc9-6c14-4ed4-a565-1a04e868f5f5, the player named Denis has now 10 resources
2021-06-16 13:45:13,912 INFO org.polytech.pfe.domego.protocol.game.negociation.EndNegotiationEvent [http-nio-8080-exec-4] EndNegotiationEvent : In game 28604dc9-6c14-4ed4-a565-1a04e868f5f5 the negotiation beetween MAITRE_D_OUVRAGE and BUREAU_DE_CONTROLE is over. The amount of the negociation is 12.
2021-06-16 13:46:27,651 INFO org.polytech.pfe.domego.protocol.game.negociation.EndNegotiationEvent [http-nio-8080-exec-2] EndNegotiationEvent : In game 28604dc9-6c14-4ed4-a565-1a04e868f5f5 the negotiation beetween MAITRE_D_OEUVRE and ENTREPRISE_CORPS_ETAT_SECONDAIRE is over. The amount of the negociation is 22.
2021-06-16 13:46:47,980 INFO org.polytech.pfe.domego.protocol.game.negociation.EndNegotiationEvent [http-nio-8080-exec-5] EndNegotiationEvent : In game 28604dc9-6c14-4ed4-a565-1a04e868f5f5 the negotiation beetween MAITRE_D_OEUVRE and BUREAU_D_ETUDE is over. The amount of the negociation is 12.
2021-06-16 13:47:24,763 INFO org.polytech.pfe.domego.protocol.game.negociation.EndNegotiationEvent [http-nio-8080-exec-9] EndNegotiationEvent : In game 28604dc9-6c14-4ed4-a565-1a04e868f5f5 the negotiation beetween MAITRE_D_OEUVRE and ENTREPRISE_GROS_OEUVRE is over. The amount of the negociation is 28.
2021-06-16 13:47:24,812 INFO org.polytech.pfe.domego.models.activity.Activity [http-nio-8080-exec-9] The mandatory payment is done
2021-06-16 13:47:24,817 INFO org.polytech.pfe.domego.models.activity.Activity [http-nio-8080-exec-9] The mandatory payment is done
2021-06-16 13:47:24,826 INFO org.polytech.pfe.domego.models.activity.Activity [http-nio-8080-exec-9] The mandatory payment is done
2021-06-16 13:47:24,830 INFO org.polytech.pfe.domego.models.activity.Activity [http-nio-8080-exec-9] The mandatory payment is done
2021-06-16 13:47:24,841 INFO org.polytech.pfe.domego.protocol.game.DrawCardEvent [http-nio-8080-exec-9] DrawCardEvent : In the game 28604dc9-6c14-4ed4-a565-1a04e868f5f5 for the activity 4 they draw 2 risk cards and 0 quality card
2021-06-16 13:47:24,895 INFO org.polytech.pfe.domego.protocol.game.DrawCardEvent [http-nio-8080-exec-9] DrawCardEvent : List of Risk : [RiskAction{riskOfActivityId=4, description='Incompréhension entre les parties', bonusList=[ResourcesBonus{roleType=MAITRE_D_OUVRAGE, activityID=4, amount=1}, ResourcesBonus{roleType=MAITRE_D_OEUVRE, activityID=4, amount=1}, ResourcesBonus{roleType=BUREAU_D_ETUDE, activityID=4, amount=1}, ResourcesBonus{roleType=ENTREPRISE_GROS_OEUVRE, activityID=4, amount=1}]}, RiskAction{riskOfActivityId=4, description='Négociation longue', bonusList=[DaysBonus{activityID=4, amount=5}]}]
2021-06-16 13:47:24,909 INFO org.polytech.pfe.domego.protocol.game.DrawCardEvent [http-nio-8080-exec-9] DrawCardEvent : List of Quality : []
2021-06-16 13:47:24,915 INFO org.polytech.pfe.domego.protocol.game.PayContractEvent [http-nio-8080-exec-9] PayContractEvent : GIVER name :  Denis, money 128 resource 9
2021-06-16 13:47:24,921 INFO org.polytech.pfe.domego.protocol.game.PayContractEvent [http-nio-8080-exec-9] PayContractEvent : RECEIVER name :  Armand, money 28 resource 0
2021-06-16 13:47:24,926 INFO org.polytech.pfe.domego.protocol.game.PayContractEvent [http-nio-8080-exec-9] PayContractEvent : In game 28604dc9-6c14-4ed4-a565-1a04e868f5f5, MAITRE_D_OUVRAGE paid MAITRE_D_OEUVRE the amount 10.
2021-06-16 13:47:24,931 INFO org.polytech.pfe.domego.protocol.game.PayContractEvent [http-nio-8080-exec-9] PayContractEvent : GIVER name :  Denis, money 118 resource 9
2021-06-16 13:47:24,933 INFO org.polytech.pfe.domego.protocol.game.PayContractEvent [http-nio-8080-exec-9] PayContractEvent : RECEIVER name :  Armand, money 38 resource 0
2021-06-16 13:47:24,935 INFO org.polytech.pfe.domego.protocol.game.PayContractEvent [http-nio-8080-exec-9] PayContractEvent : GIVER name :  Denis, money 118 resource 9
2021-06-16 13:47:24,943 INFO org.polytech.pfe.domego.protocol.game.PayContractEvent [http-nio-8080-exec-9] PayContractEvent : RECEIVER name :  Paul, money 20 resource 0
2021-06-16 13:47:24,954 INFO org.polytech.pfe.domego.protocol.game.PayContractEvent [http-nio-8080-exec-9] PayContractEvent : In game 28604dc9-6c14-4ed4-a565-1a04e868f5f5, MAITRE_D_OUVRAGE paid BUREAU_DE_CONTROLE the amount 1,2.
2021-06-16 13:47:24,956 INFO org.polytech.pfe.domego.protocol.game.PayContractEvent [http-nio-8080-exec-9] PayContractEvent : GIVER name :  Denis, money 116,8 resource 9
2021-06-16 13:47:24,958 INFO org.polytech.pfe.domego.protocol.game.PayContractEvent [http-nio-8080-exec-9] PayContractEvent : RECEIVER name :  Paul, money 21,2 resource 0
2021-06-16 13:47:24,961 INFO org.polytech.pfe.domego.protocol.game.PayContractEvent [http-nio-8080-exec-9] PayContractEvent : GIVER name :  Armand, money 38 resource 0
2021-06-16 13:47:24,963 INFO org.polytech.pfe.domego.protocol.game.PayContractEvent [http-nio-8080-exec-9] PayContractEvent : RECEIVER name :  Jack, money 18 resource 0
2021-06-16 13:47:24,972 INFO org.polytech.pfe.domego.protocol.game.PayContractEvent [http-nio-8080-exec-9] PayContractEvent : In game 28604dc9-6c14-4ed4-a565-1a04e868f5f5, MAITRE_D_OEUVRE paid BUREAU_D_ETUDE the amount 3,6.
2021-06-16 13:47:24,974 INFO org.polytech.pfe.domego.protocol.game.PayContractEvent [http-nio-8080-exec-9] PayContractEvent : GIVER name :  Armand, money 34,4 resource 0
2021-06-16 13:47:24,975 INFO org.polytech.pfe.domego.protocol.game.PayContractEvent [http-nio-8080-exec-9] PayContractEvent : RECEIVER name :  Jack, money 21,6 resource 0
2021-06-16 13:47:24,980 INFO org.polytech.pfe.domego.protocol.game.ChangeActivityEvent [http-nio-8080-exec-9] ChangeActivityEvent : In game : 28604dc9-6c14-4ed4-a565-1a04e868f5f5, the current activity is now 5
2021-06-16 13:51:27,110 INFO org.polytech.pfe.domego.protocol.game.BuyResourceEvent [http-nio-8080-exec-8] BuyResourceEvent : In game  28604dc9-6c14-4ed4-a565-1a04e868f5f5 the player named : Armand has buy 18 resources. He has now : 18 resources and : 16,4 money.
2021-06-16 13:51:43,526 INFO org.polytech.pfe.domego.models.activity.Activity [http-nio-8080-exec-7] The mandatory payment is done
2021-06-16 13:51:43,534 INFO org.polytech.pfe.domego.models.activity.Activity [http-nio-8080-exec-7] The DAYS payment is done
2021-06-16 13:51:43,536 INFO org.polytech.pfe.domego.protocol.game.PayResourcesEvent [http-nio-8080-exec-7] PaymentResourcesEvent : In the game 28604dc9-6c14-4ed4-a565-1a04e868f5f5, the player named Armand has realize 2 payment for the activity : 5
2021-06-16 13:51:43,537 INFO org.polytech.pfe.domego.protocol.game.PayResourcesEvent [http-nio-8080-exec-7] PaymentResourcesEvent : List Payment :  [Payment{amount=1, type='MANDATORY'}, Payment{amount=1, type='DAYS'}]
2021-06-16 13:51:43,539 INFO org.polytech.pfe.domego.protocol.game.PayResourcesEvent [http-nio-8080-exec-7] PaymentResourcesEvent : In the game 28604dc9-6c14-4ed4-a565-1a04e868f5f5, the player named Armand has now 16 resources
2021-06-16 13:51:56,728 INFO org.polytech.pfe.domego.protocol.game.BuyResourceEvent [http-nio-8080-exec-10] BuyResourceEvent : In game  28604dc9-6c14-4ed4-a565-1a04e868f5f5 the player named : Paul has buy 20 resources. He has now : 20 resources and : 1,2 money.
2021-06-16 13:52:07,975 INFO org.polytech.pfe.domego.models.activity.Activity [http-nio-8080-exec-2] The RISKS payment is done
2021-06-16 13:52:07,976 INFO org.polytech.pfe.domego.models.activity.Activity [http-nio-8080-exec-2] The mandatory payment is done
2021-06-16 13:52:07,978 INFO org.polytech.pfe.domego.protocol.game.PayResourcesEvent [http-nio-8080-exec-2] PaymentResourcesEvent : In the game 28604dc9-6c14-4ed4-a565-1a04e868f5f5, the player named Paul has realize 2 payment for the activity : 5
2021-06-16 13:52:07,980 INFO org.polytech.pfe.domego.protocol.game.PayResourcesEvent [http-nio-8080-exec-2] PaymentResourcesEvent : List Payment :  [Payment{amount=2, type='RISKS'}, Payment{amount=1, type='MANDATORY'}]
2021-06-16 13:52:08,007 INFO org.polytech.pfe.domego.protocol.game.PayResourcesEvent [http-nio-8080-exec-2] PaymentResourcesEvent : In the game 28604dc9-6c14-4ed4-a565-1a04e868f5f5, the player named Paul has now 17 resources
2021-06-16 13:52:55,540 INFO org.polytech.pfe.domego.protocol.game.BuyResourceEvent [http-nio-8080-exec-3] BuyResourceEvent : In game  28604dc9-6c14-4ed4-a565-1a04e868f5f5 the player named : Jack has buy 8 resources. He has now : 8 resources and : 13,6 money.
2021-06-16 13:53:01,213 INFO org.polytech.pfe.domego.models.activity.Activity [http-nio-8080-exec-1] The RISKS payment is done
2021-06-16 13:53:01,216 INFO org.polytech.pfe.domego.models.activity.Activity [http-nio-8080-exec-1] The mandatory payment is done
2021-06-16 13:53:01,217 INFO org.polytech.pfe.domego.protocol.game.PayResourcesEvent [http-nio-8080-exec-1] PaymentResourcesEvent : In the game 28604dc9-6c14-4ed4-a565-1a04e868f5f5, the player named Jack has realize 2 payment for the activity : 5
2021-06-16 13:53:01,220 INFO org.polytech.pfe.domego.protocol.game.PayResourcesEvent [http-nio-8080-exec-1] PaymentResourcesEvent : List Payment :  [Payment{amount=2, type='RISKS'}, Payment{amount=1, type='MANDATORY'}]
2021-06-16 13:53:01,221 INFO org.polytech.pfe.domego.protocol.game.PayResourcesEvent [http-nio-8080-exec-1] PaymentResourcesEvent : In the game 28604dc9-6c14-4ed4-a565-1a04e868f5f5, the player named Jack has now 5 resources
2021-06-16 13:53:01,230 INFO org.polytech.pfe.domego.protocol.game.DrawCardEvent [http-nio-8080-exec-1] DrawCardEvent : In the game 28604dc9-6c14-4ed4-a565-1a04e868f5f5 for the activity 5 they draw 1 risk cards and 0 quality card
2021-06-16 13:53:01,233 INFO org.polytech.pfe.domego.protocol.game.DrawCardEvent [http-nio-8080-exec-1] DrawCardEvent : List of Risk : [RiskAction{riskOfActivityId=5, description='Crevaison sur la route', bonusList=[]}]
2021-06-16 13:53:01,235 INFO org.polytech.pfe.domego.protocol.game.DrawCardEvent [http-nio-8080-exec-1] DrawCardEvent : List of Quality : []
2021-06-16 13:53:01,242 INFO org.polytech.pfe.domego.protocol.game.PayContractEvent [http-nio-8080-exec-1] PayContractEvent : GIVER name :  Denis, money 116,8 resource 9
2021-06-16 13:53:01,244 INFO org.polytech.pfe.domego.protocol.game.PayContractEvent [http-nio-8080-exec-1] PayContractEvent : RECEIVER name :  Armand, money 16,4 resource 16
2021-06-16 13:53:01,246 INFO org.polytech.pfe.domego.protocol.game.PayContractEvent [http-nio-8080-exec-1] PayContractEvent : In game 28604dc9-6c14-4ed4-a565-1a04e868f5f5, MAITRE_D_OUVRAGE paid MAITRE_D_OEUVRE the amount 20.
2021-06-16 13:53:01,251 INFO org.polytech.pfe.domego.protocol.game.PayContractEvent [http-nio-8080-exec-1] PayContractEvent : GIVER name :  Denis, money 96,8 resource 9
2021-06-16 13:53:01,255 INFO org.polytech.pfe.domego.protocol.game.PayContractEvent [http-nio-8080-exec-1] PayContractEvent : RECEIVER name :  Armand, money 36,4 resource 16
2021-06-16 13:53:01,257 INFO org.polytech.pfe.domego.protocol.game.ChangeActivityEvent [http-nio-8080-exec-1] ChangeActivityEvent : In game : 28604dc9-6c14-4ed4-a565-1a04e868f5f5, the current activity is now 6
2021-06-16 13:53:29,716 INFO org.polytech.pfe.domego.models.activity.Activity [http-nio-8080-exec-5] The RISKS payment is done
2021-06-16 13:53:29,718 INFO org.polytech.pfe.domego.models.activity.Activity [http-nio-8080-exec-5] The mandatory payment is done
2021-06-16 13:53:29,722 INFO org.polytech.pfe.domego.protocol.game.PayResourcesEvent [http-nio-8080-exec-5] PaymentResourcesEvent : In the game 28604dc9-6c14-4ed4-a565-1a04e868f5f5, the player named Armand has realize 2 payment for the activity : 6
2021-06-16 13:53:29,724 INFO org.polytech.pfe.domego.protocol.game.PayResourcesEvent [http-nio-8080-exec-5] PaymentResourcesEvent : List Payment :  [Payment{amount=4, type='RISKS'}, Payment{amount=2, type='MANDATORY'}]
2021-06-16 13:53:29,726 INFO org.polytech.pfe.domego.protocol.game.PayResourcesEvent [http-nio-8080-exec-5] PaymentResourcesEvent : In the game 28604dc9-6c14-4ed4-a565-1a04e868f5f5, the player named Armand has now 10 resources
2021-06-16 13:53:58,521 INFO org.polytech.pfe.domego.models.activity.Activity [http-nio-8080-exec-4] The mandatory payment is done
2021-06-16 13:53:58,523 INFO org.polytech.pfe.domego.models.activity.Activity [http-nio-8080-exec-4] The DAYS payment is done
2021-06-16 13:53:58,524 INFO org.polytech.pfe.domego.protocol.game.PayResourcesEvent [http-nio-8080-exec-4] PaymentResourcesEvent : In the game 28604dc9-6c14-4ed4-a565-1a04e868f5f5, the player named Denis has realize 2 payment for the activity : 6
2021-06-16 13:53:58,526 INFO org.polytech.pfe.domego.protocol.game.PayResourcesEvent [http-nio-8080-exec-4] PaymentResourcesEvent : List Payment :  [Payment{amount=1, type='MANDATORY'}, Payment{amount=2, type='DAYS'}]
2021-06-16 13:53:58,527 INFO org.polytech.pfe.domego.protocol.game.PayResourcesEvent [http-nio-8080-exec-4] PaymentResourcesEvent : In the game 28604dc9-6c14-4ed4-a565-1a04e868f5f5, the player named Denis has now 6 resources
2021-06-16 13:53:58,554 INFO org.polytech.pfe.domego.models.activity.Activity [http-nio-8080-exec-4] The mandatory payment is done
2021-06-16 13:53:58,559 INFO org.polytech.pfe.domego.models.activity.Activity [http-nio-8080-exec-4] The mandatory payment is done
2021-06-16 13:53:58,566 INFO org.polytech.pfe.domego.protocol.game.DrawCardEvent [http-nio-8080-exec-4] DrawCardEvent : In the game 28604dc9-6c14-4ed4-a565-1a04e868f5f5 for the activity 6 they draw 1 risk cards and 0 quality card
2021-06-16 13:53:58,569 INFO org.polytech.pfe.domego.protocol.game.DrawCardEvent [http-nio-8080-exec-4] DrawCardEvent : List of Risk : [RiskAction{riskOfActivityId=6, description='Oubli d’un élément', bonusList=[DaysBonus{activityID=6, amount=3}, ResourcesBonus{roleType=MAITRE_D_OEUVRE, activityID=6, amount=1}, ResourcesBonus{roleType=MAITRE_D_OUVRAGE, activityID=6, amount=1}]}]
2021-06-16 13:53:58,574 INFO org.polytech.pfe.domego.protocol.game.DrawCardEvent [http-nio-8080-exec-4] DrawCardEvent : List of Quality : []
2021-06-16 13:53:58,581 INFO org.polytech.pfe.domego.protocol.game.PayContractEvent [http-nio-8080-exec-4] PayContractEvent : GIVER name :  Denis, money 96,8 resource 5
2021-06-16 13:53:58,582 INFO org.polytech.pfe.domego.protocol.game.PayContractEvent [http-nio-8080-exec-4] PayContractEvent : RECEIVER name :  Armand, money 36,4 resource 9
2021-06-16 13:53:58,587 INFO org.polytech.pfe.domego.protocol.game.PayContractEvent [http-nio-8080-exec-4] PayContractEvent : In game 28604dc9-6c14-4ed4-a565-1a04e868f5f5, MAITRE_D_OUVRAGE paid MAITRE_D_OEUVRE the amount 20.
2021-06-16 13:53:58,589 INFO org.polytech.pfe.domego.protocol.game.PayContractEvent [http-nio-8080-exec-4] PayContractEvent : GIVER name :  Denis, money 76,8 resource 5
2021-06-16 13:53:58,591 INFO org.polytech.pfe.domego.protocol.game.PayContractEvent [http-nio-8080-exec-4] PayContractEvent : RECEIVER name :  Armand, money 56,4 resource 9
2021-06-16 13:53:58,593 INFO org.polytech.pfe.domego.protocol.game.PayContractEvent [http-nio-8080-exec-4] PayContractEvent : GIVER name :  Denis, money 76,8 resource 5
2021-06-16 13:53:58,596 INFO org.polytech.pfe.domego.protocol.game.PayContractEvent [http-nio-8080-exec-4] PayContractEvent : RECEIVER name :  Paul, money 1,2 resource 17
2021-06-16 13:53:58,605 INFO org.polytech.pfe.domego.protocol.game.PayContractEvent [http-nio-8080-exec-4] PayContractEvent : In game 28604dc9-6c14-4ed4-a565-1a04e868f5f5, MAITRE_D_OUVRAGE paid BUREAU_DE_CONTROLE the amount 3,6.
2021-06-16 13:53:58,615 INFO org.polytech.pfe.domego.protocol.game.PayContractEvent [http-nio-8080-exec-4] PayContractEvent : GIVER name :  Denis, money 73,2 resource 5
2021-06-16 13:53:58,635 INFO org.polytech.pfe.domego.protocol.game.PayContractEvent [http-nio-8080-exec-4] PayContractEvent : RECEIVER name :  Paul, money 4,8 resource 17
2021-06-16 13:53:58,648 INFO org.polytech.pfe.domego.protocol.game.PayContractEvent [http-nio-8080-exec-4] PayContractEvent : GIVER name :  Armand, money 56,4 resource 9
2021-06-16 13:53:58,652 INFO org.polytech.pfe.domego.protocol.game.PayContractEvent [http-nio-8080-exec-4] PayContractEvent : RECEIVER name :  Jack, money 13,6 resource 5
2021-06-16 13:53:58,665 INFO org.polytech.pfe.domego.protocol.game.PayContractEvent [http-nio-8080-exec-4] PayContractEvent : In game 28604dc9-6c14-4ed4-a565-1a04e868f5f5, MAITRE_D_OEUVRE paid BUREAU_D_ETUDE the amount 7,2.
2021-06-16 13:53:58,700 INFO org.polytech.pfe.domego.protocol.game.PayContractEvent [http-nio-8080-exec-4] PayContractEvent : GIVER name :  Armand, money 49,2 resource 9
2021-06-16 13:53:58,703 INFO org.polytech.pfe.domego.protocol.game.PayContractEvent [http-nio-8080-exec-4] PayContractEvent : RECEIVER name :  Jack, money 20,8 resource 5
2021-06-16 13:53:58,707 INFO org.polytech.pfe.domego.protocol.game.ChangeActivityEvent [http-nio-8080-exec-4] ChangeActivityEvent : In game : 28604dc9-6c14-4ed4-a565-1a04e868f5f5, the current activity is now 7
2021-06-16 13:54:48,835 INFO org.polytech.pfe.domego.models.activity.Activity [http-nio-8080-exec-6] The mandatory payment is done
2021-06-16 13:54:48,837 INFO org.polytech.pfe.domego.models.activity.Activity [http-nio-8080-exec-6] The DAYS payment is done
2021-06-16 13:54:48,838 INFO org.polytech.pfe.domego.protocol.game.PayResourcesEvent [http-nio-8080-exec-6] PaymentResourcesEvent : In the game 28604dc9-6c14-4ed4-a565-1a04e868f5f5, the player named Jack has realize 2 payment for the activity : 7
2021-06-16 13:54:48,839 INFO org.polytech.pfe.domego.protocol.game.PayResourcesEvent [http-nio-8080-exec-6] PaymentResourcesEvent : List Payment :  [Payment{amount=5, type='MANDATORY'}, Payment{amount=0, type='DAYS'}]
2021-06-16 13:54:48,841 INFO org.polytech.pfe.domego.protocol.game.PayResourcesEvent [http-nio-8080-exec-6] PaymentResourcesEvent : In the game 28604dc9-6c14-4ed4-a565-1a04e868f5f5, the player named Jack has now 0 resources
2021-06-16 13:55:03,704 INFO org.polytech.pfe.domego.models.activity.Activity [http-nio-8080-exec-9] The mandatory payment is done
2021-06-16 13:55:03,707 INFO org.polytech.pfe.domego.protocol.game.PayResourcesEvent [http-nio-8080-exec-9] PaymentResourcesEvent : In the game 28604dc9-6c14-4ed4-a565-1a04e868f5f5, the player named Paul has realize 1 payment for the activity : 7
2021-06-16 13:55:03,711 INFO org.polytech.pfe.domego.protocol.game.PayResourcesEvent [http-nio-8080-exec-9] PaymentResourcesEvent : List Payment :  [Payment{amount=2, type='MANDATORY'}]
2021-06-16 13:55:03,714 INFO org.polytech.pfe.domego.protocol.game.PayResourcesEvent [http-nio-8080-exec-9] PaymentResourcesEvent : In the game 28604dc9-6c14-4ed4-a565-1a04e868f5f5, the player named Paul has now 15 resources
2021-06-16 13:55:11,574 INFO org.polytech.pfe.domego.models.activity.Activity [http-nio-8080-exec-8] The mandatory payment is done
2021-06-16 13:55:11,576 INFO org.polytech.pfe.domego.protocol.game.PayResourcesEvent [http-nio-8080-exec-8] PaymentResourcesEvent : In the game 28604dc9-6c14-4ed4-a565-1a04e868f5f5, the player named Armand has realize 1 payment for the activity : 7
2021-06-16 13:55:11,578 INFO org.polytech.pfe.domego.protocol.game.PayResourcesEvent [http-nio-8080-exec-8] PaymentResourcesEvent : List Payment :  [Payment{amount=5, type='MANDATORY'}]
2021-06-16 13:55:11,579 INFO org.polytech.pfe.domego.protocol.game.PayResourcesEvent [http-nio-8080-exec-8] PaymentResourcesEvent : In the game 28604dc9-6c14-4ed4-a565-1a04e868f5f5, the player named Armand has now 4 resources
2021-06-16 13:55:21,494 INFO org.polytech.pfe.domego.models.activity.Activity [http-nio-8080-exec-7] The RISKS payment is done
2021-06-16 13:55:21,495 INFO org.polytech.pfe.domego.models.activity.Activity [http-nio-8080-exec-7] The mandatory payment is done
2021-06-16 13:55:21,497 INFO org.polytech.pfe.domego.protocol.game.PayResourcesEvent [http-nio-8080-exec-7] PaymentResourcesEvent : In the game 28604dc9-6c14-4ed4-a565-1a04e868f5f5, the player named Denis has realize 2 payment for the activity : 7
2021-06-16 13:55:21,498 INFO org.polytech.pfe.domego.protocol.game.PayResourcesEvent [http-nio-8080-exec-7] PaymentResourcesEvent : List Payment :  [Payment{amount=2, type='RISKS'}, Payment{amount=1, type='MANDATORY'}]
2021-06-16 13:55:21,500 INFO org.polytech.pfe.domego.protocol.game.PayResourcesEvent [http-nio-8080-exec-7] PaymentResourcesEvent : In the game 28604dc9-6c14-4ed4-a565-1a04e868f5f5, the player named Denis has now 2 resources
2021-06-16 13:55:21,506 INFO org.polytech.pfe.domego.protocol.game.DrawCardEvent [http-nio-8080-exec-7] DrawCardEvent : In the game 28604dc9-6c14-4ed4-a565-1a04e868f5f5 for the activity 7 they draw 3 risk cards and 0 quality card
2021-06-16 13:55:21,521 INFO org.polytech.pfe.domego.protocol.game.DrawCardEvent [http-nio-8080-exec-7] DrawCardEvent : List of Risk : [RiskAction{riskOfActivityId=7, description='Erreur sur les calculs', bonusList=[ResourcesBonus{roleType=ENTREPRISE_GROS_OEUVRE, activityID=10, amount=1}, MoneyBonus{roleType=BUREAU_D_ETUDE, amount=-3}]}, RiskAction{riskOfActivityId=7, description='Plus d'encre dans l'imprimante', bonusList=[]}, RiskAction{riskOfActivityId=7, description='Flou dans les spécifications', bonusList=[ResourcesBonus{roleType=ENTREPRISE_GROS_OEUVRE, activityID=10, amount=2}, ResourcesBonus{roleType=ENTREPRISE_CORPS_ETAT_SECONDAIRE, activityID=11, amount=2}]}]
2021-06-16 13:55:21,524 INFO org.polytech.pfe.domego.protocol.game.DrawCardEvent [http-nio-8080-exec-7] DrawCardEvent : List of Quality : []
2021-06-16 13:55:21,532 INFO org.polytech.pfe.domego.protocol.game.PayContractEvent [http-nio-8080-exec-7] PayContractEvent : GIVER name :  Armand, money 49,2 resource 4
2021-06-16 13:55:21,533 INFO org.polytech.pfe.domego.protocol.game.PayContractEvent [http-nio-8080-exec-7] PayContractEvent : RECEIVER name :  Rodrigue, money 28 resource 0
2021-06-16 13:55:21,536 INFO org.polytech.pfe.domego.protocol.game.PayContractEvent [http-nio-8080-exec-7] PayContractEvent : In game 28604dc9-6c14-4ed4-a565-1a04e868f5f5, MAITRE_D_OEUVRE paid ENTREPRISE_GROS_OEUVRE the amount 5,6.
2021-06-16 13:55:21,540 INFO org.polytech.pfe.domego.protocol.game.PayContractEvent [http-nio-8080-exec-7] PayContractEvent : GIVER name :  Armand, money 43,6 resource 4
2021-06-16 13:55:21,543 INFO org.polytech.pfe.domego.protocol.game.PayContractEvent [http-nio-8080-exec-7] PayContractEvent : RECEIVER name :  Rodrigue, money 33,6 resource 0
2021-06-16 13:55:21,545 INFO org.polytech.pfe.domego.protocol.game.PayContractEvent [http-nio-8080-exec-7] PayContractEvent : GIVER name :  Armand, money 43,6 resource 4
2021-06-16 13:55:21,549 INFO org.polytech.pfe.domego.protocol.game.PayContractEvent [http-nio-8080-exec-7] PayContractEvent : RECEIVER name :  Eric, money 30 resource 0
2021-06-16 13:55:21,560 INFO org.polytech.pfe.domego.protocol.game.PayContractEvent [http-nio-8080-exec-7] PayContractEvent : In game 28604dc9-6c14-4ed4-a565-1a04e868f5f5, MAITRE_D_OEUVRE paid ENTREPRISE_CORPS_ETAT_SECONDAIRE the amount 4,4.
2021-06-16 13:55:21,682 INFO org.polytech.pfe.domego.protocol.game.PayContractEvent [http-nio-8080-exec-7] PayContractEvent : GIVER name :  Armand, money 39,2 resource 4
2021-06-16 13:55:21,746 INFO org.polytech.pfe.domego.protocol.game.PayContractEvent [http-nio-8080-exec-7] PayContractEvent : RECEIVER name :  Eric, money 34,4 resource 0
2021-06-16 13:55:21,749 INFO org.polytech.pfe.domego.protocol.game.ChangeActivityEvent [http-nio-8080-exec-7] ChangeActivityEvent : In game : 28604dc9-6c14-4ed4-a565-1a04e868f5f5, the current activity is now 8
2021-06-16 13:55:54,839 INFO org.polytech.pfe.domego.protocol.game.BuyResourceEvent [http-nio-8080-exec-10] BuyResourceEvent : In game  28604dc9-6c14-4ed4-a565-1a04e868f5f5 the player named : Eric has buy 5 resources. He has now : 5 resources and : 29,4 money.
2021-06-16 13:56:32,419 INFO org.polytech.pfe.domego.protocol.game.BuyResourceEvent [http-nio-8080-exec-2] BuyResourceEvent : In game  28604dc9-6c14-4ed4-a565-1a04e868f5f5 the player named : Rodrigue has buy 22 resources. He has now : 22 resources and : 11,6 money.
2021-06-16 17:52:43,400 INFO org.polytech.pfe.domego.services.sockets.game.GameSocketHandler [http-nio-8080-exec-2] GameSocketHandler : Close session on socket with ip : /0:0:0:0:0:0:0:1:51449
2021-06-16 17:52:43,400 INFO org.polytech.pfe.domego.services.sockets.game.GameSocketHandler [http-nio-8080-exec-10] GameSocketHandler : Close session on socket with ip : /0:0:0:0:0:0:0:1:63449
2021-06-16 17:52:43,402 INFO org.polytech.pfe.domego.services.sockets.game.GameSocketHandler [http-nio-8080-exec-4] GameSocketHandler : Close session on socket with ip : /0:0:0:0:0:0:0:1:57818
2021-06-16 17:52:43,402 INFO org.polytech.pfe.domego.services.sockets.game.GameSocketHandler [http-nio-8080-exec-9] GameSocketHandler : Close session on socket with ip : /0:0:0:0:0:0:0:1:51575
2021-06-16 17:52:43,393 INFO org.polytech.pfe.domego.services.sockets.game.GameSocketHandler [http-nio-8080-exec-12] GameSocketHandler : Close session on socket with ip : /0:0:0:0:0:0:0:1:60008
2021-06-16 17:52:43,344 INFO org.polytech.pfe.domego.services.sockets.room.RoomSocketHandler [http-nio-8080-exec-1] RoomSocketHandler : Close session on socket with ip : /0:0:0:0:0:0:0:1:55258
2021-06-16 17:52:43,343 INFO org.polytech.pfe.domego.services.sockets.room.RoomSocketHandler [http-nio-8080-exec-6] RoomSocketHandler : Close session on socket with ip : /0:0:0:0:0:0:0:1:57372
2021-06-16 17:52:43,310 INFO org.polytech.pfe.domego.services.sockets.room.RoomSocketHandler [http-nio-8080-exec-8] RoomSocketHandler : Close session on socket with ip : /0:0:0:0:0:0:0:1:62349
2021-06-16 17:52:43,343 INFO org.polytech.pfe.domego.services.sockets.room.RoomSocketHandler [http-nio-8080-exec-5] RoomSocketHandler : Close session on socket with ip : /0:0:0:0:0:0:0:1:58966
2021-06-16 17:52:43,343 INFO org.polytech.pfe.domego.services.sockets.room.RoomSocketHandler [http-nio-8080-exec-7] RoomSocketHandler : Close session on socket with ip : /0:0:0:0:0:0:0:1:52132
2021-06-16 17:52:43,400 INFO org.polytech.pfe.domego.services.sockets.game.GameSocketHandler [http-nio-8080-exec-3] GameSocketHandler : Close session on socket with ip : /0:0:0:0:0:0:0:1:59727
2021-06-16 17:52:43,362 INFO org.polytech.pfe.domego.services.sockets.room.RoomSocketHandler [http-nio-8080-exec-11] RoomSocketHandler : Close session on socket with ip : /0:0:0:0:0:0:0:1:59128
