2021-07-29 02:19:58,068 INFO org.polytech.pfe.domego.services.sockets.game.GameSocketHandler [http-nio-8080-exec-7] GameSocketHandler : New user on socket with ip : /0:0:0:0:0:0:0:1:60026
2021-07-29 02:49:15,978 INFO org.polytech.pfe.domego.services.sockets.game.GameSocketHandler [http-nio-8080-exec-8] GameSocketHandler : Close session on socket with ip : /0:0:0:0:0:0:0:1:60026
2021-07-29 10:52:13,132 INFO org.polytech.pfe.domego.services.sockets.game.GameSocketHandler [http-nio-8080-exec-10] GameSocketHandler : New user on socket with ip : /0:0:0:0:0:0:0:1:58868
2021-07-29 11:22:08,658 INFO org.polytech.pfe.domego.services.sockets.game.GameSocketHandler [http-nio-8080-exec-9] GameSocketHandler : Close session on socket with ip : /0:0:0:0:0:0:0:1:58868
2021-07-29 18:00:14,777 INFO org.polytech.pfe.domego.services.sockets.game.GameSocketHandler [http-nio-8080-exec-2] GameSocketHandler : New user on socket with ip : /0:0:0:0:0:0:0:1:56998
2021-07-29 18:28:22,731 INFO org.polytech.pfe.domego.services.sockets.game.GameSocketHandler [http-nio-8080-exec-1] GameSocketHandler : Close session on socket with ip : /0:0:0:0:0:0:0:1:56998
2021-07-29 18:28:26,761 INFO org.polytech.pfe.domego.services.sockets.game.GameSocketHandler [http-nio-8080-exec-3] GameSocketHandler : New user on socket with ip : /0:0:0:0:0:0:0:1:50177
2021-07-29 18:29:05,903 INFO org.polytech.pfe.domego.services.sockets.game.GameSocketHandler [http-nio-8080-exec-4] GameSocketHandler : Close session on socket with ip : /0:0:0:0:0:0:0:1:50177
2021-07-29 18:29:09,888 INFO org.polytech.pfe.domego.services.sockets.game.GameSocketHandler [http-nio-8080-exec-5] GameSocketHandler : New user on socket with ip : /0:0:0:0:0:0:0:1:54692
2021-07-29 18:30:05,520 INFO org.polytech.pfe.domego.services.sockets.game.GameSocketHandler [http-nio-8080-exec-6] GameSocketHandler : Close session on socket with ip : /0:0:0:0:0:0:0:1:54692
2021-07-29 18:30:10,596 INFO org.polytech.pfe.domego.services.sockets.game.GameSocketHandler [http-nio-8080-exec-7] GameSocketHandler : New user on socket with ip : /0:0:0:0:0:0:0:1:58801
2021-07-29 18:31:28,549 INFO org.polytech.pfe.domego.services.sockets.game.GameSocketHandler [http-nio-8080-exec-8] GameSocketHandler : Close session on socket with ip : /0:0:0:0:0:0:0:1:58801
2021-07-29 18:31:32,887 INFO org.polytech.pfe.domego.services.sockets.game.GameSocketHandler [http-nio-8080-exec-10] GameSocketHandler : New user on socket with ip : /0:0:0:0:0:0:0:1:58781
2021-07-29 18:33:59,191 INFO org.polytech.pfe.domego.services.sockets.game.GameSocketHandler [http-nio-8080-exec-9] GameSocketHandler : Close session on socket with ip : /0:0:0:0:0:0:0:1:58781
2021-07-29 18:34:09,323 INFO org.polytech.pfe.domego.services.sockets.game.GameSocketHandler [http-nio-8080-exec-2] GameSocketHandler : New user on socket with ip : /0:0:0:0:0:0:0:1:58479
2021-07-29 18:40:20,903 INFO org.polytech.pfe.domego.services.sockets.game.GameSocketHandler [http-nio-8080-exec-1] GameSocketHandler : Close session on socket with ip : /0:0:0:0:0:0:0:1:58479
2021-07-29 18:40:28,176 INFO org.polytech.pfe.domego.services.sockets.game.GameSocketHandler [http-nio-8080-exec-3] GameSocketHandler : New user on socket with ip : /0:0:0:0:0:0:0:1:51616
2021-07-29 18:45:32,561 INFO org.polytech.pfe.domego.services.sockets.game.GameSocketHandler [http-nio-8080-exec-4] GameSocketHandler : Close session on socket with ip : /0:0:0:0:0:0:0:1:51616
2021-07-29 18:45:36,717 INFO org.polytech.pfe.domego.services.sockets.game.GameSocketHandler [http-nio-8080-exec-5] GameSocketHandler : New user on socket with ip : /0:0:0:0:0:0:0:1:62669
2021-07-29 19:16:23,338 INFO org.polytech.pfe.domego.services.sockets.game.GameSocketHandler [http-nio-8080-exec-6] GameSocketHandler : Close session on socket with ip : /0:0:0:0:0:0:0:1:62669
2021-07-29 19:16:28,530 INFO org.polytech.pfe.domego.services.sockets.game.GameSocketHandler [http-nio-8080-exec-7] GameSocketHandler : New user on socket with ip : /0:0:0:0:0:0:0:1:52645
2021-07-29 19:17:08,725 INFO org.polytech.pfe.domego.services.sockets.game.GameSocketHandler [http-nio-8080-exec-8] GameSocketHandler : Close session on socket with ip : /0:0:0:0:0:0:0:1:52645
2021-07-29 19:17:14,729 INFO org.polytech.pfe.domego.services.sockets.game.GameSocketHandler [http-nio-8080-exec-10] GameSocketHandler : New user on socket with ip : /0:0:0:0:0:0:0:1:61469
2021-07-29 19:20:03,396 INFO org.polytech.pfe.domego.services.sockets.game.GameSocketHandler [http-nio-8080-exec-9] GameSocketHandler : Close session on socket with ip : /0:0:0:0:0:0:0:1:61469
2021-07-29 19:20:07,557 INFO org.polytech.pfe.domego.services.sockets.game.GameSocketHandler [http-nio-8080-exec-2] GameSocketHandler : New user on socket with ip : /0:0:0:0:0:0:0:1:53159
2021-07-29 19:35:58,861 INFO org.polytech.pfe.domego.services.sockets.game.GameSocketHandler [http-nio-8080-exec-1] GameSocketHandler : Close session on socket with ip : /0:0:0:0:0:0:0:1:53159
2021-07-29 19:36:02,780 INFO org.polytech.pfe.domego.services.sockets.game.GameSocketHandler [http-nio-8080-exec-3] GameSocketHandler : New user on socket with ip : /0:0:0:0:0:0:0:1:58134
2021-07-29 19:37:42,201 INFO org.polytech.pfe.domego.services.sockets.game.GameSocketHandler [http-nio-8080-exec-4] GameSocketHandler : Close session on socket with ip : /0:0:0:0:0:0:0:1:58134
2021-07-29 19:37:46,615 INFO org.polytech.pfe.domego.services.sockets.game.GameSocketHandler [http-nio-8080-exec-5] GameSocketHandler : New user on socket with ip : /0:0:0:0:0:0:0:1:62428
2021-07-29 19:38:50,651 INFO org.polytech.pfe.domego.services.sockets.game.GameSocketHandler [http-nio-8080-exec-6] GameSocketHandler : Close session on socket with ip : /0:0:0:0:0:0:0:1:62428
2021-07-29 19:38:57,124 INFO org.polytech.pfe.domego.services.sockets.game.GameSocketHandler [http-nio-8080-exec-7] GameSocketHandler : New user on socket with ip : /0:0:0:0:0:0:0:1:63810
2021-07-29 19:39:05,367 INFO org.polytech.pfe.domego.services.sockets.game.GameSocketHandler [http-nio-8080-exec-8] GameSocketHandler : Close session on socket with ip : /0:0:0:0:0:0:0:1:63810
2021-07-29 19:39:09,367 INFO org.polytech.pfe.domego.services.sockets.game.GameSocketHandler [http-nio-8080-exec-10] GameSocketHandler : New user on socket with ip : /0:0:0:0:0:0:0:1:63015
2021-07-29 19:41:06,315 INFO org.polytech.pfe.domego.services.sockets.game.GameSocketHandler [http-nio-8080-exec-9] GameSocketHandler : Close session on socket with ip : /0:0:0:0:0:0:0:1:63015
2021-07-29 19:41:10,179 INFO org.polytech.pfe.domego.services.sockets.game.GameSocketHandler [http-nio-8080-exec-2] GameSocketHandler : New user on socket with ip : /0:0:0:0:0:0:0:1:56621
2021-07-29 19:48:10,513 INFO org.polytech.pfe.domego.services.sockets.game.GameSocketHandler [http-nio-8080-exec-1] GameSocketHandler : Close session on socket with ip : /0:0:0:0:0:0:0:1:56621
2021-07-29 19:48:16,436 INFO org.polytech.pfe.domego.services.sockets.game.GameSocketHandler [http-nio-8080-exec-3] GameSocketHandler : New user on socket with ip : /0:0:0:0:0:0:0:1:58978
2021-07-29 19:48:38,226 INFO org.polytech.pfe.domego.services.sockets.game.GameSocketHandler [http-nio-8080-exec-4] GameSocketHandler : Close session on socket with ip : /0:0:0:0:0:0:0:1:58978
2021-07-29 19:48:43,048 INFO org.polytech.pfe.domego.services.sockets.game.GameSocketHandler [http-nio-8080-exec-5] GameSocketHandler : New user on socket with ip : /0:0:0:0:0:0:0:1:62565
2021-07-29 19:49:31,788 INFO org.polytech.pfe.domego.services.sockets.game.GameSocketHandler [http-nio-8080-exec-6] GameSocketHandler : Close session on socket with ip : /0:0:0:0:0:0:0:1:62565
2021-07-29 19:49:36,346 INFO org.polytech.pfe.domego.services.sockets.game.GameSocketHandler [http-nio-8080-exec-7] GameSocketHandler : New user on socket with ip : /0:0:0:0:0:0:0:1:53644
2021-07-29 19:57:21,978 INFO org.polytech.pfe.domego.services.sockets.game.GameSocketHandler [http-nio-8080-exec-8] GameSocketHandler : Close session on socket with ip : /0:0:0:0:0:0:0:1:53644
2021-07-29 19:57:28,174 INFO org.polytech.pfe.domego.services.sockets.game.GameSocketHandler [http-nio-8080-exec-10] GameSocketHandler : New user on socket with ip : /0:0:0:0:0:0:0:1:61476
2021-07-29 20:08:43,030 INFO org.polytech.pfe.domego.services.sockets.game.GameSocketHandler [http-nio-8080-exec-9] GameSocketHandler : Close session on socket with ip : /0:0:0:0:0:0:0:1:61476
2021-07-29 20:08:47,950 INFO org.polytech.pfe.domego.services.sockets.game.GameSocketHandler [http-nio-8080-exec-2] GameSocketHandler : New user on socket with ip : /0:0:0:0:0:0:0:1:54890
2021-07-29 20:09:18,447 INFO org.polytech.pfe.domego.services.sockets.game.GameSocketHandler [http-nio-8080-exec-1] GameSocketHandler : Close session on socket with ip : /0:0:0:0:0:0:0:1:54890
2021-07-29 20:09:23,582 INFO org.polytech.pfe.domego.services.sockets.game.GameSocketHandler [http-nio-8080-exec-3] GameSocketHandler : New user on socket with ip : /0:0:0:0:0:0:0:1:56807
2021-07-29 20:18:14,996 INFO org.polytech.pfe.domego.services.sockets.game.GameSocketHandler [http-nio-8080-exec-4] GameSocketHandler : Close session on socket with ip : /0:0:0:0:0:0:0:1:56807
2021-07-29 20:18:20,255 INFO org.polytech.pfe.domego.services.sockets.game.GameSocketHandler [http-nio-8080-exec-5] GameSocketHandler : New user on socket with ip : /0:0:0:0:0:0:0:1:60600
2021-07-29 20:18:51,203 INFO org.polytech.pfe.domego.services.sockets.game.GameSocketHandler [http-nio-8080-exec-6] GameSocketHandler : Close session on socket with ip : /0:0:0:0:0:0:0:1:60600
2021-07-29 20:18:56,486 INFO org.polytech.pfe.domego.services.sockets.game.GameSocketHandler [http-nio-8080-exec-7] GameSocketHandler : New user on socket with ip : /0:0:0:0:0:0:0:1:57940
2021-07-29 20:20:50,302 INFO org.polytech.pfe.domego.services.sockets.game.GameSocketHandler [http-nio-8080-exec-8] GameSocketHandler : Close session on socket with ip : /0:0:0:0:0:0:0:1:57940
2021-07-29 20:20:54,926 INFO org.polytech.pfe.domego.services.sockets.game.GameSocketHandler [http-nio-8080-exec-10] GameSocketHandler : New user on socket with ip : /0:0:0:0:0:0:0:1:49245
2021-07-29 20:21:20,376 INFO org.polytech.pfe.domego.services.sockets.game.GameSocketHandler [http-nio-8080-exec-9] GameSocketHandler : Close session on socket with ip : /0:0:0:0:0:0:0:1:49245
2021-07-29 20:21:27,079 INFO org.polytech.pfe.domego.services.sockets.game.GameSocketHandler [http-nio-8080-exec-2] GameSocketHandler : New user on socket with ip : /0:0:0:0:0:0:0:1:65434
2021-07-29 20:21:33,943 INFO org.polytech.pfe.domego.services.sockets.game.GameSocketHandler [http-nio-8080-exec-1] GameSocketHandler : Close session on socket with ip : /0:0:0:0:0:0:0:1:65434
2021-07-29 20:21:38,629 INFO org.polytech.pfe.domego.services.sockets.game.GameSocketHandler [http-nio-8080-exec-3] GameSocketHandler : New user on socket with ip : /0:0:0:0:0:0:0:1:58509
2021-07-29 20:23:08,216 INFO org.polytech.pfe.domego.services.sockets.game.GameSocketHandler [http-nio-8080-exec-4] GameSocketHandler : Close session on socket with ip : /0:0:0:0:0:0:0:1:58509
2021-07-29 20:23:17,002 INFO org.polytech.pfe.domego.services.sockets.game.GameSocketHandler [http-nio-8080-exec-5] GameSocketHandler : New user on socket with ip : /0:0:0:0:0:0:0:1:55134
2021-07-29 20:24:03,664 INFO org.polytech.pfe.domego.services.sockets.game.GameSocketHandler [http-nio-8080-exec-6] GameSocketHandler : Close session on socket with ip : /0:0:0:0:0:0:0:1:55134
2021-07-29 20:24:08,911 INFO org.polytech.pfe.domego.services.sockets.game.GameSocketHandler [http-nio-8080-exec-7] GameSocketHandler : New user on socket with ip : /0:0:0:0:0:0:0:1:50865
2021-07-29 20:24:42,236 INFO org.polytech.pfe.domego.services.sockets.game.GameSocketHandler [http-nio-8080-exec-8] GameSocketHandler : Close session on socket with ip : /0:0:0:0:0:0:0:1:50865
2021-07-29 20:24:46,820 INFO org.polytech.pfe.domego.services.sockets.game.GameSocketHandler [http-nio-8080-exec-10] GameSocketHandler : New user on socket with ip : /0:0:0:0:0:0:0:1:64700
2021-07-29 20:26:19,889 INFO org.polytech.pfe.domego.services.sockets.game.GameSocketHandler [http-nio-8080-exec-9] GameSocketHandler : Close session on socket with ip : /0:0:0:0:0:0:0:1:64700
2021-07-29 20:26:24,461 INFO org.polytech.pfe.domego.services.sockets.game.GameSocketHandler [http-nio-8080-exec-2] GameSocketHandler : New user on socket with ip : /0:0:0:0:0:0:0:1:50060
2021-07-29 20:27:38,782 INFO org.polytech.pfe.domego.services.sockets.game.GameSocketHandler [http-nio-8080-exec-1] GameSocketHandler : Close session on socket with ip : /0:0:0:0:0:0:0:1:50060
2021-07-29 20:27:44,061 INFO org.polytech.pfe.domego.services.sockets.game.GameSocketHandler [http-nio-8080-exec-3] GameSocketHandler : New user on socket with ip : /0:0:0:0:0:0:0:1:58082
2021-07-29 20:28:07,885 INFO org.polytech.pfe.domego.services.sockets.game.GameSocketHandler [http-nio-8080-exec-4] GameSocketHandler : Close session on socket with ip : /0:0:0:0:0:0:0:1:58082
2021-07-29 20:28:12,273 INFO org.polytech.pfe.domego.services.sockets.game.GameSocketHandler [http-nio-8080-exec-5] GameSocketHandler : New user on socket with ip : /0:0:0:0:0:0:0:1:62647
2021-07-29 20:28:14,700 INFO org.polytech.pfe.domego.services.sockets.game.GameSocketHandler [http-nio-8080-exec-6] GameSocketHandler : Close session on socket with ip : /0:0:0:0:0:0:0:1:62647
2021-07-29 20:28:18,840 INFO org.polytech.pfe.domego.services.sockets.game.GameSocketHandler [http-nio-8080-exec-7] GameSocketHandler : New user on socket with ip : /0:0:0:0:0:0:0:1:50785
2021-07-29 20:28:21,935 INFO org.polytech.pfe.domego.services.sockets.game.GameSocketHandler [http-nio-8080-exec-8] GameSocketHandler : Close session on socket with ip : /0:0:0:0:0:0:0:1:50785
2021-07-29 20:28:26,368 INFO org.polytech.pfe.domego.services.sockets.game.GameSocketHandler [http-nio-8080-exec-10] GameSocketHandler : New user on socket with ip : /0:0:0:0:0:0:0:1:64189
2021-07-29 20:28:50,776 INFO org.polytech.pfe.domego.services.sockets.game.GameSocketHandler [http-nio-8080-exec-9] GameSocketHandler : Close session on socket with ip : /0:0:0:0:0:0:0:1:64189
2021-07-29 20:28:55,700 INFO org.polytech.pfe.domego.services.sockets.game.GameSocketHandler [http-nio-8080-exec-2] GameSocketHandler : New user on socket with ip : /0:0:0:0:0:0:0:1:62793
2021-07-29 20:28:59,102 INFO org.polytech.pfe.domego.services.sockets.game.GameSocketHandler [http-nio-8080-exec-1] GameSocketHandler : Close session on socket with ip : /0:0:0:0:0:0:0:1:62793
2021-07-29 20:29:03,219 INFO org.polytech.pfe.domego.services.sockets.game.GameSocketHandler [http-nio-8080-exec-3] GameSocketHandler : New user on socket with ip : /0:0:0:0:0:0:0:1:51197
2021-07-29 20:29:05,949 INFO org.polytech.pfe.domego.services.sockets.game.GameSocketHandler [http-nio-8080-exec-4] GameSocketHandler : Close session on socket with ip : /0:0:0:0:0:0:0:1:51197
2021-07-29 20:29:10,098 INFO org.polytech.pfe.domego.services.sockets.game.GameSocketHandler [http-nio-8080-exec-5] GameSocketHandler : New user on socket with ip : /0:0:0:0:0:0:0:1:62214
2021-07-29 20:31:01,939 INFO org.polytech.pfe.domego.services.sockets.game.GameSocketHandler [http-nio-8080-exec-6] GameSocketHandler : Close session on socket with ip : /0:0:0:0:0:0:0:1:62214
2021-07-29 20:31:06,980 INFO org.polytech.pfe.domego.services.sockets.game.GameSocketHandler [http-nio-8080-exec-7] GameSocketHandler : New user on socket with ip : /0:0:0:0:0:0:0:1:58334
2021-07-29 20:32:15,991 INFO org.polytech.pfe.domego.services.sockets.game.GameSocketHandler [http-nio-8080-exec-8] GameSocketHandler : Close session on socket with ip : /0:0:0:0:0:0:0:1:58334
2021-07-29 20:32:20,815 INFO org.polytech.pfe.domego.services.sockets.game.GameSocketHandler [http-nio-8080-exec-10] GameSocketHandler : New user on socket with ip : /0:0:0:0:0:0:0:1:62061
2021-07-29 20:36:35,056 INFO org.polytech.pfe.domego.services.sockets.game.GameSocketHandler [http-nio-8080-exec-9] GameSocketHandler : Close session on socket with ip : /0:0:0:0:0:0:0:1:62061
2021-07-29 20:36:39,636 INFO org.polytech.pfe.domego.services.sockets.game.GameSocketHandler [http-nio-8080-exec-2] GameSocketHandler : New user on socket with ip : /0:0:0:0:0:0:0:1:59747
2021-07-29 21:58:39,348 INFO org.polytech.pfe.domego.services.sockets.game.GameSocketHandler [http-nio-8080-exec-1] GameSocketHandler : Close session on socket with ip : /0:0:0:0:0:0:0:1:59747
2021-07-29 21:58:44,197 INFO org.polytech.pfe.domego.services.sockets.room.RoomSocketHandler [http-nio-8080-exec-3] RoomSocketHandler : New user on socket with ip : /0:0:0:0:0:0:0:1:58754
2021-07-29 21:59:08,671 INFO org.polytech.pfe.domego.services.sockets.room.RoomSocketHandler [http-nio-8080-exec-10] RoomSocketHandler : New user on socket with ip : /0:0:0:0:0:0:0:1:53548
2021-07-29 21:59:13,626 INFO org.polytech.pfe.domego.services.sockets.room.RoomSocketHandler [http-nio-8080-exec-1] RoomSocketHandler : New user on socket with ip : /0:0:0:0:0:0:0:1:64385
2021-07-29 21:59:19,930 INFO org.polytech.pfe.domego.services.sockets.room.RoomSocketHandler [http-nio-8080-exec-10] RoomSocketHandler : New user on socket with ip : /0:0:0:0:0:0:0:1:64461
2021-07-29 21:59:21,976 INFO org.polytech.pfe.domego.services.sockets.room.RoomSocketHandler [http-nio-8080-exec-2] RoomSocketHandler : New user on socket with ip : /0:0:0:0:0:0:0:1:62518
2021-07-29 21:59:22,663 INFO org.polytech.pfe.domego.services.sockets.game.GameSocketHandler [http-nio-8080-exec-4] GameSocketHandler : New user on socket with ip : /0:0:0:0:0:0:0:1:56765
2021-07-29 21:59:22,686 INFO org.polytech.pfe.domego.services.sockets.room.RoomRequestHandler [http-nio-8080-exec-3] RoomRequestHandler : New Room request type : class org.polytech.pfe.domego.protocol.room.CreateGameEvent
2021-07-29 21:59:22,755 INFO org.polytech.pfe.domego.protocol.room.CreateGameEvent [http-nio-8080-exec-3] CreateGameEvent : A has created a Room named : A's lobby with ID : 9828a11d-099e-452b-8ff3-4fb13c72b2e4
2021-07-29 21:59:23,148 INFO org.polytech.pfe.domego.services.sockets.room.RoomSocketHandler [http-nio-8080-exec-5] RoomSocketHandler : New user on socket with ip : /0:0:0:0:0:0:0:1:61160
2021-07-29 21:59:24,508 INFO org.polytech.pfe.domego.services.sockets.room.RoomRequestHandler [http-nio-8080-exec-10] RoomRequestHandler : New Room request type : class org.polytech.pfe.domego.protocol.room.ChooseRoleEvent
2021-07-29 21:59:24,973 INFO org.polytech.pfe.domego.protocol.room.ChooseRoleEvent [http-nio-8080-exec-10] ChooseRoleEvent : In game : 9828a11d-099e-452b-8ff3-4fb13c72b2e4 the player name : A has change role, new role : MANAGER
2021-07-29 21:59:25,423 INFO org.polytech.pfe.domego.services.sockets.room.RoomRequestHandler [http-nio-8080-exec-2] RoomRequestHandler : New Room request type : class org.polytech.pfe.domego.protocol.room.ChangeStatusEvent
2021-07-29 21:59:25,425 INFO org.polytech.pfe.domego.protocol.room.ChangeStatusEvent [http-nio-8080-exec-2] ChangeStatusEvent : In game : 9828a11d-099e-452b-8ff3-4fb13c72b2e4 the player name : A has change status, new status : Ready
2021-07-29 21:59:29,910 INFO org.polytech.pfe.domego.services.sockets.room.RoomRequestHandler [http-nio-8080-exec-6] RoomRequestHandler : New Room request type : class org.polytech.pfe.domego.protocol.room.JoinRoomEvent
2021-07-29 21:59:29,913 INFO org.polytech.pfe.domego.protocol.room.JoinRoomEvent [http-nio-8080-exec-6] JoinRoomEvent : New player named : B has join the room : 9828a11d-099e-452b-8ff3-4fb13c72b2e4
2021-07-29 21:59:29,930 INFO org.polytech.pfe.domego.services.sockets.game.GameSocketHandler [http-nio-8080-exec-7] GameSocketHandler : New user on socket with ip : /0:0:0:0:0:0:0:1:50862
2021-07-29 21:59:31,376 INFO org.polytech.pfe.domego.services.sockets.room.RoomRequestHandler [http-nio-8080-exec-10] RoomRequestHandler : New Room request type : class org.polytech.pfe.domego.protocol.room.ChooseRoleEvent
2021-07-29 21:59:31,383 INFO org.polytech.pfe.domego.protocol.room.ChooseRoleEvent [http-nio-8080-exec-10] ChooseRoleEvent : In game : 9828a11d-099e-452b-8ff3-4fb13c72b2e4 the player name : B has change role, new role : ARCHITECT
2021-07-29 21:59:32,032 INFO org.polytech.pfe.domego.services.sockets.room.RoomRequestHandler [http-nio-8080-exec-9] RoomRequestHandler : New Room request type : class org.polytech.pfe.domego.protocol.room.ChangeStatusEvent
2021-07-29 21:59:32,034 INFO org.polytech.pfe.domego.protocol.room.ChangeStatusEvent [http-nio-8080-exec-9] ChangeStatusEvent : In game : 9828a11d-099e-452b-8ff3-4fb13c72b2e4 the player name : B has change status, new status : Ready
2021-07-29 21:59:36,101 INFO org.polytech.pfe.domego.services.sockets.room.RoomRequestHandler [http-nio-8080-exec-5] RoomRequestHandler : New Room request type : class org.polytech.pfe.domego.protocol.room.JoinRoomEvent
2021-07-29 21:59:36,103 INFO org.polytech.pfe.domego.protocol.room.JoinRoomEvent [http-nio-8080-exec-5] JoinRoomEvent : New player named : C has join the room : 9828a11d-099e-452b-8ff3-4fb13c72b2e4
2021-07-29 21:59:36,122 INFO org.polytech.pfe.domego.services.sockets.game.GameSocketHandler [http-nio-8080-exec-6] GameSocketHandler : New user on socket with ip : /0:0:0:0:0:0:0:1:62723
2021-07-29 21:59:37,536 INFO org.polytech.pfe.domego.services.sockets.room.RoomRequestHandler [http-nio-8080-exec-8] RoomRequestHandler : New Room request type : class org.polytech.pfe.domego.protocol.room.ChooseRoleEvent
2021-07-29 21:59:37,542 INFO org.polytech.pfe.domego.protocol.room.ChooseRoleEvent [http-nio-8080-exec-8] ChooseRoleEvent : In game : 9828a11d-099e-452b-8ff3-4fb13c72b2e4 the player name : C has change role, new role : OFFICER
2021-07-29 21:59:38,577 INFO org.polytech.pfe.domego.services.sockets.room.RoomRequestHandler [http-nio-8080-exec-10] RoomRequestHandler : New Room request type : class org.polytech.pfe.domego.protocol.room.ChangeStatusEvent
2021-07-29 21:59:38,579 INFO org.polytech.pfe.domego.protocol.room.ChangeStatusEvent [http-nio-8080-exec-10] ChangeStatusEvent : In game : 9828a11d-099e-452b-8ff3-4fb13c72b2e4 the player name : C has change status, new status : Ready
2021-07-29 21:59:43,672 INFO org.polytech.pfe.domego.services.sockets.room.RoomRequestHandler [http-nio-8080-exec-4] RoomRequestHandler : New Room request type : class org.polytech.pfe.domego.protocol.room.JoinRoomEvent
2021-07-29 21:59:43,675 INFO org.polytech.pfe.domego.protocol.room.JoinRoomEvent [http-nio-8080-exec-4] JoinRoomEvent : New player named : D has join the room : 9828a11d-099e-452b-8ff3-4fb13c72b2e4
2021-07-29 21:59:43,702 INFO org.polytech.pfe.domego.services.sockets.game.GameSocketHandler [http-nio-8080-exec-3] GameSocketHandler : New user on socket with ip : /0:0:0:0:0:0:0:1:65265
2021-07-29 21:59:45,603 INFO org.polytech.pfe.domego.services.sockets.room.RoomRequestHandler [http-nio-8080-exec-6] RoomRequestHandler : New Room request type : class org.polytech.pfe.domego.protocol.room.ChooseRoleEvent
2021-07-29 21:59:45,610 INFO org.polytech.pfe.domego.protocol.room.ChooseRoleEvent [http-nio-8080-exec-6] ChooseRoleEvent : In game : 9828a11d-099e-452b-8ff3-4fb13c72b2e4 the player name : D has change role, new role : CONTROLLER
2021-07-29 21:59:46,548 INFO org.polytech.pfe.domego.services.sockets.room.RoomRequestHandler [http-nio-8080-exec-7] RoomRequestHandler : New Room request type : class org.polytech.pfe.domego.protocol.room.ChangeStatusEvent
2021-07-29 21:59:46,550 INFO org.polytech.pfe.domego.protocol.room.ChangeStatusEvent [http-nio-8080-exec-7] ChangeStatusEvent : In game : 9828a11d-099e-452b-8ff3-4fb13c72b2e4 the player name : D has change status, new status : Ready
2021-07-29 21:59:51,539 INFO org.polytech.pfe.domego.services.sockets.room.RoomRequestHandler [http-nio-8080-exec-9] RoomRequestHandler : New Room request type : class org.polytech.pfe.domego.protocol.room.JoinRoomEvent
2021-07-29 21:59:51,541 INFO org.polytech.pfe.domego.protocol.room.JoinRoomEvent [http-nio-8080-exec-9] JoinRoomEvent : New player named : E has join the room : 9828a11d-099e-452b-8ff3-4fb13c72b2e4
2021-07-29 21:59:51,566 INFO org.polytech.pfe.domego.services.sockets.game.GameSocketHandler [http-nio-8080-exec-2] GameSocketHandler : New user on socket with ip : /0:0:0:0:0:0:0:1:55734
2021-07-29 21:59:54,965 INFO org.polytech.pfe.domego.services.sockets.room.RoomRequestHandler [http-nio-8080-exec-4] RoomRequestHandler : New Room request type : class org.polytech.pfe.domego.protocol.room.ChooseRoleEvent
2021-07-29 21:59:54,970 INFO org.polytech.pfe.domego.protocol.room.ChooseRoleEvent [http-nio-8080-exec-4] ChooseRoleEvent : In game : 9828a11d-099e-452b-8ff3-4fb13c72b2e4 the player name : E has change role, new role : SECONDARY
2021-07-29 21:59:55,610 INFO org.polytech.pfe.domego.services.sockets.room.RoomRequestHandler [http-nio-8080-exec-3] RoomRequestHandler : New Room request type : class org.polytech.pfe.domego.protocol.room.ChangeStatusEvent
2021-07-29 21:59:55,613 INFO org.polytech.pfe.domego.protocol.room.ChangeStatusEvent [http-nio-8080-exec-3] ChangeStatusEvent : In game : 9828a11d-099e-452b-8ff3-4fb13c72b2e4 the player name : E has change status, new status : Ready
2021-07-29 21:59:59,513 INFO org.polytech.pfe.domego.services.sockets.room.RoomRequestHandler [http-nio-8080-exec-6] RoomRequestHandler : New Room request type : class org.polytech.pfe.domego.protocol.room.JoinRoomEvent
2021-07-29 21:59:59,515 INFO org.polytech.pfe.domego.protocol.room.JoinRoomEvent [http-nio-8080-exec-6] JoinRoomEvent : New player named : F has join the room : 9828a11d-099e-452b-8ff3-4fb13c72b2e4
2021-07-29 21:59:59,533 INFO org.polytech.pfe.domego.services.sockets.game.GameSocketHandler [http-nio-8080-exec-7] GameSocketHandler : New user on socket with ip : /0:0:0:0:0:0:0:1:50080
2021-07-29 22:00:01,637 INFO org.polytech.pfe.domego.services.sockets.room.RoomRequestHandler [http-nio-8080-exec-8] RoomRequestHandler : New Room request type : class org.polytech.pfe.domego.protocol.room.ChooseRoleEvent
2021-07-29 22:00:01,642 INFO org.polytech.pfe.domego.protocol.room.ChooseRoleEvent [http-nio-8080-exec-8] ChooseRoleEvent : In game : 9828a11d-099e-452b-8ff3-4fb13c72b2e4 the player name : F has change role, new role : 
2021-07-29 22:00:02,676 INFO org.polytech.pfe.domego.services.sockets.room.RoomRequestHandler [http-nio-8080-exec-10] RoomRequestHandler : New Room request type : class org.polytech.pfe.domego.protocol.room.ChangeStatusEvent
2021-07-29 22:00:02,679 INFO org.polytech.pfe.domego.protocol.room.ChangeStatusEvent [http-nio-8080-exec-10] ChangeStatusEvent : In game : 9828a11d-099e-452b-8ff3-4fb13c72b2e4 the player name : F has change status, new status : Ready
2021-07-29 22:00:07,557 INFO org.polytech.pfe.domego.services.sockets.room.RoomRequestHandler [http-nio-8080-exec-9] RoomRequestHandler : New Room request type : class org.polytech.pfe.domego.protocol.room.StartGameEvent
2021-07-29 22:00:07,653 INFO org.polytech.pfe.domego.protocol.room.StartGameEvent [http-nio-8080-exec-9] StartGameEvent: Player name : A start the game for room with ID 9828a11d-099e-452b-8ff3-4fb13c72b2e4
2021-07-29 22:00:07,656 INFO org.polytech.pfe.domego.protocol.room.StartGameEvent [http-nio-8080-exec-9] StartGameEvent : Delete room : 9828a11d-099e-452b-8ff3-4fb13c72b2e4
2021-07-29 22:00:07,696 INFO org.polytech.pfe.domego.protocol.game.JoinGameEvent [http-nio-8080-exec-2] JoinGameEvent : Le joueur : A a rejoint la partie : 9828a11d-099e-452b-8ff3-4fb13c72b2e4
2021-07-29 22:00:07,696 INFO org.polytech.pfe.domego.protocol.game.JoinGameEvent [http-nio-8080-exec-1] JoinGameEvent : Le joueur : B a rejoint la partie : 9828a11d-099e-452b-8ff3-4fb13c72b2e4
2021-07-29 22:00:07,726 INFO org.polytech.pfe.domego.protocol.game.JoinGameEvent [http-nio-8080-exec-4] JoinGameEvent : Le joueur : C a rejoint la partie : 9828a11d-099e-452b-8ff3-4fb13c72b2e4
2021-07-29 22:00:07,860 INFO org.polytech.pfe.domego.protocol.game.JoinGameEvent [http-nio-8080-exec-3] JoinGameEvent : Le joueur : D a rejoint la partie : 9828a11d-099e-452b-8ff3-4fb13c72b2e4
2021-07-29 22:00:07,866 INFO org.polytech.pfe.domego.protocol.game.JoinGameEvent [http-nio-8080-exec-5] JoinGameEvent : Le joueur : E a rejoint la partie : 9828a11d-099e-452b-8ff3-4fb13c72b2e4
2021-07-29 22:00:07,913 INFO org.polytech.pfe.domego.protocol.game.JoinGameEvent [http-nio-8080-exec-6] JoinGameEvent : Le joueur : F a rejoint la partie : 9828a11d-099e-452b-8ff3-4fb13c72b2e4
2021-07-29 22:00:08,003 INFO org.polytech.pfe.domego.protocol.game.LaunchGameEvent [http-nio-8080-exec-6] LaunchGameEvent : Send Message LaunchGameEvent to all players
2021-07-29 22:00:27,986 INFO org.polytech.pfe.domego.protocol.game.BuyResourceEvent [http-nio-8080-exec-10] BuyResourceEvent : In game  9828a11d-099e-452b-8ff3-4fb13c72b2e4 the player named : A has buy 30 resources. He has now : 30 resources and : 120 money.
2021-07-29 22:00:36,609 INFO org.polytech.pfe.domego.models.activity.Activity [http-nio-8080-exec-9] The RISKS payment is done
2021-07-29 22:00:36,613 INFO org.polytech.pfe.domego.models.activity.Activity [http-nio-8080-exec-9] The mandatory payment is done
2021-07-29 22:00:36,617 INFO org.polytech.pfe.domego.protocol.game.PayResourcesEvent [http-nio-8080-exec-9] PaymentResourcesEvent : In the game 9828a11d-099e-452b-8ff3-4fb13c72b2e4, the player named A has realize 2 payment for the activity : 1
2021-07-29 22:00:36,641 INFO org.polytech.pfe.domego.protocol.game.PayResourcesEvent [http-nio-8080-exec-9] PaymentResourcesEvent : List Payment :  [Payment{amount=3, type='RISKS'}, Payment{amount=1, type='MANDATORY'}]
2021-07-29 22:00:36,644 INFO org.polytech.pfe.domego.protocol.game.PayResourcesEvent [http-nio-8080-exec-9] PaymentResourcesEvent : In the game 9828a11d-099e-452b-8ff3-4fb13c72b2e4, the player named A has now 26 resources
2021-07-29 22:00:36,664 INFO org.polytech.pfe.domego.protocol.game.DrawCardEvent [http-nio-8080-exec-9] DrawCardEvent : In the game 9828a11d-099e-452b-8ff3-4fb13c72b2e4 for the activity 1 they draw 0 risk cards and 0 quality card
2021-07-29 22:00:36,686 INFO org.polytech.pfe.domego.protocol.game.DrawCardEvent [http-nio-8080-exec-9] DrawCardEvent : List of Risk : []
2021-07-29 22:00:36,688 INFO org.polytech.pfe.domego.protocol.game.DrawCardEvent [http-nio-8080-exec-9] DrawCardEvent : List of Quality : []
2021-07-29 22:00:36,711 INFO org.polytech.pfe.domego.protocol.game.ChangeActivityEvent [http-nio-8080-exec-9] ChangeActivityEvent : In game : 9828a11d-099e-452b-8ff3-4fb13c72b2e4, the current activity is now 2
2021-07-29 22:01:04,449 ERROR org.springframework.web.socket.handler.ExceptionWebSocketHandlerDecorator [http-nio-8080-exec-2] Closing session due to exception for StandardWebSocketSession[id=c88bdc60-6887-7b04-2309-f9d42b38ee61, uri=ws://localhost:8080/game]
java.lang.IllegalArgumentException: No enum constant org.polytech.pfe.domego.services.sockets.game.GameEventKey.UPDATE_PEDAGO_QP
	at java.base/java.lang.Enum.valueOf(Enum.java:240)
	at org.polytech.pfe.domego.services.sockets.game.GameEventKey.valueOf(GameEventKey.java:3)
	at org.polytech.pfe.domego.services.sockets.game.GameRequestHandler.handleRequest(GameRequestHandler.java:25)
	at org.polytech.pfe.domego.services.sockets.game.GameSocketHandler.handleTextMessage(GameSocketHandler.java:34)
	at org.springframework.web.socket.handler.AbstractWebSocketHandler.handleMessage(AbstractWebSocketHandler.java:43)
	at org.springframework.web.socket.handler.WebSocketHandlerDecorator.handleMessage(WebSocketHandlerDecorator.java:75)
	at org.springframework.web.socket.handler.LoggingWebSocketHandlerDecorator.handleMessage(LoggingWebSocketHandlerDecorator.java:56)
	at org.springframework.web.socket.handler.ExceptionWebSocketHandlerDecorator.handleMessage(ExceptionWebSocketHandlerDecorator.java:58)
	at org.springframework.web.socket.adapter.standard.StandardWebSocketHandlerAdapter.handleTextMessage(StandardWebSocketHandlerAdapter.java:114)
	at org.springframework.web.socket.adapter.standard.StandardWebSocketHandlerAdapter.access$000(StandardWebSocketHandlerAdapter.java:43)
	at org.springframework.web.socket.adapter.standard.StandardWebSocketHandlerAdapter$3.onMessage(StandardWebSocketHandlerAdapter.java:85)
	at org.springframework.web.socket.adapter.standard.StandardWebSocketHandlerAdapter$3.onMessage(StandardWebSocketHandlerAdapter.java:82)
	at org.apache.tomcat.websocket.WsFrameBase.sendMessageText(WsFrameBase.java:395)
	at org.apache.tomcat.websocket.server.WsFrameServer.sendMessageText(WsFrameServer.java:119)
	at org.apache.tomcat.websocket.WsFrameBase.processDataText(WsFrameBase.java:495)
	at org.apache.tomcat.websocket.WsFrameBase.processData(WsFrameBase.java:294)
	at org.apache.tomcat.websocket.WsFrameBase.processInputBuffer(WsFrameBase.java:133)
	at org.apache.tomcat.websocket.server.WsFrameServer.onDataAvailable(WsFrameServer.java:82)
	at org.apache.tomcat.websocket.server.WsFrameServer.doOnDataAvailable(WsFrameServer.java:171)
	at org.apache.tomcat.websocket.server.WsFrameServer.notifyDataAvailable(WsFrameServer.java:151)
	at org.apache.tomcat.websocket.server.WsHttpUpgradeHandler.upgradeDispatch(WsHttpUpgradeHandler.java:148)
	at org.apache.coyote.http11.upgrade.UpgradeProcessorInternal.dispatch(UpgradeProcessorInternal.java:54)
	at org.apache.coyote.AbstractProcessorLight.process(AbstractProcessorLight.java:53)
	at org.apache.coyote.AbstractProtocol$ConnectionHandler.process(AbstractProtocol.java:861)
	at org.apache.tomcat.util.net.NioEndpoint$SocketProcessor.doRun(NioEndpoint.java:1579)
	at org.apache.tomcat.util.net.SocketProcessorBase.run(SocketProcessorBase.java:49)
	at java.base/java.util.concurrent.ThreadPoolExecutor.runWorker(ThreadPoolExecutor.java:1128)
	at java.base/java.util.concurrent.ThreadPoolExecutor$Worker.run(ThreadPoolExecutor.java:628)
	at org.apache.tomcat.util.threads.TaskThread$WrappingRunnable.run(TaskThread.java:61)
	at java.base/java.lang.Thread.run(Thread.java:834)
2021-07-29 22:01:04,468 INFO org.polytech.pfe.domego.services.sockets.game.GameSocketHandler [http-nio-8080-exec-2] GameSocketHandler : Close session on socket with ip : /0:0:0:0:0:0:0:1:50862
2021-07-29 22:18:02,773 INFO org.polytech.pfe.domego.services.sockets.game.GameSocketHandler [http-nio-8080-exec-6] GameSocketHandler : Close session on socket with ip : /0:0:0:0:0:0:0:1:56765
2021-07-29 22:18:02,773 INFO org.polytech.pfe.domego.services.sockets.room.RoomSocketHandler [http-nio-8080-exec-5] RoomSocketHandler : Close session on socket with ip : /0:0:0:0:0:0:0:1:61160
2021-07-29 22:18:02,773 INFO org.polytech.pfe.domego.services.sockets.game.GameSocketHandler [http-nio-8080-exec-1] GameSocketHandler : Close session on socket with ip : /0:0:0:0:0:0:0:1:50080
2021-07-29 22:18:02,773 INFO org.polytech.pfe.domego.services.sockets.game.GameSocketHandler [http-nio-8080-exec-4] GameSocketHandler : Close session on socket with ip : /0:0:0:0:0:0:0:1:65265
2021-07-29 22:18:02,773 INFO org.polytech.pfe.domego.services.sockets.room.RoomSocketHandler [http-nio-8080-exec-8] RoomSocketHandler : Close session on socket with ip : /0:0:0:0:0:0:0:1:64461
2021-07-29 22:18:02,776 INFO org.polytech.pfe.domego.services.sockets.game.GameSocketHandler [http-nio-8080-exec-2] GameSocketHandler : Close session on socket with ip : /0:0:0:0:0:0:0:1:55734
2021-07-29 22:18:02,774 INFO org.polytech.pfe.domego.services.sockets.game.GameSocketHandler [http-nio-8080-exec-3] GameSocketHandler : Close session on socket with ip : /0:0:0:0:0:0:0:1:62723
2021-07-29 22:18:02,774 INFO org.polytech.pfe.domego.services.sockets.room.RoomSocketHandler [http-nio-8080-exec-7] RoomSocketHandler : Close session on socket with ip : /0:0:0:0:0:0:0:1:62518
2021-07-29 22:18:02,775 INFO org.polytech.pfe.domego.services.sockets.room.RoomSocketHandler [http-nio-8080-exec-9] RoomSocketHandler : Close session on socket with ip : /0:0:0:0:0:0:0:1:53548
2021-07-29 22:18:02,774 INFO org.polytech.pfe.domego.services.sockets.room.RoomSocketHandler [http-nio-8080-exec-11] RoomSocketHandler : Close session on socket with ip : /0:0:0:0:0:0:0:1:58754
2021-07-29 22:18:02,774 INFO org.polytech.pfe.domego.services.sockets.room.RoomSocketHandler [http-nio-8080-exec-10] RoomSocketHandler : Close session on socket with ip : /0:0:0:0:0:0:0:1:64385
2021-07-29 22:52:20,666 INFO org.polytech.pfe.domego.services.sockets.room.RoomSocketHandler [http-nio-8080-exec-6] RoomSocketHandler : New user on socket with ip : /0:0:0:0:0:0:0:1:58442
2021-07-29 22:52:20,682 INFO org.polytech.pfe.domego.services.sockets.game.GameSocketHandler [http-nio-8080-exec-5] GameSocketHandler : New user on socket with ip : /0:0:0:0:0:0:0:1:55693
2021-07-29 22:52:29,057 INFO org.polytech.pfe.domego.services.sockets.room.RoomSocketHandler [http-nio-8080-exec-1] RoomSocketHandler : New user on socket with ip : /0:0:0:0:0:0:0:1:51608
2021-07-29 22:52:29,082 INFO org.polytech.pfe.domego.services.sockets.game.GameSocketHandler [http-nio-8080-exec-4] GameSocketHandler : New user on socket with ip : /0:0:0:0:0:0:0:1:58377
2021-07-29 22:52:30,559 INFO org.polytech.pfe.domego.services.sockets.room.RoomSocketHandler [http-nio-8080-exec-8] RoomSocketHandler : New user on socket with ip : /0:0:0:0:0:0:0:1:49279
2021-07-29 22:52:30,577 INFO org.polytech.pfe.domego.services.sockets.game.GameSocketHandler [http-nio-8080-exec-2] GameSocketHandler : New user on socket with ip : /0:0:0:0:0:0:0:1:65445
2021-07-29 22:52:30,591 INFO org.polytech.pfe.domego.services.sockets.room.RoomSocketHandler [http-nio-8080-exec-3] RoomSocketHandler : New user on socket with ip : /0:0:0:0:0:0:0:1:64038
2021-07-29 22:52:30,606 INFO org.polytech.pfe.domego.services.sockets.game.GameSocketHandler [http-nio-8080-exec-9] GameSocketHandler : New user on socket with ip : /0:0:0:0:0:0:0:1:50255
2021-07-29 22:52:30,817 INFO org.polytech.pfe.domego.services.sockets.room.RoomSocketHandler [http-nio-8080-exec-7] RoomSocketHandler : New user on socket with ip : /0:0:0:0:0:0:0:1:52232
2021-07-29 22:52:30,831 INFO org.polytech.pfe.domego.services.sockets.game.GameSocketHandler [http-nio-8080-exec-11] GameSocketHandler : New user on socket with ip : /0:0:0:0:0:0:0:1:60351
2021-07-29 22:52:32,903 INFO org.polytech.pfe.domego.services.sockets.room.RoomSocketHandler [http-nio-8080-exec-10] RoomSocketHandler : New user on socket with ip : /0:0:0:0:0:0:0:1:59302
2021-07-29 22:52:32,938 INFO org.polytech.pfe.domego.services.sockets.game.GameSocketHandler [http-nio-8080-exec-6] GameSocketHandler : New user on socket with ip : /0:0:0:0:0:0:0:1:50801
2021-07-29 22:57:23,116 INFO org.polytech.pfe.domego.services.sockets.game.GameSocketHandler [http-nio-8080-exec-4] GameSocketHandler : Close session on socket with ip : /0:0:0:0:0:0:0:1:55693
2021-07-29 22:57:23,115 INFO org.polytech.pfe.domego.services.sockets.room.RoomSocketHandler [http-nio-8080-exec-1] RoomSocketHandler : Close session on socket with ip : /0:0:0:0:0:0:0:1:58442
2021-07-29 22:57:23,568 INFO org.polytech.pfe.domego.services.sockets.game.GameSocketHandler [http-nio-8080-exec-8] GameSocketHandler : Close session on socket with ip : /0:0:0:0:0:0:0:1:65445
2021-07-29 22:57:23,574 INFO org.polytech.pfe.domego.services.sockets.room.RoomSocketHandler [http-nio-8080-exec-2] RoomSocketHandler : Close session on socket with ip : /0:0:0:0:0:0:0:1:49279
2021-07-29 22:57:24,551 INFO org.polytech.pfe.domego.services.sockets.room.RoomSocketHandler [http-nio-8080-exec-3] RoomSocketHandler : Close session on socket with ip : /0:0:0:0:0:0:0:1:52232
2021-07-29 22:57:24,559 INFO org.polytech.pfe.domego.services.sockets.game.GameSocketHandler [http-nio-8080-exec-9] GameSocketHandler : Close session on socket with ip : /0:0:0:0:0:0:0:1:60351
2021-07-29 22:57:24,600 INFO org.polytech.pfe.domego.services.sockets.game.GameSocketHandler [http-nio-8080-exec-7] GameSocketHandler : Close session on socket with ip : /0:0:0:0:0:0:0:1:58377
2021-07-29 22:57:24,604 INFO org.polytech.pfe.domego.services.sockets.room.RoomSocketHandler [http-nio-8080-exec-11] RoomSocketHandler : Close session on socket with ip : /0:0:0:0:0:0:0:1:51608
2021-07-29 22:57:24,635 INFO org.polytech.pfe.domego.services.sockets.room.RoomSocketHandler [http-nio-8080-exec-10] RoomSocketHandler : Close session on socket with ip : /0:0:0:0:0:0:0:1:59302
2021-07-29 22:57:24,642 INFO org.polytech.pfe.domego.services.sockets.game.GameSocketHandler [http-nio-8080-exec-6] GameSocketHandler : Close session on socket with ip : /0:0:0:0:0:0:0:1:50801
2021-07-29 22:57:24,920 INFO org.polytech.pfe.domego.services.sockets.room.RoomSocketHandler [http-nio-8080-exec-4] RoomSocketHandler : Close session on socket with ip : /0:0:0:0:0:0:0:1:64038
2021-07-29 22:57:24,930 INFO org.polytech.pfe.domego.services.sockets.game.GameSocketHandler [http-nio-8080-exec-1] GameSocketHandler : Close session on socket with ip : /0:0:0:0:0:0:0:1:50255
2021-07-29 22:57:37,221 INFO org.polytech.pfe.domego.services.sockets.room.RoomSocketHandler [http-nio-8080-exec-8] RoomSocketHandler : New user on socket with ip : /0:0:0:0:0:0:0:1:63273
2021-07-29 22:57:37,239 INFO org.polytech.pfe.domego.services.sockets.game.GameSocketHandler [http-nio-8080-exec-2] GameSocketHandler : New user on socket with ip : /0:0:0:0:0:0:0:1:56430
2021-07-29 22:57:37,639 INFO org.polytech.pfe.domego.services.sockets.game.GameSocketHandler [http-nio-8080-exec-3] GameSocketHandler : New user on socket with ip : /0:0:0:0:0:0:0:1:65428
2021-07-29 22:57:44,076 INFO org.polytech.pfe.domego.services.sockets.room.RoomSocketHandler [http-nio-8080-exec-9] RoomSocketHandler : New user on socket with ip : /0:0:0:0:0:0:0:1:52625
2021-07-29 22:57:44,092 INFO org.polytech.pfe.domego.services.sockets.game.GameSocketHandler [http-nio-8080-exec-7] GameSocketHandler : New user on socket with ip : /0:0:0:0:0:0:0:1:59192
2021-07-29 22:57:44,274 INFO org.polytech.pfe.domego.services.sockets.room.RoomSocketHandler [http-nio-8080-exec-11] RoomSocketHandler : New user on socket with ip : /0:0:0:0:0:0:0:1:57071
2021-07-29 22:57:44,288 INFO org.polytech.pfe.domego.services.sockets.game.GameSocketHandler [http-nio-8080-exec-10] GameSocketHandler : New user on socket with ip : /0:0:0:0:0:0:0:1:58689
2021-07-29 22:57:44,447 INFO org.polytech.pfe.domego.services.sockets.room.RoomSocketHandler [http-nio-8080-exec-6] RoomSocketHandler : New user on socket with ip : /0:0:0:0:0:0:0:1:49846
2021-07-29 22:57:44,465 INFO org.polytech.pfe.domego.services.sockets.game.GameSocketHandler [http-nio-8080-exec-4] GameSocketHandler : New user on socket with ip : /0:0:0:0:0:0:0:1:49539
2021-07-29 22:57:44,883 INFO org.polytech.pfe.domego.services.sockets.room.RoomSocketHandler [http-nio-8080-exec-1] RoomSocketHandler : New user on socket with ip : /0:0:0:0:0:0:0:1:58126
2021-07-29 22:57:44,896 INFO org.polytech.pfe.domego.services.sockets.game.GameSocketHandler [http-nio-8080-exec-8] GameSocketHandler : New user on socket with ip : /0:0:0:0:0:0:0:1:53247
2021-07-29 22:57:45,917 INFO org.polytech.pfe.domego.services.sockets.room.RoomSocketHandler [http-nio-8080-exec-2] RoomSocketHandler : New user on socket with ip : /0:0:0:0:0:0:0:1:53594
2021-07-29 22:57:45,936 INFO org.polytech.pfe.domego.services.sockets.game.GameSocketHandler [http-nio-8080-exec-3] GameSocketHandler : New user on socket with ip : /0:0:0:0:0:0:0:1:52183
2021-07-29 22:59:37,241 INFO org.polytech.pfe.domego.services.sockets.game.GameSocketHandler [http-nio-8080-exec-9] GameSocketHandler : Close session on socket with ip : /0:0:0:0:0:0:0:1:65428
2021-07-29 22:59:40,600 INFO org.polytech.pfe.domego.services.sockets.game.GameSocketHandler [http-nio-8080-exec-7] GameSocketHandler : New user on socket with ip : /0:0:0:0:0:0:0:1:55224
2021-07-29 23:03:54,588 INFO org.polytech.pfe.domego.services.sockets.game.GameSocketHandler [http-nio-8080-exec-11] GameSocketHandler : Close session on socket with ip : /0:0:0:0:0:0:0:1:55224
2021-07-29 23:03:56,320 INFO org.polytech.pfe.domego.services.sockets.room.RoomSocketHandler [http-nio-8080-exec-10] RoomSocketHandler : Close session on socket with ip : /0:0:0:0:0:0:0:1:52625
2021-07-29 23:03:56,326 INFO org.polytech.pfe.domego.services.sockets.game.GameSocketHandler [http-nio-8080-exec-6] GameSocketHandler : Close session on socket with ip : /0:0:0:0:0:0:0:1:59192
2021-07-29 23:03:56,380 INFO org.polytech.pfe.domego.services.sockets.room.RoomSocketHandler [http-nio-8080-exec-4] RoomSocketHandler : Close session on socket with ip : /0:0:0:0:0:0:0:1:49846
2021-07-29 23:03:56,381 INFO org.polytech.pfe.domego.services.sockets.game.GameSocketHandler [http-nio-8080-exec-1] GameSocketHandler : Close session on socket with ip : /0:0:0:0:0:0:0:1:49539
2021-07-29 23:03:56,423 INFO org.polytech.pfe.domego.services.sockets.game.GameSocketHandler [http-nio-8080-exec-8] GameSocketHandler : Close session on socket with ip : /0:0:0:0:0:0:0:1:58689
2021-07-29 23:03:56,435 INFO org.polytech.pfe.domego.services.sockets.room.RoomSocketHandler [http-nio-8080-exec-2] RoomSocketHandler : Close session on socket with ip : /0:0:0:0:0:0:0:1:57071
2021-07-29 23:03:56,470 INFO org.polytech.pfe.domego.services.sockets.game.GameSocketHandler [http-nio-8080-exec-3] GameSocketHandler : Close session on socket with ip : /0:0:0:0:0:0:0:1:56430
2021-07-29 23:03:56,472 INFO org.polytech.pfe.domego.services.sockets.room.RoomSocketHandler [http-nio-8080-exec-9] RoomSocketHandler : Close session on socket with ip : /0:0:0:0:0:0:0:1:63273
2021-07-29 23:03:56,492 INFO org.polytech.pfe.domego.services.sockets.room.RoomSocketHandler [http-nio-8080-exec-7] RoomSocketHandler : Close session on socket with ip : /0:0:0:0:0:0:0:1:53594
2021-07-29 23:03:56,499 INFO org.polytech.pfe.domego.services.sockets.game.GameSocketHandler [http-nio-8080-exec-11] GameSocketHandler : Close session on socket with ip : /0:0:0:0:0:0:0:1:52183
2021-07-29 23:03:56,536 INFO org.polytech.pfe.domego.services.sockets.room.RoomSocketHandler [http-nio-8080-exec-10] RoomSocketHandler : Close session on socket with ip : /0:0:0:0:0:0:0:1:58126
2021-07-29 23:03:56,539 INFO org.polytech.pfe.domego.services.sockets.game.GameSocketHandler [http-nio-8080-exec-6] GameSocketHandler : Close session on socket with ip : /0:0:0:0:0:0:0:1:53247
2021-07-29 23:03:59,965 INFO org.polytech.pfe.domego.services.sockets.game.GameSocketHandler [http-nio-8080-exec-4] GameSocketHandler : New user on socket with ip : /0:0:0:0:0:0:0:1:61013
2021-07-29 23:04:16,632 INFO org.polytech.pfe.domego.services.sockets.room.RoomSocketHandler [http-nio-8080-exec-1] RoomSocketHandler : New user on socket with ip : /0:0:0:0:0:0:0:1:61647
2021-07-29 23:04:16,647 INFO org.polytech.pfe.domego.services.sockets.game.GameSocketHandler [http-nio-8080-exec-8] GameSocketHandler : New user on socket with ip : /0:0:0:0:0:0:0:1:60878
2021-07-29 23:04:16,670 INFO org.polytech.pfe.domego.services.sockets.room.RoomSocketHandler [http-nio-8080-exec-2] RoomSocketHandler : New user on socket with ip : /0:0:0:0:0:0:0:1:59991
2021-07-29 23:04:16,684 INFO org.polytech.pfe.domego.services.sockets.game.GameSocketHandler [http-nio-8080-exec-3] GameSocketHandler : New user on socket with ip : /0:0:0:0:0:0:0:1:55973
2021-07-29 23:04:16,706 INFO org.polytech.pfe.domego.services.sockets.room.RoomSocketHandler [http-nio-8080-exec-9] RoomSocketHandler : New user on socket with ip : /0:0:0:0:0:0:0:1:53649
2021-07-29 23:04:16,722 INFO org.polytech.pfe.domego.services.sockets.game.GameSocketHandler [http-nio-8080-exec-7] GameSocketHandler : New user on socket with ip : /0:0:0:0:0:0:0:1:65244
2021-07-29 23:04:16,763 INFO org.polytech.pfe.domego.services.sockets.room.RoomSocketHandler [http-nio-8080-exec-11] RoomSocketHandler : New user on socket with ip : /0:0:0:0:0:0:0:1:63177
2021-07-29 23:04:16,778 INFO org.polytech.pfe.domego.services.sockets.game.GameSocketHandler [http-nio-8080-exec-10] GameSocketHandler : New user on socket with ip : /0:0:0:0:0:0:0:1:53851
2021-07-29 23:04:17,215 INFO org.polytech.pfe.domego.services.sockets.room.RoomSocketHandler [http-nio-8080-exec-6] RoomSocketHandler : New user on socket with ip : /0:0:0:0:0:0:0:1:64351
2021-07-29 23:04:17,230 INFO org.polytech.pfe.domego.services.sockets.game.GameSocketHandler [http-nio-8080-exec-4] GameSocketHandler : New user on socket with ip : /0:0:0:0:0:0:0:1:63364
2021-07-29 23:04:18,432 INFO org.polytech.pfe.domego.services.sockets.room.RoomSocketHandler [http-nio-8080-exec-1] RoomSocketHandler : New user on socket with ip : /0:0:0:0:0:0:0:1:63437
2021-07-29 23:04:18,452 INFO org.polytech.pfe.domego.services.sockets.game.GameSocketHandler [http-nio-8080-exec-8] GameSocketHandler : New user on socket with ip : /0:0:0:0:0:0:0:1:61965
2021-07-29 23:06:47,435 INFO org.polytech.pfe.domego.services.sockets.game.GameSocketHandler [http-nio-8080-exec-2] GameSocketHandler : Close session on socket with ip : /0:0:0:0:0:0:0:1:61013
2021-07-29 23:06:47,600 INFO org.polytech.pfe.domego.services.sockets.game.GameSocketHandler [http-nio-8080-exec-3] GameSocketHandler : Close session on socket with ip : /0:0:0:0:0:0:0:1:53851
2021-07-29 23:06:47,603 INFO org.polytech.pfe.domego.services.sockets.room.RoomSocketHandler [http-nio-8080-exec-9] RoomSocketHandler : Close session on socket with ip : /0:0:0:0:0:0:0:1:63177
2021-07-29 23:06:47,668 INFO org.polytech.pfe.domego.services.sockets.room.RoomSocketHandler [http-nio-8080-exec-7] RoomSocketHandler : Close session on socket with ip : /0:0:0:0:0:0:0:1:63437
2021-07-29 23:06:47,689 INFO org.polytech.pfe.domego.services.sockets.game.GameSocketHandler [http-nio-8080-exec-11] GameSocketHandler : Close session on socket with ip : /0:0:0:0:0:0:0:1:61965
2021-07-29 23:06:47,705 INFO org.polytech.pfe.domego.services.sockets.room.RoomSocketHandler [http-nio-8080-exec-6] RoomSocketHandler : Close session on socket with ip : /0:0:0:0:0:0:0:1:61647
2021-07-29 23:06:47,705 INFO org.polytech.pfe.domego.services.sockets.game.GameSocketHandler [http-nio-8080-exec-10] GameSocketHandler : Close session on socket with ip : /0:0:0:0:0:0:0:1:60878
2021-07-29 23:06:47,722 INFO org.polytech.pfe.domego.services.sockets.game.GameSocketHandler [http-nio-8080-exec-1] GameSocketHandler : Close session on socket with ip : /0:0:0:0:0:0:0:1:65244
2021-07-29 23:06:47,723 INFO org.polytech.pfe.domego.services.sockets.room.RoomSocketHandler [http-nio-8080-exec-4] RoomSocketHandler : Close session on socket with ip : /0:0:0:0:0:0:0:1:53649
2021-07-29 23:06:47,784 INFO org.polytech.pfe.domego.services.sockets.game.GameSocketHandler [http-nio-8080-exec-8] GameSocketHandler : Close session on socket with ip : /0:0:0:0:0:0:0:1:63364
2021-07-29 23:06:47,787 INFO org.polytech.pfe.domego.services.sockets.room.RoomSocketHandler [http-nio-8080-exec-2] RoomSocketHandler : Close session on socket with ip : /0:0:0:0:0:0:0:1:64351
2021-07-29 23:06:48,486 INFO org.polytech.pfe.domego.services.sockets.game.GameSocketHandler [http-nio-8080-exec-3] GameSocketHandler : Close session on socket with ip : /0:0:0:0:0:0:0:1:55973
2021-07-29 23:06:48,497 INFO org.polytech.pfe.domego.services.sockets.room.RoomSocketHandler [http-nio-8080-exec-9] RoomSocketHandler : Close session on socket with ip : /0:0:0:0:0:0:0:1:59991
2021-07-29 23:07:01,141 INFO org.polytech.pfe.domego.services.sockets.game.GameSocketHandler [http-nio-8080-exec-7] GameSocketHandler : New user on socket with ip : /0:0:0:0:0:0:0:1:57005
2021-07-29 23:07:02,996 INFO org.polytech.pfe.domego.services.sockets.game.GameSocketHandler [http-nio-8080-exec-11] GameSocketHandler : Close session on socket with ip : /0:0:0:0:0:0:0:1:57005
2021-07-29 23:07:08,024 INFO org.polytech.pfe.domego.services.sockets.game.GameSocketHandler [http-nio-8080-exec-6] GameSocketHandler : New user on socket with ip : /0:0:0:0:0:0:0:1:60531
2021-07-29 23:07:13,409 INFO org.polytech.pfe.domego.services.sockets.room.RoomSocketHandler [http-nio-8080-exec-10] RoomSocketHandler : New user on socket with ip : /0:0:0:0:0:0:0:1:58355
2021-07-29 23:07:13,421 INFO org.polytech.pfe.domego.services.sockets.game.GameSocketHandler [http-nio-8080-exec-1] GameSocketHandler : New user on socket with ip : /0:0:0:0:0:0:0:1:49907
2021-07-29 23:07:13,745 INFO org.polytech.pfe.domego.services.sockets.room.RoomSocketHandler [http-nio-8080-exec-4] RoomSocketHandler : New user on socket with ip : /0:0:0:0:0:0:0:1:56564
2021-07-29 23:07:13,758 INFO org.polytech.pfe.domego.services.sockets.game.GameSocketHandler [http-nio-8080-exec-8] GameSocketHandler : New user on socket with ip : /0:0:0:0:0:0:0:1:54747
2021-07-29 23:07:13,818 INFO org.polytech.pfe.domego.services.sockets.room.RoomSocketHandler [http-nio-8080-exec-2] RoomSocketHandler : New user on socket with ip : /0:0:0:0:0:0:0:1:56780
2021-07-29 23:07:13,834 INFO org.polytech.pfe.domego.services.sockets.game.GameSocketHandler [http-nio-8080-exec-3] GameSocketHandler : New user on socket with ip : /0:0:0:0:0:0:0:1:64409
2021-07-29 23:07:13,848 INFO org.polytech.pfe.domego.services.sockets.room.RoomSocketHandler [http-nio-8080-exec-9] RoomSocketHandler : New user on socket with ip : /0:0:0:0:0:0:0:1:58443
2021-07-29 23:07:13,861 INFO org.polytech.pfe.domego.services.sockets.game.GameSocketHandler [http-nio-8080-exec-7] GameSocketHandler : New user on socket with ip : /0:0:0:0:0:0:0:1:55419
2021-07-29 23:07:14,229 INFO org.polytech.pfe.domego.services.sockets.room.RoomSocketHandler [http-nio-8080-exec-11] RoomSocketHandler : New user on socket with ip : /0:0:0:0:0:0:0:1:49233
2021-07-29 23:07:14,249 INFO org.polytech.pfe.domego.services.sockets.game.GameSocketHandler [http-nio-8080-exec-6] GameSocketHandler : New user on socket with ip : /0:0:0:0:0:0:0:1:52681
2021-07-29 23:07:15,780 INFO org.polytech.pfe.domego.services.sockets.room.RoomSocketHandler [http-nio-8080-exec-10] RoomSocketHandler : New user on socket with ip : /0:0:0:0:0:0:0:1:50161
2021-07-29 23:07:15,796 INFO org.polytech.pfe.domego.services.sockets.game.GameSocketHandler [http-nio-8080-exec-1] GameSocketHandler : New user on socket with ip : /0:0:0:0:0:0:0:1:64452
2021-07-29 23:08:18,066 INFO org.polytech.pfe.domego.services.sockets.game.GameSocketHandler [http-nio-8080-exec-4] GameSocketHandler : Close session on socket with ip : /0:0:0:0:0:0:0:1:60531
2021-07-29 23:08:18,791 INFO org.polytech.pfe.domego.services.sockets.game.GameSocketHandler [http-nio-8080-exec-8] GameSocketHandler : Close session on socket with ip : /0:0:0:0:0:0:0:1:64452
2021-07-29 23:08:18,871 INFO org.polytech.pfe.domego.services.sockets.room.RoomSocketHandler [http-nio-8080-exec-2] RoomSocketHandler : Close session on socket with ip : /0:0:0:0:0:0:0:1:50161
2021-07-29 23:08:18,960 INFO org.polytech.pfe.domego.services.sockets.game.GameSocketHandler [http-nio-8080-exec-3] GameSocketHandler : Close session on socket with ip : /0:0:0:0:0:0:0:1:64409
2021-07-29 23:08:19,060 INFO org.polytech.pfe.domego.services.sockets.game.GameSocketHandler [http-nio-8080-exec-9] GameSocketHandler : Close session on socket with ip : /0:0:0:0:0:0:0:1:49907
2021-07-29 23:08:19,065 INFO org.polytech.pfe.domego.services.sockets.room.RoomSocketHandler [http-nio-8080-exec-7] RoomSocketHandler : Close session on socket with ip : /0:0:0:0:0:0:0:1:58355
2021-07-29 23:08:19,161 INFO org.polytech.pfe.domego.services.sockets.game.GameSocketHandler [http-nio-8080-exec-11] GameSocketHandler : Close session on socket with ip : /0:0:0:0:0:0:0:1:54747
2021-07-29 23:08:19,187 INFO org.polytech.pfe.domego.services.sockets.room.RoomSocketHandler [http-nio-8080-exec-6] RoomSocketHandler : Close session on socket with ip : /0:0:0:0:0:0:0:1:56564
2021-07-29 23:08:19,194 INFO org.polytech.pfe.domego.services.sockets.game.GameSocketHandler [http-nio-8080-exec-10] GameSocketHandler : Close session on socket with ip : /0:0:0:0:0:0:0:1:52681
2021-07-29 23:08:19,198 INFO org.polytech.pfe.domego.services.sockets.room.RoomSocketHandler [http-nio-8080-exec-1] RoomSocketHandler : Close session on socket with ip : /0:0:0:0:0:0:0:1:49233
2021-07-29 23:08:19,202 INFO org.polytech.pfe.domego.services.sockets.room.RoomSocketHandler [http-nio-8080-exec-4] RoomSocketHandler : Close session on socket with ip : /0:0:0:0:0:0:0:1:56780
2021-07-29 23:08:19,247 INFO org.polytech.pfe.domego.services.sockets.room.RoomSocketHandler [http-nio-8080-exec-8] RoomSocketHandler : Close session on socket with ip : /0:0:0:0:0:0:0:1:58443
2021-07-29 23:08:19,249 INFO org.polytech.pfe.domego.services.sockets.game.GameSocketHandler [http-nio-8080-exec-2] GameSocketHandler : Close session on socket with ip : /0:0:0:0:0:0:0:1:55419
2021-07-29 23:08:22,910 INFO org.polytech.pfe.domego.services.sockets.game.GameSocketHandler [http-nio-8080-exec-3] GameSocketHandler : New user on socket with ip : /0:0:0:0:0:0:0:1:55618
2021-07-29 23:08:38,007 INFO org.polytech.pfe.domego.services.sockets.room.RoomSocketHandler [http-nio-8080-exec-9] RoomSocketHandler : New user on socket with ip : /0:0:0:0:0:0:0:1:51875
2021-07-29 23:08:38,022 INFO org.polytech.pfe.domego.services.sockets.game.GameSocketHandler [http-nio-8080-exec-7] GameSocketHandler : New user on socket with ip : /0:0:0:0:0:0:0:1:60048
2021-07-29 23:08:38,055 INFO org.polytech.pfe.domego.services.sockets.room.RoomSocketHandler [http-nio-8080-exec-11] RoomSocketHandler : New user on socket with ip : /0:0:0:0:0:0:0:1:64758
2021-07-29 23:08:38,068 INFO org.polytech.pfe.domego.services.sockets.game.GameSocketHandler [http-nio-8080-exec-6] GameSocketHandler : New user on socket with ip : /0:0:0:0:0:0:0:1:62053
2021-07-29 23:08:38,163 INFO org.polytech.pfe.domego.services.sockets.room.RoomSocketHandler [http-nio-8080-exec-10] RoomSocketHandler : New user on socket with ip : /0:0:0:0:0:0:0:1:50586
2021-07-29 23:08:38,179 INFO org.polytech.pfe.domego.services.sockets.game.GameSocketHandler [http-nio-8080-exec-1] GameSocketHandler : New user on socket with ip : /0:0:0:0:0:0:0:1:52549
2021-07-29 23:08:38,236 INFO org.polytech.pfe.domego.services.sockets.room.RoomSocketHandler [http-nio-8080-exec-4] RoomSocketHandler : New user on socket with ip : /0:0:0:0:0:0:0:1:52708
2021-07-29 23:08:38,251 INFO org.polytech.pfe.domego.services.sockets.game.GameSocketHandler [http-nio-8080-exec-8] GameSocketHandler : New user on socket with ip : /0:0:0:0:0:0:0:1:61816
2021-07-29 23:08:38,994 INFO org.polytech.pfe.domego.services.sockets.room.RoomSocketHandler [http-nio-8080-exec-2] RoomSocketHandler : New user on socket with ip : /0:0:0:0:0:0:0:1:56190
2021-07-29 23:08:39,010 INFO org.polytech.pfe.domego.services.sockets.game.GameSocketHandler [http-nio-8080-exec-3] GameSocketHandler : New user on socket with ip : /0:0:0:0:0:0:0:1:57949
2021-07-29 23:08:40,018 INFO org.polytech.pfe.domego.services.sockets.room.RoomSocketHandler [http-nio-8080-exec-9] RoomSocketHandler : New user on socket with ip : /0:0:0:0:0:0:0:1:54023
2021-07-29 23:08:40,049 INFO org.polytech.pfe.domego.services.sockets.game.GameSocketHandler [http-nio-8080-exec-7] GameSocketHandler : New user on socket with ip : /0:0:0:0:0:0:0:1:52590
2021-07-29 23:09:14,601 INFO org.polytech.pfe.domego.services.sockets.game.GameSocketHandler [http-nio-8080-exec-11] GameSocketHandler : Close session on socket with ip : /0:0:0:0:0:0:0:1:55618
2021-07-29 23:09:15,065 INFO org.polytech.pfe.domego.services.sockets.room.RoomSocketHandler [http-nio-8080-exec-6] RoomSocketHandler : Close session on socket with ip : /0:0:0:0:0:0:0:1:54023
2021-07-29 23:09:15,104 INFO org.polytech.pfe.domego.services.sockets.game.GameSocketHandler [http-nio-8080-exec-10] GameSocketHandler : Close session on socket with ip : /0:0:0:0:0:0:0:1:52590
2021-07-29 23:09:15,873 INFO org.polytech.pfe.domego.services.sockets.room.RoomSocketHandler [http-nio-8080-exec-1] RoomSocketHandler : Close session on socket with ip : /0:0:0:0:0:0:0:1:50586
2021-07-29 23:09:15,960 INFO org.polytech.pfe.domego.services.sockets.game.GameSocketHandler [http-nio-8080-exec-4] GameSocketHandler : Close session on socket with ip : /0:0:0:0:0:0:0:1:52549
2021-07-29 23:09:15,997 INFO org.polytech.pfe.domego.services.sockets.room.RoomSocketHandler [http-nio-8080-exec-8] RoomSocketHandler : Close session on socket with ip : /0:0:0:0:0:0:0:1:51875
2021-07-29 23:09:16,063 INFO org.polytech.pfe.domego.services.sockets.game.GameSocketHandler [http-nio-8080-exec-2] GameSocketHandler : Close session on socket with ip : /0:0:0:0:0:0:0:1:61816
2021-07-29 23:09:16,115 INFO org.polytech.pfe.domego.services.sockets.room.RoomSocketHandler [http-nio-8080-exec-3] RoomSocketHandler : Close session on socket with ip : /0:0:0:0:0:0:0:1:52708
2021-07-29 23:09:16,266 INFO org.polytech.pfe.domego.services.sockets.game.GameSocketHandler [http-nio-8080-exec-9] GameSocketHandler : Close session on socket with ip : /0:0:0:0:0:0:0:1:60048
2021-07-29 23:09:16,373 INFO org.polytech.pfe.domego.services.sockets.room.RoomSocketHandler [http-nio-8080-exec-7] RoomSocketHandler : Close session on socket with ip : /0:0:0:0:0:0:0:1:56190
2021-07-29 23:09:16,380 INFO org.polytech.pfe.domego.services.sockets.game.GameSocketHandler [http-nio-8080-exec-11] GameSocketHandler : Close session on socket with ip : /0:0:0:0:0:0:0:1:57949
2021-07-29 23:09:16,402 INFO org.polytech.pfe.domego.services.sockets.game.GameSocketHandler [http-nio-8080-exec-6] GameSocketHandler : Close session on socket with ip : /0:0:0:0:0:0:0:1:62053
2021-07-29 23:09:16,403 INFO org.polytech.pfe.domego.services.sockets.room.RoomSocketHandler [http-nio-8080-exec-10] RoomSocketHandler : Close session on socket with ip : /0:0:0:0:0:0:0:1:64758
2021-07-29 23:09:19,677 INFO org.polytech.pfe.domego.services.sockets.game.GameSocketHandler [http-nio-8080-exec-1] GameSocketHandler : New user on socket with ip : /0:0:0:0:0:0:0:1:57807
2021-07-29 23:09:32,910 INFO org.polytech.pfe.domego.services.sockets.room.RoomSocketHandler [http-nio-8080-exec-4] RoomSocketHandler : New user on socket with ip : /0:0:0:0:0:0:0:1:52119
2021-07-29 23:09:32,969 INFO org.polytech.pfe.domego.services.sockets.game.GameSocketHandler [http-nio-8080-exec-8] GameSocketHandler : New user on socket with ip : /0:0:0:0:0:0:0:1:60843
2021-07-29 23:09:33,015 INFO org.polytech.pfe.domego.services.sockets.room.RoomSocketHandler [http-nio-8080-exec-2] RoomSocketHandler : New user on socket with ip : /0:0:0:0:0:0:0:1:53550
2021-07-29 23:09:33,030 INFO org.polytech.pfe.domego.services.sockets.game.GameSocketHandler [http-nio-8080-exec-3] GameSocketHandler : New user on socket with ip : /0:0:0:0:0:0:0:1:53448
2021-07-29 23:09:33,345 INFO org.polytech.pfe.domego.services.sockets.room.RoomSocketHandler [http-nio-8080-exec-9] RoomSocketHandler : New user on socket with ip : /0:0:0:0:0:0:0:1:50578
2021-07-29 23:09:33,357 INFO org.polytech.pfe.domego.services.sockets.game.GameSocketHandler [http-nio-8080-exec-7] GameSocketHandler : New user on socket with ip : /0:0:0:0:0:0:0:1:56985
2021-07-29 23:09:33,752 INFO org.polytech.pfe.domego.services.sockets.room.RoomSocketHandler [http-nio-8080-exec-11] RoomSocketHandler : New user on socket with ip : /0:0:0:0:0:0:0:1:51593
2021-07-29 23:09:33,766 INFO org.polytech.pfe.domego.services.sockets.game.GameSocketHandler [http-nio-8080-exec-6] GameSocketHandler : New user on socket with ip : /0:0:0:0:0:0:0:1:65510
2021-07-29 23:09:33,810 INFO org.polytech.pfe.domego.services.sockets.room.RoomSocketHandler [http-nio-8080-exec-10] RoomSocketHandler : New user on socket with ip : /0:0:0:0:0:0:0:1:63208
2021-07-29 23:09:33,824 INFO org.polytech.pfe.domego.services.sockets.game.GameSocketHandler [http-nio-8080-exec-1] GameSocketHandler : New user on socket with ip : /0:0:0:0:0:0:0:1:51391
2021-07-29 23:09:35,007 INFO org.polytech.pfe.domego.services.sockets.room.RoomSocketHandler [http-nio-8080-exec-4] RoomSocketHandler : New user on socket with ip : /0:0:0:0:0:0:0:1:60549
2021-07-29 23:09:35,023 INFO org.polytech.pfe.domego.services.sockets.game.GameSocketHandler [http-nio-8080-exec-8] GameSocketHandler : New user on socket with ip : /0:0:0:0:0:0:0:1:61898
2021-07-29 23:09:49,774 INFO org.polytech.pfe.domego.services.sockets.game.GameSocketHandler [http-nio-8080-exec-2] GameSocketHandler : Close session on socket with ip : /0:0:0:0:0:0:0:1:61898
2021-07-29 23:09:49,776 INFO org.polytech.pfe.domego.services.sockets.room.RoomSocketHandler [http-nio-8080-exec-10] RoomSocketHandler : Close session on socket with ip : /0:0:0:0:0:0:0:1:50578
2021-07-29 23:09:49,776 INFO org.polytech.pfe.domego.services.sockets.game.GameSocketHandler [http-nio-8080-exec-6] GameSocketHandler : Close session on socket with ip : /0:0:0:0:0:0:0:1:56985
2021-07-29 23:09:49,779 INFO org.polytech.pfe.domego.services.sockets.game.GameSocketHandler [http-nio-8080-exec-14] GameSocketHandler : Close session on socket with ip : /0:0:0:0:0:0:0:1:57807
2021-07-29 23:09:49,774 INFO org.polytech.pfe.domego.services.sockets.room.RoomSocketHandler [http-nio-8080-exec-11] RoomSocketHandler : Close session on socket with ip : /0:0:0:0:0:0:0:1:51593
2021-07-29 23:09:49,776 INFO org.polytech.pfe.domego.services.sockets.room.RoomSocketHandler [http-nio-8080-exec-9] RoomSocketHandler : Close session on socket with ip : /0:0:0:0:0:0:0:1:63208
2021-07-29 23:09:49,780 INFO org.polytech.pfe.domego.services.sockets.game.GameSocketHandler [http-nio-8080-exec-8] GameSocketHandler : Close session on socket with ip : /0:0:0:0:0:0:0:1:60843
2021-07-29 23:09:49,781 INFO org.polytech.pfe.domego.services.sockets.game.GameSocketHandler [http-nio-8080-exec-1] GameSocketHandler : Close session on socket with ip : /0:0:0:0:0:0:0:1:53448
2021-07-29 23:09:49,777 INFO org.polytech.pfe.domego.services.sockets.game.GameSocketHandler [http-nio-8080-exec-7] GameSocketHandler : Close session on socket with ip : /0:0:0:0:0:0:0:1:65510
2021-07-29 23:09:49,780 INFO org.polytech.pfe.domego.services.sockets.room.RoomSocketHandler [http-nio-8080-exec-4] RoomSocketHandler : Close session on socket with ip : /0:0:0:0:0:0:0:1:53550
2021-07-29 23:09:49,776 INFO org.polytech.pfe.domego.services.sockets.game.GameSocketHandler [http-nio-8080-exec-3] GameSocketHandler : Close session on socket with ip : /0:0:0:0:0:0:0:1:51391
2021-07-29 23:09:49,781 INFO org.polytech.pfe.domego.services.sockets.room.RoomSocketHandler [http-nio-8080-exec-13] RoomSocketHandler : Close session on socket with ip : /0:0:0:0:0:0:0:1:60549
2021-07-29 23:09:49,825 INFO org.polytech.pfe.domego.services.sockets.room.RoomSocketHandler [http-nio-8080-exec-12] RoomSocketHandler : Close session on socket with ip : /0:0:0:0:0:0:0:1:52119
