2021-08-02 00:19:12,256 INFO org.polytech.pfe.domego.services.sockets.game.GameSocketHandler [http-nio-8080-exec-4] GameSocketHandler : Close session on socket with ip : /0:0:0:0:0:0:0:1:63473
2021-08-02 00:19:12,233 INFO org.polytech.pfe.domego.services.sockets.game.GameSocketHandler [http-nio-8080-exec-5] GameSocketHandler : Close session on socket with ip : /0:0:0:0:0:0:0:1:54292
2021-08-02 00:19:12,256 INFO org.polytech.pfe.domego.services.sockets.room.RoomSocketHandler [http-nio-8080-exec-22] RoomSocketHandler : Close session on socket with ip : /0:0:0:0:0:0:0:1:65304
2021-08-02 00:19:12,236 INFO org.polytech.pfe.domego.services.sockets.room.RoomSocketHandler [http-nio-8080-exec-21] RoomSocketHandler : Close session on socket with ip : /0:0:0:0:0:0:0:1:54948
2021-08-02 00:19:12,256 INFO org.polytech.pfe.domego.services.sockets.room.RoomSocketHandler [http-nio-8080-exec-14] RoomSocketHandler : Close session on socket with ip : /0:0:0:0:0:0:0:1:61785
2021-08-02 00:19:12,256 INFO org.polytech.pfe.domego.services.sockets.room.RoomSocketHandler [http-nio-8080-exec-9] RoomSocketHandler : Close session on socket with ip : /0:0:0:0:0:0:0:1:64249
2021-08-02 00:19:12,228 INFO org.polytech.pfe.domego.services.sockets.game.GameSocketHandler [http-nio-8080-exec-16] GameSocketHandler : Close session on socket with ip : /0:0:0:0:0:0:0:1:53254
2021-08-02 00:19:12,256 INFO org.polytech.pfe.domego.services.sockets.room.RoomSocketHandler [http-nio-8080-exec-18] RoomSocketHandler : Close session on socket with ip : /0:0:0:0:0:0:0:1:61754
2021-08-02 00:19:12,256 INFO org.polytech.pfe.domego.services.sockets.game.GameSocketHandler [http-nio-8080-exec-17] GameSocketHandler : Close session on socket with ip : /0:0:0:0:0:0:0:1:55649
2021-08-02 00:19:12,256 INFO org.polytech.pfe.domego.services.sockets.room.RoomSocketHandler [http-nio-8080-exec-3] RoomSocketHandler : Close session on socket with ip : /0:0:0:0:0:0:0:1:57080
2021-08-02 00:19:12,256 INFO org.polytech.pfe.domego.services.sockets.game.GameSocketHandler [http-nio-8080-exec-11] GameSocketHandler : Close session on socket with ip : /0:0:0:0:0:0:0:1:63101
2021-08-02 00:19:12,229 INFO org.polytech.pfe.domego.services.sockets.game.GameSocketHandler [http-nio-8080-exec-15] GameSocketHandler : Close session on socket with ip : /0:0:0:0:0:0:0:1:56529
2021-08-02 00:19:12,228 INFO org.polytech.pfe.domego.services.sockets.game.GameSocketHandler [http-nio-8080-exec-20] GameSocketHandler : Close session on socket with ip : /0:0:0:0:0:0:0:1:61586
2021-08-02 00:19:12,256 INFO org.polytech.pfe.domego.services.sockets.room.RoomSocketHandler [http-nio-8080-exec-19] RoomSocketHandler : Close session on socket with ip : /0:0:0:0:0:0:0:1:56782
2021-08-02 10:48:29,095 INFO org.polytech.pfe.domego.services.sockets.game.GameSocketHandler [http-nio-8080-exec-17] GameSocketHandler : New user on socket with ip : /0:0:0:0:0:0:0:1:65424
2021-08-02 10:48:29,105 INFO org.polytech.pfe.domego.services.sockets.room.RoomSocketHandler [http-nio-8080-exec-16] RoomSocketHandler : New user on socket with ip : /0:0:0:0:0:0:0:1:51617
2021-08-02 10:48:29,106 INFO org.polytech.pfe.domego.services.sockets.game.GameSocketHandler [http-nio-8080-exec-4] GameSocketHandler : New user on socket with ip : /127.0.0.1:49771
2021-08-02 10:48:29,101 INFO org.polytech.pfe.domego.services.sockets.room.RoomSocketHandler [http-nio-8080-exec-3] RoomSocketHandler : New user on socket with ip : /0:0:0:0:0:0:0:1:62070
2021-08-02 10:48:29,100 INFO org.polytech.pfe.domego.services.sockets.room.RoomSocketHandler [http-nio-8080-exec-19] RoomSocketHandler : New user on socket with ip : /127.0.0.1:57770
2021-08-02 10:48:29,095 INFO org.polytech.pfe.domego.services.sockets.game.GameSocketHandler [http-nio-8080-exec-22] GameSocketHandler : New user on socket with ip : /127.0.0.1:51110
2021-08-02 10:48:43,332 INFO org.polytech.pfe.domego.services.sockets.room.RoomSocketHandler [http-nio-8080-exec-14] RoomSocketHandler : New user on socket with ip : /0:0:0:0:0:0:0:1:53786
2021-08-02 10:48:43,363 INFO org.polytech.pfe.domego.services.sockets.game.GameSocketHandler [http-nio-8080-exec-18] GameSocketHandler : New user on socket with ip : /0:0:0:0:0:0:0:1:59349
2021-08-02 10:48:59,938 INFO org.polytech.pfe.domego.services.sockets.room.RoomSocketHandler [http-nio-8080-exec-9] RoomSocketHandler : New user on socket with ip : /0:0:0:0:0:0:0:1:50840
2021-08-02 10:48:59,979 INFO org.polytech.pfe.domego.services.sockets.game.GameSocketHandler [http-nio-8080-exec-21] GameSocketHandler : New user on socket with ip : /0:0:0:0:0:0:0:1:62186
2021-08-02 10:49:09,507 INFO org.polytech.pfe.domego.services.sockets.room.RoomSocketHandler [http-nio-8080-exec-17] RoomSocketHandler : New user on socket with ip : /0:0:0:0:0:0:0:1:59484
2021-08-02 10:49:09,569 INFO org.polytech.pfe.domego.services.sockets.game.GameSocketHandler [http-nio-8080-exec-16] GameSocketHandler : New user on socket with ip : /0:0:0:0:0:0:0:1:54696
2021-08-02 10:49:09,979 INFO org.polytech.pfe.domego.services.sockets.room.RoomSocketHandler [http-nio-8080-exec-4] RoomSocketHandler : New user on socket with ip : /0:0:0:0:0:0:0:1:57604
2021-08-02 10:49:10,069 INFO org.polytech.pfe.domego.services.sockets.game.GameSocketHandler [http-nio-8080-exec-19] GameSocketHandler : New user on socket with ip : /0:0:0:0:0:0:0:1:64194
2021-08-02 11:29:39,077 INFO org.polytech.pfe.domego.services.sockets.room.RoomSocketHandler [http-nio-8080-exec-22] RoomSocketHandler : Close session on socket with ip : /0:0:0:0:0:0:0:1:57604
2021-08-02 11:29:39,080 INFO org.polytech.pfe.domego.services.sockets.room.RoomSocketHandler [http-nio-8080-exec-16] RoomSocketHandler : Close session on socket with ip : /0:0:0:0:0:0:0:1:53786
2021-08-02 11:29:39,082 INFO org.polytech.pfe.domego.services.sockets.game.GameSocketHandler [http-nio-8080-exec-14] GameSocketHandler : Close session on socket with ip : /0:0:0:0:0:0:0:1:62186
2021-08-02 11:29:39,085 INFO org.polytech.pfe.domego.services.sockets.room.RoomSocketHandler [http-nio-8080-exec-19] RoomSocketHandler : Close session on socket with ip : /0:0:0:0:0:0:0:1:62070
2021-08-02 11:29:39,086 INFO org.polytech.pfe.domego.services.sockets.room.RoomSocketHandler [http-nio-8080-exec-21] RoomSocketHandler : Close session on socket with ip : /0:0:0:0:0:0:0:1:50840
2021-08-02 11:29:39,086 INFO org.polytech.pfe.domego.services.sockets.game.GameSocketHandler [http-nio-8080-exec-17] GameSocketHandler : Close session on socket with ip : /0:0:0:0:0:0:0:1:59349
2021-08-02 11:29:39,088 INFO org.polytech.pfe.domego.services.sockets.game.GameSocketHandler [http-nio-8080-exec-3] GameSocketHandler : Close session on socket with ip : /0:0:0:0:0:0:0:1:64194
2021-08-02 11:29:39,088 INFO org.polytech.pfe.domego.services.sockets.game.GameSocketHandler [http-nio-8080-exec-4] GameSocketHandler : Close session on socket with ip : /127.0.0.1:51110
2021-08-02 11:29:39,072 INFO org.polytech.pfe.domego.services.sockets.room.RoomSocketHandler [http-nio-8080-exec-18] RoomSocketHandler : Close session on socket with ip : /0:0:0:0:0:0:0:1:59484
2021-08-02 11:29:39,112 INFO org.polytech.pfe.domego.services.sockets.game.GameSocketHandler [http-nio-8080-exec-9] GameSocketHandler : Close session on socket with ip : /0:0:0:0:0:0:0:1:54696
2021-08-02 11:29:39,052 INFO org.polytech.pfe.domego.services.sockets.room.RoomSocketHandler [http-nio-8080-exec-26] RoomSocketHandler : Close session on socket with ip : /0:0:0:0:0:0:0:1:51617
2021-08-02 11:29:39,069 INFO org.polytech.pfe.domego.services.sockets.game.GameSocketHandler [http-nio-8080-exec-24] GameSocketHandler : Close session on socket with ip : /127.0.0.1:49771
2021-08-02 11:29:39,073 INFO org.polytech.pfe.domego.services.sockets.game.GameSocketHandler [http-nio-8080-exec-25] GameSocketHandler : Close session on socket with ip : /0:0:0:0:0:0:0:1:65424
2021-08-02 11:29:39,076 INFO org.polytech.pfe.domego.services.sockets.room.RoomSocketHandler [http-nio-8080-exec-23] RoomSocketHandler : Close session on socket with ip : /127.0.0.1:57770
