2021-07-04 14:30:17,838 INFO org.polytech.pfe.domego.services.sockets.room.RoomSocketHandler [http-nio-8080-exec-13] RoomSocketHandler : New user on socket with ip : /0:0:0:0:0:0:0:1:57647
2021-07-04 14:30:17,856 INFO org.polytech.pfe.domego.services.sockets.game.GameSocketHandler [http-nio-8080-exec-14] GameSocketHandler : New user on socket with ip : /0:0:0:0:0:0:0:1:49720
2021-07-04 14:30:18,716 INFO org.polytech.pfe.domego.services.sockets.room.RoomSocketHandler [http-nio-8080-exec-12] RoomSocketHandler : New user on socket with ip : /0:0:0:0:0:0:0:1:53850
2021-07-04 14:30:18,733 INFO org.polytech.pfe.domego.services.sockets.game.GameSocketHandler [http-nio-8080-exec-5] GameSocketHandler : New user on socket with ip : /0:0:0:0:0:0:0:1:64697
2021-07-04 14:32:13,547 INFO org.polytech.pfe.domego.services.sockets.room.RoomSocketHandler [http-nio-8080-exec-1] RoomSocketHandler : Close session on socket with ip : /0:0:0:0:0:0:0:1:53850
2021-07-04 14:32:13,545 INFO org.polytech.pfe.domego.services.sockets.game.GameSocketHandler [http-nio-8080-exec-7] GameSocketHandler : Close session on socket with ip : /0:0:0:0:0:0:0:1:64697
2021-07-04 16:58:13,942 INFO org.polytech.pfe.domego.services.sockets.game.GameSocketHandler [http-nio-8080-exec-11] GameSocketHandler : Close session on socket with ip : /0:0:0:0:0:0:0:1:49720
2021-07-04 16:58:13,942 INFO org.polytech.pfe.domego.services.sockets.room.RoomSocketHandler [http-nio-8080-exec-9] RoomSocketHandler : Close session on socket with ip : /0:0:0:0:0:0:0:1:57647
2021-07-04 20:53:19,174 INFO org.polytech.pfe.domego.services.sockets.game.GameSocketHandler [http-nio-8080-exec-2] GameSocketHandler : New user on socket with ip : /127.0.0.1:62768
2021-07-04 20:53:19,176 INFO org.polytech.pfe.domego.services.sockets.room.RoomSocketHandler [http-nio-8080-exec-10] RoomSocketHandler : New user on socket with ip : /0:0:0:0:0:0:0:1:59602
2021-07-04 20:53:40,018 INFO org.polytech.pfe.domego.services.sockets.room.RoomSocketHandler [http-nio-8080-exec-14] RoomSocketHandler : Close session on socket with ip : /0:0:0:0:0:0:0:1:59602
2021-07-04 20:53:40,041 INFO org.polytech.pfe.domego.services.sockets.game.GameSocketHandler [http-nio-8080-exec-13] GameSocketHandler : Close session on socket with ip : /127.0.0.1:62768
2021-07-04 20:53:53,661 INFO org.polytech.pfe.domego.services.sockets.room.RoomSocketHandler [http-nio-8080-exec-12] RoomSocketHandler : New user on socket with ip : /0:0:0:0:0:0:0:1:58093
2021-07-04 20:54:29,774 INFO org.polytech.pfe.domego.services.sockets.room.RoomSocketHandler [http-nio-8080-exec-11] RoomSocketHandler : New user on socket with ip : /0:0:0:0:0:0:0:1:54684
2021-07-04 20:54:29,800 INFO org.polytech.pfe.domego.services.sockets.game.GameSocketHandler [http-nio-8080-exec-9] GameSocketHandler : New user on socket with ip : /0:0:0:0:0:0:0:1:63410
2021-07-04 20:54:42,010 INFO org.polytech.pfe.domego.services.sockets.room.RoomSocketHandler [http-nio-8080-exec-13] RoomSocketHandler : New user on socket with ip : /0:0:0:0:0:0:0:1:56427
2021-07-04 20:54:42,170 INFO org.polytech.pfe.domego.services.sockets.game.GameSocketHandler [http-nio-8080-exec-12] GameSocketHandler : New user on socket with ip : /0:0:0:0:0:0:0:1:55113
2021-07-04 20:54:49,412 INFO org.polytech.pfe.domego.services.sockets.room.RoomSocketHandler [http-nio-8080-exec-11] RoomSocketHandler : New user on socket with ip : /0:0:0:0:0:0:0:1:57720
2021-07-04 20:54:49,663 INFO org.polytech.pfe.domego.services.sockets.game.GameSocketHandler [http-nio-8080-exec-9] GameSocketHandler : New user on socket with ip : /0:0:0:0:0:0:0:1:60653
2021-07-04 20:54:50,007 INFO org.polytech.pfe.domego.services.sockets.room.RoomSocketHandler [http-nio-8080-exec-2] RoomSocketHandler : New user on socket with ip : /0:0:0:0:0:0:0:1:61251
2021-07-04 20:54:50,048 INFO org.polytech.pfe.domego.services.sockets.game.GameSocketHandler [http-nio-8080-exec-10] GameSocketHandler : New user on socket with ip : /0:0:0:0:0:0:0:1:57631
2021-07-04 20:54:51,866 INFO org.polytech.pfe.domego.services.sockets.room.RoomSocketHandler [http-nio-8080-exec-14] RoomSocketHandler : New user on socket with ip : /0:0:0:0:0:0:0:1:50454
2021-07-04 20:54:51,888 INFO org.polytech.pfe.domego.services.sockets.game.GameSocketHandler [http-nio-8080-exec-13] GameSocketHandler : New user on socket with ip : /0:0:0:0:0:0:0:1:65384
2021-07-04 20:57:27,967 INFO org.polytech.pfe.domego.services.sockets.room.RoomSocketHandler [http-nio-8080-exec-11] RoomSocketHandler : Close session on socket with ip : /0:0:0:0:0:0:0:1:58093
2021-07-04 20:57:28,055 INFO org.polytech.pfe.domego.services.sockets.room.RoomSocketHandler [http-nio-8080-exec-2] RoomSocketHandler : Close session on socket with ip : /0:0:0:0:0:0:0:1:54684
2021-07-04 20:57:28,056 INFO org.polytech.pfe.domego.services.sockets.game.GameSocketHandler [http-nio-8080-exec-9] GameSocketHandler : Close session on socket with ip : /0:0:0:0:0:0:0:1:63410
2021-07-04 20:57:28,350 INFO org.polytech.pfe.domego.services.sockets.room.RoomSocketHandler [http-nio-8080-exec-10] RoomSocketHandler : Close session on socket with ip : /0:0:0:0:0:0:0:1:56427
2021-07-04 20:57:28,351 INFO org.polytech.pfe.domego.services.sockets.game.GameSocketHandler [http-nio-8080-exec-14] GameSocketHandler : Close session on socket with ip : /0:0:0:0:0:0:0:1:55113
2021-07-04 20:57:28,375 INFO org.polytech.pfe.domego.services.sockets.game.GameSocketHandler [http-nio-8080-exec-13] GameSocketHandler : Close session on socket with ip : /0:0:0:0:0:0:0:1:60653
2021-07-04 20:57:28,390 INFO org.polytech.pfe.domego.services.sockets.game.GameSocketHandler [http-nio-8080-exec-12] GameSocketHandler : Close session on socket with ip : /0:0:0:0:0:0:0:1:57631
2021-07-04 20:57:28,394 INFO org.polytech.pfe.domego.services.sockets.room.RoomSocketHandler [http-nio-8080-exec-5] RoomSocketHandler : Close session on socket with ip : /0:0:0:0:0:0:0:1:61251
2021-07-04 20:57:28,401 INFO org.polytech.pfe.domego.services.sockets.room.RoomSocketHandler [http-nio-8080-exec-1] RoomSocketHandler : Close session on socket with ip : /0:0:0:0:0:0:0:1:57720
2021-07-04 20:57:29,159 INFO org.polytech.pfe.domego.services.sockets.game.GameSocketHandler [http-nio-8080-exec-7] GameSocketHandler : Close session on socket with ip : /0:0:0:0:0:0:0:1:65384
2021-07-04 20:57:29,165 INFO org.polytech.pfe.domego.services.sockets.room.RoomSocketHandler [http-nio-8080-exec-11] RoomSocketHandler : Close session on socket with ip : /0:0:0:0:0:0:0:1:50454
2021-07-04 20:58:24,461 INFO org.polytech.pfe.domego.services.sockets.room.RoomSocketHandler [http-nio-8080-exec-9] RoomSocketHandler : New user on socket with ip : /0:0:0:0:0:0:0:1:55435
2021-07-04 20:58:24,476 INFO org.polytech.pfe.domego.services.sockets.game.GameSocketHandler [http-nio-8080-exec-10] GameSocketHandler : New user on socket with ip : /0:0:0:0:0:0:0:1:52659
2021-07-04 20:58:25,214 INFO org.polytech.pfe.domego.services.sockets.room.RoomSocketHandler [http-nio-8080-exec-14] RoomSocketHandler : New user on socket with ip : /0:0:0:0:0:0:0:1:61170
2021-07-04 20:58:25,242 INFO org.polytech.pfe.domego.services.sockets.game.GameSocketHandler [http-nio-8080-exec-13] GameSocketHandler : New user on socket with ip : /0:0:0:0:0:0:0:1:55794
2021-07-04 20:58:26,703 INFO org.polytech.pfe.domego.services.sockets.room.RoomSocketHandler [http-nio-8080-exec-12] RoomSocketHandler : New user on socket with ip : /0:0:0:0:0:0:0:1:56709
2021-07-04 20:58:26,724 INFO org.polytech.pfe.domego.services.sockets.game.GameSocketHandler [http-nio-8080-exec-5] GameSocketHandler : New user on socket with ip : /0:0:0:0:0:0:0:1:62439
2021-07-04 20:58:28,883 INFO org.polytech.pfe.domego.services.sockets.room.RoomSocketHandler [http-nio-8080-exec-1] RoomSocketHandler : New user on socket with ip : /0:0:0:0:0:0:0:1:53693
2021-07-04 20:58:28,900 INFO org.polytech.pfe.domego.services.sockets.game.GameSocketHandler [http-nio-8080-exec-7] GameSocketHandler : New user on socket with ip : /0:0:0:0:0:0:0:1:57047
2021-07-04 20:58:35,168 INFO org.polytech.pfe.domego.services.sockets.room.RoomSocketHandler [http-nio-8080-exec-11] RoomSocketHandler : New user on socket with ip : /0:0:0:0:0:0:0:1:57629
2021-07-04 20:58:35,186 INFO org.polytech.pfe.domego.services.sockets.game.GameSocketHandler [http-nio-8080-exec-2] GameSocketHandler : New user on socket with ip : /0:0:0:0:0:0:0:1:64414
2021-07-04 20:58:35,829 INFO org.polytech.pfe.domego.services.sockets.room.RoomSocketHandler [http-nio-8080-exec-9] RoomSocketHandler : New user on socket with ip : /0:0:0:0:0:0:0:1:63860
2021-07-04 21:41:19,601 INFO org.polytech.pfe.domego.services.sockets.room.RoomSocketHandler [http-nio-8080-exec-9] RoomSocketHandler : Close session on socket with ip : /0:0:0:0:0:0:0:1:57629
2021-07-04 21:41:19,594 INFO org.polytech.pfe.domego.services.sockets.game.GameSocketHandler [http-nio-8080-exec-2] GameSocketHandler : Close session on socket with ip : /0:0:0:0:0:0:0:1:64414
2021-07-04 21:41:30,727 INFO org.polytech.pfe.domego.services.sockets.room.RoomSocketHandler [http-nio-8080-exec-10] RoomSocketHandler : Close session on socket with ip : /0:0:0:0:0:0:0:1:56709
2021-07-04 21:41:30,729 INFO org.polytech.pfe.domego.services.sockets.game.GameSocketHandler [http-nio-8080-exec-14] GameSocketHandler : Close session on socket with ip : /0:0:0:0:0:0:0:1:62439
2021-07-04 21:41:34,484 INFO org.polytech.pfe.domego.services.sockets.game.GameSocketHandler [http-nio-8080-exec-5] GameSocketHandler : Close session on socket with ip : /0:0:0:0:0:0:0:1:57047
2021-07-04 21:41:34,490 INFO org.polytech.pfe.domego.services.sockets.room.RoomSocketHandler [http-nio-8080-exec-1] RoomSocketHandler : Close session on socket with ip : /0:0:0:0:0:0:0:1:53693
2021-07-04 21:41:39,853 INFO org.polytech.pfe.domego.services.sockets.room.RoomSocketHandler [http-nio-8080-exec-7] RoomSocketHandler : Close session on socket with ip : /0:0:0:0:0:0:0:1:55435
2021-07-04 21:41:39,853 INFO org.polytech.pfe.domego.services.sockets.game.GameSocketHandler [http-nio-8080-exec-11] GameSocketHandler : Close session on socket with ip : /0:0:0:0:0:0:0:1:52659
2021-07-04 21:41:44,196 INFO org.polytech.pfe.domego.services.sockets.game.GameSocketHandler [http-nio-8080-exec-9] GameSocketHandler : Close session on socket with ip : /0:0:0:0:0:0:0:1:55794
2021-07-04 21:41:44,196 INFO org.polytech.pfe.domego.services.sockets.room.RoomSocketHandler [http-nio-8080-exec-2] RoomSocketHandler : Close session on socket with ip : /0:0:0:0:0:0:0:1:61170
2021-07-04 21:41:50,828 INFO org.polytech.pfe.domego.services.sockets.room.RoomSocketHandler [http-nio-8080-exec-10] RoomSocketHandler : Close session on socket with ip : /0:0:0:0:0:0:0:1:63860
