2021-07-08 00:53:46,207 INFO org.polytech.pfe.domego.services.sockets.game.GameSocketHandler [http-nio-8080-exec-1] GameSocketHandler : Close session on socket with ip : /0:0:0:0:0:0:0:1:50266
2021-07-08 00:53:46,204 INFO org.polytech.pfe.domego.services.sockets.game.GameSocketHandler [http-nio-8080-exec-10] GameSocketHandler : Close session on socket with ip : /0:0:0:0:0:0:0:1:59590
2021-07-08 00:53:46,207 INFO org.polytech.pfe.domego.services.sockets.game.GameSocketHandler [http-nio-8080-exec-3] GameSocketHandler : Close session on socket with ip : /0:0:0:0:0:0:0:1:63833
2021-07-08 00:53:46,206 INFO org.polytech.pfe.domego.services.sockets.room.RoomSocketHandler [http-nio-8080-exec-14] RoomSocketHandler : Close session on socket with ip : /0:0:0:0:0:0:0:1:61860
2021-07-08 00:53:46,207 INFO org.polytech.pfe.domego.services.sockets.room.RoomSocketHandler [http-nio-8080-exec-13] RoomSocketHandler : Close session on socket with ip : /0:0:0:0:0:0:0:1:54019
2021-07-08 00:53:46,207 INFO org.polytech.pfe.domego.services.sockets.room.RoomSocketHandler [http-nio-8080-exec-2] RoomSocketHandler : Close session on socket with ip : /0:0:0:0:0:0:0:1:56325
2021-07-08 00:53:46,207 INFO org.polytech.pfe.domego.services.sockets.room.RoomSocketHandler [http-nio-8080-exec-7] RoomSocketHandler : Close session on socket with ip : /0:0:0:0:0:0:0:1:49363
2021-07-08 00:53:46,206 INFO org.polytech.pfe.domego.services.sockets.game.GameSocketHandler [http-nio-8080-exec-4] GameSocketHandler : Close session on socket with ip : /0:0:0:0:0:0:0:1:49732
2021-07-08 00:53:46,205 INFO org.polytech.pfe.domego.services.sockets.room.RoomSocketHandler [http-nio-8080-exec-6] RoomSocketHandler : Close session on socket with ip : /0:0:0:0:0:0:0:1:59776
2021-07-08 00:53:46,206 INFO org.polytech.pfe.domego.services.sockets.room.RoomSocketHandler [http-nio-8080-exec-8] RoomSocketHandler : Close session on socket with ip : /0:0:0:0:0:0:0:1:54785
2021-07-08 00:53:46,207 INFO org.polytech.pfe.domego.services.sockets.room.RoomSocketHandler [http-nio-8080-exec-12] RoomSocketHandler : Close session on socket with ip : /0:0:0:0:0:0:0:1:61917
2021-07-08 00:53:46,207 INFO org.polytech.pfe.domego.services.sockets.game.GameSocketHandler [http-nio-8080-exec-5] GameSocketHandler : Close session on socket with ip : /0:0:0:0:0:0:0:1:58364
2021-07-08 00:53:46,206 INFO org.polytech.pfe.domego.services.sockets.game.GameSocketHandler [http-nio-8080-exec-11] GameSocketHandler : Close session on socket with ip : /0:0:0:0:0:0:0:1:55725
2021-07-08 00:53:46,207 INFO org.polytech.pfe.domego.services.sockets.game.GameSocketHandler [http-nio-8080-exec-9] GameSocketHandler : Close session on socket with ip : /0:0:0:0:0:0:0:1:51751
2021-07-08 15:09:31,274 INFO org.polytech.pfe.domego.services.sockets.room.RoomSocketHandler [http-nio-8080-exec-8] RoomSocketHandler : Close session on socket with ip : /127.0.0.1:54786
2021-07-08 15:11:08,527 INFO org.polytech.pfe.domego.services.sockets.room.RoomSocketHandler [http-nio-8080-exec-10] RoomSocketHandler : New user on socket with ip : /0:0:0:0:0:0:0:1:62745
2021-07-08 15:11:08,540 INFO org.polytech.pfe.domego.services.sockets.game.GameSocketHandler [http-nio-8080-exec-8] GameSocketHandler : New user on socket with ip : /0:0:0:0:0:0:0:1:61856
2021-07-08 15:11:08,726 INFO org.polytech.pfe.domego.services.sockets.room.RoomSocketHandler [http-nio-8080-exec-1] RoomSocketHandler : New user on socket with ip : /0:0:0:0:0:0:0:1:59396
2021-07-08 15:11:08,742 INFO org.polytech.pfe.domego.services.sockets.game.GameSocketHandler [http-nio-8080-exec-3] GameSocketHandler : New user on socket with ip : /0:0:0:0:0:0:0:1:62965
2021-07-08 15:11:08,893 INFO org.polytech.pfe.domego.services.sockets.room.RoomSocketHandler [http-nio-8080-exec-12] RoomSocketHandler : New user on socket with ip : /0:0:0:0:0:0:0:1:61466
2021-07-08 15:11:08,914 INFO org.polytech.pfe.domego.services.sockets.game.GameSocketHandler [http-nio-8080-exec-7] GameSocketHandler : New user on socket with ip : /0:0:0:0:0:0:0:1:52305
2021-07-08 15:11:09,184 INFO org.polytech.pfe.domego.services.sockets.room.RoomSocketHandler [http-nio-8080-exec-4] RoomSocketHandler : New user on socket with ip : /0:0:0:0:0:0:0:1:62960
2021-07-08 15:11:09,198 INFO org.polytech.pfe.domego.services.sockets.game.GameSocketHandler [http-nio-8080-exec-6] GameSocketHandler : New user on socket with ip : /0:0:0:0:0:0:0:1:63521
2021-07-08 15:11:10,068 INFO org.polytech.pfe.domego.services.sockets.room.RoomSocketHandler [http-nio-8080-exec-13] RoomSocketHandler : New user on socket with ip : /0:0:0:0:0:0:0:1:55870
2021-07-08 15:11:10,094 INFO org.polytech.pfe.domego.services.sockets.game.GameSocketHandler [http-nio-8080-exec-10] GameSocketHandler : New user on socket with ip : /0:0:0:0:0:0:0:1:56748
2021-07-08 15:11:16,829 INFO org.polytech.pfe.domego.services.sockets.game.GameSocketHandler [http-nio-8080-exec-1] GameSocketHandler : New user on socket with ip : /0:0:0:0:0:0:0:1:50061
2021-07-08 15:11:17,193 INFO org.polytech.pfe.domego.services.sockets.room.RoomSocketHandler [http-nio-8080-exec-3] RoomSocketHandler : New user on socket with ip : /0:0:0:0:0:0:0:1:60477
2021-07-08 18:51:10,205 INFO org.polytech.pfe.domego.services.sockets.room.RoomSocketHandler [http-nio-8080-exec-2] RoomSocketHandler : Close session on socket with ip : /0:0:0:0:0:0:0:1:60477
2021-07-08 18:51:10,205 INFO org.polytech.pfe.domego.services.sockets.room.RoomSocketHandler [http-nio-8080-exec-1] RoomSocketHandler : Close session on socket with ip : /0:0:0:0:0:0:0:1:61466
2021-07-08 18:51:10,205 INFO org.polytech.pfe.domego.services.sockets.game.GameSocketHandler [http-nio-8080-exec-8] GameSocketHandler : Close session on socket with ip : /0:0:0:0:0:0:0:1:52305
2021-07-08 18:51:10,205 INFO org.polytech.pfe.domego.services.sockets.room.RoomSocketHandler [http-nio-8080-exec-10] RoomSocketHandler : Close session on socket with ip : /0:0:0:0:0:0:0:1:62960
2021-07-08 18:51:10,206 INFO org.polytech.pfe.domego.services.sockets.game.GameSocketHandler [http-nio-8080-exec-3] GameSocketHandler : Close session on socket with ip : /0:0:0:0:0:0:0:1:62965
2021-07-08 18:51:10,205 INFO org.polytech.pfe.domego.services.sockets.game.GameSocketHandler [http-nio-8080-exec-13] GameSocketHandler : Close session on socket with ip : /0:0:0:0:0:0:0:1:63521
2021-07-08 18:51:10,205 INFO org.polytech.pfe.domego.services.sockets.room.RoomSocketHandler [http-nio-8080-exec-6] RoomSocketHandler : Close session on socket with ip : /0:0:0:0:0:0:0:1:55870
2021-07-08 18:51:10,206 INFO org.polytech.pfe.domego.services.sockets.room.RoomSocketHandler [http-nio-8080-exec-12] RoomSocketHandler : Close session on socket with ip : /0:0:0:0:0:0:0:1:59396
2021-07-08 18:51:10,206 INFO org.polytech.pfe.domego.services.sockets.game.GameSocketHandler [http-nio-8080-exec-7] GameSocketHandler : Close session on socket with ip : /0:0:0:0:0:0:0:1:61856
2021-07-08 18:51:10,205 INFO org.polytech.pfe.domego.services.sockets.game.GameSocketHandler [http-nio-8080-exec-4] GameSocketHandler : Close session on socket with ip : /0:0:0:0:0:0:0:1:56748
2021-07-08 18:51:10,225 INFO org.polytech.pfe.domego.services.sockets.room.RoomSocketHandler [http-nio-8080-exec-15] RoomSocketHandler : Close session on socket with ip : /0:0:0:0:0:0:0:1:62745
2021-07-08 18:51:10,229 INFO org.polytech.pfe.domego.services.sockets.game.GameSocketHandler [http-nio-8080-exec-16] GameSocketHandler : Close session on socket with ip : /0:0:0:0:0:0:0:1:50061
