2021-07-11 00:11:07,011 INFO org.polytech.pfe.domego.services.sockets.room.RoomSocketHandler [http-nio-8080-exec-15] RoomSocketHandler : New user on socket with ip : /127.0.0.1:63665
2021-07-11 00:11:18,342 INFO org.polytech.pfe.domego.services.sockets.game.GameSocketHandler [http-nio-8080-exec-12] GameSocketHandler : New user on socket with ip : /0:0:0:0:0:0:0:1:64070
2021-07-11 00:11:18,358 INFO org.polytech.pfe.domego.services.sockets.room.RoomSocketHandler [http-nio-8080-exec-6] RoomSocketHandler : New user on socket with ip : /0:0:0:0:0:0:0:1:53215
2021-07-11 00:11:18,544 INFO org.polytech.pfe.domego.services.sockets.game.GameSocketHandler [http-nio-8080-exec-14] GameSocketHandler : New user on socket with ip : /0:0:0:0:0:0:0:1:56967
2021-07-11 00:11:18,562 INFO org.polytech.pfe.domego.services.sockets.room.RoomSocketHandler [http-nio-8080-exec-8] RoomSocketHandler : New user on socket with ip : /0:0:0:0:0:0:0:1:49478
2021-07-11 00:11:18,577 INFO org.polytech.pfe.domego.services.sockets.game.GameSocketHandler [http-nio-8080-exec-13] GameSocketHandler : New user on socket with ip : /0:0:0:0:0:0:0:1:64716
2021-07-11 00:11:18,593 INFO org.polytech.pfe.domego.services.sockets.room.RoomSocketHandler [http-nio-8080-exec-16] RoomSocketHandler : New user on socket with ip : /0:0:0:0:0:0:0:1:49401
2021-07-11 00:11:18,952 INFO org.polytech.pfe.domego.services.sockets.game.GameSocketHandler [http-nio-8080-exec-5] GameSocketHandler : New user on socket with ip : /0:0:0:0:0:0:0:1:64324
2021-07-11 00:11:18,993 INFO org.polytech.pfe.domego.services.sockets.game.GameSocketHandler [http-nio-8080-exec-9] GameSocketHandler : New user on socket with ip : /0:0:0:0:0:0:0:1:58272
2021-07-11 00:11:19,008 INFO org.polytech.pfe.domego.services.sockets.room.RoomSocketHandler [http-nio-8080-exec-15] RoomSocketHandler : New user on socket with ip : /0:0:0:0:0:0:0:1:52812
2021-07-11 00:11:19,050 INFO org.polytech.pfe.domego.services.sockets.room.RoomSocketHandler [http-nio-8080-exec-4] RoomSocketHandler : New user on socket with ip : /0:0:0:0:0:0:0:1:56551
2021-07-11 00:11:19,199 INFO org.polytech.pfe.domego.services.sockets.game.GameSocketHandler [http-nio-8080-exec-3] GameSocketHandler : New user on socket with ip : /0:0:0:0:0:0:0:1:64495
2021-07-11 00:11:19,454 INFO org.polytech.pfe.domego.services.sockets.room.RoomSocketHandler [http-nio-8080-exec-10] RoomSocketHandler : New user on socket with ip : /0:0:0:0:0:0:0:1:50069
2021-07-11 01:35:14,305 INFO org.polytech.pfe.domego.services.sockets.room.RoomSocketHandler [http-nio-8080-exec-13] RoomSocketHandler : Close session on socket with ip : /127.0.0.1:63665
2021-07-11 01:35:25,287 INFO org.polytech.pfe.domego.services.sockets.room.RoomSocketHandler [http-nio-8080-exec-5] RoomSocketHandler : Close session on socket with ip : /0:0:0:0:0:0:0:1:49401
2021-07-11 01:35:25,291 INFO org.polytech.pfe.domego.services.sockets.game.GameSocketHandler [http-nio-8080-exec-9] GameSocketHandler : Close session on socket with ip : /0:0:0:0:0:0:0:1:64716
2021-07-11 01:35:25,535 INFO org.polytech.pfe.domego.services.sockets.room.RoomSocketHandler [http-nio-8080-exec-15] RoomSocketHandler : Close session on socket with ip : /0:0:0:0:0:0:0:1:52812
2021-07-11 01:35:25,536 INFO org.polytech.pfe.domego.services.sockets.game.GameSocketHandler [http-nio-8080-exec-4] GameSocketHandler : Close session on socket with ip : /0:0:0:0:0:0:0:1:58272
2021-07-11 01:35:25,609 INFO org.polytech.pfe.domego.services.sockets.room.RoomSocketHandler [http-nio-8080-exec-3] RoomSocketHandler : Close session on socket with ip : /0:0:0:0:0:0:0:1:50069
2021-07-11 01:35:25,609 INFO org.polytech.pfe.domego.services.sockets.game.GameSocketHandler [http-nio-8080-exec-10] GameSocketHandler : Close session on socket with ip : /0:0:0:0:0:0:0:1:64495
2021-07-11 01:35:25,644 INFO org.polytech.pfe.domego.services.sockets.room.RoomSocketHandler [http-nio-8080-exec-6] RoomSocketHandler : Close session on socket with ip : /0:0:0:0:0:0:0:1:49478
2021-07-11 01:35:25,643 INFO org.polytech.pfe.domego.services.sockets.game.GameSocketHandler [http-nio-8080-exec-14] GameSocketHandler : Close session on socket with ip : /0:0:0:0:0:0:0:1:56967
2021-07-11 01:35:25,651 INFO org.polytech.pfe.domego.services.sockets.room.RoomSocketHandler [http-nio-8080-exec-8] RoomSocketHandler : Close session on socket with ip : /0:0:0:0:0:0:0:1:56551
2021-07-11 01:35:25,652 INFO org.polytech.pfe.domego.services.sockets.game.GameSocketHandler [http-nio-8080-exec-13] GameSocketHandler : Close session on socket with ip : /0:0:0:0:0:0:0:1:64324
2021-07-11 01:35:25,808 INFO org.polytech.pfe.domego.services.sockets.game.GameSocketHandler [http-nio-8080-exec-5] GameSocketHandler : Close session on socket with ip : /0:0:0:0:0:0:0:1:64070
2021-07-11 01:35:25,809 INFO org.polytech.pfe.domego.services.sockets.room.RoomSocketHandler [http-nio-8080-exec-9] RoomSocketHandler : Close session on socket with ip : /0:0:0:0:0:0:0:1:53215
