2021-07-16 09:44:28,465 INFO org.polytech.pfe.domego.services.sockets.game.GameSocketHandler [http-nio-8080-exec-11] GameSocketHandler : New user on socket with ip : /0:0:0:0:0:0:0:1:52589
2021-07-16 09:44:36,903 INFO org.polytech.pfe.domego.services.sockets.game.GameSocketHandler [http-nio-8080-exec-8] GameSocketHandler : Close session on socket with ip : /0:0:0:0:0:0:0:1:52589
2021-07-16 09:44:46,039 INFO org.polytech.pfe.domego.services.sockets.game.GameSocketHandler [http-nio-8080-exec-2] GameSocketHandler : New user on socket with ip : /0:0:0:0:0:0:0:1:58700
2021-07-16 09:44:46,997 INFO org.polytech.pfe.domego.services.sockets.game.GameSocketHandler [http-nio-8080-exec-3] GameSocketHandler : Close session on socket with ip : /0:0:0:0:0:0:0:1:58700
2021-07-16 09:44:59,598 INFO org.polytech.pfe.domego.services.sockets.room.RoomSocketHandler [http-nio-8080-exec-9] RoomSocketHandler : New user on socket with ip : /0:0:0:0:0:0:0:1:53292
2021-07-16 09:45:10,332 INFO org.springframework.scheduling.concurrent.ExecutorConfigurationSupport [SpringContextShutdownHook] Shutting down ExecutorService 'applicationTaskExecutor'
2021-07-16 09:45:10,387 INFO org.springframework.scheduling.concurrent.ExecutorConfigurationSupport [SpringContextShutdownHook] Shutting down ExecutorService 'defaultSockJsTaskScheduler'
2021-07-16 09:45:10,572 INFO com.mongodb.diagnostics.logging.SLF4JLogger [SpringContextShutdownHook] Closed connection [connectionId{localValue:2, serverValue:31}] to localhost:27017 because the pool has been closed.
2021-07-16 09:45:53,165 INFO org.springframework.boot.StartupInfoLogger [main] Starting DomegoApplication on PC-8 with PID 3984 (D:\SI4\Stage\SI4-stage-Domego\Server\target\classes started by Utilisateur in D:\SI4\Stage\SI4-stage-Domego\Server)
2021-07-16 09:45:53,179 INFO org.springframework.boot.SpringApplication [main] No active profile set, falling back to default profiles: default
2021-07-16 09:45:54,936 INFO org.springframework.data.repository.config.RepositoryConfigurationDelegate [main] Bootstrapping Spring Data repositories in DEFAULT mode.
2021-07-16 09:45:55,176 INFO org.springframework.data.repository.config.RepositoryConfigurationDelegate [main] Finished Spring Data repository scanning in 225ms. Found 2 repository interfaces.
2021-07-16 09:45:56,341 INFO org.springframework.boot.web.embedded.tomcat.TomcatWebServer [main] Tomcat initialized with port(s): 8080 (http)
2021-07-16 09:45:56,374 INFO org.apache.juli.logging.DirectJDKLog [main] Initializing ProtocolHandler ["http-nio-8080"]
2021-07-16 09:45:56,377 INFO org.apache.juli.logging.DirectJDKLog [main] Starting service [Tomcat]
2021-07-16 09:45:56,383 INFO org.apache.juli.logging.DirectJDKLog [main] Starting Servlet engine: [Apache Tomcat/9.0.27]
2021-07-16 09:45:56,681 INFO org.apache.juli.logging.DirectJDKLog [main] Initializing Spring embedded WebApplicationContext
2021-07-16 09:45:56,683 INFO org.springframework.boot.web.servlet.context.ServletWebServerApplicationContext [main] Root WebApplicationContext: initialization completed in 3394 ms
2021-07-16 09:45:57,446 INFO com.mongodb.diagnostics.logging.SLF4JLogger [main] Cluster created with settings {hosts=[localhost:27017], mode=MULTIPLE, requiredClusterType=UNKNOWN, serverSelectionTimeout='30000 ms', maxWaitQueueSize=500}
2021-07-16 09:45:57,449 INFO com.mongodb.diagnostics.logging.SLF4JLogger [main] Adding discovered server localhost:27017 to client view of cluster
2021-07-16 09:45:57,586 INFO com.mongodb.diagnostics.logging.SLF4JLogger [cluster-ClusterId{value='60f13935cf47513fbe2ac509', description='null'}-localhost:27017] Opened connection [connectionId{localValue:1, serverValue:32}] to localhost:27017
2021-07-16 09:45:57,600 INFO com.mongodb.diagnostics.logging.SLF4JLogger [cluster-ClusterId{value='60f13935cf47513fbe2ac509', description='null'}-localhost:27017] Monitor thread successfully connected to server with description ServerDescription{address=localhost:27017, type=STANDALONE, state=CONNECTED, ok=true, version=ServerVersion{versionList=[4, 4, 5]}, minWireVersion=0, maxWireVersion=9, maxDocumentSize=16777216, logicalSessionTimeoutMinutes=30, roundTripTimeNanos=6314400}
2021-07-16 09:45:57,607 INFO com.mongodb.diagnostics.logging.SLF4JLogger [cluster-ClusterId{value='60f13935cf47513fbe2ac509', description='null'}-localhost:27017] Discovered cluster type of STANDALONE
2021-07-16 09:45:57,727 WARN org.springframework.data.convert.CustomConversions [main] Registering converter from class java.time.LocalDateTime to class java.time.Instant as reading converter although it doesn't convert from a store-supported type! You might wanna check you annotation setup at the converter implementation.
2021-07-16 09:45:57,731 WARN org.springframework.data.convert.CustomConversions [main] Registering converter from class java.time.Instant to class java.time.LocalDateTime as reading converter although it doesn't convert from a store-supported type! You might wanna check you annotation setup at the converter implementation.
2021-07-16 09:45:57,936 WARN org.springframework.data.convert.CustomConversions [main] Registering converter from class java.time.LocalDateTime to class java.time.Instant as reading converter although it doesn't convert from a store-supported type! You might wanna check you annotation setup at the converter implementation.
2021-07-16 09:45:57,939 WARN org.springframework.data.convert.CustomConversions [main] Registering converter from class java.time.Instant to class java.time.LocalDateTime as reading converter although it doesn't convert from a store-supported type! You might wanna check you annotation setup at the converter implementation.
2021-07-16 09:45:58,358 INFO com.mongodb.diagnostics.logging.SLF4JLogger [main] Opened connection [connectionId{localValue:2, serverValue:33}] to localhost:27017
2021-07-16 09:45:58,620 INFO org.springframework.scheduling.concurrent.ExecutorConfigurationSupport [main] Initializing ExecutorService 'defaultSockJsTaskScheduler'
2021-07-16 09:45:58,999 INFO org.springframework.scheduling.concurrent.ExecutorConfigurationSupport [main] Initializing ExecutorService 'applicationTaskExecutor'
2021-07-16 09:45:59,143 INFO org.springframework.boot.autoconfigure.web.servlet.WelcomePageHandlerMapping [main] Adding welcome page: class path resource [static/index.html]
2021-07-16 09:45:59,403 INFO org.apache.juli.logging.DirectJDKLog [main] Starting ProtocolHandler ["http-nio-8080"]
2021-07-16 09:45:59,478 INFO org.springframework.boot.web.embedded.tomcat.TomcatWebServer [main] Tomcat started on port(s): 8080 (http) with context path ''
2021-07-16 09:45:59,489 INFO org.springframework.boot.StartupInfoLogger [main] Started DomegoApplication in 8.99 seconds (JVM running for 10.199)
2021-07-16 09:45:59,638 INFO org.apache.juli.logging.DirectJDKLog [http-nio-8080-exec-1] Initializing Spring DispatcherServlet 'dispatcherServlet'
2021-07-16 09:45:59,645 INFO org.springframework.web.servlet.FrameworkServlet [http-nio-8080-exec-1] Initializing Servlet 'dispatcherServlet'
2021-07-16 09:45:59,662 INFO org.springframework.web.servlet.FrameworkServlet [http-nio-8080-exec-1] Completed initialization in 15 ms
2021-07-16 09:45:59,838 INFO org.polytech.pfe.domego.services.sockets.room.RoomSocketHandler [http-nio-8080-exec-1] RoomSocketHandler : New user on socket with ip : /0:0:0:0:0:0:0:1:52735
2021-07-16 09:46:19,972 INFO org.polytech.pfe.domego.services.sockets.game.GameSocketHandler [http-nio-8080-exec-10] GameSocketHandler : New user on socket with ip : /0:0:0:0:0:0:0:1:54257
2021-07-16 09:46:39,232 INFO org.polytech.pfe.domego.services.sockets.game.GameSocketHandler [http-nio-8080-exec-2] GameSocketHandler : Close session on socket with ip : /0:0:0:0:0:0:0:1:54257
2021-07-16 09:46:45,633 INFO org.polytech.pfe.domego.services.sockets.room.RoomSocketHandler [http-nio-8080-exec-7] RoomSocketHandler : New user on socket with ip : /0:0:0:0:0:0:0:1:51359
2021-07-16 09:46:57,161 INFO org.polytech.pfe.domego.services.sockets.room.RoomSocketHandler [http-nio-8080-exec-2] RoomSocketHandler : New user on socket with ip : /0:0:0:0:0:0:0:1:60970
2021-07-16 09:46:57,231 INFO org.polytech.pfe.domego.services.sockets.room.RoomRequestHandler [http-nio-8080-exec-4] RoomRequestHandler : New Room request type : class org.polytech.pfe.domego.protocol.room.CreateGameEvent
2021-07-16 09:46:57,259 INFO org.polytech.pfe.domego.protocol.room.CreateGameEvent [http-nio-8080-exec-4] CreateGameEvent : A has created a Room named : A's lobby with ID : 78ec3b8a-6ff1-40fc-b789-d066da39ed59
2021-07-16 09:46:57,271 INFO org.polytech.pfe.domego.services.sockets.game.GameSocketHandler [http-nio-8080-exec-5] GameSocketHandler : New user on socket with ip : /0:0:0:0:0:0:0:1:60685
2021-07-16 09:47:01,314 INFO org.polytech.pfe.domego.services.sockets.room.RoomSocketHandler [http-nio-8080-exec-9] RoomSocketHandler : New user on socket with ip : /0:0:0:0:0:0:0:1:60647
2021-07-16 09:47:04,292 INFO org.polytech.pfe.domego.services.sockets.room.RoomRequestHandler [http-nio-8080-exec-5] RoomRequestHandler : New Room request type : class org.polytech.pfe.domego.protocol.room.ChooseRoleEvent
2021-07-16 09:47:04,422 INFO org.polytech.pfe.domego.protocol.room.ChooseRoleEvent [http-nio-8080-exec-5] ChooseRoleEvent : In game : 78ec3b8a-6ff1-40fc-b789-d066da39ed59 the player name : A has change role, new role : MANAGER
2021-07-16 09:47:05,452 INFO org.polytech.pfe.domego.services.sockets.room.RoomRequestHandler [http-nio-8080-exec-1] RoomRequestHandler : New Room request type : class org.polytech.pfe.domego.protocol.room.ChangeStatusEvent
2021-07-16 09:47:05,456 INFO org.polytech.pfe.domego.protocol.room.ChangeStatusEvent [http-nio-8080-exec-1] ChangeStatusEvent : In game : 78ec3b8a-6ff1-40fc-b789-d066da39ed59 the player name : A has change status, new status : Ready
2021-07-16 09:47:12,997 INFO org.polytech.pfe.domego.services.sockets.room.RoomRequestHandler [http-nio-8080-exec-6] RoomRequestHandler : New Room request type : class org.polytech.pfe.domego.protocol.room.JoinRoomEvent
2021-07-16 09:47:12,999 INFO org.polytech.pfe.domego.protocol.room.JoinRoomEvent [http-nio-8080-exec-6] JoinRoomEvent : New player named : Z has join the room : 78ec3b8a-6ff1-40fc-b789-d066da39ed59
2021-07-16 09:47:13,049 INFO org.polytech.pfe.domego.services.sockets.game.GameSocketHandler [http-nio-8080-exec-1] GameSocketHandler : New user on socket with ip : /0:0:0:0:0:0:0:1:57255
2021-07-16 09:47:15,650 INFO org.polytech.pfe.domego.services.sockets.room.RoomRequestHandler [http-nio-8080-exec-10] RoomRequestHandler : New Room request type : class org.polytech.pfe.domego.protocol.room.ChooseRoleEvent
2021-07-16 09:47:15,659 INFO org.polytech.pfe.domego.protocol.room.ChooseRoleEvent [http-nio-8080-exec-10] ChooseRoleEvent : In game : 78ec3b8a-6ff1-40fc-b789-d066da39ed59 the player name : Z has change role, new role : ARCHITECT
2021-07-16 09:47:16,790 INFO org.polytech.pfe.domego.services.sockets.room.RoomRequestHandler [http-nio-8080-exec-2] RoomRequestHandler : New Room request type : class org.polytech.pfe.domego.protocol.room.ChangeStatusEvent
2021-07-16 09:47:16,795 INFO org.polytech.pfe.domego.protocol.room.ChangeStatusEvent [http-nio-8080-exec-2] ChangeStatusEvent : In game : 78ec3b8a-6ff1-40fc-b789-d066da39ed59 the player name : Z has change status, new status : Ready
2021-07-16 09:47:23,712 INFO org.polytech.pfe.domego.services.sockets.room.RoomRequestHandler [http-nio-8080-exec-7] RoomRequestHandler : New Room request type : class org.polytech.pfe.domego.protocol.room.JoinRoomEvent
2021-07-16 09:47:23,714 INFO org.polytech.pfe.domego.protocol.room.JoinRoomEvent [http-nio-8080-exec-7] JoinRoomEvent : New player named : E has join the room : 78ec3b8a-6ff1-40fc-b789-d066da39ed59
2021-07-16 09:47:23,781 INFO org.polytech.pfe.domego.services.sockets.game.GameSocketHandler [http-nio-8080-exec-10] GameSocketHandler : New user on socket with ip : /0:0:0:0:0:0:0:1:55417
2021-07-16 09:47:26,306 INFO org.polytech.pfe.domego.services.sockets.room.RoomRequestHandler [http-nio-8080-exec-4] RoomRequestHandler : New Room request type : class org.polytech.pfe.domego.protocol.room.ChooseRoleEvent
2021-07-16 09:47:26,314 INFO org.polytech.pfe.domego.protocol.room.ChooseRoleEvent [http-nio-8080-exec-4] ChooseRoleEvent : In game : 78ec3b8a-6ff1-40fc-b789-d066da39ed59 the player name : E has change role, new role : OFFICER
2021-07-16 09:47:27,417 INFO org.polytech.pfe.domego.services.sockets.room.RoomRequestHandler [http-nio-8080-exec-6] RoomRequestHandler : New Room request type : class org.polytech.pfe.domego.protocol.room.ChangeStatusEvent
2021-07-16 09:47:27,420 INFO org.polytech.pfe.domego.protocol.room.ChangeStatusEvent [http-nio-8080-exec-6] ChangeStatusEvent : In game : 78ec3b8a-6ff1-40fc-b789-d066da39ed59 the player name : E has change status, new status : Ready
2021-07-16 09:47:38,184 INFO org.polytech.pfe.domego.services.sockets.game.GameSocketHandler [http-nio-8080-exec-4] GameSocketHandler : New user on socket with ip : /0:0:0:0:0:0:0:1:52567
2021-07-16 09:47:45,346 INFO org.polytech.pfe.domego.services.sockets.game.GameSocketHandler [http-nio-8080-exec-8] GameSocketHandler : Close session on socket with ip : /0:0:0:0:0:0:0:1:52567
2021-07-16 09:47:49,636 INFO org.polytech.pfe.domego.services.sockets.room.RoomSocketHandler [http-nio-8080-exec-10] RoomSocketHandler : New user on socket with ip : /0:0:0:0:0:0:0:1:62111
2021-07-16 09:47:54,863 INFO org.polytech.pfe.domego.services.sockets.room.RoomSocketHandler [http-nio-8080-exec-5] RoomSocketHandler : Close session on socket with ip : /0:0:0:0:0:0:0:1:52735
2021-07-16 09:47:55,942 INFO org.polytech.pfe.domego.services.sockets.room.RoomSocketHandler [http-nio-8080-exec-1] RoomSocketHandler : New user on socket with ip : /0:0:0:0:0:0:0:1:61051
2021-07-16 09:47:59,874 INFO org.polytech.pfe.domego.services.sockets.room.RoomSocketHandler [http-nio-8080-exec-7] RoomSocketHandler : New user on socket with ip : /0:0:0:0:0:0:0:1:62234
2021-07-16 09:48:01,410 INFO org.polytech.pfe.domego.services.sockets.room.RoomRequestHandler [http-nio-8080-exec-4] RoomRequestHandler : New Room request type : class org.polytech.pfe.domego.protocol.room.JoinRoomEvent
2021-07-16 09:48:01,412 INFO org.polytech.pfe.domego.protocol.room.JoinRoomEvent [http-nio-8080-exec-4] JoinRoomEvent : New player named : T has join the room : 78ec3b8a-6ff1-40fc-b789-d066da39ed59
2021-07-16 09:48:01,453 INFO org.polytech.pfe.domego.services.sockets.game.GameSocketHandler [http-nio-8080-exec-5] GameSocketHandler : New user on socket with ip : /0:0:0:0:0:0:0:1:65385
2021-07-16 09:48:04,810 INFO org.polytech.pfe.domego.services.sockets.room.RoomRequestHandler [http-nio-8080-exec-6] RoomRequestHandler : New Room request type : class org.polytech.pfe.domego.protocol.room.ChooseRoleEvent
2021-07-16 09:48:04,817 INFO org.polytech.pfe.domego.protocol.room.ChooseRoleEvent [http-nio-8080-exec-6] ChooseRoleEvent : In game : 78ec3b8a-6ff1-40fc-b789-d066da39ed59 the player name : T has change role, new role : CONTROLLER
2021-07-16 09:48:06,114 INFO org.polytech.pfe.domego.services.sockets.room.RoomRequestHandler [http-nio-8080-exec-8] RoomRequestHandler : New Room request type : class org.polytech.pfe.domego.protocol.room.ChangeStatusEvent
2021-07-16 09:48:06,117 INFO org.polytech.pfe.domego.protocol.room.ChangeStatusEvent [http-nio-8080-exec-8] ChangeStatusEvent : In game : 78ec3b8a-6ff1-40fc-b789-d066da39ed59 the player name : T has change status, new status : Ready
2021-07-16 09:48:11,978 INFO org.polytech.pfe.domego.services.sockets.room.RoomRequestHandler [http-nio-8080-exec-3] RoomRequestHandler : New Room request type : class org.polytech.pfe.domego.protocol.room.JoinRoomEvent
2021-07-16 09:48:11,980 INFO org.polytech.pfe.domego.protocol.room.JoinRoomEvent [http-nio-8080-exec-3] JoinRoomEvent : New player named : Y has join the room : 78ec3b8a-6ff1-40fc-b789-d066da39ed59
2021-07-16 09:48:12,020 INFO org.polytech.pfe.domego.services.sockets.game.GameSocketHandler [http-nio-8080-exec-4] GameSocketHandler : New user on socket with ip : /0:0:0:0:0:0:0:1:51131
2021-07-16 09:48:14,230 INFO org.polytech.pfe.domego.services.sockets.room.RoomRequestHandler [http-nio-8080-exec-5] RoomRequestHandler : New Room request type : class org.polytech.pfe.domego.protocol.room.ChooseRoleEvent
2021-07-16 09:48:14,238 INFO org.polytech.pfe.domego.protocol.room.ChooseRoleEvent [http-nio-8080-exec-5] ChooseRoleEvent : In game : 78ec3b8a-6ff1-40fc-b789-d066da39ed59 the player name : Y has change role, new role : SECONDARY
2021-07-16 09:48:15,608 INFO org.polytech.pfe.domego.services.sockets.room.RoomRequestHandler [http-nio-8080-exec-1] RoomRequestHandler : New Room request type : class org.polytech.pfe.domego.protocol.room.ChangeStatusEvent
2021-07-16 09:48:15,625 INFO org.polytech.pfe.domego.protocol.room.ChangeStatusEvent [http-nio-8080-exec-1] ChangeStatusEvent : In game : 78ec3b8a-6ff1-40fc-b789-d066da39ed59 the player name : Y has change status, new status : Ready
2021-07-16 09:48:21,655 INFO org.polytech.pfe.domego.services.sockets.room.RoomRequestHandler [http-nio-8080-exec-7] RoomRequestHandler : New Room request type : class org.polytech.pfe.domego.protocol.room.JoinRoomEvent
2021-07-16 09:48:21,657 INFO org.polytech.pfe.domego.protocol.room.JoinRoomEvent [http-nio-8080-exec-7] JoinRoomEvent : New player named : U has join the room : 78ec3b8a-6ff1-40fc-b789-d066da39ed59
2021-07-16 09:48:21,696 INFO org.polytech.pfe.domego.services.sockets.game.GameSocketHandler [http-nio-8080-exec-10] GameSocketHandler : New user on socket with ip : /0:0:0:0:0:0:0:1:61904
2021-07-16 09:48:26,061 INFO org.polytech.pfe.domego.services.sockets.room.RoomRequestHandler [http-nio-8080-exec-2] RoomRequestHandler : New Room request type : class org.polytech.pfe.domego.protocol.room.ChooseRoleEvent
2021-07-16 09:48:26,073 INFO org.polytech.pfe.domego.protocol.room.ChooseRoleEvent [http-nio-8080-exec-2] ChooseRoleEvent : In game : 78ec3b8a-6ff1-40fc-b789-d066da39ed59 the player name : U has change role, new role : 
2021-07-16 09:48:27,387 INFO org.polytech.pfe.domego.services.sockets.room.RoomRequestHandler [http-nio-8080-exec-3] RoomRequestHandler : New Room request type : class org.polytech.pfe.domego.protocol.room.ChangeStatusEvent
2021-07-16 09:48:27,390 INFO org.polytech.pfe.domego.protocol.room.ChangeStatusEvent [http-nio-8080-exec-3] ChangeStatusEvent : In game : 78ec3b8a-6ff1-40fc-b789-d066da39ed59 the player name : U has change status, new status : Ready
2021-07-16 09:48:42,447 INFO org.polytech.pfe.domego.services.sockets.room.RoomRequestHandler [http-nio-8080-exec-5] RoomRequestHandler : New Room request type : class org.polytech.pfe.domego.protocol.room.StartGameEvent
2021-07-16 09:48:42,519 INFO org.polytech.pfe.domego.protocol.room.StartGameEvent [http-nio-8080-exec-5] StartGameEvent: Player name : A start the game for room with ID 78ec3b8a-6ff1-40fc-b789-d066da39ed59
2021-07-16 09:48:42,523 INFO org.polytech.pfe.domego.protocol.room.StartGameEvent [http-nio-8080-exec-5] StartGameEvent : Delete room : 78ec3b8a-6ff1-40fc-b789-d066da39ed59
2021-07-16 09:48:42,561 INFO org.polytech.pfe.domego.protocol.game.JoinGameEvent [http-nio-8080-exec-6] JoinGameEvent : Le joueur : A a rejoint la partie : 78ec3b8a-6ff1-40fc-b789-d066da39ed59
2021-07-16 09:48:42,562 INFO org.polytech.pfe.domego.protocol.game.JoinGameEvent [http-nio-8080-exec-1] JoinGameEvent : Le joueur : T a rejoint la partie : 78ec3b8a-6ff1-40fc-b789-d066da39ed59
2021-07-16 09:48:42,707 INFO org.polytech.pfe.domego.protocol.game.JoinGameEvent [http-nio-8080-exec-8] JoinGameEvent : Le joueur : U a rejoint la partie : 78ec3b8a-6ff1-40fc-b789-d066da39ed59
2021-07-16 09:48:42,728 INFO org.polytech.pfe.domego.protocol.game.JoinGameEvent [http-nio-8080-exec-9] JoinGameEvent : Le joueur : Y a rejoint la partie : 78ec3b8a-6ff1-40fc-b789-d066da39ed59
2021-07-16 09:48:42,875 INFO org.polytech.pfe.domego.protocol.game.JoinGameEvent [http-nio-8080-exec-7] JoinGameEvent : Le joueur : Z a rejoint la partie : 78ec3b8a-6ff1-40fc-b789-d066da39ed59
2021-07-16 09:48:42,949 INFO org.polytech.pfe.domego.protocol.game.JoinGameEvent [http-nio-8080-exec-10] JoinGameEvent : Le joueur : E a rejoint la partie : 78ec3b8a-6ff1-40fc-b789-d066da39ed59
2021-07-16 09:48:43,062 INFO org.polytech.pfe.domego.protocol.game.LaunchGameEvent [http-nio-8080-exec-10] LaunchGameEvent : Send Message LaunchGameEvent to all players
2021-07-16 09:50:50,286 INFO org.polytech.pfe.domego.protocol.game.BuyResourceEvent [http-nio-8080-exec-2] BuyResourceEvent : In game  78ec3b8a-6ff1-40fc-b789-d066da39ed59 the player named : A has buy 29 resources. He has now : 29 resources and : 121 money.
2021-07-16 09:50:55,051 INFO org.polytech.pfe.domego.models.activity.Activity [http-nio-8080-exec-3] The RISKS payment is done
2021-07-16 09:50:55,077 INFO org.polytech.pfe.domego.models.activity.Activity [http-nio-8080-exec-3] The mandatory payment is done
2021-07-16 09:50:55,089 INFO org.polytech.pfe.domego.protocol.game.PayResourcesEvent [http-nio-8080-exec-3] PaymentResourcesEvent : In the game 78ec3b8a-6ff1-40fc-b789-d066da39ed59, the player named A has realize 2 payment for the activity : 1
2021-07-16 09:50:55,128 INFO org.polytech.pfe.domego.protocol.game.PayResourcesEvent [http-nio-8080-exec-3] PaymentResourcesEvent : List Payment :  [Payment{amount=3, type='RISKS'}, Payment{amount=1, type='MANDATORY'}]
2021-07-16 09:50:55,131 INFO org.polytech.pfe.domego.protocol.game.PayResourcesEvent [http-nio-8080-exec-3] PaymentResourcesEvent : In the game 78ec3b8a-6ff1-40fc-b789-d066da39ed59, the player named A has now 25 resources
2021-07-16 09:50:55,173 INFO org.polytech.pfe.domego.protocol.game.DrawCardEvent [http-nio-8080-exec-3] DrawCardEvent : In the game 78ec3b8a-6ff1-40fc-b789-d066da39ed59 for the activity 1 they draw 0 risk cards and 0 quality card
2021-07-16 09:50:55,179 INFO org.polytech.pfe.domego.protocol.game.DrawCardEvent [http-nio-8080-exec-3] DrawCardEvent : List of Risk : []
2021-07-16 09:50:55,182 INFO org.polytech.pfe.domego.protocol.game.DrawCardEvent [http-nio-8080-exec-3] DrawCardEvent : List of Quality : []
2021-07-16 09:50:55,209 INFO org.polytech.pfe.domego.protocol.game.ChangeActivityEvent [http-nio-8080-exec-3] ChangeActivityEvent : In game : 78ec3b8a-6ff1-40fc-b789-d066da39ed59, the current activity is now 2
2021-07-16 09:51:09,473 INFO org.polytech.pfe.domego.protocol.game.UpdatePedagogiquePointEvent [http-nio-8080-exec-4] Mise à jour des points pédagogiques
2021-07-16 09:51:16,781 INFO org.polytech.pfe.domego.protocol.game.UpdatePedagogiquePointEvent [http-nio-8080-exec-5] Mise à jour des points pédagogiques
2021-07-16 09:51:27,059 INFO org.polytech.pfe.domego.protocol.game.UpdatePedagogiquePointEvent [http-nio-8080-exec-1] Mise à jour des points pédagogiques
2021-07-16 09:51:27,109 INFO org.polytech.pfe.domego.protocol.game.UpdatePedagogiquePointEvent [http-nio-8080-exec-6] Mise à jour des points pédagogiques
2021-07-16 09:51:27,390 INFO org.polytech.pfe.domego.protocol.game.UpdatePedagogiquePointEvent [http-nio-8080-exec-8] Mise à jour des points pédagogiques
2021-07-16 10:03:43,760 INFO org.polytech.pfe.domego.models.activity.Activity [http-nio-8080-exec-9] The mandatory payment is done
2021-07-16 10:03:43,763 INFO org.polytech.pfe.domego.protocol.game.PayResourcesEvent [http-nio-8080-exec-9] PaymentResourcesEvent : In the game 78ec3b8a-6ff1-40fc-b789-d066da39ed59, the player named A has realize 1 payment for the activity : 2
2021-07-16 10:03:43,764 INFO org.polytech.pfe.domego.protocol.game.PayResourcesEvent [http-nio-8080-exec-9] PaymentResourcesEvent : List Payment :  [Payment{amount=1, type='MANDATORY'}]
2021-07-16 10:03:43,766 INFO org.polytech.pfe.domego.protocol.game.PayResourcesEvent [http-nio-8080-exec-9] PaymentResourcesEvent : In the game 78ec3b8a-6ff1-40fc-b789-d066da39ed59, the player named A has now 24 resources
2021-07-16 10:03:43,776 INFO org.polytech.pfe.domego.protocol.game.DrawCardEvent [http-nio-8080-exec-9] DrawCardEvent : In the game 78ec3b8a-6ff1-40fc-b789-d066da39ed59 for the activity 2 they draw 2 risk cards and 0 quality card
2021-07-16 10:03:43,804 INFO org.polytech.pfe.domego.protocol.game.DrawCardEvent [http-nio-8080-exec-9] DrawCardEvent : List of Risk : [RiskAction{riskOfActivityId=2, description='Projet apprécié par le voisinage', bonusList=[RiskBonus{activityID=10, amount=1}]}, RiskAction{riskOfActivityId=2, description='Café pas bon', bonusList=[]}]
2021-07-16 10:03:43,807 INFO org.polytech.pfe.domego.protocol.game.DrawCardEvent [http-nio-8080-exec-9] DrawCardEvent : List of Quality : []
2021-07-16 10:03:43,820 INFO org.polytech.pfe.domego.protocol.game.ChangeActivityEvent [http-nio-8080-exec-9] ChangeActivityEvent : In game : 78ec3b8a-6ff1-40fc-b789-d066da39ed59, the current activity is now 3
2021-07-16 10:05:10,439 INFO org.polytech.pfe.domego.protocol.game.UpdatePedagogiquePointEvent [http-nio-8080-exec-7] Mise à jour des points pédagogiques
2021-07-16 10:13:35,526 INFO org.polytech.pfe.domego.services.sockets.game.GameSocketHandler [http-nio-8080-exec-10] GameSocketHandler : Close session on socket with ip : /0:0:0:0:0:0:0:1:60685
2021-07-16 10:13:35,526 INFO org.polytech.pfe.domego.services.sockets.room.RoomSocketHandler [http-nio-8080-exec-2] RoomSocketHandler : Close session on socket with ip : /0:0:0:0:0:0:0:1:51359
2021-07-16 10:13:39,622 INFO org.polytech.pfe.domego.services.sockets.room.RoomSocketHandler [http-nio-8080-exec-3] RoomSocketHandler : Close session on socket with ip : /0:0:0:0:0:0:0:1:60970
2021-07-16 10:13:39,622 INFO org.polytech.pfe.domego.services.sockets.game.GameSocketHandler [http-nio-8080-exec-4] GameSocketHandler : Close session on socket with ip : /0:0:0:0:0:0:0:1:57255
2021-07-16 10:13:43,054 INFO org.polytech.pfe.domego.services.sockets.room.RoomSocketHandler [http-nio-8080-exec-5] RoomSocketHandler : Close session on socket with ip : /0:0:0:0:0:0:0:1:60647
2021-07-16 10:13:43,054 INFO org.polytech.pfe.domego.services.sockets.game.GameSocketHandler [http-nio-8080-exec-1] GameSocketHandler : Close session on socket with ip : /0:0:0:0:0:0:0:1:55417
2021-07-16 10:13:45,821 INFO org.polytech.pfe.domego.services.sockets.room.RoomSocketHandler [http-nio-8080-exec-6] RoomSocketHandler : New user on socket with ip : /0:0:0:0:0:0:0:1:63291
2021-07-16 10:13:46,995 INFO org.polytech.pfe.domego.services.sockets.room.RoomSocketHandler [http-nio-8080-exec-9] RoomSocketHandler : Close session on socket with ip : /0:0:0:0:0:0:0:1:62111
2021-07-16 10:13:46,996 INFO org.polytech.pfe.domego.services.sockets.game.GameSocketHandler [http-nio-8080-exec-7] GameSocketHandler : Close session on socket with ip : /0:0:0:0:0:0:0:1:65385
2021-07-16 10:13:50,776 INFO org.polytech.pfe.domego.services.sockets.room.RoomSocketHandler [http-nio-8080-exec-2] RoomSocketHandler : Close session on socket with ip : /0:0:0:0:0:0:0:1:61051
2021-07-16 10:13:50,777 INFO org.polytech.pfe.domego.services.sockets.game.GameSocketHandler [http-nio-8080-exec-4] GameSocketHandler : Close session on socket with ip : /0:0:0:0:0:0:0:1:51131
2021-07-16 10:13:54,874 INFO org.polytech.pfe.domego.services.sockets.game.GameSocketHandler [http-nio-8080-exec-5] GameSocketHandler : Close session on socket with ip : /0:0:0:0:0:0:0:1:61904
2021-07-16 10:13:54,884 INFO org.polytech.pfe.domego.services.sockets.room.RoomSocketHandler [http-nio-8080-exec-1] RoomSocketHandler : Close session on socket with ip : /0:0:0:0:0:0:0:1:62234
2021-07-16 10:14:02,277 INFO org.polytech.pfe.domego.services.sockets.room.RoomSocketHandler [http-nio-8080-exec-7] RoomSocketHandler : New user on socket with ip : /0:0:0:0:0:0:0:1:60616
2021-07-16 10:14:04,220 INFO org.polytech.pfe.domego.services.sockets.room.RoomRequestHandler [http-nio-8080-exec-2] RoomRequestHandler : New Room request type : class org.polytech.pfe.domego.protocol.room.CreateGameEvent
2021-07-16 10:14:04,223 INFO org.polytech.pfe.domego.protocol.room.CreateGameEvent [http-nio-8080-exec-2] CreateGameEvent : A has created a Room named : A's lobby with ID : 52622acb-ccb0-40d3-8482-2261ba0bf599
2021-07-16 10:14:04,287 INFO org.polytech.pfe.domego.services.sockets.game.GameSocketHandler [http-nio-8080-exec-4] GameSocketHandler : New user on socket with ip : /0:0:0:0:0:0:0:1:58405
2021-07-16 10:14:05,127 INFO org.polytech.pfe.domego.services.sockets.room.RoomSocketHandler [http-nio-8080-exec-3] RoomSocketHandler : New user on socket with ip : /0:0:0:0:0:0:0:1:59436
2021-07-16 10:14:05,743 INFO org.polytech.pfe.domego.services.sockets.room.RoomSocketHandler [http-nio-8080-exec-1] RoomSocketHandler : New user on socket with ip : /0:0:0:0:0:0:0:1:58218
2021-07-16 10:14:07,407 INFO org.polytech.pfe.domego.services.sockets.room.RoomSocketHandler [http-nio-8080-exec-9] RoomSocketHandler : New user on socket with ip : /0:0:0:0:0:0:0:1:61847
2021-07-16 10:14:08,733 INFO org.polytech.pfe.domego.services.sockets.room.RoomSocketHandler [http-nio-8080-exec-2] RoomSocketHandler : New user on socket with ip : /0:0:0:0:0:0:0:1:51432
2021-07-16 10:14:14,132 INFO org.polytech.pfe.domego.services.sockets.room.RoomRequestHandler [http-nio-8080-exec-8] RoomRequestHandler : New Room request type : class org.polytech.pfe.domego.protocol.room.ChooseRoleEvent
2021-07-16 10:14:14,141 INFO org.polytech.pfe.domego.protocol.room.ChooseRoleEvent [http-nio-8080-exec-8] ChooseRoleEvent : In game : 52622acb-ccb0-40d3-8482-2261ba0bf599 the player name : A has change role, new role : MANAGER
2021-07-16 10:14:15,358 INFO org.polytech.pfe.domego.services.sockets.room.RoomRequestHandler [http-nio-8080-exec-7] RoomRequestHandler : New Room request type : class org.polytech.pfe.domego.protocol.room.ChangeStatusEvent
2021-07-16 10:14:15,367 INFO org.polytech.pfe.domego.protocol.room.ChangeStatusEvent [http-nio-8080-exec-7] ChangeStatusEvent : In game : 52622acb-ccb0-40d3-8482-2261ba0bf599 the player name : A has change status, new status : Ready
2021-07-16 10:14:34,207 INFO org.polytech.pfe.domego.services.sockets.room.RoomRequestHandler [http-nio-8080-exec-10] RoomRequestHandler : New Room request type : class org.polytech.pfe.domego.protocol.room.JoinRoomEvent
2021-07-16 10:14:34,210 INFO org.polytech.pfe.domego.protocol.room.JoinRoomEvent [http-nio-8080-exec-10] JoinRoomEvent : New player named : Z has join the room : 52622acb-ccb0-40d3-8482-2261ba0bf599
2021-07-16 10:14:34,241 INFO org.polytech.pfe.domego.services.sockets.game.GameSocketHandler [http-nio-8080-exec-2] GameSocketHandler : New user on socket with ip : /0:0:0:0:0:0:0:1:64706
2021-07-16 10:14:35,897 INFO org.polytech.pfe.domego.services.sockets.room.RoomRequestHandler [http-nio-8080-exec-4] RoomRequestHandler : New Room request type : class org.polytech.pfe.domego.protocol.room.ChooseRoleEvent
2021-07-16 10:14:35,903 INFO org.polytech.pfe.domego.protocol.room.ChooseRoleEvent [http-nio-8080-exec-4] ChooseRoleEvent : In game : 52622acb-ccb0-40d3-8482-2261ba0bf599 the player name : Z has change role, new role : ARCHITECT
2021-07-16 10:14:37,063 INFO org.polytech.pfe.domego.services.sockets.room.RoomRequestHandler [http-nio-8080-exec-1] RoomRequestHandler : New Room request type : class org.polytech.pfe.domego.protocol.room.ChangeStatusEvent
2021-07-16 10:14:37,065 INFO org.polytech.pfe.domego.protocol.room.ChangeStatusEvent [http-nio-8080-exec-1] ChangeStatusEvent : In game : 52622acb-ccb0-40d3-8482-2261ba0bf599 the player name : Z has change status, new status : Ready
2021-07-16 10:14:43,897 INFO org.polytech.pfe.domego.services.sockets.room.RoomRequestHandler [http-nio-8080-exec-2] RoomRequestHandler : New Room request type : class org.polytech.pfe.domego.protocol.room.JoinRoomEvent
2021-07-16 10:14:43,899 INFO org.polytech.pfe.domego.protocol.room.JoinRoomEvent [http-nio-8080-exec-2] JoinRoomEvent : New player named : E has join the room : 52622acb-ccb0-40d3-8482-2261ba0bf599
2021-07-16 10:14:43,932 INFO org.polytech.pfe.domego.services.sockets.game.GameSocketHandler [http-nio-8080-exec-4] GameSocketHandler : New user on socket with ip : /0:0:0:0:0:0:0:1:49482
2021-07-16 10:14:48,240 INFO org.polytech.pfe.domego.services.sockets.room.RoomRequestHandler [http-nio-8080-exec-6] RoomRequestHandler : New Room request type : class org.polytech.pfe.domego.protocol.room.ChooseRoleEvent
2021-07-16 10:14:48,246 INFO org.polytech.pfe.domego.protocol.room.ChooseRoleEvent [http-nio-8080-exec-6] ChooseRoleEvent : In game : 52622acb-ccb0-40d3-8482-2261ba0bf599 the player name : E has change role, new role : OFFICER
2021-07-16 10:14:49,606 INFO org.polytech.pfe.domego.services.sockets.room.RoomRequestHandler [http-nio-8080-exec-9] RoomRequestHandler : New Room request type : class org.polytech.pfe.domego.protocol.room.ChangeStatusEvent
2021-07-16 10:14:49,608 INFO org.polytech.pfe.domego.protocol.room.ChangeStatusEvent [http-nio-8080-exec-9] ChangeStatusEvent : In game : 52622acb-ccb0-40d3-8482-2261ba0bf599 the player name : E has change status, new status : Ready
2021-07-16 10:14:56,866 INFO org.polytech.pfe.domego.services.sockets.room.RoomRequestHandler [http-nio-8080-exec-3] RoomRequestHandler : New Room request type : class org.polytech.pfe.domego.protocol.room.JoinRoomEvent
2021-07-16 10:14:56,868 INFO org.polytech.pfe.domego.protocol.room.JoinRoomEvent [http-nio-8080-exec-3] JoinRoomEvent : New player named : T has join the room : 52622acb-ccb0-40d3-8482-2261ba0bf599
2021-07-16 10:14:56,918 INFO org.polytech.pfe.domego.services.sockets.game.GameSocketHandler [http-nio-8080-exec-5] GameSocketHandler : New user on socket with ip : /0:0:0:0:0:0:0:1:50502
2021-07-16 10:14:59,305 INFO org.polytech.pfe.domego.services.sockets.room.RoomRequestHandler [http-nio-8080-exec-8] RoomRequestHandler : New Room request type : class org.polytech.pfe.domego.protocol.room.ChooseRoleEvent
2021-07-16 10:14:59,320 INFO org.polytech.pfe.domego.protocol.room.ChooseRoleEvent [http-nio-8080-exec-8] ChooseRoleEvent : In game : 52622acb-ccb0-40d3-8482-2261ba0bf599 the player name : T has change role, new role : CONTROLLER
2021-07-16 10:15:00,544 INFO org.polytech.pfe.domego.services.sockets.room.RoomRequestHandler [http-nio-8080-exec-9] RoomRequestHandler : New Room request type : class org.polytech.pfe.domego.protocol.room.ChangeStatusEvent
2021-07-16 10:15:00,546 INFO org.polytech.pfe.domego.protocol.room.ChangeStatusEvent [http-nio-8080-exec-9] ChangeStatusEvent : In game : 52622acb-ccb0-40d3-8482-2261ba0bf599 the player name : T has change status, new status : Ready
2021-07-16 10:15:06,600 INFO org.polytech.pfe.domego.services.sockets.room.RoomRequestHandler [http-nio-8080-exec-3] RoomRequestHandler : New Room request type : class org.polytech.pfe.domego.protocol.room.JoinRoomEvent
2021-07-16 10:15:06,602 INFO org.polytech.pfe.domego.protocol.room.JoinRoomEvent [http-nio-8080-exec-3] JoinRoomEvent : New player named : G has join the room : 52622acb-ccb0-40d3-8482-2261ba0bf599
2021-07-16 10:15:06,641 INFO org.polytech.pfe.domego.services.sockets.game.GameSocketHandler [http-nio-8080-exec-5] GameSocketHandler : New user on socket with ip : /0:0:0:0:0:0:0:1:52570
2021-07-16 10:15:08,933 INFO org.polytech.pfe.domego.services.sockets.room.RoomRequestHandler [http-nio-8080-exec-1] RoomRequestHandler : New Room request type : class org.polytech.pfe.domego.protocol.room.ChooseRoleEvent
2021-07-16 10:15:08,942 INFO org.polytech.pfe.domego.protocol.room.ChooseRoleEvent [http-nio-8080-exec-1] ChooseRoleEvent : In game : 52622acb-ccb0-40d3-8482-2261ba0bf599 the player name : G has change role, new role : SECONDARY
2021-07-16 10:15:10,220 INFO org.polytech.pfe.domego.services.sockets.room.RoomRequestHandler [http-nio-8080-exec-8] RoomRequestHandler : New Room request type : class org.polytech.pfe.domego.protocol.room.ChangeStatusEvent
2021-07-16 10:15:10,222 INFO org.polytech.pfe.domego.protocol.room.ChangeStatusEvent [http-nio-8080-exec-8] ChangeStatusEvent : In game : 52622acb-ccb0-40d3-8482-2261ba0bf599 the player name : G has change status, new status : Ready
2021-07-16 10:15:16,541 INFO org.polytech.pfe.domego.services.sockets.room.RoomRequestHandler [http-nio-8080-exec-10] RoomRequestHandler : New Room request type : class org.polytech.pfe.domego.protocol.room.JoinRoomEvent
2021-07-16 10:15:16,543 INFO org.polytech.pfe.domego.protocol.room.JoinRoomEvent [http-nio-8080-exec-10] JoinRoomEvent : New player named : SDC has join the room : 52622acb-ccb0-40d3-8482-2261ba0bf599
2021-07-16 10:15:16,609 INFO org.polytech.pfe.domego.services.sockets.game.GameSocketHandler [http-nio-8080-exec-2] GameSocketHandler : New user on socket with ip : /0:0:0:0:0:0:0:1:53345
2021-07-16 10:15:19,109 INFO org.polytech.pfe.domego.services.sockets.room.RoomRequestHandler [http-nio-8080-exec-4] RoomRequestHandler : New Room request type : class org.polytech.pfe.domego.protocol.room.ChooseRoleEvent
2021-07-16 10:15:19,116 INFO org.polytech.pfe.domego.protocol.room.ChooseRoleEvent [http-nio-8080-exec-4] ChooseRoleEvent : In game : 52622acb-ccb0-40d3-8482-2261ba0bf599 the player name : SDC has change role, new role : 
2021-07-16 10:15:20,285 INFO org.polytech.pfe.domego.services.sockets.room.RoomRequestHandler [http-nio-8080-exec-3] RoomRequestHandler : New Room request type : class org.polytech.pfe.domego.protocol.room.ChangeStatusEvent
2021-07-16 10:15:20,288 INFO org.polytech.pfe.domego.protocol.room.ChangeStatusEvent [http-nio-8080-exec-3] ChangeStatusEvent : In game : 52622acb-ccb0-40d3-8482-2261ba0bf599 the player name : SDC has change status, new status : Ready
2021-07-16 10:20:07,493 INFO org.polytech.pfe.domego.services.sockets.room.RoomRequestHandler [http-nio-8080-exec-1] RoomRequestHandler : New Room request type : class org.polytech.pfe.domego.protocol.room.StartGameEvent
2021-07-16 10:20:07,507 INFO org.polytech.pfe.domego.protocol.room.StartGameEvent [http-nio-8080-exec-1] StartGameEvent: Player name : A start the game for room with ID 52622acb-ccb0-40d3-8482-2261ba0bf599
2021-07-16 10:20:07,509 INFO org.polytech.pfe.domego.protocol.room.StartGameEvent [http-nio-8080-exec-1] StartGameEvent : Delete room : 52622acb-ccb0-40d3-8482-2261ba0bf599
2021-07-16 10:20:07,521 INFO org.polytech.pfe.domego.protocol.game.JoinGameEvent [http-nio-8080-exec-6] JoinGameEvent : Le joueur : Z a rejoint la partie : 52622acb-ccb0-40d3-8482-2261ba0bf599
2021-07-16 10:20:07,530 INFO org.polytech.pfe.domego.protocol.game.JoinGameEvent [http-nio-8080-exec-8] JoinGameEvent : Le joueur : E a rejoint la partie : 52622acb-ccb0-40d3-8482-2261ba0bf599
2021-07-16 10:20:07,544 INFO org.polytech.pfe.domego.protocol.game.JoinGameEvent [http-nio-8080-exec-9] JoinGameEvent : Le joueur : T a rejoint la partie : 52622acb-ccb0-40d3-8482-2261ba0bf599
2021-07-16 10:20:07,608 INFO org.polytech.pfe.domego.protocol.game.JoinGameEvent [http-nio-8080-exec-7] JoinGameEvent : Le joueur : A a rejoint la partie : 52622acb-ccb0-40d3-8482-2261ba0bf599
2021-07-16 10:20:07,749 INFO org.polytech.pfe.domego.protocol.game.JoinGameEvent [http-nio-8080-exec-10] JoinGameEvent : Le joueur : G a rejoint la partie : 52622acb-ccb0-40d3-8482-2261ba0bf599
2021-07-16 10:20:07,782 INFO org.polytech.pfe.domego.protocol.game.JoinGameEvent [http-nio-8080-exec-2] JoinGameEvent : Le joueur : SDC a rejoint la partie : 52622acb-ccb0-40d3-8482-2261ba0bf599
2021-07-16 10:20:07,858 INFO org.polytech.pfe.domego.protocol.game.LaunchGameEvent [http-nio-8080-exec-2] LaunchGameEvent : Send Message LaunchGameEvent to all players
2021-07-16 10:28:48,762 INFO org.polytech.pfe.domego.services.sockets.game.GameSocketHandler [http-nio-8080-exec-4] GameSocketHandler : Close session on socket with ip : /0:0:0:0:0:0:0:1:58405
2021-07-16 10:28:48,763 INFO org.polytech.pfe.domego.services.sockets.room.RoomSocketHandler [http-nio-8080-exec-3] RoomSocketHandler : Close session on socket with ip : /0:0:0:0:0:0:0:1:63291
2021-07-16 10:28:54,687 INFO org.polytech.pfe.domego.services.sockets.room.RoomSocketHandler [http-nio-8080-exec-1] RoomSocketHandler : Close session on socket with ip : /0:0:0:0:0:0:0:1:60616
2021-07-16 10:28:54,686 INFO org.polytech.pfe.domego.services.sockets.game.GameSocketHandler [http-nio-8080-exec-5] GameSocketHandler : Close session on socket with ip : /0:0:0:0:0:0:0:1:64706
2021-07-16 10:28:54,725 INFO org.polytech.pfe.domego.services.sockets.room.RoomSocketHandler [http-nio-8080-exec-6] RoomSocketHandler : New user on socket with ip : /0:0:0:0:0:0:0:1:57687
2021-07-16 10:28:58,712 INFO org.polytech.pfe.domego.services.sockets.room.RoomSocketHandler [http-nio-8080-exec-7] RoomSocketHandler : Close session on socket with ip : /0:0:0:0:0:0:0:1:59436
2021-07-16 10:28:58,712 INFO org.polytech.pfe.domego.services.sockets.game.GameSocketHandler [http-nio-8080-exec-9] GameSocketHandler : Close session on socket with ip : /0:0:0:0:0:0:0:1:49482
2021-07-16 10:29:04,459 INFO org.polytech.pfe.domego.services.sockets.room.RoomSocketHandler [http-nio-8080-exec-4] RoomSocketHandler : New user on socket with ip : /0:0:0:0:0:0:0:1:58017
2021-07-16 10:29:07,469 INFO org.polytech.pfe.domego.services.sockets.room.RoomSocketHandler [http-nio-8080-exec-5] RoomSocketHandler : New user on socket with ip : /0:0:0:0:0:0:0:1:52991
2021-07-16 10:29:13,238 INFO org.polytech.pfe.domego.services.sockets.game.GameSocketHandler [http-nio-8080-exec-2] GameSocketHandler : Close session on socket with ip : /0:0:0:0:0:0:0:1:50502
2021-07-16 10:29:13,240 INFO org.polytech.pfe.domego.services.sockets.room.RoomSocketHandler [http-nio-8080-exec-4] RoomSocketHandler : Close session on socket with ip : /0:0:0:0:0:0:0:1:58218
2021-07-16 10:29:19,394 INFO org.polytech.pfe.domego.services.sockets.room.RoomSocketHandler [http-nio-8080-exec-8] RoomSocketHandler : Close session on socket with ip : /0:0:0:0:0:0:0:1:61847
2021-07-16 10:29:19,394 INFO org.polytech.pfe.domego.services.sockets.game.GameSocketHandler [http-nio-8080-exec-5] GameSocketHandler : Close session on socket with ip : /0:0:0:0:0:0:0:1:52570
2021-07-16 10:29:20,158 INFO org.polytech.pfe.domego.services.sockets.room.RoomSocketHandler [http-nio-8080-exec-7] RoomSocketHandler : New user on socket with ip : /0:0:0:0:0:0:0:1:56510
2021-07-16 10:29:23,583 INFO org.polytech.pfe.domego.services.sockets.room.RoomSocketHandler [http-nio-8080-exec-3] RoomSocketHandler : New user on socket with ip : /0:0:0:0:0:0:0:1:52710
2021-07-16 10:29:44,300 INFO org.polytech.pfe.domego.services.sockets.game.GameSocketHandler [http-nio-8080-exec-6] GameSocketHandler : Close session on socket with ip : /0:0:0:0:0:0:0:1:53345
2021-07-16 10:29:44,303 INFO org.polytech.pfe.domego.services.sockets.room.RoomSocketHandler [http-nio-8080-exec-8] RoomSocketHandler : Close session on socket with ip : /0:0:0:0:0:0:0:1:51432
2021-07-16 10:29:49,024 INFO org.polytech.pfe.domego.services.sockets.room.RoomSocketHandler [http-nio-8080-exec-2] RoomSocketHandler : New user on socket with ip : /0:0:0:0:0:0:0:1:53671
2021-07-16 10:58:06,815 INFO org.polytech.pfe.domego.services.sockets.room.RoomSocketHandler [http-nio-8080-exec-3] RoomSocketHandler : Close session on socket with ip : /0:0:0:0:0:0:0:1:58017
2021-07-16 10:58:06,815 INFO org.polytech.pfe.domego.services.sockets.room.RoomSocketHandler [http-nio-8080-exec-1] RoomSocketHandler : Close session on socket with ip : /0:0:0:0:0:0:0:1:57687
2021-07-16 10:58:06,815 INFO org.polytech.pfe.domego.services.sockets.room.RoomSocketHandler [http-nio-8080-exec-2] RoomSocketHandler : Close session on socket with ip : /0:0:0:0:0:0:0:1:56510
2021-07-16 10:58:06,815 INFO org.polytech.pfe.domego.services.sockets.room.RoomSocketHandler [http-nio-8080-exec-10] RoomSocketHandler : Close session on socket with ip : /0:0:0:0:0:0:0:1:52710
2021-07-16 10:58:06,816 INFO org.polytech.pfe.domego.services.sockets.room.RoomSocketHandler [http-nio-8080-exec-4] RoomSocketHandler : Close session on socket with ip : /0:0:0:0:0:0:0:1:52991
2021-07-16 10:58:06,816 INFO org.polytech.pfe.domego.services.sockets.room.RoomSocketHandler [http-nio-8080-exec-9] RoomSocketHandler : Close session on socket with ip : /0:0:0:0:0:0:0:1:53671
