2021-08-04 16:16:50,454 INFO org.polytech.pfe.domego.services.sockets.game.GameSocketHandler [http-nio-8080-exec-24] GameSocketHandler : New user on socket with ip : /127.0.0.1:64780
2021-08-04 16:16:50,454 INFO org.polytech.pfe.domego.services.sockets.room.RoomSocketHandler [http-nio-8080-exec-28] RoomSocketHandler : New user on socket with ip : /0:0:0:0:0:0:0:1:62547
2021-08-04 16:17:29,250 INFO org.polytech.pfe.domego.services.sockets.room.RoomSocketHandler [http-nio-8080-exec-22] RoomSocketHandler : New user on socket with ip : /0:0:0:0:0:0:0:1:56607
2021-08-04 16:17:29,271 INFO org.polytech.pfe.domego.services.sockets.game.GameSocketHandler [http-nio-8080-exec-25] GameSocketHandler : New user on socket with ip : /0:0:0:0:0:0:0:1:55369
2021-08-04 16:17:29,290 INFO org.polytech.pfe.domego.services.sockets.room.RoomSocketHandler [http-nio-8080-exec-21] RoomSocketHandler : New user on socket with ip : /0:0:0:0:0:0:0:1:49433
2021-08-04 16:17:29,317 INFO org.polytech.pfe.domego.services.sockets.game.GameSocketHandler [http-nio-8080-exec-29] GameSocketHandler : New user on socket with ip : /0:0:0:0:0:0:0:1:58744
2021-08-04 16:17:40,150 INFO org.polytech.pfe.domego.services.sockets.room.RoomSocketHandler [http-nio-8080-exec-4] RoomSocketHandler : New user on socket with ip : /0:0:0:0:0:0:0:1:51089
2021-08-04 16:17:40,213 INFO org.polytech.pfe.domego.services.sockets.game.GameSocketHandler [http-nio-8080-exec-23] GameSocketHandler : New user on socket with ip : /0:0:0:0:0:0:0:1:60804
2021-08-04 16:17:41,327 INFO org.polytech.pfe.domego.services.sockets.room.RoomSocketHandler [http-nio-8080-exec-27] RoomSocketHandler : New user on socket with ip : /0:0:0:0:0:0:0:1:50536
2021-08-04 16:17:41,360 INFO org.polytech.pfe.domego.services.sockets.game.GameSocketHandler [http-nio-8080-exec-19] GameSocketHandler : New user on socket with ip : /0:0:0:0:0:0:0:1:49180
2021-08-04 16:17:41,703 INFO org.polytech.pfe.domego.services.sockets.room.RoomSocketHandler [http-nio-8080-exec-24] RoomSocketHandler : New user on socket with ip : /0:0:0:0:0:0:0:1:51894
2021-08-04 16:17:41,881 INFO org.polytech.pfe.domego.services.sockets.game.GameSocketHandler [http-nio-8080-exec-28] GameSocketHandler : New user on socket with ip : /0:0:0:0:0:0:0:1:51185
2021-08-04 16:17:43,671 INFO org.polytech.pfe.domego.services.sockets.room.RoomSocketHandler [http-nio-8080-exec-22] RoomSocketHandler : New user on socket with ip : /0:0:0:0:0:0:0:1:63491
2021-08-04 16:17:43,707 INFO org.polytech.pfe.domego.services.sockets.game.GameSocketHandler [http-nio-8080-exec-25] GameSocketHandler : New user on socket with ip : /0:0:0:0:0:0:0:1:61130
2021-08-04 17:53:20,638 INFO org.polytech.pfe.domego.services.sockets.game.GameSocketHandler [http-nio-8080-exec-32] GameSocketHandler : Close session on socket with ip : /0:0:0:0:0:0:0:1:51185
2021-08-04 17:53:20,639 INFO org.polytech.pfe.domego.services.sockets.room.RoomSocketHandler [http-nio-8080-exec-28] RoomSocketHandler : Close session on socket with ip : /0:0:0:0:0:0:0:1:50536
2021-08-04 17:53:20,638 INFO org.polytech.pfe.domego.services.sockets.room.RoomSocketHandler [http-nio-8080-exec-19] RoomSocketHandler : Close session on socket with ip : /0:0:0:0:0:0:0:1:51894
2021-08-04 17:53:20,638 INFO org.polytech.pfe.domego.services.sockets.game.GameSocketHandler [http-nio-8080-exec-25] GameSocketHandler : Close session on socket with ip : /127.0.0.1:64780
2021-08-04 17:53:20,639 INFO org.polytech.pfe.domego.services.sockets.room.RoomSocketHandler [http-nio-8080-exec-23] RoomSocketHandler : Close session on socket with ip : /0:0:0:0:0:0:0:1:63491
2021-08-04 17:53:20,638 INFO org.polytech.pfe.domego.services.sockets.room.RoomSocketHandler [http-nio-8080-exec-22] RoomSocketHandler : Close session on socket with ip : /0:0:0:0:0:0:0:1:49433
2021-08-04 17:53:20,638 INFO org.polytech.pfe.domego.services.sockets.game.GameSocketHandler [http-nio-8080-exec-33] GameSocketHandler : Close session on socket with ip : /0:0:0:0:0:0:0:1:58744
2021-08-04 17:53:20,638 INFO org.polytech.pfe.domego.services.sockets.game.GameSocketHandler [http-nio-8080-exec-34] GameSocketHandler : Close session on socket with ip : /0:0:0:0:0:0:0:1:49180
2021-08-04 17:53:20,638 INFO org.polytech.pfe.domego.services.sockets.room.RoomSocketHandler [http-nio-8080-exec-29] RoomSocketHandler : Close session on socket with ip : /0:0:0:0:0:0:0:1:56607
2021-08-04 17:53:20,638 INFO org.polytech.pfe.domego.services.sockets.game.GameSocketHandler [http-nio-8080-exec-31] GameSocketHandler : Close session on socket with ip : /0:0:0:0:0:0:0:1:60804
2021-08-04 17:53:20,631 INFO org.polytech.pfe.domego.services.sockets.game.GameSocketHandler [http-nio-8080-exec-24] GameSocketHandler : Close session on socket with ip : /0:0:0:0:0:0:0:1:55369
2021-08-04 17:53:20,638 INFO org.polytech.pfe.domego.services.sockets.game.GameSocketHandler [http-nio-8080-exec-21] GameSocketHandler : Close session on socket with ip : /0:0:0:0:0:0:0:1:61130
2021-08-04 17:53:20,634 INFO org.polytech.pfe.domego.services.sockets.room.RoomSocketHandler [http-nio-8080-exec-4] RoomSocketHandler : Close session on socket with ip : /0:0:0:0:0:0:0:1:62547
2021-08-04 17:53:20,638 INFO org.polytech.pfe.domego.services.sockets.room.RoomSocketHandler [http-nio-8080-exec-27] RoomSocketHandler : Close session on socket with ip : /0:0:0:0:0:0:0:1:51089
