2022-03-19 19:50:31,112 INFO org.springframework.boot.StartupInfoLogger [main] Starting DomegoApplication on PC-8 with PID 864 (D:\SI4\Stage\SI4-stage-Domego\Server\target\classes started by Utilisateur in D:\SI4\Stage\SI4-stage-Domego\Server)
2022-03-19 19:50:31,121 INFO org.springframework.boot.SpringApplication [main] No active profile set, falling back to default profiles: default
2022-03-19 19:50:32,105 INFO org.springframework.data.repository.config.RepositoryConfigurationDelegate [main] Bootstrapping Spring Data repositories in DEFAULT mode.
2022-03-19 19:50:32,222 INFO org.springframework.data.repository.config.RepositoryConfigurationDelegate [main] Finished Spring Data repository scanning in 109ms. Found 2 repository interfaces.
2022-03-19 19:50:32,766 INFO org.springframework.boot.web.embedded.tomcat.TomcatWebServer [main] Tomcat initialized with port(s): 8080 (http)
2022-03-19 19:50:32,795 INFO org.apache.juli.logging.DirectJDKLog [main] Initializing ProtocolHandler ["http-nio-8080"]
2022-03-19 19:50:32,798 INFO org.apache.juli.logging.DirectJDKLog [main] Starting service [Tomcat]
2022-03-19 19:50:32,799 INFO org.apache.juli.logging.DirectJDKLog [main] Starting Servlet engine: [Apache Tomcat/9.0.27]
2022-03-19 19:50:32,996 INFO org.apache.juli.logging.DirectJDKLog [main] Initializing Spring embedded WebApplicationContext
2022-03-19 19:50:32,998 INFO org.springframework.boot.web.servlet.context.ServletWebServerApplicationContext [main] Root WebApplicationContext: initialization completed in 1814 ms
2022-03-19 19:50:33,432 INFO com.mongodb.diagnostics.logging.SLF4JLogger [main] Cluster created with settings {hosts=[localhost:27017], mode=MULTIPLE, requiredClusterType=UNKNOWN, serverSelectionTimeout='30000 ms', maxWaitQueueSize=500}
2022-03-19 19:50:33,435 INFO com.mongodb.diagnostics.logging.SLF4JLogger [main] Adding discovered server localhost:27017 to client view of cluster
2022-03-19 19:50:34,073 INFO com.mongodb.diagnostics.logging.SLF4JLogger [cluster-ClusterId{value='623625f9b2ae1f2d4226c992', description='null'}-localhost:27017] Opened connection [connectionId{localValue:1, serverValue:1}] to localhost:27017
2022-03-19 19:50:34,092 INFO com.mongodb.diagnostics.logging.SLF4JLogger [cluster-ClusterId{value='623625f9b2ae1f2d4226c992', description='null'}-localhost:27017] Monitor thread successfully connected to server with description ServerDescription{address=localhost:27017, type=STANDALONE, state=CONNECTED, ok=true, version=ServerVersion{versionList=[4, 4, 5]}, minWireVersion=0, maxWireVersion=9, maxDocumentSize=16777216, logicalSessionTimeoutMinutes=30, roundTripTimeNanos=4585000}
2022-03-19 19:50:34,101 INFO com.mongodb.diagnostics.logging.SLF4JLogger [cluster-ClusterId{value='623625f9b2ae1f2d4226c992', description='null'}-localhost:27017] Discovered cluster type of STANDALONE
2022-03-19 19:50:34,165 WARN org.springframework.data.convert.CustomConversions [main] Registering converter from class java.time.LocalDateTime to class java.time.Instant as reading converter although it doesn't convert from a store-supported type! You might wanna check you annotation setup at the converter implementation.
2022-03-19 19:50:34,171 WARN org.springframework.data.convert.CustomConversions [main] Registering converter from class java.time.Instant to class java.time.LocalDateTime as reading converter although it doesn't convert from a store-supported type! You might wanna check you annotation setup at the converter implementation.
2022-03-19 19:50:34,315 WARN org.springframework.data.convert.CustomConversions [main] Registering converter from class java.time.LocalDateTime to class java.time.Instant as reading converter although it doesn't convert from a store-supported type! You might wanna check you annotation setup at the converter implementation.
2022-03-19 19:50:34,318 WARN org.springframework.data.convert.CustomConversions [main] Registering converter from class java.time.Instant to class java.time.LocalDateTime as reading converter although it doesn't convert from a store-supported type! You might wanna check you annotation setup at the converter implementation.
2022-03-19 19:50:34,547 INFO com.mongodb.diagnostics.logging.SLF4JLogger [main] Opened connection [connectionId{localValue:2, serverValue:2}] to localhost:27017
2022-03-19 19:50:34,709 INFO org.springframework.scheduling.concurrent.ExecutorConfigurationSupport [main] Initializing ExecutorService 'defaultSockJsTaskScheduler'
2022-03-19 19:50:34,891 INFO org.springframework.scheduling.concurrent.ExecutorConfigurationSupport [main] Initializing ExecutorService 'applicationTaskExecutor'
2022-03-19 19:50:34,960 INFO org.springframework.boot.autoconfigure.web.servlet.WelcomePageHandlerMapping [main] Adding welcome page: class path resource [static/index.html]
2022-03-19 19:50:35,122 INFO org.apache.juli.logging.DirectJDKLog [main] Starting ProtocolHandler ["http-nio-8080"]
2022-03-19 19:50:35,150 INFO org.apache.juli.logging.DirectJDKLog [main] Pausing ProtocolHandler ["http-nio-8080"]
2022-03-19 19:50:35,151 INFO org.apache.juli.logging.DirectJDKLog [main] Stopping service [Tomcat]
2022-03-19 19:50:35,163 INFO org.apache.juli.logging.DirectJDKLog [main] Stopping ProtocolHandler ["http-nio-8080"]
2022-03-19 19:50:35,164 INFO org.apache.juli.logging.DirectJDKLog [main] Destroying ProtocolHandler ["http-nio-8080"]
2022-03-19 19:50:35,168 INFO org.springframework.boot.autoconfigure.logging.ConditionEvaluationReportLoggingListener [main] 

Error starting ApplicationContext. To display the conditions report re-run your application with 'debug' enabled.
2022-03-19 19:50:35,176 ERROR org.springframework.boot.diagnostics.LoggingFailureAnalysisReporter [main] 

***************************
APPLICATION FAILED TO START
***************************

Description:

Web server failed to start. Port 8080 was already in use.

Action:

Identify and stop the process that's listening on port 8080 or configure this application to listen on another port.

2022-03-19 19:50:35,187 INFO org.springframework.scheduling.concurrent.ExecutorConfigurationSupport [main] Shutting down ExecutorService 'applicationTaskExecutor'
2022-03-19 19:50:35,189 INFO org.springframework.scheduling.concurrent.ExecutorConfigurationSupport [main] Shutting down ExecutorService 'defaultSockJsTaskScheduler'
2022-03-19 19:50:35,192 INFO com.mongodb.diagnostics.logging.SLF4JLogger [main] Closed connection [connectionId{localValue:2, serverValue:2}] to localhost:27017 because the pool has been closed.
2022-03-19 19:53:05,274 INFO org.springframework.boot.StartupInfoLogger [main] Starting DomegoApplication on PC-8 with PID 6448 (D:\SI4\Stage\SI4-stage-Domego\Server\target\classes started by Utilisateur in D:\SI4\Stage\SI4-stage-Domego\Server)
2022-03-19 19:53:05,285 INFO org.springframework.boot.SpringApplication [main] No active profile set, falling back to default profiles: default
2022-03-19 19:53:06,223 INFO org.springframework.data.repository.config.RepositoryConfigurationDelegate [main] Bootstrapping Spring Data repositories in DEFAULT mode.
2022-03-19 19:53:06,341 INFO org.springframework.data.repository.config.RepositoryConfigurationDelegate [main] Finished Spring Data repository scanning in 110ms. Found 2 repository interfaces.
2022-03-19 19:53:06,887 INFO org.springframework.boot.web.embedded.tomcat.TomcatWebServer [main] Tomcat initialized with port(s): 8080 (http)
2022-03-19 19:53:06,905 INFO org.apache.juli.logging.DirectJDKLog [main] Initializing ProtocolHandler ["http-nio-8080"]
2022-03-19 19:53:06,907 INFO org.apache.juli.logging.DirectJDKLog [main] Starting service [Tomcat]
2022-03-19 19:53:06,908 INFO org.apache.juli.logging.DirectJDKLog [main] Starting Servlet engine: [Apache Tomcat/9.0.27]
2022-03-19 19:53:07,193 INFO org.apache.juli.logging.DirectJDKLog [main] Initializing Spring embedded WebApplicationContext
2022-03-19 19:53:07,195 INFO org.springframework.boot.web.servlet.context.ServletWebServerApplicationContext [main] Root WebApplicationContext: initialization completed in 1853 ms
2022-03-19 19:53:07,582 INFO com.mongodb.diagnostics.logging.SLF4JLogger [main] Cluster created with settings {hosts=[localhost:27017], mode=MULTIPLE, requiredClusterType=UNKNOWN, serverSelectionTimeout='30000 ms', maxWaitQueueSize=500}
2022-03-19 19:53:07,584 INFO com.mongodb.diagnostics.logging.SLF4JLogger [main] Adding discovered server localhost:27017 to client view of cluster
2022-03-19 19:53:07,660 INFO com.mongodb.diagnostics.logging.SLF4JLogger [cluster-ClusterId{value='623626930614d741bd92d166', description='null'}-localhost:27017] Opened connection [connectionId{localValue:1, serverValue:3}] to localhost:27017
2022-03-19 19:53:07,671 INFO com.mongodb.diagnostics.logging.SLF4JLogger [cluster-ClusterId{value='623626930614d741bd92d166', description='null'}-localhost:27017] Monitor thread successfully connected to server with description ServerDescription{address=localhost:27017, type=STANDALONE, state=CONNECTED, ok=true, version=ServerVersion{versionList=[4, 4, 5]}, minWireVersion=0, maxWireVersion=9, maxDocumentSize=16777216, logicalSessionTimeoutMinutes=30, roundTripTimeNanos=4978800}
2022-03-19 19:53:07,678 INFO com.mongodb.diagnostics.logging.SLF4JLogger [cluster-ClusterId{value='623626930614d741bd92d166', description='null'}-localhost:27017] Discovered cluster type of STANDALONE
2022-03-19 19:53:07,745 WARN org.springframework.data.convert.CustomConversions [main] Registering converter from class java.time.LocalDateTime to class java.time.Instant as reading converter although it doesn't convert from a store-supported type! You might wanna check you annotation setup at the converter implementation.
2022-03-19 19:53:07,748 WARN org.springframework.data.convert.CustomConversions [main] Registering converter from class java.time.Instant to class java.time.LocalDateTime as reading converter although it doesn't convert from a store-supported type! You might wanna check you annotation setup at the converter implementation.
2022-03-19 19:53:07,871 WARN org.springframework.data.convert.CustomConversions [main] Registering converter from class java.time.LocalDateTime to class java.time.Instant as reading converter although it doesn't convert from a store-supported type! You might wanna check you annotation setup at the converter implementation.
2022-03-19 19:53:07,874 WARN org.springframework.data.convert.CustomConversions [main] Registering converter from class java.time.Instant to class java.time.LocalDateTime as reading converter although it doesn't convert from a store-supported type! You might wanna check you annotation setup at the converter implementation.
2022-03-19 19:53:08,100 INFO com.mongodb.diagnostics.logging.SLF4JLogger [main] Opened connection [connectionId{localValue:2, serverValue:4}] to localhost:27017
2022-03-19 19:53:08,309 INFO org.springframework.scheduling.concurrent.ExecutorConfigurationSupport [main] Initializing ExecutorService 'defaultSockJsTaskScheduler'
2022-03-19 19:53:08,529 INFO org.springframework.scheduling.concurrent.ExecutorConfigurationSupport [main] Initializing ExecutorService 'applicationTaskExecutor'
2022-03-19 19:53:08,606 INFO org.springframework.boot.autoconfigure.web.servlet.WelcomePageHandlerMapping [main] Adding welcome page: class path resource [static/index.html]
2022-03-19 19:53:08,748 INFO org.apache.juli.logging.DirectJDKLog [main] Starting ProtocolHandler ["http-nio-8080"]
2022-03-19 19:53:08,844 INFO org.springframework.boot.web.embedded.tomcat.TomcatWebServer [main] Tomcat started on port(s): 8080 (http) with context path ''
2022-03-19 19:53:08,850 INFO org.springframework.boot.StartupInfoLogger [main] Started DomegoApplication in 5.297 seconds (JVM running for 5.93)
2022-03-19 19:53:08,924 INFO org.apache.juli.logging.DirectJDKLog [http-nio-8080-exec-1] Initializing Spring DispatcherServlet 'dispatcherServlet'
2022-03-19 19:53:08,926 INFO org.springframework.web.servlet.FrameworkServlet [http-nio-8080-exec-1] Initializing Servlet 'dispatcherServlet'
2022-03-19 19:53:08,937 INFO org.springframework.web.servlet.FrameworkServlet [http-nio-8080-exec-1] Completed initialization in 9 ms
2022-03-19 19:56:12,858 INFO org.polytech.pfe.domego.services.sockets.room.RoomSocketHandler [http-nio-8080-exec-10] RoomSocketHandler : New user on socket with ip : /0:0:0:0:0:0:0:1:57492
2022-03-19 19:56:12,865 INFO org.polytech.pfe.domego.services.sockets.game.GameSocketHandler [http-nio-8080-exec-3] GameSocketHandler : New user on socket with ip : /0:0:0:0:0:0:0:1:57494
2022-03-19 19:56:40,898 INFO org.polytech.pfe.domego.services.sockets.room.RoomSocketHandler [http-nio-8080-exec-10] RoomSocketHandler : New user on socket with ip : /0:0:0:0:0:0:0:1:57536
2022-03-19 19:56:40,930 INFO org.polytech.pfe.domego.services.sockets.game.GameSocketHandler [http-nio-8080-exec-3] GameSocketHandler : New user on socket with ip : /0:0:0:0:0:0:0:1:57537
2022-03-19 19:56:42,416 INFO org.polytech.pfe.domego.services.sockets.room.RoomSocketHandler [http-nio-8080-exec-2] RoomSocketHandler : New user on socket with ip : /0:0:0:0:0:0:0:1:57547
2022-03-19 19:56:42,463 INFO org.polytech.pfe.domego.services.sockets.game.GameSocketHandler [http-nio-8080-exec-6] GameSocketHandler : New user on socket with ip : /0:0:0:0:0:0:0:1:57548
2022-03-19 19:56:46,304 INFO org.polytech.pfe.domego.services.sockets.room.RoomSocketHandler [http-nio-8080-exec-1] RoomSocketHandler : New user on socket with ip : /0:0:0:0:0:0:0:1:57552
2022-03-19 19:56:46,320 INFO org.polytech.pfe.domego.services.sockets.game.GameSocketHandler [http-nio-8080-exec-10] GameSocketHandler : New user on socket with ip : /0:0:0:0:0:0:0:1:57553
2022-03-19 19:56:49,151 INFO org.polytech.pfe.domego.services.sockets.room.RoomSocketHandler [http-nio-8080-exec-6] RoomSocketHandler : New user on socket with ip : /0:0:0:0:0:0:0:1:57562
2022-03-19 19:56:49,167 INFO org.polytech.pfe.domego.services.sockets.game.GameSocketHandler [http-nio-8080-exec-5] GameSocketHandler : New user on socket with ip : /0:0:0:0:0:0:0:1:57563
2022-03-19 19:57:32,078 INFO org.polytech.pfe.domego.services.sockets.room.RoomSocketHandler [http-nio-8080-exec-9] RoomSocketHandler : Close session on socket with ip : /0:0:0:0:0:0:0:1:57492
2022-03-19 19:57:32,080 INFO org.polytech.pfe.domego.services.sockets.game.GameSocketHandler [http-nio-8080-exec-8] GameSocketHandler : Close session on socket with ip : /0:0:0:0:0:0:0:1:57494
2022-03-19 19:57:36,152 INFO org.polytech.pfe.domego.services.sockets.room.RoomSocketHandler [http-nio-8080-exec-2] RoomSocketHandler : New user on socket with ip : /0:0:0:0:0:0:0:1:57584
2022-03-19 19:57:36,169 INFO org.polytech.pfe.domego.services.sockets.game.GameSocketHandler [http-nio-8080-exec-6] GameSocketHandler : New user on socket with ip : /0:0:0:0:0:0:0:1:57585
2022-03-19 20:03:43,284 INFO org.polytech.pfe.domego.services.sockets.game.GameSocketHandler [http-nio-8080-exec-5] GameSocketHandler : Close session on socket with ip : /0:0:0:0:0:0:0:1:57585
2022-03-19 20:03:43,285 INFO org.polytech.pfe.domego.services.sockets.room.RoomSocketHandler [http-nio-8080-exec-9] RoomSocketHandler : Close session on socket with ip : /0:0:0:0:0:0:0:1:57584
2022-03-19 20:03:47,239 INFO org.polytech.pfe.domego.services.sockets.room.RoomSocketHandler [http-nio-8080-exec-7] RoomSocketHandler : New user on socket with ip : /0:0:0:0:0:0:0:1:57677
2022-03-19 20:03:47,258 INFO org.polytech.pfe.domego.services.sockets.game.GameSocketHandler [http-nio-8080-exec-1] GameSocketHandler : New user on socket with ip : /0:0:0:0:0:0:0:1:57678
2022-03-19 20:04:13,398 INFO org.polytech.pfe.domego.services.sockets.room.RoomSocketHandler [http-nio-8080-exec-4] RoomSocketHandler : New user on socket with ip : /0:0:0:0:0:0:0:1:57703
2022-03-19 20:04:13,413 INFO org.polytech.pfe.domego.services.sockets.game.GameSocketHandler [http-nio-8080-exec-2] GameSocketHandler : New user on socket with ip : /0:0:0:0:0:0:0:1:57704
2022-03-19 20:04:22,112 INFO org.polytech.pfe.domego.services.sockets.room.RoomRequestHandler [http-nio-8080-exec-7] RoomRequestHandler : New Room request type : class org.polytech.pfe.domego.protocol.room.CreateGameEvent
2022-03-19 20:04:22,134 INFO org.polytech.pfe.domego.protocol.room.CreateGameEvent [http-nio-8080-exec-7] CreateGameEvent : zert has created a Room named : zert's lobby with ID : 4833d26b-ff91-4b9f-8696-cecc4ed1c6c8
2022-03-19 20:04:43,577 INFO org.polytech.pfe.domego.services.sockets.room.RoomRequestHandler [http-nio-8080-exec-5] RoomRequestHandler : New Room request type : class org.polytech.pfe.domego.protocol.room.ChooseRoleEvent
2022-03-19 20:04:43,694 INFO org.polytech.pfe.domego.protocol.room.ChooseRoleEvent [http-nio-8080-exec-5] ChooseRoleEvent : In game : 4833d26b-ff91-4b9f-8696-cecc4ed1c6c8 the player name : zert has change role, new role : MANAGER
2022-03-19 20:04:44,795 INFO org.polytech.pfe.domego.services.sockets.room.RoomRequestHandler [http-nio-8080-exec-9] RoomRequestHandler : New Room request type : class org.polytech.pfe.domego.protocol.room.ChangeStatusEvent
2022-03-19 20:04:44,805 INFO org.polytech.pfe.domego.protocol.room.ChangeStatusEvent [http-nio-8080-exec-9] ChangeStatusEvent : In game : 4833d26b-ff91-4b9f-8696-cecc4ed1c6c8 the player name : zert has change status, new status : Ready
2022-03-19 20:06:19,340 INFO org.polytech.pfe.domego.services.sockets.room.RoomRequestHandler [http-nio-8080-exec-2] RoomRequestHandler : New Room request type : class org.polytech.pfe.domego.protocol.room.JoinRoomEvent
2022-03-19 20:06:19,346 INFO org.polytech.pfe.domego.protocol.room.JoinRoomEvent [http-nio-8080-exec-2] JoinRoomEvent : New player named : n has join the room : 4833d26b-ff91-4b9f-8696-cecc4ed1c6c8
2022-03-19 20:06:21,804 INFO org.polytech.pfe.domego.services.sockets.room.RoomRequestHandler [http-nio-8080-exec-6] RoomRequestHandler : New Room request type : class org.polytech.pfe.domego.protocol.room.ChooseRoleEvent
2022-03-19 20:06:21,811 INFO org.polytech.pfe.domego.protocol.room.ChooseRoleEvent [http-nio-8080-exec-6] ChooseRoleEvent : In game : 4833d26b-ff91-4b9f-8696-cecc4ed1c6c8 the player name : n has change role, new role : ARCHITECT
2022-03-19 20:06:22,981 INFO org.polytech.pfe.domego.services.sockets.room.RoomRequestHandler [http-nio-8080-exec-1] RoomRequestHandler : New Room request type : class org.polytech.pfe.domego.protocol.room.ChangeStatusEvent
2022-03-19 20:06:22,985 INFO org.polytech.pfe.domego.protocol.room.ChangeStatusEvent [http-nio-8080-exec-1] ChangeStatusEvent : In game : 4833d26b-ff91-4b9f-8696-cecc4ed1c6c8 the player name : n has change status, new status : Ready
2022-03-19 20:06:28,937 INFO org.polytech.pfe.domego.services.sockets.room.RoomRequestHandler [http-nio-8080-exec-9] RoomRequestHandler : New Room request type : class org.polytech.pfe.domego.protocol.room.JoinRoomEvent
2022-03-19 20:06:28,939 INFO org.polytech.pfe.domego.protocol.room.JoinRoomEvent [http-nio-8080-exec-9] JoinRoomEvent : New player named : o has join the room : 4833d26b-ff91-4b9f-8696-cecc4ed1c6c8
2022-03-19 20:06:35,642 INFO org.polytech.pfe.domego.services.sockets.room.RoomRequestHandler [http-nio-8080-exec-8] RoomRequestHandler : New Room request type : class org.polytech.pfe.domego.protocol.room.ChooseRoleEvent
2022-03-19 20:06:35,656 INFO org.polytech.pfe.domego.protocol.room.ChooseRoleEvent [http-nio-8080-exec-8] ChooseRoleEvent : In game : 4833d26b-ff91-4b9f-8696-cecc4ed1c6c8 the player name : o has change role, new role : OFFICER
2022-03-19 20:06:36,839 INFO org.polytech.pfe.domego.services.sockets.room.RoomRequestHandler [http-nio-8080-exec-3] RoomRequestHandler : New Room request type : class org.polytech.pfe.domego.protocol.room.ChangeStatusEvent
2022-03-19 20:06:36,841 INFO org.polytech.pfe.domego.protocol.room.ChangeStatusEvent [http-nio-8080-exec-3] ChangeStatusEvent : In game : 4833d26b-ff91-4b9f-8696-cecc4ed1c6c8 the player name : o has change status, new status : Ready
2022-03-19 20:06:43,557 INFO org.polytech.pfe.domego.services.sockets.room.RoomRequestHandler [http-nio-8080-exec-7] RoomRequestHandler : New Room request type : class org.polytech.pfe.domego.protocol.room.JoinRoomEvent
2022-03-19 20:06:43,559 INFO org.polytech.pfe.domego.protocol.room.JoinRoomEvent [http-nio-8080-exec-7] JoinRoomEvent : New player named : p has join the room : 4833d26b-ff91-4b9f-8696-cecc4ed1c6c8
2022-03-19 20:06:46,440 INFO org.polytech.pfe.domego.services.sockets.room.RoomRequestHandler [http-nio-8080-exec-4] RoomRequestHandler : New Room request type : class org.polytech.pfe.domego.protocol.room.ChooseRoleEvent
2022-03-19 20:06:46,446 INFO org.polytech.pfe.domego.protocol.room.ChooseRoleEvent [http-nio-8080-exec-4] ChooseRoleEvent : In game : 4833d26b-ff91-4b9f-8696-cecc4ed1c6c8 the player name : p has change role, new role : CONTROLLER
2022-03-19 20:06:47,675 INFO org.polytech.pfe.domego.services.sockets.room.RoomRequestHandler [http-nio-8080-exec-3] RoomRequestHandler : New Room request type : class org.polytech.pfe.domego.protocol.room.ChangeStatusEvent
2022-03-19 20:06:47,677 INFO org.polytech.pfe.domego.protocol.room.ChangeStatusEvent [http-nio-8080-exec-3] ChangeStatusEvent : In game : 4833d26b-ff91-4b9f-8696-cecc4ed1c6c8 the player name : p has change status, new status : Ready
2022-03-19 20:06:55,474 INFO org.polytech.pfe.domego.services.sockets.room.RoomRequestHandler [http-nio-8080-exec-7] RoomRequestHandler : New Room request type : class org.polytech.pfe.domego.protocol.room.JoinRoomEvent
2022-03-19 20:06:55,476 INFO org.polytech.pfe.domego.protocol.room.JoinRoomEvent [http-nio-8080-exec-7] JoinRoomEvent : New player named : qsd has join the room : 4833d26b-ff91-4b9f-8696-cecc4ed1c6c8
2022-03-19 20:06:58,886 INFO org.polytech.pfe.domego.services.sockets.room.RoomRequestHandler [http-nio-8080-exec-10] RoomRequestHandler : New Room request type : class org.polytech.pfe.domego.protocol.room.ChooseRoleEvent
2022-03-19 20:06:58,892 INFO org.polytech.pfe.domego.protocol.room.ChooseRoleEvent [http-nio-8080-exec-10] ChooseRoleEvent : In game : 4833d26b-ff91-4b9f-8696-cecc4ed1c6c8 the player name : qsd has change role, new role : SECONDARY
2022-03-19 20:07:00,034 INFO org.polytech.pfe.domego.services.sockets.room.RoomRequestHandler [http-nio-8080-exec-8] RoomRequestHandler : New Room request type : class org.polytech.pfe.domego.protocol.room.ChangeStatusEvent
2022-03-19 20:07:00,039 INFO org.polytech.pfe.domego.protocol.room.ChangeStatusEvent [http-nio-8080-exec-8] ChangeStatusEvent : In game : 4833d26b-ff91-4b9f-8696-cecc4ed1c6c8 the player name : qsd has change status, new status : Ready
2022-03-19 20:07:07,367 INFO org.polytech.pfe.domego.services.sockets.room.RoomRequestHandler [http-nio-8080-exec-5] RoomRequestHandler : New Room request type : class org.polytech.pfe.domego.protocol.room.JoinRoomEvent
2022-03-19 20:07:07,370 INFO org.polytech.pfe.domego.protocol.room.JoinRoomEvent [http-nio-8080-exec-5] JoinRoomEvent : New player named : cdrty has join the room : 4833d26b-ff91-4b9f-8696-cecc4ed1c6c8
2022-03-19 20:07:12,210 INFO org.polytech.pfe.domego.services.sockets.room.RoomRequestHandler [http-nio-8080-exec-9] RoomRequestHandler : New Room request type : class org.polytech.pfe.domego.protocol.room.ChooseRoleEvent
2022-03-19 20:07:12,219 INFO org.polytech.pfe.domego.protocol.room.ChooseRoleEvent [http-nio-8080-exec-9] ChooseRoleEvent : In game : 4833d26b-ff91-4b9f-8696-cecc4ed1c6c8 the player name : cdrty has change role, new role : 
2022-03-19 20:07:13,960 INFO org.polytech.pfe.domego.services.sockets.room.RoomRequestHandler [http-nio-8080-exec-6] RoomRequestHandler : New Room request type : class org.polytech.pfe.domego.protocol.room.ChangeStatusEvent
2022-03-19 20:07:13,964 INFO org.polytech.pfe.domego.protocol.room.ChangeStatusEvent [http-nio-8080-exec-6] ChangeStatusEvent : In game : 4833d26b-ff91-4b9f-8696-cecc4ed1c6c8 the player name : cdrty has change status, new status : Ready
2022-03-19 20:07:28,269 INFO org.polytech.pfe.domego.services.sockets.room.RoomRequestHandler [http-nio-8080-exec-1] RoomRequestHandler : New Room request type : class org.polytech.pfe.domego.protocol.room.ChangeStatusEvent
2022-03-19 20:07:28,271 INFO org.polytech.pfe.domego.protocol.room.ChangeStatusEvent [http-nio-8080-exec-1] ChangeStatusEvent : In game : 4833d26b-ff91-4b9f-8696-cecc4ed1c6c8 the player name : cdrty has change status, new status : Not Ready
2022-03-19 20:07:42,387 INFO org.polytech.pfe.domego.services.sockets.room.RoomRequestHandler [http-nio-8080-exec-10] RoomRequestHandler : New Room request type : class org.polytech.pfe.domego.protocol.room.StartGameEvent
2022-03-19 20:07:54,484 INFO org.polytech.pfe.domego.services.sockets.room.RoomRequestHandler [http-nio-8080-exec-8] RoomRequestHandler : New Room request type : class org.polytech.pfe.domego.protocol.room.ChangeStatusEvent
2022-03-19 20:07:54,486 INFO org.polytech.pfe.domego.protocol.room.ChangeStatusEvent [http-nio-8080-exec-8] ChangeStatusEvent : In game : 4833d26b-ff91-4b9f-8696-cecc4ed1c6c8 the player name : cdrty has change status, new status : Ready
2022-03-19 20:08:25,588 INFO org.polytech.pfe.domego.services.sockets.room.RoomRequestHandler [http-nio-8080-exec-4] RoomRequestHandler : New Room request type : class org.polytech.pfe.domego.protocol.room.StartGameEvent
2022-03-19 20:08:25,666 INFO org.polytech.pfe.domego.protocol.room.StartGameEvent [http-nio-8080-exec-4] StartGameEvent: Player name : zert start the game for room with ID 4833d26b-ff91-4b9f-8696-cecc4ed1c6c8
2022-03-19 20:08:25,674 INFO org.polytech.pfe.domego.protocol.room.StartGameEvent [http-nio-8080-exec-4] StartGameEvent : Delete room : 4833d26b-ff91-4b9f-8696-cecc4ed1c6c8
2022-03-19 20:08:25,708 INFO org.polytech.pfe.domego.protocol.game.JoinGameEvent [http-nio-8080-exec-2] JoinGameEvent : Le joueur : o a rejoint la partie : 4833d26b-ff91-4b9f-8696-cecc4ed1c6c8
2022-03-19 20:08:25,709 INFO org.polytech.pfe.domego.protocol.game.JoinGameEvent [http-nio-8080-exec-3] JoinGameEvent : Le joueur : zert a rejoint la partie : 4833d26b-ff91-4b9f-8696-cecc4ed1c6c8
2022-03-19 20:08:25,748 INFO org.polytech.pfe.domego.protocol.game.JoinGameEvent [http-nio-8080-exec-5] JoinGameEvent : Le joueur : n a rejoint la partie : 4833d26b-ff91-4b9f-8696-cecc4ed1c6c8
2022-03-19 20:08:25,776 INFO org.polytech.pfe.domego.protocol.game.JoinGameEvent [http-nio-8080-exec-9] JoinGameEvent : Le joueur : p a rejoint la partie : 4833d26b-ff91-4b9f-8696-cecc4ed1c6c8
2022-03-19 20:08:25,920 INFO org.polytech.pfe.domego.protocol.game.JoinGameEvent [http-nio-8080-exec-6] JoinGameEvent : Le joueur : qsd a rejoint la partie : 4833d26b-ff91-4b9f-8696-cecc4ed1c6c8
2022-03-19 20:08:26,047 INFO org.polytech.pfe.domego.protocol.game.JoinGameEvent [http-nio-8080-exec-7] JoinGameEvent : Le joueur : cdrty a rejoint la partie : 4833d26b-ff91-4b9f-8696-cecc4ed1c6c8
2022-03-19 20:08:26,113 INFO org.polytech.pfe.domego.protocol.game.LaunchGameEvent [http-nio-8080-exec-7] LaunchGameEvent : Send Message LaunchGameEvent to all players
2022-03-19 20:09:27,087 INFO org.polytech.pfe.domego.protocol.game.BuyResourceEvent [http-nio-8080-exec-1] BuyResourceEvent : In game  4833d26b-ff91-4b9f-8696-cecc4ed1c6c8 the player named : zert has buy 20 resources. He has now : 20 resources and : 130 money.
2022-03-19 20:09:37,690 INFO org.polytech.pfe.domego.models.activity.Activity [http-nio-8080-exec-10] The RISKS payment is done
2022-03-19 20:09:37,695 INFO org.polytech.pfe.domego.models.activity.Activity [http-nio-8080-exec-10] The mandatory payment is done
2022-03-19 20:09:37,699 INFO org.polytech.pfe.domego.protocol.game.PayResourcesEvent [http-nio-8080-exec-10] PaymentResourcesEvent : In the game 4833d26b-ff91-4b9f-8696-cecc4ed1c6c8, the player named zert has realize 2 payment for the activity : 1
2022-03-19 20:09:37,728 INFO org.polytech.pfe.domego.protocol.game.PayResourcesEvent [http-nio-8080-exec-10] PaymentResourcesEvent : List Payment :  [Payment{amount=1, type='RISKS'}, Payment{amount=1, type='MANDATORY'}]
2022-03-19 20:09:37,731 INFO org.polytech.pfe.domego.protocol.game.PayResourcesEvent [http-nio-8080-exec-10] PaymentResourcesEvent : In the game 4833d26b-ff91-4b9f-8696-cecc4ed1c6c8, the player named zert has now 18 resources
2022-03-19 20:09:37,755 INFO org.polytech.pfe.domego.protocol.game.DrawCardEvent [http-nio-8080-exec-10] DrawCardEvent : In the game 4833d26b-ff91-4b9f-8696-cecc4ed1c6c8 for the activity 1 they draw 1 risk cards and 0 quality card
2022-03-19 20:09:37,779 INFO org.polytech.pfe.domego.protocol.game.DrawCardEvent [http-nio-8080-exec-10] DrawCardEvent : List of Risk : [RiskAction{riskOfActivityId=1, description='Chef de projet inexpérimenté', bonusList=[RiskBonus{activityID=2, amount=1}]}]
2022-03-19 20:09:37,783 INFO org.polytech.pfe.domego.protocol.game.DrawCardEvent [http-nio-8080-exec-10] DrawCardEvent : List of Quality : []
2022-03-19 20:09:37,799 INFO org.polytech.pfe.domego.protocol.game.ChangeActivityEvent [http-nio-8080-exec-10] ChangeActivityEvent : In game : 4833d26b-ff91-4b9f-8696-cecc4ed1c6c8, the current activity is now 2
2022-03-19 20:11:49,438 INFO org.polytech.pfe.domego.services.sockets.room.RoomSocketHandler [http-nio-8080-exec-8] RoomSocketHandler : New user on socket with ip : /0:0:0:0:0:0:0:1:57829
2022-03-19 20:11:49,453 INFO org.polytech.pfe.domego.services.sockets.game.GameSocketHandler [http-nio-8080-exec-4] GameSocketHandler : New user on socket with ip : /0:0:0:0:0:0:0:1:57830
2022-03-19 20:11:55,278 INFO org.polytech.pfe.domego.protocol.game.LaunchGameEvent [http-nio-8080-exec-5] LaunchGameEvent : Send Message LaunchGameEvent to new watcher
2022-03-19 20:16:13,421 INFO org.springframework.scheduling.concurrent.ExecutorConfigurationSupport [SpringContextShutdownHook] Shutting down ExecutorService 'applicationTaskExecutor'
2022-03-19 20:16:13,423 INFO org.springframework.scheduling.concurrent.ExecutorConfigurationSupport [SpringContextShutdownHook] Shutting down ExecutorService 'defaultSockJsTaskScheduler'
2022-03-19 20:16:13,427 INFO com.mongodb.diagnostics.logging.SLF4JLogger [SpringContextShutdownHook] Closed connection [connectionId{localValue:2, serverValue:4}] to localhost:27017 because the pool has been closed.
2022-03-19 20:19:55,015 INFO org.springframework.boot.StartupInfoLogger [main] Starting RoleAccessorTest on PC-8 with PID 15884 (started by Utilisateur in D:\SI4\Stage\SI4-stage-Domego\Server)
2022-03-19 20:19:55,025 INFO org.springframework.boot.SpringApplication [main] No active profile set, falling back to default profiles: default
2022-03-19 20:19:58,714 INFO org.springframework.data.repository.config.RepositoryConfigurationDelegate [main] Bootstrapping Spring Data repositories in DEFAULT mode.
2022-03-19 20:19:59,436 INFO org.springframework.data.repository.config.RepositoryConfigurationDelegate [main] Finished Spring Data repository scanning in 684ms. Found 2 repository interfaces.
2022-03-19 20:20:05,815 INFO com.mongodb.diagnostics.logging.SLF4JLogger [main] Cluster created with settings {hosts=[localhost:27017], mode=MULTIPLE, requiredClusterType=UNKNOWN, serverSelectionTimeout='30000 ms', maxWaitQueueSize=500}
2022-03-19 20:20:05,818 INFO com.mongodb.diagnostics.logging.SLF4JLogger [main] Adding discovered server localhost:27017 to client view of cluster
2022-03-19 20:20:06,539 INFO com.mongodb.diagnostics.logging.SLF4JLogger [cluster-ClusterId{value='62362ce5e2afeb62c7f2ff63', description='null'}-localhost:27017] Opened connection [connectionId{localValue:1, serverValue:5}] to localhost:27017
2022-03-19 20:20:06,565 INFO com.mongodb.diagnostics.logging.SLF4JLogger [cluster-ClusterId{value='62362ce5e2afeb62c7f2ff63', description='null'}-localhost:27017] Monitor thread successfully connected to server with description ServerDescription{address=localhost:27017, type=STANDALONE, state=CONNECTED, ok=true, version=ServerVersion{versionList=[4, 4, 5]}, minWireVersion=0, maxWireVersion=9, maxDocumentSize=16777216, logicalSessionTimeoutMinutes=30, roundTripTimeNanos=19030500}
2022-03-19 20:20:06,581 INFO com.mongodb.diagnostics.logging.SLF4JLogger [cluster-ClusterId{value='62362ce5e2afeb62c7f2ff63', description='null'}-localhost:27017] Discovered cluster type of STANDALONE
2022-03-19 20:20:07,376 WARN org.springframework.data.convert.CustomConversions [main] Registering converter from class java.time.LocalDateTime to class java.time.Instant as reading converter although it doesn't convert from a store-supported type! You might wanna check you annotation setup at the converter implementation.
2022-03-19 20:20:07,378 WARN org.springframework.data.convert.CustomConversions [main] Registering converter from class java.time.Instant to class java.time.LocalDateTime as reading converter although it doesn't convert from a store-supported type! You might wanna check you annotation setup at the converter implementation.
2022-03-19 20:20:07,964 WARN org.springframework.data.convert.CustomConversions [main] Registering converter from class java.time.LocalDateTime to class java.time.Instant as reading converter although it doesn't convert from a store-supported type! You might wanna check you annotation setup at the converter implementation.
2022-03-19 20:20:07,969 WARN org.springframework.data.convert.CustomConversions [main] Registering converter from class java.time.Instant to class java.time.LocalDateTime as reading converter although it doesn't convert from a store-supported type! You might wanna check you annotation setup at the converter implementation.
2022-03-19 20:20:09,466 INFO com.mongodb.diagnostics.logging.SLF4JLogger [main] Opened connection [connectionId{localValue:2, serverValue:6}] to localhost:27017
2022-03-19 20:20:10,248 INFO org.springframework.scheduling.concurrent.ExecutorConfigurationSupport [main] Initializing ExecutorService 'defaultSockJsTaskScheduler'
2022-03-19 20:20:14,685 INFO org.springframework.scheduling.concurrent.ExecutorConfigurationSupport [main] Initializing ExecutorService 'applicationTaskExecutor'
2022-03-19 20:20:15,292 INFO org.springframework.boot.autoconfigure.web.servlet.WelcomePageHandlerMapping [main] Adding welcome page: class path resource [static/index.html]
2022-03-19 20:20:17,064 INFO org.springframework.boot.StartupInfoLogger [main] Started RoleAccessorTest in 26.675 seconds (JVM running for 39.612)
2022-03-19 20:20:18,915 INFO org.springframework.test.context.support.AbstractTestContextBootstrapper [main] Neither @ContextConfiguration nor @ContextHierarchy found for test class [org.polytech.pfe.domego.GameRequestHandlerTest], using SpringBootContextLoader
2022-03-19 20:20:18,942 INFO org.springframework.test.context.support.AbstractContextLoader [main] Could not detect default resource locations for test class [org.polytech.pfe.domego.GameRequestHandlerTest]: no resource found for suffixes {-context.xml, Context.groovy}.
2022-03-19 20:20:18,944 INFO org.springframework.test.context.support.AnnotationConfigContextLoaderUtils [main] Could not detect default configuration classes for test class [org.polytech.pfe.domego.GameRequestHandlerTest]: GameRequestHandlerTest does not declare any static, non-private, non-final, nested classes annotated with @Configuration.
2022-03-19 20:20:19,076 INFO org.springframework.boot.test.context.SpringBootTestContextBootstrapper [main] Found @SpringBootConfiguration org.polytech.pfe.domego.DomegoApplication for test class org.polytech.pfe.domego.GameRequestHandlerTest
2022-03-19 20:20:19,083 INFO org.springframework.test.context.support.AbstractTestContextBootstrapper [main] Loaded default TestExecutionListener class names from location [META-INF/spring.factories]: [org.springframework.boot.test.mock.mockito.MockitoTestExecutionListener, org.springframework.boot.test.mock.mockito.ResetMocksTestExecutionListener, org.springframework.boot.test.autoconfigure.restdocs.RestDocsTestExecutionListener, org.springframework.boot.test.autoconfigure.web.client.MockRestServiceServerResetTestExecutionListener, org.springframework.boot.test.autoconfigure.web.servlet.MockMvcPrintOnlyOnFailureTestExecutionListener, org.springframework.boot.test.autoconfigure.web.servlet.WebDriverTestExecutionListener, org.springframework.test.context.web.ServletTestExecutionListener, org.springframework.test.context.support.DirtiesContextBeforeModesTestExecutionListener, org.springframework.test.context.support.DependencyInjectionTestExecutionListener, org.springframework.test.context.support.DirtiesContextTestExecutionListener, org.springframework.test.context.transaction.TransactionalTestExecutionListener, org.springframework.test.context.jdbc.SqlScriptsTestExecutionListener, org.springframework.test.context.event.EventPublishingTestExecutionListener]
2022-03-19 20:20:19,092 INFO org.springframework.test.context.support.AbstractTestContextBootstrapper [main] Using TestExecutionListeners: [org.springframework.test.context.web.ServletTestExecutionListener@6de90db3, org.springframework.test.context.support.DirtiesContextBeforeModesTestExecutionListener@5b5bd732, org.springframework.boot.test.mock.mockito.MockitoTestExecutionListener@6cb537ea, org.springframework.boot.test.autoconfigure.SpringBootDependencyInjectionTestExecutionListener@66c51744, org.springframework.test.context.support.DirtiesContextTestExecutionListener@43640aba, org.springframework.test.context.transaction.TransactionalTestExecutionListener@4683a7a3, org.springframework.test.context.jdbc.SqlScriptsTestExecutionListener@3ccc2fe, org.springframework.test.context.event.EventPublishingTestExecutionListener@4dfd8af4, org.springframework.boot.test.mock.mockito.ResetMocksTestExecutionListener@2eaf682b, org.springframework.boot.test.autoconfigure.restdocs.RestDocsTestExecutionListener@754a6ce2, org.springframework.boot.test.autoconfigure.web.client.MockRestServiceServerResetTestExecutionListener@10f48b87, org.springframework.boot.test.autoconfigure.web.servlet.MockMvcPrintOnlyOnFailureTestExecutionListener@31ff0947, org.springframework.boot.test.autoconfigure.web.servlet.WebDriverTestExecutionListener@6444c163]
2022-03-19 20:20:20,005 INFO org.polytech.pfe.domego.protocol.game.BuyResourceEvent [main] BuyResourceEvent : In game  45dd4887-c85d-46dd-9f24-25cd6d2bd480 the player named : name has buy 1 resources. He has now : 11 resources and : 29 999 money.
2022-03-19 20:20:20,257 INFO org.polytech.pfe.domego.protocol.game.JoinGameEvent [main] JoinGameEvent : Le joueur : name a rejoint la partie : 9d274a2b-38e6-43ef-ba1e-b4f11b0d6726
2022-03-19 20:20:20,265 INFO org.polytech.pfe.domego.protocol.game.JoinGameEvent [main] JoinGameEvent : Le joueur : name a rejoint la partie : 9d274a2b-38e6-43ef-ba1e-b4f11b0d6726
2022-03-19 20:20:20,271 INFO org.polytech.pfe.domego.protocol.game.JoinGameEvent [main] JoinGameEvent : Le joueur : name a rejoint la partie : 9d274a2b-38e6-43ef-ba1e-b4f11b0d6726
2022-03-19 20:20:20,280 INFO org.polytech.pfe.domego.protocol.game.JoinGameEvent [main] JoinGameEvent : Le joueur : name a rejoint la partie : 9d274a2b-38e6-43ef-ba1e-b4f11b0d6726
2022-03-19 20:20:20,295 INFO org.polytech.pfe.domego.protocol.game.JoinGameEvent [main] JoinGameEvent : Le joueur : name a rejoint la partie : 9d274a2b-38e6-43ef-ba1e-b4f11b0d6726
2022-03-19 20:20:20,307 INFO org.polytech.pfe.domego.protocol.game.JoinGameEvent [main] JoinGameEvent : Le joueur : name a rejoint la partie : 9d274a2b-38e6-43ef-ba1e-b4f11b0d6726
2022-03-19 20:20:20,548 INFO org.polytech.pfe.domego.protocol.game.LaunchGameEvent [main] LaunchGameEvent : Send Message LaunchGameEvent to all players
2022-03-19 20:20:21,073 INFO org.polytech.pfe.domego.protocol.game.JoinGameEvent [main] JoinGameEvent : Le joueur : name a rejoint la partie : 3b3a2de2-25fb-45b8-adb3-37610b173a8d
2022-03-19 20:20:22,138 INFO org.springframework.test.context.support.AbstractTestContextBootstrapper [main] Neither @ContextConfiguration nor @ContextHierarchy found for test class [org.polytech.pfe.domego.RoomRequestHandlerTest], using SpringBootContextLoader
2022-03-19 20:20:22,143 INFO org.springframework.test.context.support.AbstractContextLoader [main] Could not detect default resource locations for test class [org.polytech.pfe.domego.RoomRequestHandlerTest]: no resource found for suffixes {-context.xml, Context.groovy}.
2022-03-19 20:20:22,143 INFO org.springframework.test.context.support.AnnotationConfigContextLoaderUtils [main] Could not detect default configuration classes for test class [org.polytech.pfe.domego.RoomRequestHandlerTest]: RoomRequestHandlerTest does not declare any static, non-private, non-final, nested classes annotated with @Configuration.
2022-03-19 20:20:22,153 INFO org.springframework.boot.test.context.SpringBootTestContextBootstrapper [main] Found @SpringBootConfiguration org.polytech.pfe.domego.DomegoApplication for test class org.polytech.pfe.domego.RoomRequestHandlerTest
2022-03-19 20:20:22,160 INFO org.springframework.test.context.support.AbstractTestContextBootstrapper [main] Loaded default TestExecutionListener class names from location [META-INF/spring.factories]: [org.springframework.boot.test.mock.mockito.MockitoTestExecutionListener, org.springframework.boot.test.mock.mockito.ResetMocksTestExecutionListener, org.springframework.boot.test.autoconfigure.restdocs.RestDocsTestExecutionListener, org.springframework.boot.test.autoconfigure.web.client.MockRestServiceServerResetTestExecutionListener, org.springframework.boot.test.autoconfigure.web.servlet.MockMvcPrintOnlyOnFailureTestExecutionListener, org.springframework.boot.test.autoconfigure.web.servlet.WebDriverTestExecutionListener, org.springframework.test.context.web.ServletTestExecutionListener, org.springframework.test.context.support.DirtiesContextBeforeModesTestExecutionListener, org.springframework.test.context.support.DependencyInjectionTestExecutionListener, org.springframework.test.context.support.DirtiesContextTestExecutionListener, org.springframework.test.context.transaction.TransactionalTestExecutionListener, org.springframework.test.context.jdbc.SqlScriptsTestExecutionListener, org.springframework.test.context.event.EventPublishingTestExecutionListener]
2022-03-19 20:20:22,162 INFO org.springframework.test.context.support.AbstractTestContextBootstrapper [main] Using TestExecutionListeners: [org.springframework.test.context.web.ServletTestExecutionListener@38850b00, org.springframework.test.context.support.DirtiesContextBeforeModesTestExecutionListener@7248fa10, org.springframework.boot.test.mock.mockito.MockitoTestExecutionListener@18a45896, org.springframework.boot.test.autoconfigure.SpringBootDependencyInjectionTestExecutionListener@7187b832, org.springframework.test.context.support.DirtiesContextTestExecutionListener@61ca6009, org.springframework.test.context.transaction.TransactionalTestExecutionListener@54679e5a, org.springframework.test.context.jdbc.SqlScriptsTestExecutionListener@6e3d0ca8, org.springframework.test.context.event.EventPublishingTestExecutionListener@22377f75, org.springframework.boot.test.mock.mockito.ResetMocksTestExecutionListener@104f8912, org.springframework.boot.test.autoconfigure.restdocs.RestDocsTestExecutionListener@7832500f, org.springframework.boot.test.autoconfigure.web.client.MockRestServiceServerResetTestExecutionListener@7e6c5bed, org.springframework.boot.test.autoconfigure.web.servlet.MockMvcPrintOnlyOnFailureTestExecutionListener@67b95f82, org.springframework.boot.test.autoconfigure.web.servlet.WebDriverTestExecutionListener@bd25d7e]
2022-03-19 20:20:22,270 INFO org.polytech.pfe.domego.services.sockets.room.RoomRequestHandler [main] RoomRequestHandler : New Room request type : class org.polytech.pfe.domego.protocol.room.CreateGameEvent
2022-03-19 20:20:22,279 INFO org.polytech.pfe.domego.protocol.room.CreateGameEvent [main] CreateGameEvent : name has created a Room named : name's lobby with ID : a2b62afe-fc06-4dc3-b293-fcde368d347e
2022-03-19 20:20:22,283 INFO org.polytech.pfe.domego.services.sockets.room.RoomRequestHandler [main] RoomRequestHandler : New Room request type : class org.polytech.pfe.domego.protocol.room.CreateGameEvent
2022-03-19 20:20:22,286 INFO org.polytech.pfe.domego.protocol.room.CreateGameEvent [main] CreateGameEvent : name has created a Room named : name's lobby with ID : 3e9d6617-d306-4d76-bf39-f26af1d2318a
2022-03-19 20:20:22,310 INFO org.polytech.pfe.domego.services.sockets.room.RoomRequestHandler [main] RoomRequestHandler : New Room request type : class org.polytech.pfe.domego.protocol.room.CreateGameEvent
2022-03-19 20:20:22,313 INFO org.polytech.pfe.domego.protocol.room.CreateGameEvent [main] CreateGameEvent : name has created a Room named : name's lobby with ID : 86512766-eedf-46e1-a8f8-2c242d328f33
2022-03-19 20:20:22,335 INFO org.polytech.pfe.domego.services.sockets.room.RoomRequestHandler [main] RoomRequestHandler : New Room request type : class org.polytech.pfe.domego.protocol.room.ChooseRoleEvent
2022-03-19 20:20:22,346 INFO org.polytech.pfe.domego.protocol.room.ChooseRoleEvent [main] ChooseRoleEvent : In game : 86512766-eedf-46e1-a8f8-2c242d328f33 the player name : name has change role, new role : MANAGER
2022-03-19 20:20:22,390 INFO org.polytech.pfe.domego.services.sockets.room.RoomRequestHandler [main] RoomRequestHandler : New Room request type : class org.polytech.pfe.domego.protocol.room.CreateGameEvent
2022-03-19 20:20:22,394 INFO org.polytech.pfe.domego.protocol.room.CreateGameEvent [main] CreateGameEvent : name has created a Room named : name's lobby with ID : 6dcbe775-cf2c-41eb-860a-6957eabccf1d
2022-03-19 20:20:22,403 INFO org.polytech.pfe.domego.services.sockets.room.RoomRequestHandler [main] RoomRequestHandler : New Room request type : class org.polytech.pfe.domego.protocol.room.JoinRoomEvent
2022-03-19 20:20:22,405 INFO org.polytech.pfe.domego.protocol.room.JoinRoomEvent [main] JoinRoomEvent : New player named : name2 has join the room : 6dcbe775-cf2c-41eb-860a-6957eabccf1d
2022-03-19 20:20:22,439 INFO org.polytech.pfe.domego.services.sockets.room.RoomRequestHandler [main] RoomRequestHandler : New Room request type : class org.polytech.pfe.domego.protocol.room.CreateGameEvent
2022-03-19 20:20:22,443 INFO org.polytech.pfe.domego.protocol.room.CreateGameEvent [main] CreateGameEvent : name has created a Room named : name's lobby with ID : 7aae2d1d-6f25-44ab-9c4c-126016f06702
2022-03-19 20:20:22,452 INFO org.polytech.pfe.domego.services.sockets.room.RoomRequestHandler [main] RoomRequestHandler : New Room request type : class org.polytech.pfe.domego.protocol.room.ChangeStatusEvent
2022-03-19 20:20:22,455 INFO org.polytech.pfe.domego.protocol.room.ChangeStatusEvent [main] ChangeStatusEvent : In game : 7aae2d1d-6f25-44ab-9c4c-126016f06702 the player name : name has change status, new status : Ready
2022-03-19 20:20:22,502 INFO org.springframework.scheduling.concurrent.ExecutorConfigurationSupport [SpringContextShutdownHook] Shutting down ExecutorService 'applicationTaskExecutor'
2022-03-19 20:20:22,506 INFO org.springframework.scheduling.concurrent.ExecutorConfigurationSupport [SpringContextShutdownHook] Shutting down ExecutorService 'defaultSockJsTaskScheduler'
2022-03-19 20:20:22,513 INFO com.mongodb.diagnostics.logging.SLF4JLogger [SpringContextShutdownHook] Closed connection [connectionId{localValue:2, serverValue:6}] to localhost:27017 because the pool has been closed.
