2021-07-09 10:47:45,166 INFO org.polytech.pfe.domego.services.sockets.game.GameSocketHandler [http-nio-8080-exec-1] GameSocketHandler : New user on socket with ip : /0:0:0:0:0:0:0:1:59373
2021-07-09 10:47:45,154 INFO org.polytech.pfe.domego.services.sockets.room.RoomSocketHandler [http-nio-8080-exec-7] RoomSocketHandler : New user on socket with ip : /0:0:0:0:0:0:0:1:51627
2021-07-09 10:47:45,591 INFO org.polytech.pfe.domego.services.sockets.room.RoomSocketHandler [http-nio-8080-exec-2] RoomSocketHandler : New user on socket with ip : /0:0:0:0:0:0:0:1:64957
2021-07-09 10:47:45,607 INFO org.polytech.pfe.domego.services.sockets.game.GameSocketHandler [http-nio-8080-exec-8] GameSocketHandler : New user on socket with ip : /0:0:0:0:0:0:0:1:55318
2021-07-09 10:47:46,575 INFO org.polytech.pfe.domego.services.sockets.room.RoomSocketHandler [http-nio-8080-exec-10] RoomSocketHandler : New user on socket with ip : /0:0:0:0:0:0:0:1:56209
2021-07-09 10:47:46,589 INFO org.polytech.pfe.domego.services.sockets.game.GameSocketHandler [http-nio-8080-exec-3] GameSocketHandler : New user on socket with ip : /0:0:0:0:0:0:0:1:65347
2021-07-09 10:47:48,226 INFO org.polytech.pfe.domego.services.sockets.room.RoomSocketHandler [http-nio-8080-exec-6] RoomSocketHandler : New user on socket with ip : /0:0:0:0:0:0:0:1:54746
2021-07-09 10:47:48,239 INFO org.polytech.pfe.domego.services.sockets.game.GameSocketHandler [http-nio-8080-exec-12] GameSocketHandler : New user on socket with ip : /0:0:0:0:0:0:0:1:61434
2021-07-09 16:40:44,304 INFO org.springframework.boot.StartupInfoLogger [main] Starting DomegoApplication on DESKTOP-8CKEDBD with PID 17504 (C:\Users\R-mann\Documents\GitHub\SI4-stage-Domego\Server\target\classes started by R-mann in C:\Users\R-mann\Documents\GitHub\SI4-stage-Domego\Server)
2021-07-09 16:40:44,314 INFO org.springframework.boot.SpringApplication [main] No active profile set, falling back to default profiles: default
2021-07-09 16:40:45,388 INFO org.springframework.data.repository.config.RepositoryConfigurationDelegate [main] Bootstrapping Spring Data repositories in DEFAULT mode.
2021-07-09 16:40:45,592 INFO org.springframework.data.repository.config.RepositoryConfigurationDelegate [main] Finished Spring Data repository scanning in 195ms. Found 2 repository interfaces.
2021-07-09 16:40:46,404 INFO org.springframework.boot.web.embedded.tomcat.TomcatWebServer [main] Tomcat initialized with port(s): 8080 (http)
2021-07-09 16:40:46,425 INFO org.apache.juli.logging.DirectJDKLog [main] Initializing ProtocolHandler ["http-nio-8080"]
2021-07-09 16:40:46,429 INFO org.apache.juli.logging.DirectJDKLog [main] Starting service [Tomcat]
2021-07-09 16:40:46,431 INFO org.apache.juli.logging.DirectJDKLog [main] Starting Servlet engine: [Apache Tomcat/9.0.27]
2021-07-09 16:40:46,649 INFO org.apache.juli.logging.DirectJDKLog [main] Initializing Spring embedded WebApplicationContext
2021-07-09 16:40:46,650 INFO org.springframework.boot.web.servlet.context.ServletWebServerApplicationContext [main] Root WebApplicationContext: initialization completed in 2263 ms
2021-07-09 16:40:47,084 INFO com.mongodb.diagnostics.logging.SLF4JLogger [main] Cluster created with settings {hosts=[localhost:27017], mode=MULTIPLE, requiredClusterType=UNKNOWN, serverSelectionTimeout='30000 ms', maxWaitQueueSize=500}
2021-07-09 16:40:47,086 INFO com.mongodb.diagnostics.logging.SLF4JLogger [main] Adding discovered server localhost:27017 to client view of cluster
2021-07-09 16:40:47,182 INFO com.mongodb.diagnostics.logging.SLF4JLogger [cluster-ClusterId{value='60e85fef305a5f7eae232ee9', description='null'}-localhost:27017] Opened connection [connectionId{localValue:1, serverValue:1}] to localhost:27017
2021-07-09 16:40:47,193 INFO com.mongodb.diagnostics.logging.SLF4JLogger [cluster-ClusterId{value='60e85fef305a5f7eae232ee9', description='null'}-localhost:27017] Monitor thread successfully connected to server with description ServerDescription{address=localhost:27017, type=STANDALONE, state=CONNECTED, ok=true, version=ServerVersion{versionList=[4, 4, 6]}, minWireVersion=0, maxWireVersion=9, maxDocumentSize=16777216, logicalSessionTimeoutMinutes=30, roundTripTimeNanos=4068500}
2021-07-09 16:40:47,197 INFO com.mongodb.diagnostics.logging.SLF4JLogger [cluster-ClusterId{value='60e85fef305a5f7eae232ee9', description='null'}-localhost:27017] Discovered cluster type of STANDALONE
2021-07-09 16:40:47,267 WARN org.springframework.data.convert.CustomConversions [main] Registering converter from class java.time.LocalDateTime to class java.time.Instant as reading converter although it doesn't convert from a store-supported type! You might wanna check you annotation setup at the converter implementation.
2021-07-09 16:40:47,270 WARN org.springframework.data.convert.CustomConversions [main] Registering converter from class java.time.Instant to class java.time.LocalDateTime as reading converter although it doesn't convert from a store-supported type! You might wanna check you annotation setup at the converter implementation.
2021-07-09 16:40:47,490 WARN org.springframework.data.convert.CustomConversions [main] Registering converter from class java.time.LocalDateTime to class java.time.Instant as reading converter although it doesn't convert from a store-supported type! You might wanna check you annotation setup at the converter implementation.
2021-07-09 16:40:47,496 WARN org.springframework.data.convert.CustomConversions [main] Registering converter from class java.time.Instant to class java.time.LocalDateTime as reading converter although it doesn't convert from a store-supported type! You might wanna check you annotation setup at the converter implementation.
2021-07-09 16:40:47,918 INFO com.mongodb.diagnostics.logging.SLF4JLogger [main] Opened connection [connectionId{localValue:2, serverValue:2}] to localhost:27017
2021-07-09 16:40:48,144 INFO org.springframework.scheduling.concurrent.ExecutorConfigurationSupport [main] Initializing ExecutorService 'defaultSockJsTaskScheduler'
2021-07-09 16:40:48,385 INFO org.springframework.scheduling.concurrent.ExecutorConfigurationSupport [main] Initializing ExecutorService 'applicationTaskExecutor'
2021-07-09 16:40:48,485 INFO org.springframework.boot.autoconfigure.web.servlet.WelcomePageHandlerMapping [main] Adding welcome page: class path resource [static/index.html]
2021-07-09 16:40:48,671 INFO org.apache.juli.logging.DirectJDKLog [main] Starting ProtocolHandler ["http-nio-8080"]
2021-07-09 16:40:48,714 INFO org.springframework.boot.web.embedded.tomcat.TomcatWebServer [main] Tomcat started on port(s): 8080 (http) with context path ''
2021-07-09 16:40:48,722 INFO org.springframework.boot.StartupInfoLogger [main] Started DomegoApplication in 5.945 seconds (JVM running for 6.995)
2021-07-09 16:41:23,636 INFO org.apache.juli.logging.DirectJDKLog [http-nio-8080-exec-1] Initializing Spring DispatcherServlet 'dispatcherServlet'
2021-07-09 16:41:23,638 INFO org.springframework.web.servlet.FrameworkServlet [http-nio-8080-exec-1] Initializing Servlet 'dispatcherServlet'
2021-07-09 16:41:23,647 INFO org.springframework.web.servlet.FrameworkServlet [http-nio-8080-exec-1] Completed initialization in 7 ms
2021-07-09 16:41:23,866 INFO org.polytech.pfe.domego.services.sockets.room.RoomSocketHandler [http-nio-8080-exec-1] RoomSocketHandler : New user on socket with ip : /0:0:0:0:0:0:0:1:61875
2021-07-09 16:41:30,058 INFO org.polytech.pfe.domego.services.sockets.room.RoomSocketHandler [http-nio-8080-exec-5] RoomSocketHandler : New user on socket with ip : /0:0:0:0:0:0:0:1:59794
2021-07-09 16:41:30,342 INFO org.polytech.pfe.domego.services.sockets.room.RoomSocketHandler [http-nio-8080-exec-7] RoomSocketHandler : New user on socket with ip : /0:0:0:0:0:0:0:1:58975
2021-07-09 16:41:36,201 INFO org.polytech.pfe.domego.services.sockets.room.RoomSocketHandler [http-nio-8080-exec-3] RoomSocketHandler : New user on socket with ip : /0:0:0:0:0:0:0:1:62037
2021-07-09 16:41:45,183 INFO org.polytech.pfe.domego.services.sockets.room.RoomSocketHandler [http-nio-8080-exec-1] RoomSocketHandler : New user on socket with ip : /0:0:0:0:0:0:0:1:57422
2021-07-09 16:41:51,399 INFO org.polytech.pfe.domego.services.sockets.room.RoomSocketHandler [http-nio-8080-exec-4] RoomSocketHandler : New user on socket with ip : /0:0:0:0:0:0:0:1:58627
2021-07-09 16:50:57,688 INFO org.polytech.pfe.domego.services.sockets.room.RoomRequestHandler [http-nio-8080-exec-8] RoomRequestHandler : New Room request type : class org.polytech.pfe.domego.protocol.room.CreateGameEvent
2021-07-09 16:50:57,714 INFO org.polytech.pfe.domego.services.sockets.game.GameSocketHandler [http-nio-8080-exec-10] GameSocketHandler : New user on socket with ip : /0:0:0:0:0:0:0:1:63487
2021-07-09 16:50:57,723 INFO org.polytech.pfe.domego.protocol.room.CreateGameEvent [http-nio-8080-exec-8] CreateGameEvent : A has created a Room named : A's lobby with ID : 58873619-1fbd-425e-9a68-3d5ec10f014e
2021-07-09 16:51:00,106 INFO org.polytech.pfe.domego.services.sockets.room.RoomRequestHandler [http-nio-8080-exec-7] RoomRequestHandler : New Room request type : class org.polytech.pfe.domego.protocol.room.ChooseRoleEvent
2021-07-09 16:51:00,195 INFO org.polytech.pfe.domego.protocol.room.ChooseRoleEvent [http-nio-8080-exec-7] ChooseRoleEvent : In game : 58873619-1fbd-425e-9a68-3d5ec10f014e the player name : A has change role, new role : MANAGER
2021-07-09 16:51:01,133 INFO org.polytech.pfe.domego.services.sockets.room.RoomRequestHandler [http-nio-8080-exec-9] RoomRequestHandler : New Room request type : class org.polytech.pfe.domego.protocol.room.ChangeStatusEvent
2021-07-09 16:51:01,136 INFO org.polytech.pfe.domego.protocol.room.ChangeStatusEvent [http-nio-8080-exec-9] ChangeStatusEvent : In game : 58873619-1fbd-425e-9a68-3d5ec10f014e the player name : A has change status, new status : Ready
2021-07-09 16:51:06,822 INFO org.polytech.pfe.domego.services.sockets.room.RoomRequestHandler [http-nio-8080-exec-4] RoomRequestHandler : New Room request type : class org.polytech.pfe.domego.protocol.room.JoinRoomEvent
2021-07-09 16:51:06,825 INFO org.polytech.pfe.domego.protocol.room.JoinRoomEvent [http-nio-8080-exec-4] JoinRoomEvent : New player named : B has join the room : 58873619-1fbd-425e-9a68-3d5ec10f014e
2021-07-09 16:51:06,852 INFO org.polytech.pfe.domego.services.sockets.game.GameSocketHandler [http-nio-8080-exec-3] GameSocketHandler : New user on socket with ip : /0:0:0:0:0:0:0:1:49262
2021-07-09 16:51:09,516 INFO org.polytech.pfe.domego.services.sockets.room.RoomRequestHandler [http-nio-8080-exec-5] RoomRequestHandler : New Room request type : class org.polytech.pfe.domego.protocol.room.ChooseRoleEvent
2021-07-09 16:51:09,522 INFO org.polytech.pfe.domego.protocol.room.ChooseRoleEvent [http-nio-8080-exec-5] ChooseRoleEvent : In game : 58873619-1fbd-425e-9a68-3d5ec10f014e the player name : B has change role, new role : ARCHITECT
2021-07-09 16:51:10,747 INFO org.polytech.pfe.domego.services.sockets.room.RoomRequestHandler [http-nio-8080-exec-6] RoomRequestHandler : New Room request type : class org.polytech.pfe.domego.protocol.room.ChangeStatusEvent
2021-07-09 16:51:10,748 INFO org.polytech.pfe.domego.protocol.room.ChangeStatusEvent [http-nio-8080-exec-6] ChangeStatusEvent : In game : 58873619-1fbd-425e-9a68-3d5ec10f014e the player name : B has change status, new status : Ready
2021-07-09 16:51:12,152 INFO org.polytech.pfe.domego.services.sockets.room.RoomSocketHandler [http-nio-8080-exec-7] RoomSocketHandler : Close session on socket with ip : /0:0:0:0:0:0:0:1:59794
2021-07-09 16:51:17,487 INFO org.polytech.pfe.domego.services.sockets.room.RoomRequestHandler [http-nio-8080-exec-5] RoomRequestHandler : New Room request type : class org.polytech.pfe.domego.protocol.room.JoinRoomEvent
2021-07-09 16:51:17,489 INFO org.polytech.pfe.domego.protocol.room.JoinRoomEvent [http-nio-8080-exec-5] JoinRoomEvent : New player named : C has join the room : 58873619-1fbd-425e-9a68-3d5ec10f014e
2021-07-09 16:51:17,512 INFO org.polytech.pfe.domego.services.sockets.game.GameSocketHandler [http-nio-8080-exec-6] GameSocketHandler : New user on socket with ip : /0:0:0:0:0:0:0:1:62533
2021-07-09 16:51:21,527 INFO org.polytech.pfe.domego.services.sockets.room.RoomRequestHandler [http-nio-8080-exec-10] RoomRequestHandler : New Room request type : class org.polytech.pfe.domego.protocol.room.ChooseRoleEvent
2021-07-09 16:51:21,534 INFO org.polytech.pfe.domego.protocol.room.ChooseRoleEvent [http-nio-8080-exec-10] ChooseRoleEvent : In game : 58873619-1fbd-425e-9a68-3d5ec10f014e the player name : C has change role, new role : OFFICER
2021-07-09 16:51:22,636 INFO org.polytech.pfe.domego.services.sockets.room.RoomRequestHandler [http-nio-8080-exec-8] RoomRequestHandler : New Room request type : class org.polytech.pfe.domego.protocol.room.ChangeStatusEvent
2021-07-09 16:51:22,637 INFO org.polytech.pfe.domego.protocol.room.ChangeStatusEvent [http-nio-8080-exec-8] ChangeStatusEvent : In game : 58873619-1fbd-425e-9a68-3d5ec10f014e the player name : C has change status, new status : Ready
2021-07-09 16:51:29,540 INFO org.polytech.pfe.domego.services.sockets.room.RoomRequestHandler [http-nio-8080-exec-1] RoomRequestHandler : New Room request type : class org.polytech.pfe.domego.protocol.room.JoinRoomEvent
2021-07-09 16:51:29,543 INFO org.polytech.pfe.domego.protocol.room.JoinRoomEvent [http-nio-8080-exec-1] JoinRoomEvent : New player named : D has join the room : 58873619-1fbd-425e-9a68-3d5ec10f014e
2021-07-09 16:51:29,571 INFO org.polytech.pfe.domego.services.sockets.game.GameSocketHandler [http-nio-8080-exec-3] GameSocketHandler : New user on socket with ip : /0:0:0:0:0:0:0:1:50916
2021-07-09 16:51:33,158 INFO org.polytech.pfe.domego.services.sockets.room.RoomRequestHandler [http-nio-8080-exec-4] RoomRequestHandler : New Room request type : class org.polytech.pfe.domego.protocol.room.ChooseRoleEvent
2021-07-09 16:51:33,165 INFO org.polytech.pfe.domego.protocol.room.ChooseRoleEvent [http-nio-8080-exec-4] ChooseRoleEvent : In game : 58873619-1fbd-425e-9a68-3d5ec10f014e the player name : D has change role, new role : CONTROLLER
2021-07-09 16:51:34,449 INFO org.polytech.pfe.domego.services.sockets.room.RoomRequestHandler [http-nio-8080-exec-5] RoomRequestHandler : New Room request type : class org.polytech.pfe.domego.protocol.room.ChangeStatusEvent
2021-07-09 16:51:34,450 INFO org.polytech.pfe.domego.protocol.room.ChangeStatusEvent [http-nio-8080-exec-5] ChangeStatusEvent : In game : 58873619-1fbd-425e-9a68-3d5ec10f014e the player name : D has change status, new status : Ready
2021-07-09 16:51:41,609 INFO org.polytech.pfe.domego.services.sockets.room.RoomRequestHandler [http-nio-8080-exec-7] RoomRequestHandler : New Room request type : class org.polytech.pfe.domego.protocol.room.JoinRoomEvent
2021-07-09 16:51:41,611 INFO org.polytech.pfe.domego.protocol.room.JoinRoomEvent [http-nio-8080-exec-7] JoinRoomEvent : New player named : E has join the room : 58873619-1fbd-425e-9a68-3d5ec10f014e
2021-07-09 16:51:41,648 INFO org.polytech.pfe.domego.services.sockets.game.GameSocketHandler [http-nio-8080-exec-9] GameSocketHandler : New user on socket with ip : /0:0:0:0:0:0:0:1:49985
2021-07-09 16:51:43,940 INFO org.polytech.pfe.domego.services.sockets.room.RoomRequestHandler [http-nio-8080-exec-2] RoomRequestHandler : New Room request type : class org.polytech.pfe.domego.protocol.room.ChooseRoleEvent
2021-07-09 16:51:43,949 INFO org.polytech.pfe.domego.protocol.room.ChooseRoleEvent [http-nio-8080-exec-2] ChooseRoleEvent : In game : 58873619-1fbd-425e-9a68-3d5ec10f014e the player name : E has change role, new role : SECONDARY
2021-07-09 16:51:45,119 INFO org.polytech.pfe.domego.services.sockets.room.RoomRequestHandler [http-nio-8080-exec-1] RoomRequestHandler : New Room request type : class org.polytech.pfe.domego.protocol.room.ChangeStatusEvent
2021-07-09 16:51:45,121 INFO org.polytech.pfe.domego.protocol.room.ChangeStatusEvent [http-nio-8080-exec-1] ChangeStatusEvent : In game : 58873619-1fbd-425e-9a68-3d5ec10f014e the player name : E has change status, new status : Ready
2021-07-09 16:51:54,259 INFO org.polytech.pfe.domego.services.sockets.room.RoomRequestHandler [http-nio-8080-exec-4] RoomRequestHandler : New Room request type : class org.polytech.pfe.domego.protocol.room.ChooseRoleEvent
2021-07-09 16:51:54,266 INFO org.polytech.pfe.domego.protocol.room.ChooseRoleEvent [http-nio-8080-exec-4] ChooseRoleEvent : In game : 58873619-1fbd-425e-9a68-3d5ec10f014e the player name : A has change role, new role : 
2021-07-09 16:51:54,269 INFO org.polytech.pfe.domego.services.sockets.room.RoomRequestHandler [http-nio-8080-exec-4] RoomRequestHandler : New Room request type : class org.polytech.pfe.domego.protocol.room.ChangeStatusEvent
2021-07-09 16:51:54,271 INFO org.polytech.pfe.domego.protocol.room.ChangeStatusEvent [http-nio-8080-exec-4] ChangeStatusEvent : In game : 58873619-1fbd-425e-9a68-3d5ec10f014e the player name : A has change status, new status : Not Ready
2021-07-09 16:52:01,664 INFO org.polytech.pfe.domego.services.sockets.room.RoomSocketHandler [http-nio-8080-exec-5] RoomSocketHandler : New user on socket with ip : /0:0:0:0:0:0:0:1:65465
2021-07-09 16:52:13,693 INFO org.polytech.pfe.domego.services.sockets.room.RoomRequestHandler [http-nio-8080-exec-9] RoomRequestHandler : New Room request type : class org.polytech.pfe.domego.protocol.room.ChooseRoleEvent
2021-07-09 16:52:13,698 INFO org.polytech.pfe.domego.protocol.room.ChooseRoleEvent [http-nio-8080-exec-9] ChooseRoleEvent : In game : 58873619-1fbd-425e-9a68-3d5ec10f014e the player name : A has change role, new role : MANAGER
2021-07-09 16:52:15,916 INFO org.polytech.pfe.domego.services.sockets.room.RoomRequestHandler [http-nio-8080-exec-2] RoomRequestHandler : New Room request type : class org.polytech.pfe.domego.protocol.room.ChangeStatusEvent
2021-07-09 16:52:15,918 INFO org.polytech.pfe.domego.protocol.room.ChangeStatusEvent [http-nio-8080-exec-2] ChangeStatusEvent : In game : 58873619-1fbd-425e-9a68-3d5ec10f014e the player name : A has change status, new status : Ready
2021-07-09 16:52:22,692 INFO org.polytech.pfe.domego.services.sockets.room.RoomRequestHandler [http-nio-8080-exec-5] RoomRequestHandler : New Room request type : class org.polytech.pfe.domego.protocol.room.JoinRoomEvent
2021-07-09 16:52:22,694 INFO org.polytech.pfe.domego.protocol.room.JoinRoomEvent [http-nio-8080-exec-5] JoinRoomEvent : New player named : F has join the room : 58873619-1fbd-425e-9a68-3d5ec10f014e
2021-07-09 16:52:22,723 INFO org.polytech.pfe.domego.services.sockets.game.GameSocketHandler [http-nio-8080-exec-6] GameSocketHandler : New user on socket with ip : /0:0:0:0:0:0:0:1:55274
2021-07-09 16:52:27,150 INFO org.polytech.pfe.domego.services.sockets.room.RoomRequestHandler [http-nio-8080-exec-10] RoomRequestHandler : New Room request type : class org.polytech.pfe.domego.protocol.room.ChooseRoleEvent
2021-07-09 16:52:27,155 INFO org.polytech.pfe.domego.protocol.room.ChooseRoleEvent [http-nio-8080-exec-10] ChooseRoleEvent : In game : 58873619-1fbd-425e-9a68-3d5ec10f014e the player name : F has change role, new role : 
2021-07-09 16:52:28,572 INFO org.polytech.pfe.domego.services.sockets.room.RoomRequestHandler [http-nio-8080-exec-7] RoomRequestHandler : New Room request type : class org.polytech.pfe.domego.protocol.room.ChangeStatusEvent
2021-07-09 16:52:28,574 INFO org.polytech.pfe.domego.protocol.room.ChangeStatusEvent [http-nio-8080-exec-7] ChangeStatusEvent : In game : 58873619-1fbd-425e-9a68-3d5ec10f014e the player name : F has change status, new status : Ready
2021-07-09 17:30:51,024 INFO org.polytech.pfe.domego.services.sockets.game.GameSocketHandler [http-nio-8080-exec-2] GameSocketHandler : Close session on socket with ip : /0:0:0:0:0:0:0:1:63487
2021-07-09 17:30:51,024 INFO org.polytech.pfe.domego.services.sockets.game.GameSocketHandler [http-nio-8080-exec-9] GameSocketHandler : Close session on socket with ip : /0:0:0:0:0:0:0:1:50916
2021-07-09 17:30:51,025 INFO org.polytech.pfe.domego.services.sockets.room.RoomSocketHandler [http-nio-8080-exec-1] RoomSocketHandler : Close session on socket with ip : /0:0:0:0:0:0:0:1:62037
2021-07-09 17:30:51,040 INFO org.polytech.pfe.domego.services.sockets.room.RoomSocketHandler [http-nio-8080-exec-3] RoomSocketHandler : Close session on socket with ip : /0:0:0:0:0:0:0:1:58627
2021-07-09 17:30:51,123 INFO org.polytech.pfe.domego.DisconnectManager [http-nio-8080-exec-1] DisconnectManager : Le joueur : D s'est deconnecte de la partie du système, nous l'avons donc supprimer de la partie : 58873619-1fbd-425e-9a68-3d5ec10f014e
2021-07-09 17:30:51,124 INFO org.polytech.pfe.domego.DisconnectManager [http-nio-8080-exec-3] DisconnectManager : Le joueur : A s'est deconnecte de la partie du système, nous l'avons donc supprimer de la partie : 58873619-1fbd-425e-9a68-3d5ec10f014e
2021-07-09 17:30:51,390 INFO org.polytech.pfe.domego.services.sockets.game.GameSocketHandler [http-nio-8080-exec-4] GameSocketHandler : Close session on socket with ip : /0:0:0:0:0:0:0:1:62533
2021-07-09 17:30:51,403 INFO org.polytech.pfe.domego.services.sockets.room.RoomSocketHandler [http-nio-8080-exec-5] RoomSocketHandler : Close session on socket with ip : /0:0:0:0:0:0:0:1:61875
2021-07-09 17:30:51,405 INFO org.polytech.pfe.domego.DisconnectManager [http-nio-8080-exec-5] DisconnectManager : Le joueur : C s'est deconnecte de la partie du système, nous l'avons donc supprimer de la partie : 58873619-1fbd-425e-9a68-3d5ec10f014e
2021-07-09 17:30:51,524 INFO org.polytech.pfe.domego.services.sockets.game.GameSocketHandler [http-nio-8080-exec-6] GameSocketHandler : Close session on socket with ip : /0:0:0:0:0:0:0:1:49262
2021-07-09 17:30:51,537 INFO org.polytech.pfe.domego.services.sockets.room.RoomSocketHandler [http-nio-8080-exec-10] RoomSocketHandler : Close session on socket with ip : /0:0:0:0:0:0:0:1:58975
2021-07-09 17:30:51,539 INFO org.polytech.pfe.domego.DisconnectManager [http-nio-8080-exec-10] DisconnectManager : Le joueur : B s'est deconnecte de la partie du système, nous l'avons donc supprimer de la partie : 58873619-1fbd-425e-9a68-3d5ec10f014e
2021-07-09 17:30:51,639 INFO org.polytech.pfe.domego.services.sockets.room.RoomSocketHandler [http-nio-8080-exec-8] RoomSocketHandler : Close session on socket with ip : /0:0:0:0:0:0:0:1:65465
2021-07-09 17:30:51,643 INFO org.polytech.pfe.domego.DisconnectManager [http-nio-8080-exec-8] DisconnectManager : Le joueur : F s'est deconnecte de la partie du système, nous l'avons donc supprimer de la partie : 58873619-1fbd-425e-9a68-3d5ec10f014e
2021-07-09 17:30:51,651 INFO org.polytech.pfe.domego.services.sockets.room.RoomSocketHandler [http-nio-8080-exec-7] RoomSocketHandler : Close session on socket with ip : /0:0:0:0:0:0:0:1:57422
2021-07-09 17:30:51,653 INFO org.polytech.pfe.domego.DisconnectManager [http-nio-8080-exec-7] DisconnectManager : Le joueur : E s'est deconnecte de la partie du système, nous l'avons donc supprimer de la partie : 58873619-1fbd-425e-9a68-3d5ec10f014e
2021-07-09 17:30:51,657 INFO org.polytech.pfe.domego.services.sockets.game.GameSocketHandler [http-nio-8080-exec-2] GameSocketHandler : Close session on socket with ip : /0:0:0:0:0:0:0:1:49985
2021-07-09 17:30:51,686 INFO org.polytech.pfe.domego.services.sockets.game.GameSocketHandler [http-nio-8080-exec-9] GameSocketHandler : Close session on socket with ip : /0:0:0:0:0:0:0:1:55274
2021-07-09 17:31:35,317 INFO org.polytech.pfe.domego.services.sockets.game.GameSocketHandler [http-nio-8080-exec-1] GameSocketHandler : New user on socket with ip : /0:0:0:0:0:0:0:1:49879
2021-07-09 17:31:35,332 INFO org.polytech.pfe.domego.services.sockets.room.RoomSocketHandler [http-nio-8080-exec-3] RoomSocketHandler : New user on socket with ip : /0:0:0:0:0:0:0:1:55426
2021-07-09 17:31:35,394 INFO org.polytech.pfe.domego.services.sockets.game.GameSocketHandler [http-nio-8080-exec-4] GameSocketHandler : New user on socket with ip : /0:0:0:0:0:0:0:1:49346
2021-07-09 17:31:35,410 INFO org.polytech.pfe.domego.services.sockets.room.RoomSocketHandler [http-nio-8080-exec-5] RoomSocketHandler : New user on socket with ip : /0:0:0:0:0:0:0:1:64323
2021-07-09 17:31:35,452 INFO org.polytech.pfe.domego.services.sockets.game.GameSocketHandler [http-nio-8080-exec-6] GameSocketHandler : New user on socket with ip : /0:0:0:0:0:0:0:1:63080
2021-07-09 17:31:35,467 INFO org.polytech.pfe.domego.services.sockets.room.RoomSocketHandler [http-nio-8080-exec-10] RoomSocketHandler : New user on socket with ip : /0:0:0:0:0:0:0:1:63890
2021-07-09 17:31:35,918 INFO org.polytech.pfe.domego.services.sockets.game.GameSocketHandler [http-nio-8080-exec-8] GameSocketHandler : New user on socket with ip : /0:0:0:0:0:0:0:1:59106
2021-07-09 17:31:35,933 INFO org.polytech.pfe.domego.services.sockets.room.RoomSocketHandler [http-nio-8080-exec-7] RoomSocketHandler : New user on socket with ip : /0:0:0:0:0:0:0:1:60430
2021-07-09 17:31:36,758 INFO org.polytech.pfe.domego.services.sockets.game.GameSocketHandler [http-nio-8080-exec-2] GameSocketHandler : New user on socket with ip : /0:0:0:0:0:0:0:1:54381
2021-07-09 17:31:36,773 INFO org.polytech.pfe.domego.services.sockets.room.RoomSocketHandler [http-nio-8080-exec-9] RoomSocketHandler : New user on socket with ip : /0:0:0:0:0:0:0:1:59001
2021-07-09 17:31:37,085 INFO org.polytech.pfe.domego.services.sockets.game.GameSocketHandler [http-nio-8080-exec-1] GameSocketHandler : New user on socket with ip : /0:0:0:0:0:0:0:1:51329
2021-07-09 17:31:37,099 INFO org.polytech.pfe.domego.services.sockets.room.RoomSocketHandler [http-nio-8080-exec-3] RoomSocketHandler : New user on socket with ip : /0:0:0:0:0:0:0:1:64131
2021-07-09 17:35:15,493 INFO org.polytech.pfe.domego.services.sockets.game.GameSocketHandler [http-nio-8080-exec-4] GameSocketHandler : Close session on socket with ip : /0:0:0:0:0:0:0:1:63080
2021-07-09 17:35:15,504 INFO org.polytech.pfe.domego.services.sockets.room.RoomSocketHandler [http-nio-8080-exec-5] RoomSocketHandler : Close session on socket with ip : /0:0:0:0:0:0:0:1:63890
2021-07-09 17:35:15,543 INFO org.polytech.pfe.domego.services.sockets.game.GameSocketHandler [http-nio-8080-exec-6] GameSocketHandler : Close session on socket with ip : /0:0:0:0:0:0:0:1:51329
2021-07-09 17:35:15,553 INFO org.polytech.pfe.domego.services.sockets.room.RoomSocketHandler [http-nio-8080-exec-10] RoomSocketHandler : Close session on socket with ip : /0:0:0:0:0:0:0:1:64131
2021-07-09 17:35:15,574 INFO org.polytech.pfe.domego.services.sockets.room.RoomSocketHandler [http-nio-8080-exec-8] RoomSocketHandler : Close session on socket with ip : /0:0:0:0:0:0:0:1:64323
2021-07-09 17:35:15,610 INFO org.polytech.pfe.domego.services.sockets.game.GameSocketHandler [http-nio-8080-exec-7] GameSocketHandler : Close session on socket with ip : /0:0:0:0:0:0:0:1:49346
2021-07-09 17:35:15,774 INFO org.polytech.pfe.domego.services.sockets.game.GameSocketHandler [http-nio-8080-exec-2] GameSocketHandler : Close session on socket with ip : /0:0:0:0:0:0:0:1:49879
2021-07-09 17:35:15,779 INFO org.polytech.pfe.domego.services.sockets.room.RoomSocketHandler [http-nio-8080-exec-9] RoomSocketHandler : Close session on socket with ip : /0:0:0:0:0:0:0:1:55426
2021-07-09 17:35:15,784 INFO org.polytech.pfe.domego.services.sockets.room.RoomSocketHandler [http-nio-8080-exec-3] RoomSocketHandler : Close session on socket with ip : /0:0:0:0:0:0:0:1:59001
2021-07-09 17:35:15,784 INFO org.polytech.pfe.domego.services.sockets.game.GameSocketHandler [http-nio-8080-exec-1] GameSocketHandler : Close session on socket with ip : /0:0:0:0:0:0:0:1:54381
2021-07-09 17:35:15,801 INFO org.polytech.pfe.domego.services.sockets.game.GameSocketHandler [http-nio-8080-exec-5] GameSocketHandler : Close session on socket with ip : /0:0:0:0:0:0:0:1:59106
2021-07-09 17:35:15,801 INFO org.polytech.pfe.domego.services.sockets.room.RoomSocketHandler [http-nio-8080-exec-4] RoomSocketHandler : Close session on socket with ip : /0:0:0:0:0:0:0:1:60430
2021-07-09 17:35:50,135 INFO org.polytech.pfe.domego.services.sockets.game.GameSocketHandler [http-nio-8080-exec-6] GameSocketHandler : New user on socket with ip : /0:0:0:0:0:0:0:1:56948
2021-07-09 17:35:50,152 INFO org.polytech.pfe.domego.services.sockets.room.RoomSocketHandler [http-nio-8080-exec-10] RoomSocketHandler : New user on socket with ip : /0:0:0:0:0:0:0:1:60256
2021-07-09 17:35:50,263 INFO org.polytech.pfe.domego.services.sockets.game.GameSocketHandler [http-nio-8080-exec-8] GameSocketHandler : New user on socket with ip : /0:0:0:0:0:0:0:1:50197
2021-07-09 17:35:50,278 INFO org.polytech.pfe.domego.services.sockets.room.RoomSocketHandler [http-nio-8080-exec-7] RoomSocketHandler : New user on socket with ip : /0:0:0:0:0:0:0:1:54444
2021-07-09 17:35:50,324 INFO org.polytech.pfe.domego.services.sockets.game.GameSocketHandler [http-nio-8080-exec-2] GameSocketHandler : New user on socket with ip : /0:0:0:0:0:0:0:1:53039
2021-07-09 17:35:50,346 INFO org.polytech.pfe.domego.services.sockets.room.RoomSocketHandler [http-nio-8080-exec-9] RoomSocketHandler : New user on socket with ip : /0:0:0:0:0:0:0:1:57553
2021-07-09 17:35:50,702 INFO org.polytech.pfe.domego.services.sockets.game.GameSocketHandler [http-nio-8080-exec-3] GameSocketHandler : New user on socket with ip : /0:0:0:0:0:0:0:1:54565
2021-07-09 17:35:50,720 INFO org.polytech.pfe.domego.services.sockets.room.RoomSocketHandler [http-nio-8080-exec-1] RoomSocketHandler : New user on socket with ip : /0:0:0:0:0:0:0:1:61355
2021-07-09 17:35:50,893 INFO org.polytech.pfe.domego.services.sockets.game.GameSocketHandler [http-nio-8080-exec-4] GameSocketHandler : New user on socket with ip : /0:0:0:0:0:0:0:1:58357
2021-07-09 17:35:50,910 INFO org.polytech.pfe.domego.services.sockets.room.RoomSocketHandler [http-nio-8080-exec-5] RoomSocketHandler : New user on socket with ip : /0:0:0:0:0:0:0:1:65117
2021-07-09 17:35:50,948 INFO org.polytech.pfe.domego.services.sockets.game.GameSocketHandler [http-nio-8080-exec-6] GameSocketHandler : New user on socket with ip : /0:0:0:0:0:0:0:1:59100
2021-07-09 17:35:50,966 INFO org.polytech.pfe.domego.services.sockets.room.RoomSocketHandler [http-nio-8080-exec-10] RoomSocketHandler : New user on socket with ip : /0:0:0:0:0:0:0:1:62350
2021-07-09 20:09:13,448 INFO org.polytech.pfe.domego.services.sockets.game.GameSocketHandler [http-nio-8080-exec-1] GameSocketHandler : Close session on socket with ip : /0:0:0:0:0:0:0:1:50197
2021-07-09 20:09:13,449 INFO org.polytech.pfe.domego.services.sockets.room.RoomSocketHandler [http-nio-8080-exec-7] RoomSocketHandler : Close session on socket with ip : /0:0:0:0:0:0:0:1:62350
2021-07-09 20:09:13,460 INFO org.polytech.pfe.domego.services.sockets.game.GameSocketHandler [http-nio-8080-exec-11] GameSocketHandler : Close session on socket with ip : /0:0:0:0:0:0:0:1:59100
2021-07-09 20:09:13,461 INFO org.polytech.pfe.domego.services.sockets.game.GameSocketHandler [http-nio-8080-exec-6] GameSocketHandler : Close session on socket with ip : /0:0:0:0:0:0:0:1:56948
2021-07-09 20:09:13,462 INFO org.polytech.pfe.domego.services.sockets.game.GameSocketHandler [http-nio-8080-exec-2] GameSocketHandler : Close session on socket with ip : /0:0:0:0:0:0:0:1:58357
2021-07-09 20:09:13,463 INFO org.polytech.pfe.domego.services.sockets.room.RoomSocketHandler [http-nio-8080-exec-4] RoomSocketHandler : Close session on socket with ip : /0:0:0:0:0:0:0:1:60256
2021-07-09 20:09:13,463 INFO org.polytech.pfe.domego.services.sockets.game.GameSocketHandler [http-nio-8080-exec-9] GameSocketHandler : Close session on socket with ip : /0:0:0:0:0:0:0:1:53039
2021-07-09 20:09:13,463 INFO org.polytech.pfe.domego.services.sockets.room.RoomSocketHandler [http-nio-8080-exec-8] RoomSocketHandler : Close session on socket with ip : /0:0:0:0:0:0:0:1:65117
2021-07-09 20:09:13,464 INFO org.polytech.pfe.domego.services.sockets.room.RoomSocketHandler [http-nio-8080-exec-5] RoomSocketHandler : Close session on socket with ip : /0:0:0:0:0:0:0:1:57553
2021-07-09 20:09:13,464 INFO org.polytech.pfe.domego.services.sockets.room.RoomSocketHandler [http-nio-8080-exec-3] RoomSocketHandler : Close session on socket with ip : /0:0:0:0:0:0:0:1:54444
2021-07-09 20:09:13,449 INFO org.polytech.pfe.domego.services.sockets.game.GameSocketHandler [http-nio-8080-exec-10] GameSocketHandler : Close session on socket with ip : /0:0:0:0:0:0:0:1:54565
2021-07-09 20:09:13,468 INFO org.polytech.pfe.domego.services.sockets.room.RoomSocketHandler [http-nio-8080-exec-12] RoomSocketHandler : Close session on socket with ip : /0:0:0:0:0:0:0:1:61355
