2021-07-05 15:31:32,477 INFO org.polytech.pfe.domego.services.sockets.room.RoomSocketHandler [http-nio-8080-exec-14] RoomSocketHandler : New user on socket with ip : /0:0:0:0:0:0:0:1:55528
2021-07-05 15:53:39,707 INFO org.polytech.pfe.domego.services.sockets.room.RoomSocketHandler [http-nio-8080-exec-12] RoomSocketHandler : Close session on socket with ip : /0:0:0:0:0:0:0:1:55528
2021-07-05 15:53:47,406 INFO org.polytech.pfe.domego.services.sockets.room.RoomSocketHandler [http-nio-8080-exec-14] RoomSocketHandler : New user on socket with ip : /0:0:0:0:0:0:0:1:65079
2021-07-05 15:53:47,420 INFO org.polytech.pfe.domego.services.sockets.game.GameSocketHandler [http-nio-8080-exec-5] GameSocketHandler : New user on socket with ip : /0:0:0:0:0:0:0:1:54825
2021-07-05 15:53:54,342 INFO org.polytech.pfe.domego.services.sockets.room.RoomSocketHandler [http-nio-8080-exec-7] RoomSocketHandler : Close session on socket with ip : /0:0:0:0:0:0:0:1:65079
2021-07-05 15:53:54,341 INFO org.polytech.pfe.domego.services.sockets.game.GameSocketHandler [http-nio-8080-exec-1] GameSocketHandler : Close session on socket with ip : /0:0:0:0:0:0:0:1:54825
2021-07-05 15:54:16,792 INFO org.polytech.pfe.domego.services.sockets.room.RoomSocketHandler [http-nio-8080-exec-11] RoomSocketHandler : New user on socket with ip : /0:0:0:0:0:0:0:1:53785
2021-07-05 15:54:16,810 INFO org.polytech.pfe.domego.services.sockets.game.GameSocketHandler [http-nio-8080-exec-9] GameSocketHandler : New user on socket with ip : /0:0:0:0:0:0:0:1:52305
2021-07-05 15:54:18,968 INFO org.polytech.pfe.domego.services.sockets.room.RoomSocketHandler [http-nio-8080-exec-2] RoomSocketHandler : New user on socket with ip : /0:0:0:0:0:0:0:1:65143
2021-07-05 15:54:21,058 INFO org.polytech.pfe.domego.services.sockets.room.RoomSocketHandler [http-nio-8080-exec-12] RoomSocketHandler : Close session on socket with ip : /0:0:0:0:0:0:0:1:53785
2021-07-05 15:54:21,058 INFO org.polytech.pfe.domego.services.sockets.game.GameSocketHandler [http-nio-8080-exec-14] GameSocketHandler : Close session on socket with ip : /0:0:0:0:0:0:0:1:52305
2021-07-05 15:54:21,136 INFO org.polytech.pfe.domego.services.sockets.room.RoomSocketHandler [http-nio-8080-exec-5] RoomSocketHandler : New user on socket with ip : /0:0:0:0:0:0:0:1:54037
2021-07-05 15:54:21,162 INFO org.polytech.pfe.domego.services.sockets.game.GameSocketHandler [http-nio-8080-exec-7] GameSocketHandler : New user on socket with ip : /0:0:0:0:0:0:0:1:56787
2021-07-05 15:54:23,314 INFO org.polytech.pfe.domego.services.sockets.game.GameSocketHandler [http-nio-8080-exec-1] GameSocketHandler : Close session on socket with ip : /0:0:0:0:0:0:0:1:56787
2021-07-05 15:54:23,319 INFO org.polytech.pfe.domego.services.sockets.room.RoomSocketHandler [http-nio-8080-exec-11] RoomSocketHandler : Close session on socket with ip : /0:0:0:0:0:0:0:1:54037
2021-07-05 15:54:24,463 INFO org.polytech.pfe.domego.services.sockets.room.RoomSocketHandler [http-nio-8080-exec-2] RoomSocketHandler : New user on socket with ip : /0:0:0:0:0:0:0:1:54400
2021-07-05 15:54:24,481 INFO org.polytech.pfe.domego.services.sockets.game.GameSocketHandler [http-nio-8080-exec-10] GameSocketHandler : New user on socket with ip : /0:0:0:0:0:0:0:1:63333
2021-07-05 15:54:24,666 INFO org.polytech.pfe.domego.services.sockets.room.RoomSocketHandler [http-nio-8080-exec-13] RoomSocketHandler : New user on socket with ip : /0:0:0:0:0:0:0:1:62978
2021-07-05 15:54:24,686 INFO org.polytech.pfe.domego.services.sockets.game.GameSocketHandler [http-nio-8080-exec-12] GameSocketHandler : New user on socket with ip : /0:0:0:0:0:0:0:1:56301
2021-07-05 15:54:26,493 INFO org.polytech.pfe.domego.services.sockets.room.RoomSocketHandler [http-nio-8080-exec-14] RoomSocketHandler : Close session on socket with ip : /0:0:0:0:0:0:0:1:54400
2021-07-05 15:54:26,495 INFO org.polytech.pfe.domego.services.sockets.game.GameSocketHandler [http-nio-8080-exec-14] GameSocketHandler : Close session on socket with ip : /0:0:0:0:0:0:0:1:63333
2021-07-05 15:54:26,512 INFO org.polytech.pfe.domego.services.sockets.game.GameSocketHandler [http-nio-8080-exec-7] GameSocketHandler : Close session on socket with ip : /0:0:0:0:0:0:0:1:56301
2021-07-05 15:54:26,512 INFO org.polytech.pfe.domego.services.sockets.room.RoomSocketHandler [http-nio-8080-exec-1] RoomSocketHandler : Close session on socket with ip : /0:0:0:0:0:0:0:1:62978
2021-07-05 15:54:40,744 INFO org.polytech.pfe.domego.services.sockets.room.RoomSocketHandler [http-nio-8080-exec-12] RoomSocketHandler : New user on socket with ip : /0:0:0:0:0:0:0:1:56582
2021-07-05 15:54:49,194 INFO org.polytech.pfe.domego.services.sockets.room.RoomRequestHandler [http-nio-8080-exec-11] RoomRequestHandler : New Room request type : class org.polytech.pfe.domego.protocol.room.CreateGameEvent
2021-07-05 15:54:49,209 INFO org.polytech.pfe.domego.services.sockets.game.GameSocketHandler [http-nio-8080-exec-9] GameSocketHandler : New user on socket with ip : /0:0:0:0:0:0:0:1:59655
2021-07-05 15:54:49,237 INFO org.polytech.pfe.domego.protocol.room.CreateGameEvent [http-nio-8080-exec-11] CreateGameEvent : A has created a Room named : A's lobby with ID : 7494fd54-763b-48e0-81a3-85a45be671c5
2021-07-05 15:54:51,413 INFO org.polytech.pfe.domego.services.sockets.room.RoomRequestHandler [http-nio-8080-exec-10] RoomRequestHandler : New Room request type : class org.polytech.pfe.domego.protocol.room.ChooseRoleEvent
2021-07-05 15:54:51,692 INFO org.polytech.pfe.domego.protocol.room.ChooseRoleEvent [http-nio-8080-exec-10] ChooseRoleEvent : In game : 7494fd54-763b-48e0-81a3-85a45be671c5 the player name : A has change role, new role : MANAGER
2021-07-05 15:54:52,126 INFO org.polytech.pfe.domego.services.sockets.room.RoomSocketHandler [http-nio-8080-exec-13] RoomSocketHandler : New user on socket with ip : /0:0:0:0:0:0:0:1:58252
2021-07-05 15:54:52,493 INFO org.polytech.pfe.domego.services.sockets.room.RoomRequestHandler [http-nio-8080-exec-14] RoomRequestHandler : New Room request type : class org.polytech.pfe.domego.protocol.room.ChangeStatusEvent
2021-07-05 15:54:52,494 INFO org.polytech.pfe.domego.protocol.room.ChangeStatusEvent [http-nio-8080-exec-14] ChangeStatusEvent : In game : 7494fd54-763b-48e0-81a3-85a45be671c5 the player name : A has change status, new status : Ready
2021-07-05 15:54:53,443 INFO org.polytech.pfe.domego.services.sockets.room.RoomSocketHandler [http-nio-8080-exec-7] RoomSocketHandler : New user on socket with ip : /0:0:0:0:0:0:0:1:63146
2021-07-05 15:54:54,767 INFO org.polytech.pfe.domego.services.sockets.room.RoomSocketHandler [http-nio-8080-exec-9] RoomSocketHandler : New user on socket with ip : /0:0:0:0:0:0:0:1:61134
2021-07-05 15:54:55,158 INFO org.polytech.pfe.domego.services.sockets.room.RoomSocketHandler [http-nio-8080-exec-2] RoomSocketHandler : New user on socket with ip : /0:0:0:0:0:0:0:1:55540
2021-07-05 15:54:57,697 INFO org.polytech.pfe.domego.services.sockets.room.RoomRequestHandler [http-nio-8080-exec-13] RoomRequestHandler : New Room request type : class org.polytech.pfe.domego.protocol.room.JoinRoomEvent
2021-07-05 15:54:57,699 INFO org.polytech.pfe.domego.protocol.room.JoinRoomEvent [http-nio-8080-exec-13] JoinRoomEvent : New player named : Z has join the room : 7494fd54-763b-48e0-81a3-85a45be671c5
2021-07-05 15:54:57,777 INFO org.polytech.pfe.domego.services.sockets.game.GameSocketHandler [http-nio-8080-exec-5] GameSocketHandler : New user on socket with ip : /0:0:0:0:0:0:0:1:63483
2021-07-05 15:54:59,676 INFO org.polytech.pfe.domego.services.sockets.room.RoomRequestHandler [http-nio-8080-exec-7] RoomRequestHandler : New Room request type : class org.polytech.pfe.domego.protocol.room.ChooseRoleEvent
2021-07-05 15:54:59,690 INFO org.polytech.pfe.domego.protocol.room.ChooseRoleEvent [http-nio-8080-exec-7] ChooseRoleEvent : In game : 7494fd54-763b-48e0-81a3-85a45be671c5 the player name : Z has change role, new role : ARCHITECT
2021-07-05 15:55:00,767 INFO org.polytech.pfe.domego.services.sockets.room.RoomRequestHandler [http-nio-8080-exec-11] RoomRequestHandler : New Room request type : class org.polytech.pfe.domego.protocol.room.ChangeStatusEvent
2021-07-05 15:55:00,839 INFO org.polytech.pfe.domego.protocol.room.ChangeStatusEvent [http-nio-8080-exec-11] ChangeStatusEvent : In game : 7494fd54-763b-48e0-81a3-85a45be671c5 the player name : Z has change status, new status : Ready
2021-07-05 15:55:07,104 INFO org.polytech.pfe.domego.services.sockets.room.RoomRequestHandler [http-nio-8080-exec-1] RoomRequestHandler : New Room request type : class org.polytech.pfe.domego.protocol.room.JoinRoomEvent
2021-07-05 15:55:07,153 INFO org.polytech.pfe.domego.protocol.room.JoinRoomEvent [http-nio-8080-exec-1] JoinRoomEvent : New player named : E has join the room : 7494fd54-763b-48e0-81a3-85a45be671c5
2021-07-05 15:55:07,304 INFO org.polytech.pfe.domego.services.sockets.game.GameSocketHandler [http-nio-8080-exec-9] GameSocketHandler : New user on socket with ip : /0:0:0:0:0:0:0:1:56031
2021-07-05 15:55:09,659 INFO org.polytech.pfe.domego.services.sockets.room.RoomRequestHandler [http-nio-8080-exec-2] RoomRequestHandler : New Room request type : class org.polytech.pfe.domego.protocol.room.ChooseRoleEvent
2021-07-05 15:55:09,677 INFO org.polytech.pfe.domego.protocol.room.ChooseRoleEvent [http-nio-8080-exec-2] ChooseRoleEvent : In game : 7494fd54-763b-48e0-81a3-85a45be671c5 the player name : E has change role, new role : OFFICER
2021-07-05 15:55:10,621 INFO org.polytech.pfe.domego.services.sockets.room.RoomRequestHandler [http-nio-8080-exec-13] RoomRequestHandler : New Room request type : class org.polytech.pfe.domego.protocol.room.ChangeStatusEvent
2021-07-05 15:55:10,626 INFO org.polytech.pfe.domego.protocol.room.ChangeStatusEvent [http-nio-8080-exec-13] ChangeStatusEvent : In game : 7494fd54-763b-48e0-81a3-85a45be671c5 the player name : E has change status, new status : Ready
2021-07-05 15:55:15,611 INFO org.polytech.pfe.domego.services.sockets.room.RoomRequestHandler [http-nio-8080-exec-9] RoomRequestHandler : New Room request type : class org.polytech.pfe.domego.protocol.room.JoinRoomEvent
2021-07-05 15:55:15,613 INFO org.polytech.pfe.domego.protocol.room.JoinRoomEvent [http-nio-8080-exec-9] JoinRoomEvent : New player named : R has join the room : 7494fd54-763b-48e0-81a3-85a45be671c5
2021-07-05 15:55:15,675 INFO org.polytech.pfe.domego.services.sockets.game.GameSocketHandler [http-nio-8080-exec-11] GameSocketHandler : New user on socket with ip : /0:0:0:0:0:0:0:1:49259
2021-07-05 15:55:18,195 INFO org.polytech.pfe.domego.services.sockets.room.RoomRequestHandler [http-nio-8080-exec-10] RoomRequestHandler : New Room request type : class org.polytech.pfe.domego.protocol.room.ChooseRoleEvent
2021-07-05 15:55:18,228 INFO org.polytech.pfe.domego.protocol.room.ChooseRoleEvent [http-nio-8080-exec-10] ChooseRoleEvent : In game : 7494fd54-763b-48e0-81a3-85a45be671c5 the player name : R has change role, new role : CONTROLLER
2021-07-05 15:55:19,335 INFO org.polytech.pfe.domego.services.sockets.room.RoomRequestHandler [http-nio-8080-exec-12] RoomRequestHandler : New Room request type : class org.polytech.pfe.domego.protocol.room.ChangeStatusEvent
2021-07-05 15:55:19,344 INFO org.polytech.pfe.domego.protocol.room.ChangeStatusEvent [http-nio-8080-exec-12] ChangeStatusEvent : In game : 7494fd54-763b-48e0-81a3-85a45be671c5 the player name : R has change status, new status : Ready
2021-07-05 15:55:24,956 INFO org.polytech.pfe.domego.services.sockets.room.RoomRequestHandler [http-nio-8080-exec-1] RoomRequestHandler : New Room request type : class org.polytech.pfe.domego.protocol.room.JoinRoomEvent
2021-07-05 15:55:24,959 INFO org.polytech.pfe.domego.protocol.room.JoinRoomEvent [http-nio-8080-exec-1] JoinRoomEvent : New player named : T has join the room : 7494fd54-763b-48e0-81a3-85a45be671c5
2021-07-05 15:55:25,035 INFO org.polytech.pfe.domego.services.sockets.game.GameSocketHandler [http-nio-8080-exec-9] GameSocketHandler : New user on socket with ip : /0:0:0:0:0:0:0:1:55053
2021-07-05 15:55:27,611 INFO org.polytech.pfe.domego.services.sockets.room.RoomRequestHandler [http-nio-8080-exec-2] RoomRequestHandler : New Room request type : class org.polytech.pfe.domego.protocol.room.ChooseRoleEvent
2021-07-05 15:55:27,626 INFO org.polytech.pfe.domego.protocol.room.ChooseRoleEvent [http-nio-8080-exec-2] ChooseRoleEvent : In game : 7494fd54-763b-48e0-81a3-85a45be671c5 the player name : T has change role, new role : SECONDARY
2021-07-05 15:55:28,716 INFO org.polytech.pfe.domego.services.sockets.room.RoomRequestHandler [http-nio-8080-exec-10] RoomRequestHandler : New Room request type : class org.polytech.pfe.domego.protocol.room.ChangeStatusEvent
2021-07-05 15:55:28,751 INFO org.polytech.pfe.domego.protocol.room.ChangeStatusEvent [http-nio-8080-exec-10] ChangeStatusEvent : In game : 7494fd54-763b-48e0-81a3-85a45be671c5 the player name : T has change status, new status : Ready
2021-07-05 15:55:33,605 INFO org.polytech.pfe.domego.services.sockets.room.RoomRequestHandler [http-nio-8080-exec-5] RoomRequestHandler : New Room request type : class org.polytech.pfe.domego.protocol.room.JoinRoomEvent
2021-07-05 15:55:33,607 INFO org.polytech.pfe.domego.protocol.room.JoinRoomEvent [http-nio-8080-exec-5] JoinRoomEvent : New player named : Y has join the room : 7494fd54-763b-48e0-81a3-85a45be671c5
2021-07-05 15:55:33,659 INFO org.polytech.pfe.domego.services.sockets.game.GameSocketHandler [http-nio-8080-exec-14] GameSocketHandler : New user on socket with ip : /0:0:0:0:0:0:0:1:65244
2021-07-05 15:55:36,095 INFO org.polytech.pfe.domego.services.sockets.room.RoomRequestHandler [http-nio-8080-exec-1] RoomRequestHandler : New Room request type : class org.polytech.pfe.domego.protocol.room.ChooseRoleEvent
2021-07-05 15:55:36,101 INFO org.polytech.pfe.domego.protocol.room.ChooseRoleEvent [http-nio-8080-exec-1] ChooseRoleEvent : In game : 7494fd54-763b-48e0-81a3-85a45be671c5 the player name : Y has change role, new role : 
2021-07-05 15:55:37,177 INFO org.polytech.pfe.domego.services.sockets.room.RoomRequestHandler [http-nio-8080-exec-9] RoomRequestHandler : New Room request type : class org.polytech.pfe.domego.protocol.room.ChangeStatusEvent
2021-07-05 15:55:37,178 INFO org.polytech.pfe.domego.protocol.room.ChangeStatusEvent [http-nio-8080-exec-9] ChangeStatusEvent : In game : 7494fd54-763b-48e0-81a3-85a45be671c5 the player name : Y has change status, new status : Ready
2021-07-05 15:55:43,823 INFO org.polytech.pfe.domego.services.sockets.room.RoomRequestHandler [http-nio-8080-exec-11] RoomRequestHandler : New Room request type : class org.polytech.pfe.domego.protocol.room.StartGameEvent
2021-07-05 15:55:43,853 INFO org.polytech.pfe.domego.protocol.room.StartGameEvent [http-nio-8080-exec-11] StartGameEvent: Player name : A start the game for room with ID 7494fd54-763b-48e0-81a3-85a45be671c5
2021-07-05 15:55:43,854 INFO org.polytech.pfe.domego.protocol.room.StartGameEvent [http-nio-8080-exec-11] StartGameEvent : Delete room : 7494fd54-763b-48e0-81a3-85a45be671c5
2021-07-05 15:55:43,866 INFO org.polytech.pfe.domego.protocol.game.JoinGameEvent [http-nio-8080-exec-2] JoinGameEvent : Le joueur : A a rejoint la partie : 7494fd54-763b-48e0-81a3-85a45be671c5
2021-07-05 15:55:43,918 INFO org.polytech.pfe.domego.protocol.game.JoinGameEvent [http-nio-8080-exec-10] JoinGameEvent : Le joueur : E a rejoint la partie : 7494fd54-763b-48e0-81a3-85a45be671c5
2021-07-05 15:55:43,924 INFO org.polytech.pfe.domego.protocol.game.JoinGameEvent [http-nio-8080-exec-12] JoinGameEvent : Le joueur : R a rejoint la partie : 7494fd54-763b-48e0-81a3-85a45be671c5
2021-07-05 15:55:43,935 INFO org.polytech.pfe.domego.protocol.game.JoinGameEvent [http-nio-8080-exec-13] JoinGameEvent : Le joueur : Z a rejoint la partie : 7494fd54-763b-48e0-81a3-85a45be671c5
2021-07-05 15:55:43,962 INFO org.polytech.pfe.domego.protocol.game.JoinGameEvent [http-nio-8080-exec-5] JoinGameEvent : Le joueur : T a rejoint la partie : 7494fd54-763b-48e0-81a3-85a45be671c5
2021-07-05 15:55:44,019 INFO org.polytech.pfe.domego.protocol.game.JoinGameEvent [http-nio-8080-exec-14] JoinGameEvent : Le joueur : Y a rejoint la partie : 7494fd54-763b-48e0-81a3-85a45be671c5
2021-07-05 15:55:44,108 INFO org.polytech.pfe.domego.protocol.game.LaunchGameEvent [http-nio-8080-exec-14] LaunchGameEvent : Send Message LaunchGameEvent to all players
2021-07-05 15:56:00,769 INFO org.polytech.pfe.domego.protocol.game.BuyResourceEvent [http-nio-8080-exec-7] BuyResourceEvent : In game  7494fd54-763b-48e0-81a3-85a45be671c5 the player named : A has buy 25 resources. He has now : 25 resources and : 125 money.
2021-07-05 15:56:07,354 INFO org.polytech.pfe.domego.models.activity.Activity [http-nio-8080-exec-1] The RISKS payment is done
2021-07-05 15:56:07,357 INFO org.polytech.pfe.domego.models.activity.Activity [http-nio-8080-exec-1] The mandatory payment is done
2021-07-05 15:56:07,362 INFO org.polytech.pfe.domego.protocol.game.PayResourcesEvent [http-nio-8080-exec-1] PaymentResourcesEvent : In the game 7494fd54-763b-48e0-81a3-85a45be671c5, the player named A has realize 2 payment for the activity : 1
2021-07-05 15:56:07,368 INFO org.polytech.pfe.domego.protocol.game.PayResourcesEvent [http-nio-8080-exec-1] PaymentResourcesEvent : List Payment :  [Payment{amount=3, type='RISKS'}, Payment{amount=1, type='MANDATORY'}]
2021-07-05 15:56:07,370 INFO org.polytech.pfe.domego.protocol.game.PayResourcesEvent [http-nio-8080-exec-1] PaymentResourcesEvent : In the game 7494fd54-763b-48e0-81a3-85a45be671c5, the player named A has now 21 resources
2021-07-05 15:56:07,391 INFO org.polytech.pfe.domego.protocol.game.DrawCardEvent [http-nio-8080-exec-1] DrawCardEvent : In the game 7494fd54-763b-48e0-81a3-85a45be671c5 for the activity 1 they draw 0 risk cards and 0 quality card
2021-07-05 15:56:07,412 INFO org.polytech.pfe.domego.protocol.game.DrawCardEvent [http-nio-8080-exec-1] DrawCardEvent : List of Risk : []
2021-07-05 15:56:07,415 INFO org.polytech.pfe.domego.protocol.game.DrawCardEvent [http-nio-8080-exec-1] DrawCardEvent : List of Quality : []
2021-07-05 15:56:07,422 INFO org.polytech.pfe.domego.protocol.game.ChangeActivityEvent [http-nio-8080-exec-1] ChangeActivityEvent : In game : 7494fd54-763b-48e0-81a3-85a45be671c5, the current activity is now 2
2021-07-05 15:56:41,102 INFO org.polytech.pfe.domego.models.activity.Activity [http-nio-8080-exec-9] The RISKS payment is done
2021-07-05 15:56:41,103 INFO org.polytech.pfe.domego.models.activity.Activity [http-nio-8080-exec-9] The mandatory payment is done
2021-07-05 15:56:41,106 INFO org.polytech.pfe.domego.models.activity.Activity [http-nio-8080-exec-9] The DAYS payment is done
2021-07-05 15:56:41,114 INFO org.polytech.pfe.domego.protocol.game.PayResourcesEvent [http-nio-8080-exec-9] PaymentResourcesEvent : In the game 7494fd54-763b-48e0-81a3-85a45be671c5, the player named A has realize 3 payment for the activity : 2
2021-07-05 15:56:41,115 INFO org.polytech.pfe.domego.protocol.game.PayResourcesEvent [http-nio-8080-exec-9] PaymentResourcesEvent : List Payment :  [Payment{amount=3, type='RISKS'}, Payment{amount=1, type='MANDATORY'}, Payment{amount=2, type='DAYS'}]
2021-07-05 15:56:41,117 INFO org.polytech.pfe.domego.protocol.game.PayResourcesEvent [http-nio-8080-exec-9] PaymentResourcesEvent : In the game 7494fd54-763b-48e0-81a3-85a45be671c5, the player named A has now 15 resources
2021-07-05 15:56:41,123 INFO org.polytech.pfe.domego.protocol.game.DrawCardEvent [http-nio-8080-exec-9] DrawCardEvent : In the game 7494fd54-763b-48e0-81a3-85a45be671c5 for the activity 2 they draw 0 risk cards and 0 quality card
2021-07-05 15:56:41,125 INFO org.polytech.pfe.domego.protocol.game.DrawCardEvent [http-nio-8080-exec-9] DrawCardEvent : List of Risk : []
2021-07-05 15:56:41,128 INFO org.polytech.pfe.domego.protocol.game.DrawCardEvent [http-nio-8080-exec-9] DrawCardEvent : List of Quality : []
2021-07-05 15:56:41,142 INFO org.polytech.pfe.domego.protocol.game.ChangeActivityEvent [http-nio-8080-exec-9] ChangeActivityEvent : In game : 7494fd54-763b-48e0-81a3-85a45be671c5, the current activity is now 3
2021-07-05 15:58:40,179 INFO org.polytech.pfe.domego.models.activity.Activity [http-nio-8080-exec-11] The RISKS payment is done
2021-07-05 15:58:40,182 INFO org.polytech.pfe.domego.models.activity.Activity [http-nio-8080-exec-11] The mandatory payment is done
2021-07-05 15:58:40,183 INFO org.polytech.pfe.domego.models.activity.Activity [http-nio-8080-exec-11] The DAYS payment is done
2021-07-05 15:58:40,185 INFO org.polytech.pfe.domego.protocol.game.PayResourcesEvent [http-nio-8080-exec-11] PaymentResourcesEvent : In the game 7494fd54-763b-48e0-81a3-85a45be671c5, the player named A has realize 3 payment for the activity : 3
2021-07-05 15:58:40,188 INFO org.polytech.pfe.domego.protocol.game.PayResourcesEvent [http-nio-8080-exec-11] PaymentResourcesEvent : List Payment :  [Payment{amount=1, type='RISKS'}, Payment{amount=1, type='MANDATORY'}, Payment{amount=2, type='DAYS'}]
2021-07-05 15:58:40,189 INFO org.polytech.pfe.domego.protocol.game.PayResourcesEvent [http-nio-8080-exec-11] PaymentResourcesEvent : In the game 7494fd54-763b-48e0-81a3-85a45be671c5, the player named A has now 11 resources
2021-07-05 16:01:04,727 INFO org.polytech.pfe.domego.protocol.game.negociation.EndNegotiationEvent [http-nio-8080-exec-13] EndNegotiationEvent : In game 7494fd54-763b-48e0-81a3-85a45be671c5 the negotiation beetween MAITRE_D_OUVRAGE and MAITRE_D_OEUVRE is over. The amount of the negociation is 100.
2021-07-05 16:01:04,734 INFO org.polytech.pfe.domego.models.activity.Activity [http-nio-8080-exec-13] The mandatory payment is done
2021-07-05 16:01:04,740 INFO org.polytech.pfe.domego.models.activity.Activity [http-nio-8080-exec-13] The mandatory payment is done
2021-07-05 16:01:04,750 INFO org.polytech.pfe.domego.protocol.game.DrawCardEvent [http-nio-8080-exec-13] DrawCardEvent : In the game 7494fd54-763b-48e0-81a3-85a45be671c5 for the activity 3 they draw 1 risk cards and 0 quality card
2021-07-05 16:01:04,755 INFO org.polytech.pfe.domego.protocol.game.DrawCardEvent [http-nio-8080-exec-13] DrawCardEvent : List of Risk : [RiskAction{riskOfActivityId=3, description='Incompréhension entre les parties', bonusList=[ResourcesBonus{roleType=MAITRE_D_OUVRAGE, activityID=3, amount=1}, ResourcesBonus{roleType=MAITRE_D_OEUVRE, activityID=3, amount=1}]}]
2021-07-05 16:01:04,760 INFO org.polytech.pfe.domego.protocol.game.DrawCardEvent [http-nio-8080-exec-13] DrawCardEvent : List of Quality : []
2021-07-05 16:01:04,774 INFO org.polytech.pfe.domego.protocol.game.ChangeActivityEvent [http-nio-8080-exec-13] ChangeActivityEvent : In game : 7494fd54-763b-48e0-81a3-85a45be671c5, the current activity is now 4
2021-07-05 16:02:22,501 INFO org.polytech.pfe.domego.models.activity.Activity [http-nio-8080-exec-5] The mandatory payment is done
2021-07-05 16:02:22,503 INFO org.polytech.pfe.domego.models.activity.Activity [http-nio-8080-exec-5] The DAYS payment is done
2021-07-05 16:02:22,507 INFO org.polytech.pfe.domego.protocol.game.PayResourcesEvent [http-nio-8080-exec-5] PaymentResourcesEvent : In the game 7494fd54-763b-48e0-81a3-85a45be671c5, the player named A has realize 2 payment for the activity : 4
2021-07-05 16:02:22,508 INFO org.polytech.pfe.domego.protocol.game.PayResourcesEvent [http-nio-8080-exec-5] PaymentResourcesEvent : List Payment :  [Payment{amount=1, type='MANDATORY'}, Payment{amount=3, type='DAYS'}]
2021-07-05 16:02:22,511 INFO org.polytech.pfe.domego.protocol.game.PayResourcesEvent [http-nio-8080-exec-5] PaymentResourcesEvent : In the game 7494fd54-763b-48e0-81a3-85a45be671c5, the player named A has now 6 resources
2021-07-05 16:04:54,392 INFO org.polytech.pfe.domego.protocol.game.negociation.EndNegotiationEvent [http-nio-8080-exec-2] EndNegotiationEvent : In game 7494fd54-763b-48e0-81a3-85a45be671c5 the negotiation beetween MAITRE_D_OEUVRE and ENTREPRISE_GROS_OEUVRE is over. The amount of the negociation is 50.
2021-07-05 16:05:05,261 INFO org.polytech.pfe.domego.protocol.game.negociation.EndNegotiationEvent [http-nio-8080-exec-10] EndNegotiationEvent : In game 7494fd54-763b-48e0-81a3-85a45be671c5 the negotiation beetween MAITRE_D_OEUVRE and ENTREPRISE_CORPS_ETAT_SECONDAIRE is over. The amount of the negociation is 20.
2021-07-05 16:05:06,841 INFO org.polytech.pfe.domego.protocol.game.negociation.EndNegotiationEvent [http-nio-8080-exec-12] EndNegotiationEvent : In game 7494fd54-763b-48e0-81a3-85a45be671c5 the negotiation beetween MAITRE_D_OEUVRE and BUREAU_D_ETUDE is over. The amount of the negociation is 12.
2021-07-05 16:05:34,321 INFO org.polytech.pfe.domego.protocol.game.negociation.EndNegotiationEvent [http-nio-8080-exec-13] EndNegotiationEvent : In game 7494fd54-763b-48e0-81a3-85a45be671c5 the negotiation beetween MAITRE_D_OUVRAGE and BUREAU_DE_CONTROLE is over. The amount of the negociation is 20.
2021-07-05 16:05:34,327 INFO org.polytech.pfe.domego.protocol.game.DrawCardEvent [http-nio-8080-exec-13] DrawCardEvent : In the game 7494fd54-763b-48e0-81a3-85a45be671c5 for the activity 4 they draw 2 risk cards and 0 quality card
2021-07-05 16:05:34,334 INFO org.polytech.pfe.domego.protocol.game.DrawCardEvent [http-nio-8080-exec-13] DrawCardEvent : List of Risk : [RiskAction{riskOfActivityId=4, description='Bonne confiance entre les parties', bonusList=[DaysBonus{activityID=4, amount=-5}]}, RiskAction{riskOfActivityId=4, description='Contrat mal rédigé', bonusList=[DaysBonus{activityID=12, amount=5}, RiskBonus{activityID=12, amount=1}]}]
2021-07-05 16:05:34,348 INFO org.polytech.pfe.domego.protocol.game.DrawCardEvent [http-nio-8080-exec-13] DrawCardEvent : List of Quality : []
2021-07-05 16:05:34,361 INFO org.polytech.pfe.domego.protocol.game.PayContractEvent [http-nio-8080-exec-13] PayContractEvent : GIVER name :  A, money 125 resource 6
2021-07-05 16:05:34,363 INFO org.polytech.pfe.domego.protocol.game.PayContractEvent [http-nio-8080-exec-13] PayContractEvent : RECEIVER name :  Z, money 28 resource 0
2021-07-05 16:05:34,368 INFO org.polytech.pfe.domego.protocol.game.PayContractEvent [http-nio-8080-exec-13] PayContractEvent : In game 7494fd54-763b-48e0-81a3-85a45be671c5, MAITRE_D_OUVRAGE paid MAITRE_D_OEUVRE the amount 10.
2021-07-05 16:05:34,370 INFO org.polytech.pfe.domego.protocol.game.PayContractEvent [http-nio-8080-exec-13] PayContractEvent : GIVER name :  A, money 115 resource 6
2021-07-05 16:05:34,379 INFO org.polytech.pfe.domego.protocol.game.PayContractEvent [http-nio-8080-exec-13] PayContractEvent : RECEIVER name :  Z, money 38 resource 0
2021-07-05 16:05:34,386 INFO org.polytech.pfe.domego.protocol.game.PayContractEvent [http-nio-8080-exec-13] PayContractEvent : GIVER name :  A, money 115 resource 6
2021-07-05 16:05:34,391 INFO org.polytech.pfe.domego.protocol.game.PayContractEvent [http-nio-8080-exec-13] PayContractEvent : RECEIVER name :  R, money 20 resource 0
2021-07-05 16:05:34,395 INFO org.polytech.pfe.domego.protocol.game.PayContractEvent [http-nio-8080-exec-13] PayContractEvent : In game 7494fd54-763b-48e0-81a3-85a45be671c5, MAITRE_D_OUVRAGE paid BUREAU_DE_CONTROLE the amount 2.
2021-07-05 16:05:34,398 INFO org.polytech.pfe.domego.protocol.game.PayContractEvent [http-nio-8080-exec-13] PayContractEvent : GIVER name :  A, money 113 resource 6
2021-07-05 16:05:34,401 INFO org.polytech.pfe.domego.protocol.game.PayContractEvent [http-nio-8080-exec-13] PayContractEvent : RECEIVER name :  R, money 22 resource 0
2021-07-05 16:05:34,405 INFO org.polytech.pfe.domego.protocol.game.PayContractEvent [http-nio-8080-exec-13] PayContractEvent : GIVER name :  Z, money 38 resource 0
2021-07-05 16:05:34,408 INFO org.polytech.pfe.domego.protocol.game.PayContractEvent [http-nio-8080-exec-13] PayContractEvent : RECEIVER name :  E, money 20 resource 0
2021-07-05 16:05:34,415 INFO org.polytech.pfe.domego.protocol.game.PayContractEvent [http-nio-8080-exec-13] PayContractEvent : In game 7494fd54-763b-48e0-81a3-85a45be671c5, MAITRE_D_OEUVRE paid BUREAU_D_ETUDE the amount 3,6.
2021-07-05 16:05:34,419 INFO org.polytech.pfe.domego.protocol.game.PayContractEvent [http-nio-8080-exec-13] PayContractEvent : GIVER name :  Z, money 34,4 resource 0
2021-07-05 16:05:34,445 INFO org.polytech.pfe.domego.protocol.game.PayContractEvent [http-nio-8080-exec-13] PayContractEvent : RECEIVER name :  E, money 23,6 resource 0
2021-07-05 16:05:34,448 INFO org.polytech.pfe.domego.protocol.game.ChangeActivityEvent [http-nio-8080-exec-13] ChangeActivityEvent : In game : 7494fd54-763b-48e0-81a3-85a45be671c5, the current activity is now 5
2021-07-05 16:07:28,422 INFO org.polytech.pfe.domego.protocol.game.BuyResourceEvent [http-nio-8080-exec-5] BuyResourceEvent : In game  7494fd54-763b-48e0-81a3-85a45be671c5 the player named : Z has buy 15 resources. He has now : 15 resources and : 19,4 money.
2021-07-05 16:07:49,644 INFO org.polytech.pfe.domego.models.activity.Activity [http-nio-8080-exec-14] The RISKS payment is done
2021-07-05 16:07:49,646 INFO org.polytech.pfe.domego.models.activity.Activity [http-nio-8080-exec-14] The mandatory payment is done
2021-07-05 16:07:49,648 INFO org.polytech.pfe.domego.models.activity.Activity [http-nio-8080-exec-14] The DAYS payment is done
2021-07-05 16:07:49,651 INFO org.polytech.pfe.domego.protocol.game.PayResourcesEvent [http-nio-8080-exec-14] PaymentResourcesEvent : In the game 7494fd54-763b-48e0-81a3-85a45be671c5, the player named Z has realize 3 payment for the activity : 5
2021-07-05 16:07:49,654 INFO org.polytech.pfe.domego.protocol.game.PayResourcesEvent [http-nio-8080-exec-14] PaymentResourcesEvent : List Payment :  [Payment{amount=0, type='RISKS'}, Payment{amount=1, type='MANDATORY'}, Payment{amount=1, type='DAYS'}]
2021-07-05 16:07:49,657 INFO org.polytech.pfe.domego.protocol.game.PayResourcesEvent [http-nio-8080-exec-14] PaymentResourcesEvent : In the game 7494fd54-763b-48e0-81a3-85a45be671c5, the player named Z has now 13 resources
2021-07-05 16:08:12,189 INFO org.polytech.pfe.domego.protocol.game.BuyResourceEvent [http-nio-8080-exec-7] BuyResourceEvent : In game  7494fd54-763b-48e0-81a3-85a45be671c5 the player named : E has buy 10 resources. He has now : 10 resources and : 13,6 money.
2021-07-05 16:08:24,974 INFO org.polytech.pfe.domego.models.activity.Activity [http-nio-8080-exec-1] The RISKS payment is done
2021-07-05 16:08:24,976 INFO org.polytech.pfe.domego.models.activity.Activity [http-nio-8080-exec-1] The mandatory payment is done
2021-07-05 16:08:24,978 INFO org.polytech.pfe.domego.models.activity.Activity [http-nio-8080-exec-1] The DAYS payment is done
2021-07-05 16:08:24,981 INFO org.polytech.pfe.domego.protocol.game.PayResourcesEvent [http-nio-8080-exec-1] PaymentResourcesEvent : In the game 7494fd54-763b-48e0-81a3-85a45be671c5, the player named E has realize 3 payment for the activity : 5
2021-07-05 16:08:24,983 INFO org.polytech.pfe.domego.protocol.game.PayResourcesEvent [http-nio-8080-exec-1] PaymentResourcesEvent : List Payment :  [Payment{amount=0, type='RISKS'}, Payment{amount=1, type='MANDATORY'}, Payment{amount=1, type='DAYS'}]
2021-07-05 16:08:24,986 INFO org.polytech.pfe.domego.protocol.game.PayResourcesEvent [http-nio-8080-exec-1] PaymentResourcesEvent : In the game 7494fd54-763b-48e0-81a3-85a45be671c5, the player named E has now 8 resources
2021-07-05 16:08:40,403 INFO org.polytech.pfe.domego.protocol.game.BuyResourceEvent [http-nio-8080-exec-9] BuyResourceEvent : In game  7494fd54-763b-48e0-81a3-85a45be671c5 the player named : R has buy 10 resources. He has now : 10 resources and : 12 money.
2021-07-05 16:08:47,616 INFO org.polytech.pfe.domego.models.activity.Activity [http-nio-8080-exec-11] The RISKS payment is done
2021-07-05 16:08:47,622 INFO org.polytech.pfe.domego.models.activity.Activity [http-nio-8080-exec-11] The mandatory payment is done
2021-07-05 16:08:47,626 INFO org.polytech.pfe.domego.protocol.game.PayResourcesEvent [http-nio-8080-exec-11] PaymentResourcesEvent : In the game 7494fd54-763b-48e0-81a3-85a45be671c5, the player named R has realize 2 payment for the activity : 5
2021-07-05 16:08:47,628 INFO org.polytech.pfe.domego.protocol.game.PayResourcesEvent [http-nio-8080-exec-11] PaymentResourcesEvent : List Payment :  [Payment{amount=2, type='RISKS'}, Payment{amount=1, type='MANDATORY'}]
2021-07-05 16:08:47,632 INFO org.polytech.pfe.domego.protocol.game.PayResourcesEvent [http-nio-8080-exec-11] PaymentResourcesEvent : In the game 7494fd54-763b-48e0-81a3-85a45be671c5, the player named R has now 7 resources
2021-07-05 16:08:47,645 INFO org.polytech.pfe.domego.models.activity.Activity [http-nio-8080-exec-11] The mandatory payment is done
2021-07-05 16:08:47,653 INFO org.polytech.pfe.domego.protocol.game.DrawCardEvent [http-nio-8080-exec-11] DrawCardEvent : In the game 7494fd54-763b-48e0-81a3-85a45be671c5 for the activity 5 they draw 2 risk cards and 0 quality card
2021-07-05 16:08:47,656 INFO org.polytech.pfe.domego.protocol.game.DrawCardEvent [http-nio-8080-exec-11] DrawCardEvent : List of Risk : [RiskAction{riskOfActivityId=5, description='Architecte pas du tout rigoureux', bonusList=[RiskBonus{activityID=12, amount=2}]}, RiskAction{riskOfActivityId=5, description='Manque de ressources humaines internes', bonusList=[ResourcesBonus{roleType=MAITRE_D_OEUVRE, activityID=5, amount=1}]}]
2021-07-05 16:08:47,661 INFO org.polytech.pfe.domego.protocol.game.DrawCardEvent [http-nio-8080-exec-11] DrawCardEvent : List of Quality : []
2021-07-05 16:08:47,684 INFO org.polytech.pfe.domego.protocol.game.PayContractEvent [http-nio-8080-exec-11] PayContractEvent : GIVER name :  A, money 113 resource 6
2021-07-05 16:08:47,688 INFO org.polytech.pfe.domego.protocol.game.PayContractEvent [http-nio-8080-exec-11] PayContractEvent : RECEIVER name :  Z, money 19,4 resource 12
2021-07-05 16:08:47,693 INFO org.polytech.pfe.domego.protocol.game.PayContractEvent [http-nio-8080-exec-11] PayContractEvent : In game 7494fd54-763b-48e0-81a3-85a45be671c5, MAITRE_D_OUVRAGE paid MAITRE_D_OEUVRE the amount 20.
2021-07-05 16:08:47,696 INFO org.polytech.pfe.domego.protocol.game.PayContractEvent [http-nio-8080-exec-11] PayContractEvent : GIVER name :  A, money 93 resource 6
2021-07-05 16:08:47,702 INFO org.polytech.pfe.domego.protocol.game.PayContractEvent [http-nio-8080-exec-11] PayContractEvent : RECEIVER name :  Z, money 39,4 resource 12
2021-07-05 16:08:47,705 INFO org.polytech.pfe.domego.protocol.game.ChangeActivityEvent [http-nio-8080-exec-11] ChangeActivityEvent : In game : 7494fd54-763b-48e0-81a3-85a45be671c5, the current activity is now 6
2021-07-05 16:10:02,264 INFO org.polytech.pfe.domego.models.activity.Activity [http-nio-8080-exec-2] The mandatory payment is done
2021-07-05 16:10:02,267 INFO org.polytech.pfe.domego.models.activity.Activity [http-nio-8080-exec-2] The DAYS payment is done
2021-07-05 16:10:02,272 INFO org.polytech.pfe.domego.protocol.game.PayResourcesEvent [http-nio-8080-exec-2] PaymentResourcesEvent : In the game 7494fd54-763b-48e0-81a3-85a45be671c5, the player named A has realize 2 payment for the activity : 6
2021-07-05 16:10:02,275 INFO org.polytech.pfe.domego.protocol.game.PayResourcesEvent [http-nio-8080-exec-2] PaymentResourcesEvent : List Payment :  [Payment{amount=1, type='MANDATORY'}, Payment{amount=2, type='DAYS'}]
2021-07-05 16:10:02,287 INFO org.polytech.pfe.domego.protocol.game.PayResourcesEvent [http-nio-8080-exec-2] PaymentResourcesEvent : In the game 7494fd54-763b-48e0-81a3-85a45be671c5, the player named A has now 3 resources
2021-07-05 16:10:12,564 INFO org.polytech.pfe.domego.models.activity.Activity [http-nio-8080-exec-10] The RISKS payment is done
2021-07-05 16:10:12,566 INFO org.polytech.pfe.domego.models.activity.Activity [http-nio-8080-exec-10] The mandatory payment is done
2021-07-05 16:10:12,593 INFO org.polytech.pfe.domego.protocol.game.PayResourcesEvent [http-nio-8080-exec-10] PaymentResourcesEvent : In the game 7494fd54-763b-48e0-81a3-85a45be671c5, the player named Z has realize 2 payment for the activity : 6
2021-07-05 16:10:12,596 INFO org.polytech.pfe.domego.protocol.game.PayResourcesEvent [http-nio-8080-exec-10] PaymentResourcesEvent : List Payment :  [Payment{amount=4, type='RISKS'}, Payment{amount=2, type='MANDATORY'}]
2021-07-05 16:10:12,600 INFO org.polytech.pfe.domego.protocol.game.PayResourcesEvent [http-nio-8080-exec-10] PaymentResourcesEvent : In the game 7494fd54-763b-48e0-81a3-85a45be671c5, the player named Z has now 6 resources
2021-07-05 16:10:12,612 INFO org.polytech.pfe.domego.protocol.game.DrawCardEvent [http-nio-8080-exec-10] DrawCardEvent : In the game 7494fd54-763b-48e0-81a3-85a45be671c5 for the activity 6 they draw 1 risk cards and 0 quality card
2021-07-05 16:10:12,613 INFO org.polytech.pfe.domego.protocol.game.DrawCardEvent [http-nio-8080-exec-10] DrawCardEvent : List of Risk : [RiskAction{riskOfActivityId=6, description='Week-end pluvieux', bonusList=[]}]
2021-07-05 16:10:12,617 INFO org.polytech.pfe.domego.protocol.game.DrawCardEvent [http-nio-8080-exec-10] DrawCardEvent : List of Quality : []
2021-07-05 16:10:12,631 INFO org.polytech.pfe.domego.protocol.game.PayContractEvent [http-nio-8080-exec-10] PayContractEvent : GIVER name :  A, money 93 resource 3
2021-07-05 16:10:12,633 INFO org.polytech.pfe.domego.protocol.game.PayContractEvent [http-nio-8080-exec-10] PayContractEvent : RECEIVER name :  Z, money 39,4 resource 6
2021-07-05 16:10:12,641 INFO org.polytech.pfe.domego.protocol.game.PayContractEvent [http-nio-8080-exec-10] PayContractEvent : In game 7494fd54-763b-48e0-81a3-85a45be671c5, MAITRE_D_OUVRAGE paid MAITRE_D_OEUVRE the amount 20.
2021-07-05 16:10:12,645 INFO org.polytech.pfe.domego.protocol.game.PayContractEvent [http-nio-8080-exec-10] PayContractEvent : GIVER name :  A, money 73 resource 3
2021-07-05 16:10:12,649 INFO org.polytech.pfe.domego.protocol.game.PayContractEvent [http-nio-8080-exec-10] PayContractEvent : RECEIVER name :  Z, money 59,4 resource 6
2021-07-05 16:10:12,651 INFO org.polytech.pfe.domego.protocol.game.PayContractEvent [http-nio-8080-exec-10] PayContractEvent : GIVER name :  A, money 73 resource 3
2021-07-05 16:10:12,654 INFO org.polytech.pfe.domego.protocol.game.PayContractEvent [http-nio-8080-exec-10] PayContractEvent : RECEIVER name :  R, money 12 resource 7
2021-07-05 16:10:12,664 INFO org.polytech.pfe.domego.protocol.game.PayContractEvent [http-nio-8080-exec-10] PayContractEvent : In game 7494fd54-763b-48e0-81a3-85a45be671c5, MAITRE_D_OUVRAGE paid BUREAU_DE_CONTROLE the amount 6.
2021-07-05 16:10:12,668 INFO org.polytech.pfe.domego.protocol.game.PayContractEvent [http-nio-8080-exec-10] PayContractEvent : GIVER name :  A, money 67 resource 3
2021-07-05 16:10:12,670 INFO org.polytech.pfe.domego.protocol.game.PayContractEvent [http-nio-8080-exec-10] PayContractEvent : RECEIVER name :  R, money 18 resource 7
2021-07-05 16:10:12,678 INFO org.polytech.pfe.domego.protocol.game.PayContractEvent [http-nio-8080-exec-10] PayContractEvent : GIVER name :  Z, money 59,4 resource 6
2021-07-05 16:10:12,686 INFO org.polytech.pfe.domego.protocol.game.PayContractEvent [http-nio-8080-exec-10] PayContractEvent : RECEIVER name :  E, money 13,6 resource 8
2021-07-05 16:10:12,709 INFO org.polytech.pfe.domego.protocol.game.PayContractEvent [http-nio-8080-exec-10] PayContractEvent : In game 7494fd54-763b-48e0-81a3-85a45be671c5, MAITRE_D_OEUVRE paid BUREAU_D_ETUDE the amount 7,2.
2021-07-05 16:10:12,720 INFO org.polytech.pfe.domego.protocol.game.PayContractEvent [http-nio-8080-exec-10] PayContractEvent : GIVER name :  Z, money 52,2 resource 6
2021-07-05 16:10:12,735 INFO org.polytech.pfe.domego.protocol.game.PayContractEvent [http-nio-8080-exec-10] PayContractEvent : RECEIVER name :  E, money 20,8 resource 8
2021-07-05 16:10:12,743 INFO org.polytech.pfe.domego.protocol.game.ChangeActivityEvent [http-nio-8080-exec-10] ChangeActivityEvent : In game : 7494fd54-763b-48e0-81a3-85a45be671c5, the current activity is now 7
2021-07-05 16:11:51,808 INFO org.polytech.pfe.domego.models.activity.Activity [http-nio-8080-exec-12] The mandatory payment is done
2021-07-05 16:11:51,812 INFO org.polytech.pfe.domego.protocol.game.PayResourcesEvent [http-nio-8080-exec-12] PaymentResourcesEvent : In the game 7494fd54-763b-48e0-81a3-85a45be671c5, the player named A has realize 1 payment for the activity : 7
2021-07-05 16:11:51,814 INFO org.polytech.pfe.domego.protocol.game.PayResourcesEvent [http-nio-8080-exec-12] PaymentResourcesEvent : List Payment :  [Payment{amount=1, type='MANDATORY'}]
2021-07-05 16:11:51,817 INFO org.polytech.pfe.domego.protocol.game.PayResourcesEvent [http-nio-8080-exec-12] PaymentResourcesEvent : In the game 7494fd54-763b-48e0-81a3-85a45be671c5, the player named A has now 2 resources
2021-07-05 16:12:11,220 INFO org.polytech.pfe.domego.models.activity.Activity [http-nio-8080-exec-13] The mandatory payment is done
2021-07-05 16:12:11,222 INFO org.polytech.pfe.domego.models.activity.Activity [http-nio-8080-exec-13] The DAYS payment is done
2021-07-05 16:12:11,225 INFO org.polytech.pfe.domego.protocol.game.PayResourcesEvent [http-nio-8080-exec-13] PaymentResourcesEvent : In the game 7494fd54-763b-48e0-81a3-85a45be671c5, the player named Z has realize 2 payment for the activity : 7
2021-07-05 16:12:11,228 INFO org.polytech.pfe.domego.protocol.game.PayResourcesEvent [http-nio-8080-exec-13] PaymentResourcesEvent : List Payment :  [Payment{amount=5, type='MANDATORY'}, Payment{amount=0, type='DAYS'}]
2021-07-05 16:12:11,230 INFO org.polytech.pfe.domego.protocol.game.PayResourcesEvent [http-nio-8080-exec-13] PaymentResourcesEvent : In the game 7494fd54-763b-48e0-81a3-85a45be671c5, the player named Z has now 1 resources
2021-07-05 16:12:35,169 INFO org.polytech.pfe.domego.models.activity.Activity [http-nio-8080-exec-5] The mandatory payment is done
2021-07-05 16:12:35,170 INFO org.polytech.pfe.domego.models.activity.Activity [http-nio-8080-exec-5] The DAYS payment is done
2021-07-05 16:12:35,199 INFO org.polytech.pfe.domego.protocol.game.PayResourcesEvent [http-nio-8080-exec-5] PaymentResourcesEvent : In the game 7494fd54-763b-48e0-81a3-85a45be671c5, the player named R has realize 2 payment for the activity : 7
2021-07-05 16:12:35,201 INFO org.polytech.pfe.domego.protocol.game.PayResourcesEvent [http-nio-8080-exec-5] PaymentResourcesEvent : List Payment :  [Payment{amount=2, type='MANDATORY'}, Payment{amount=2, type='DAYS'}]
2021-07-05 16:12:35,208 INFO org.polytech.pfe.domego.protocol.game.PayResourcesEvent [http-nio-8080-exec-5] PaymentResourcesEvent : In the game 7494fd54-763b-48e0-81a3-85a45be671c5, the player named R has now 3 resources
2021-07-05 16:12:49,557 INFO org.polytech.pfe.domego.models.activity.Activity [http-nio-8080-exec-14] The mandatory payment is done
2021-07-05 16:12:49,560 INFO org.polytech.pfe.domego.protocol.game.PayResourcesEvent [http-nio-8080-exec-14] PaymentResourcesEvent : In the game 7494fd54-763b-48e0-81a3-85a45be671c5, the player named E has realize 1 payment for the activity : 7
2021-07-05 16:12:49,565 INFO org.polytech.pfe.domego.protocol.game.PayResourcesEvent [http-nio-8080-exec-14] PaymentResourcesEvent : List Payment :  [Payment{amount=5, type='MANDATORY'}]
2021-07-05 16:12:49,569 INFO org.polytech.pfe.domego.protocol.game.PayResourcesEvent [http-nio-8080-exec-14] PaymentResourcesEvent : In the game 7494fd54-763b-48e0-81a3-85a45be671c5, the player named E has now 3 resources
2021-07-05 16:12:49,590 INFO org.polytech.pfe.domego.models.activity.Activity [http-nio-8080-exec-14] The mandatory payment is done
2021-07-05 16:12:49,595 INFO org.polytech.pfe.domego.models.activity.Activity [http-nio-8080-exec-14] The mandatory payment is done
2021-07-05 16:12:49,602 INFO org.polytech.pfe.domego.models.activity.Activity [http-nio-8080-exec-14] The mandatory payment is done
2021-07-05 16:12:49,613 INFO org.polytech.pfe.domego.models.activity.Activity [http-nio-8080-exec-14] The mandatory payment is done
2021-07-05 16:12:49,622 INFO org.polytech.pfe.domego.protocol.game.DrawCardEvent [http-nio-8080-exec-14] DrawCardEvent : In the game 7494fd54-763b-48e0-81a3-85a45be671c5 for the activity 7 they draw 4 risk cards and 0 quality card
2021-07-05 16:12:49,623 INFO org.polytech.pfe.domego.protocol.game.DrawCardEvent [http-nio-8080-exec-14] DrawCardEvent : List of Risk : [RiskAction{riskOfActivityId=7, description='Plus d'encre dans l'imprimante', bonusList=[]}, RiskAction{riskOfActivityId=7, description='Projet classique en termes de calculs', bonusList=[DaysBonus{activityID=7, amount=-6}]}, RiskAction{riskOfActivityId=7, description='Nouvelle réglementation non maitrisée', bonusList=[DaysBonus{activityID=7, amount=7}, ResourcesBonus{roleType=BUREAU_DE_CONTROLE, activityID=7, amount=2}]}, RiskAction{riskOfActivityId=7, description='Mauvaise entente entre les acteurs', bonusList=[DaysBonus{activityID=7, amount=3}, ResourcesBonus{roleType=MAITRE_D_OEUVRE, activityID=7, amount=1}, ResourcesBonus{roleType=MAITRE_D_OUVRAGE, activityID=7, amount=1}, ResourcesBonus{roleType=BUREAU_D_ETUDE, activityID=7, amount=1}]}]
2021-07-05 16:12:49,636 INFO org.polytech.pfe.domego.protocol.game.DrawCardEvent [http-nio-8080-exec-14] DrawCardEvent : List of Quality : []
2021-07-05 16:12:49,650 INFO org.polytech.pfe.domego.protocol.game.PayContractEvent [http-nio-8080-exec-14] PayContractEvent : GIVER name :  Z, money 52,2 resource 0
2021-07-05 16:12:49,655 INFO org.polytech.pfe.domego.protocol.game.PayContractEvent [http-nio-8080-exec-14] PayContractEvent : RECEIVER name :  Y, money 30 resource 0
2021-07-05 16:12:49,671 INFO org.polytech.pfe.domego.protocol.game.PayContractEvent [http-nio-8080-exec-14] PayContractEvent : In game 7494fd54-763b-48e0-81a3-85a45be671c5, MAITRE_D_OEUVRE paid ENTREPRISE_GROS_OEUVRE the amount 10.
2021-07-05 16:12:49,674 INFO org.polytech.pfe.domego.protocol.game.PayContractEvent [http-nio-8080-exec-14] PayContractEvent : GIVER name :  Z, money 42,2 resource 0
2021-07-05 16:12:49,679 INFO org.polytech.pfe.domego.protocol.game.PayContractEvent [http-nio-8080-exec-14] PayContractEvent : RECEIVER name :  Y, money 40 resource 0
2021-07-05 16:12:49,683 INFO org.polytech.pfe.domego.protocol.game.PayContractEvent [http-nio-8080-exec-14] PayContractEvent : GIVER name :  Z, money 42,2 resource 0
2021-07-05 16:12:49,690 INFO org.polytech.pfe.domego.protocol.game.PayContractEvent [http-nio-8080-exec-14] PayContractEvent : RECEIVER name :  T, money 30 resource 0
2021-07-05 16:12:49,697 INFO org.polytech.pfe.domego.protocol.game.PayContractEvent [http-nio-8080-exec-14] PayContractEvent : In game 7494fd54-763b-48e0-81a3-85a45be671c5, MAITRE_D_OEUVRE paid ENTREPRISE_CORPS_ETAT_SECONDAIRE the amount 4.
2021-07-05 16:12:49,717 INFO org.polytech.pfe.domego.protocol.game.PayContractEvent [http-nio-8080-exec-14] PayContractEvent : GIVER name :  Z, money 38,2 resource 0
2021-07-05 16:12:49,726 INFO org.polytech.pfe.domego.protocol.game.PayContractEvent [http-nio-8080-exec-14] PayContractEvent : RECEIVER name :  T, money 34 resource 0
2021-07-05 16:12:49,728 INFO org.polytech.pfe.domego.protocol.game.ChangeActivityEvent [http-nio-8080-exec-14] ChangeActivityEvent : In game : 7494fd54-763b-48e0-81a3-85a45be671c5, the current activity is now 8
2021-07-05 16:15:03,611 INFO org.polytech.pfe.domego.protocol.game.BuyResourceEvent [http-nio-8080-exec-7] BuyResourceEvent : In game  7494fd54-763b-48e0-81a3-85a45be671c5 the player named : T has buy 18 resources. He has now : 18 resources and : 16 money.
2021-07-05 16:15:43,272 INFO org.polytech.pfe.domego.protocol.game.BuyResourceEvent [http-nio-8080-exec-1] BuyResourceEvent : In game  7494fd54-763b-48e0-81a3-85a45be671c5 the player named : T has buy 3 resources. He has now : 21 resources and : 10 money.
2021-07-05 16:17:22,444 INFO org.polytech.pfe.domego.models.activity.Activity [http-nio-8080-exec-9] The RISKS payment is done
2021-07-05 16:17:22,446 INFO org.polytech.pfe.domego.models.activity.Activity [http-nio-8080-exec-9] The mandatory payment is done
2021-07-05 16:17:22,449 INFO org.polytech.pfe.domego.protocol.game.PayResourcesEvent [http-nio-8080-exec-9] PaymentResourcesEvent : In the game 7494fd54-763b-48e0-81a3-85a45be671c5, the player named T has realize 2 payment for the activity : 8
2021-07-05 16:17:22,451 INFO org.polytech.pfe.domego.protocol.game.PayResourcesEvent [http-nio-8080-exec-9] PaymentResourcesEvent : List Payment :  [Payment{amount=5, type='RISKS'}, Payment{amount=2, type='MANDATORY'}]
2021-07-05 16:17:22,456 INFO org.polytech.pfe.domego.protocol.game.PayResourcesEvent [http-nio-8080-exec-9] PaymentResourcesEvent : In the game 7494fd54-763b-48e0-81a3-85a45be671c5, the player named T has now 14 resources
2021-07-05 16:17:50,885 INFO org.polytech.pfe.domego.protocol.game.BuyResourceEvent [http-nio-8080-exec-11] BuyResourceEvent : In game  7494fd54-763b-48e0-81a3-85a45be671c5 the player named : Y has buy 21 resources. He has now : 21 resources and : 19 money.
2021-07-05 16:18:41,123 INFO org.polytech.pfe.domego.models.activity.Activity [http-nio-8080-exec-2] The mandatory payment is done
2021-07-05 16:18:41,136 INFO org.polytech.pfe.domego.models.activity.Activity [http-nio-8080-exec-2] The DAYS payment is done
2021-07-05 16:18:41,140 INFO org.polytech.pfe.domego.protocol.game.PayResourcesEvent [http-nio-8080-exec-2] PaymentResourcesEvent : In the game 7494fd54-763b-48e0-81a3-85a45be671c5, the player named Y has realize 2 payment for the activity : 8
2021-07-05 16:18:41,144 INFO org.polytech.pfe.domego.protocol.game.PayResourcesEvent [http-nio-8080-exec-2] PaymentResourcesEvent : List Payment :  [Payment{amount=2, type='MANDATORY'}, Payment{amount=3, type='DAYS'}]
2021-07-05 16:18:41,148 INFO org.polytech.pfe.domego.protocol.game.PayResourcesEvent [http-nio-8080-exec-2] PaymentResourcesEvent : In the game 7494fd54-763b-48e0-81a3-85a45be671c5, the player named Y has now 16 resources
2021-07-05 16:18:41,162 INFO org.polytech.pfe.domego.models.activity.Activity [http-nio-8080-exec-2] The mandatory payment is done
2021-07-05 16:18:41,245 INFO org.polytech.pfe.domego.protocol.game.DrawCardEvent [http-nio-8080-exec-2] DrawCardEvent : In the game 7494fd54-763b-48e0-81a3-85a45be671c5 for the activity 8 they draw 2 risk cards and 0 quality card
2021-07-05 16:18:41,248 INFO org.polytech.pfe.domego.protocol.game.DrawCardEvent [http-nio-8080-exec-2] DrawCardEvent : List of Risk : [RiskAction{riskOfActivityId=8, description='Difficultés à trouver des fournisseurs structure', bonusList=[ResourcesBonus{roleType=ENTREPRISE_GROS_OEUVRE, activityID=8, amount=1}]}, RiskAction{riskOfActivityId=8, description='Aucun bon film au cinéma', bonusList=[]}]
2021-07-05 16:18:41,254 INFO org.polytech.pfe.domego.protocol.game.DrawCardEvent [http-nio-8080-exec-2] DrawCardEvent : List of Quality : []
2021-07-05 16:18:41,290 INFO org.polytech.pfe.domego.protocol.game.PayContractEvent [http-nio-8080-exec-2] PayContractEvent : GIVER name :  A, money 67 resource 1
2021-07-05 16:18:41,293 INFO org.polytech.pfe.domego.protocol.game.PayContractEvent [http-nio-8080-exec-2] PayContractEvent : RECEIVER name :  Z, money 38,2 resource 0
2021-07-05 16:18:41,299 INFO org.polytech.pfe.domego.protocol.game.PayContractEvent [http-nio-8080-exec-2] PayContractEvent : In game 7494fd54-763b-48e0-81a3-85a45be671c5, MAITRE_D_OUVRAGE paid MAITRE_D_OEUVRE the amount 10.
2021-07-05 16:18:41,301 INFO org.polytech.pfe.domego.protocol.game.PayContractEvent [http-nio-8080-exec-2] PayContractEvent : GIVER name :  A, money 57 resource 1
2021-07-05 16:18:41,304 INFO org.polytech.pfe.domego.protocol.game.PayContractEvent [http-nio-8080-exec-2] PayContractEvent : RECEIVER name :  Z, money 48,2 resource 0
2021-07-05 16:18:41,313 INFO org.polytech.pfe.domego.protocol.game.PayContractEvent [http-nio-8080-exec-2] PayContractEvent : GIVER name :  Z, money 48,2 resource 0
2021-07-05 16:18:41,320 INFO org.polytech.pfe.domego.protocol.game.PayContractEvent [http-nio-8080-exec-2] PayContractEvent : RECEIVER name :  Y, money 19 resource 15
2021-07-05 16:18:41,341 INFO org.polytech.pfe.domego.protocol.game.PayContractEvent [http-nio-8080-exec-2] PayContractEvent : In game 7494fd54-763b-48e0-81a3-85a45be671c5, MAITRE_D_OEUVRE paid ENTREPRISE_GROS_OEUVRE the amount 15.
2021-07-05 16:18:41,358 INFO org.polytech.pfe.domego.protocol.game.PayContractEvent [http-nio-8080-exec-2] PayContractEvent : GIVER name :  Z, money 33,2 resource 0
2021-07-05 16:18:41,360 INFO org.polytech.pfe.domego.protocol.game.PayContractEvent [http-nio-8080-exec-2] PayContractEvent : RECEIVER name :  Y, money 34 resource 15
2021-07-05 16:18:41,364 INFO org.polytech.pfe.domego.protocol.game.ChangeActivityEvent [http-nio-8080-exec-2] ChangeActivityEvent : In game : 7494fd54-763b-48e0-81a3-85a45be671c5, the current activity is now 9
2021-07-05 16:19:51,000 INFO org.polytech.pfe.domego.protocol.game.BuyResourceEvent [http-nio-8080-exec-10] BuyResourceEvent : In game  7494fd54-763b-48e0-81a3-85a45be671c5 the player named : Z has buy 2 resources. He has now : 2 resources and : 29,2 money.
2021-07-05 16:19:57,671 INFO org.polytech.pfe.domego.models.activity.Activity [http-nio-8080-exec-12] The mandatory payment is done
2021-07-05 16:19:57,674 INFO org.polytech.pfe.domego.protocol.game.PayResourcesEvent [http-nio-8080-exec-12] PaymentResourcesEvent : In the game 7494fd54-763b-48e0-81a3-85a45be671c5, the player named Z has realize 1 payment for the activity : 9
2021-07-05 16:19:57,675 INFO org.polytech.pfe.domego.protocol.game.PayResourcesEvent [http-nio-8080-exec-12] PaymentResourcesEvent : List Payment :  [Payment{amount=1, type='MANDATORY'}]
2021-07-05 16:19:57,678 INFO org.polytech.pfe.domego.protocol.game.PayResourcesEvent [http-nio-8080-exec-12] PaymentResourcesEvent : In the game 7494fd54-763b-48e0-81a3-85a45be671c5, the player named Z has now 1 resources
2021-07-05 16:20:24,690 INFO org.polytech.pfe.domego.models.activity.Activity [http-nio-8080-exec-13] The RISKS payment is done
2021-07-05 16:20:24,694 INFO org.polytech.pfe.domego.models.activity.Activity [http-nio-8080-exec-13] The mandatory payment is done
2021-07-05 16:20:24,701 INFO org.polytech.pfe.domego.protocol.game.PayResourcesEvent [http-nio-8080-exec-13] PaymentResourcesEvent : In the game 7494fd54-763b-48e0-81a3-85a45be671c5, the player named Y has realize 2 payment for the activity : 9
2021-07-05 16:20:24,704 INFO org.polytech.pfe.domego.protocol.game.PayResourcesEvent [http-nio-8080-exec-13] PaymentResourcesEvent : List Payment :  [Payment{amount=4, type='RISKS'}, Payment{amount=5, type='MANDATORY'}]
2021-07-05 16:20:24,711 INFO org.polytech.pfe.domego.protocol.game.PayResourcesEvent [http-nio-8080-exec-13] PaymentResourcesEvent : In the game 7494fd54-763b-48e0-81a3-85a45be671c5, the player named Y has now 6 resources
2021-07-05 16:20:24,727 INFO org.polytech.pfe.domego.models.activity.Activity [http-nio-8080-exec-13] The mandatory payment is done
2021-07-05 16:20:24,745 INFO org.polytech.pfe.domego.protocol.game.DrawCardEvent [http-nio-8080-exec-13] DrawCardEvent : In the game 7494fd54-763b-48e0-81a3-85a45be671c5 for the activity 9 they draw 2 risk cards and 0 quality card
2021-07-05 16:20:24,750 INFO org.polytech.pfe.domego.protocol.game.DrawCardEvent [http-nio-8080-exec-13] DrawCardEvent : List of Risk : [RiskAction{riskOfActivityId=9, description='Accident sur le chantier', bonusList=[ResourcesBonus{roleType=ENTREPRISE_CORPS_ETAT_SECONDAIRE, activityID=9, amount=2}, DaysBonus{activityID=9, amount=5}]}, RiskAction{riskOfActivityId=9, description='Pluie abondante', bonusList=[DaysBonus{activityID=9, amount=5}]}]
2021-07-05 16:20:24,768 INFO org.polytech.pfe.domego.protocol.game.DrawCardEvent [http-nio-8080-exec-13] DrawCardEvent : List of Quality : []
2021-07-05 16:20:24,792 INFO org.polytech.pfe.domego.protocol.game.PayContractEvent [http-nio-8080-exec-13] PayContractEvent : GIVER name :  A, money 57 resource 1
2021-07-05 16:20:24,796 INFO org.polytech.pfe.domego.protocol.game.PayContractEvent [http-nio-8080-exec-13] PayContractEvent : RECEIVER name :  Z, money 29,2 resource 1
2021-07-05 16:20:24,806 INFO org.polytech.pfe.domego.protocol.game.PayContractEvent [http-nio-8080-exec-13] PayContractEvent : In game 7494fd54-763b-48e0-81a3-85a45be671c5, MAITRE_D_OUVRAGE paid MAITRE_D_OEUVRE the amount 10.
2021-07-05 16:20:24,813 INFO org.polytech.pfe.domego.protocol.game.PayContractEvent [http-nio-8080-exec-13] PayContractEvent : GIVER name :  A, money 47 resource 1
2021-07-05 16:20:24,824 INFO org.polytech.pfe.domego.protocol.game.PayContractEvent [http-nio-8080-exec-13] PayContractEvent : RECEIVER name :  Z, money 39,2 resource 1
2021-07-05 16:20:24,827 INFO org.polytech.pfe.domego.protocol.game.PayContractEvent [http-nio-8080-exec-13] PayContractEvent : GIVER name :  Z, money 39,2 resource 1
2021-07-05 16:20:24,830 INFO org.polytech.pfe.domego.protocol.game.PayContractEvent [http-nio-8080-exec-13] PayContractEvent : RECEIVER name :  Y, money 34 resource 6
2021-07-05 16:20:24,839 INFO org.polytech.pfe.domego.protocol.game.PayContractEvent [http-nio-8080-exec-13] PayContractEvent : In game 7494fd54-763b-48e0-81a3-85a45be671c5, MAITRE_D_OEUVRE paid ENTREPRISE_GROS_OEUVRE the amount 15.
2021-07-05 16:20:24,841 INFO org.polytech.pfe.domego.protocol.game.PayContractEvent [http-nio-8080-exec-13] PayContractEvent : GIVER name :  Z, money 24,2 resource 1
2021-07-05 16:20:24,844 INFO org.polytech.pfe.domego.protocol.game.PayContractEvent [http-nio-8080-exec-13] PayContractEvent : RECEIVER name :  Y, money 49 resource 6
2021-07-05 16:20:24,849 INFO org.polytech.pfe.domego.protocol.game.PayContractEvent [http-nio-8080-exec-13] PayContractEvent : GIVER name :  A, money 47 resource 1
2021-07-05 16:20:24,863 INFO org.polytech.pfe.domego.protocol.game.PayContractEvent [http-nio-8080-exec-13] PayContractEvent : RECEIVER name :  R, money 18 resource 1
2021-07-05 16:20:24,876 INFO org.polytech.pfe.domego.protocol.game.PayContractEvent [http-nio-8080-exec-13] PayContractEvent : In game 7494fd54-763b-48e0-81a3-85a45be671c5, MAITRE_D_OUVRAGE paid BUREAU_DE_CONTROLE the amount 3.
2021-07-05 16:20:24,879 INFO org.polytech.pfe.domego.protocol.game.PayContractEvent [http-nio-8080-exec-13] PayContractEvent : GIVER name :  A, money 44 resource 1
2021-07-05 16:20:24,887 INFO org.polytech.pfe.domego.protocol.game.PayContractEvent [http-nio-8080-exec-13] PayContractEvent : RECEIVER name :  R, money 21 resource 1
2021-07-05 16:20:24,894 INFO org.polytech.pfe.domego.protocol.game.ChangeActivityEvent [http-nio-8080-exec-13] ChangeActivityEvent : In game : 7494fd54-763b-48e0-81a3-85a45be671c5, the current activity is now 10
2021-07-05 16:20:47,332 INFO org.polytech.pfe.domego.protocol.game.BuyResourceEvent [http-nio-8080-exec-5] BuyResourceEvent : In game  7494fd54-763b-48e0-81a3-85a45be671c5 the player named : Y has buy 4 resources. He has now : 10 resources and : 41 money.
2021-07-05 16:21:17,621 INFO org.polytech.pfe.domego.models.activity.Activity [http-nio-8080-exec-14] The mandatory payment is done
2021-07-05 16:21:17,649 INFO org.polytech.pfe.domego.models.activity.Activity [http-nio-8080-exec-14] The DAYS payment is done
2021-07-05 16:21:17,652 INFO org.polytech.pfe.domego.protocol.game.PayResourcesEvent [http-nio-8080-exec-14] PaymentResourcesEvent : In the game 7494fd54-763b-48e0-81a3-85a45be671c5, the player named Y has realize 2 payment for the activity : 10
2021-07-05 16:21:17,654 INFO org.polytech.pfe.domego.protocol.game.PayResourcesEvent [http-nio-8080-exec-14] PaymentResourcesEvent : List Payment :  [Payment{amount=7, type='MANDATORY'}, Payment{amount=2, type='DAYS'}]
2021-07-05 16:21:17,657 INFO org.polytech.pfe.domego.protocol.game.PayResourcesEvent [http-nio-8080-exec-14] PaymentResourcesEvent : In the game 7494fd54-763b-48e0-81a3-85a45be671c5, the player named Y has now 1 resources
2021-07-05 16:22:08,592 INFO org.polytech.pfe.domego.protocol.game.BuyResourceEvent [http-nio-8080-exec-7] BuyResourceEvent : In game  7494fd54-763b-48e0-81a3-85a45be671c5 the player named : R has buy 2 resources. He has now : 3 resources and : 17 money.
2021-07-05 16:22:21,892 INFO org.polytech.pfe.domego.protocol.game.BuyResourceEvent [http-nio-8080-exec-1] BuyResourceEvent : In game  7494fd54-763b-48e0-81a3-85a45be671c5 the player named : R has buy 3 resources. He has now : 6 resources and : 11 money.
2021-07-05 16:22:30,292 INFO org.polytech.pfe.domego.models.activity.Activity [http-nio-8080-exec-9] The RISKS payment is done
2021-07-05 16:22:30,294 INFO org.polytech.pfe.domego.models.activity.Activity [http-nio-8080-exec-9] The mandatory payment is done
2021-07-05 16:22:30,304 INFO org.polytech.pfe.domego.protocol.game.PayResourcesEvent [http-nio-8080-exec-9] PaymentResourcesEvent : In the game 7494fd54-763b-48e0-81a3-85a45be671c5, the player named R has realize 2 payment for the activity : 10
2021-07-05 16:22:30,306 INFO org.polytech.pfe.domego.protocol.game.PayResourcesEvent [http-nio-8080-exec-9] PaymentResourcesEvent : List Payment :  [Payment{amount=2, type='RISKS'}, Payment{amount=2, type='MANDATORY'}]
2021-07-05 16:22:30,308 INFO org.polytech.pfe.domego.protocol.game.PayResourcesEvent [http-nio-8080-exec-9] PaymentResourcesEvent : In the game 7494fd54-763b-48e0-81a3-85a45be671c5, the player named R has now 2 resources
2021-07-05 16:22:45,719 INFO org.polytech.pfe.domego.models.activity.Activity [http-nio-8080-exec-11] The mandatory payment is done
2021-07-05 16:22:45,725 INFO org.polytech.pfe.domego.protocol.game.PayResourcesEvent [http-nio-8080-exec-11] PaymentResourcesEvent : In the game 7494fd54-763b-48e0-81a3-85a45be671c5, the player named Z has realize 1 payment for the activity : 10
2021-07-05 16:22:45,727 INFO org.polytech.pfe.domego.protocol.game.PayResourcesEvent [http-nio-8080-exec-11] PaymentResourcesEvent : List Payment :  [Payment{amount=1, type='MANDATORY'}]
2021-07-05 16:22:45,729 INFO org.polytech.pfe.domego.protocol.game.PayResourcesEvent [http-nio-8080-exec-11] PaymentResourcesEvent : In the game 7494fd54-763b-48e0-81a3-85a45be671c5, the player named Z has now 0 resources
2021-07-05 16:22:45,735 INFO org.polytech.pfe.domego.protocol.game.DrawCardEvent [http-nio-8080-exec-11] DrawCardEvent : In the game 7494fd54-763b-48e0-81a3-85a45be671c5 for the activity 10 they draw 3 risk cards and 0 quality card
2021-07-05 16:22:45,737 INFO org.polytech.pfe.domego.protocol.game.DrawCardEvent [http-nio-8080-exec-11] DrawCardEvent : List of Risk : [RiskAction{riskOfActivityId=10, description='Tempête', bonusList=[DaysBonus{activityID=10, amount=2}]}, RiskAction{riskOfActivityId=10, description='Equipe d'ouvriers efficace', bonusList=[DaysBonus{activityID=10, amount=-7}]}, RiskAction{riskOfActivityId=10, description='Augmentation du prix des matériaux', bonusList=[MoneyBonus{roleType=ENTREPRISE_GROS_OEUVRE, amount=-3}]}]
2021-07-05 16:22:45,744 INFO org.polytech.pfe.domego.protocol.game.DrawCardEvent [http-nio-8080-exec-11] DrawCardEvent : List of Quality : []
2021-07-05 16:22:45,753 INFO org.polytech.pfe.domego.protocol.game.PayContractEvent [http-nio-8080-exec-11] PayContractEvent : GIVER name :  A, money 44 resource 1
2021-07-05 16:22:45,756 INFO org.polytech.pfe.domego.protocol.game.PayContractEvent [http-nio-8080-exec-11] PayContractEvent : RECEIVER name :  Z, money 24,2 resource 0
2021-07-05 16:22:45,759 INFO org.polytech.pfe.domego.protocol.game.PayContractEvent [http-nio-8080-exec-11] PayContractEvent : In game 7494fd54-763b-48e0-81a3-85a45be671c5, MAITRE_D_OUVRAGE paid MAITRE_D_OEUVRE the amount 10.
2021-07-05 16:22:45,763 INFO org.polytech.pfe.domego.protocol.game.PayContractEvent [http-nio-8080-exec-11] PayContractEvent : GIVER name :  A, money 34 resource 1
2021-07-05 16:22:45,765 INFO org.polytech.pfe.domego.protocol.game.PayContractEvent [http-nio-8080-exec-11] PayContractEvent : RECEIVER name :  Z, money 34,2 resource 0
2021-07-05 16:22:45,768 INFO org.polytech.pfe.domego.protocol.game.PayContractEvent [http-nio-8080-exec-11] PayContractEvent : GIVER name :  Z, money 34,2 resource 0
2021-07-05 16:22:45,771 INFO org.polytech.pfe.domego.protocol.game.PayContractEvent [http-nio-8080-exec-11] PayContractEvent : RECEIVER name :  T, money 10 resource 12
2021-07-05 16:22:45,775 INFO org.polytech.pfe.domego.protocol.game.PayContractEvent [http-nio-8080-exec-11] PayContractEvent : In game 7494fd54-763b-48e0-81a3-85a45be671c5, MAITRE_D_OEUVRE paid ENTREPRISE_CORPS_ETAT_SECONDAIRE the amount 12.
2021-07-05 16:22:45,780 INFO org.polytech.pfe.domego.protocol.game.PayContractEvent [http-nio-8080-exec-11] PayContractEvent : GIVER name :  Z, money 22,2 resource 0
2021-07-05 16:22:45,783 INFO org.polytech.pfe.domego.protocol.game.PayContractEvent [http-nio-8080-exec-11] PayContractEvent : RECEIVER name :  T, money 22 resource 12
2021-07-05 16:22:45,786 INFO org.polytech.pfe.domego.protocol.game.PayContractEvent [http-nio-8080-exec-11] PayContractEvent : GIVER name :  A, money 34 resource 1
2021-07-05 16:22:45,788 INFO org.polytech.pfe.domego.protocol.game.PayContractEvent [http-nio-8080-exec-11] PayContractEvent : RECEIVER name :  R, money 11 resource 2
2021-07-05 16:22:45,792 INFO org.polytech.pfe.domego.protocol.game.PayContractEvent [http-nio-8080-exec-11] PayContractEvent : In game 7494fd54-763b-48e0-81a3-85a45be671c5, MAITRE_D_OUVRAGE paid BUREAU_DE_CONTROLE the amount 3.
2021-07-05 16:22:45,796 INFO org.polytech.pfe.domego.protocol.game.PayContractEvent [http-nio-8080-exec-11] PayContractEvent : GIVER name :  A, money 31 resource 1
2021-07-05 16:22:45,809 INFO org.polytech.pfe.domego.protocol.game.PayContractEvent [http-nio-8080-exec-11] PayContractEvent : RECEIVER name :  R, money 14 resource 2
2021-07-05 16:22:45,813 INFO org.polytech.pfe.domego.protocol.game.ChangeActivityEvent [http-nio-8080-exec-11] ChangeActivityEvent : In game : 7494fd54-763b-48e0-81a3-85a45be671c5, the current activity is now 11
2021-07-05 16:23:26,985 INFO org.polytech.pfe.domego.protocol.game.BuyResourceEvent [http-nio-8080-exec-2] BuyResourceEvent : In game  7494fd54-763b-48e0-81a3-85a45be671c5 the player named : Z has buy 6 resources. He has now : 6 resources and : 10,2 money.
2021-07-05 16:23:54,148 INFO org.polytech.pfe.domego.protocol.game.BuyResourceEvent [http-nio-8080-exec-10] BuyResourceEvent : In game  7494fd54-763b-48e0-81a3-85a45be671c5 the player named : Z has buy 1 resources. He has now : 7 resources and : 8,2 money.
2021-07-05 16:23:58,631 INFO org.polytech.pfe.domego.models.activity.Activity [http-nio-8080-exec-12] The RISKS payment is done
2021-07-05 16:23:58,657 INFO org.polytech.pfe.domego.models.activity.Activity [http-nio-8080-exec-12] The mandatory payment is done
2021-07-05 16:23:58,659 INFO org.polytech.pfe.domego.models.activity.Activity [http-nio-8080-exec-12] The DAYS payment is done
2021-07-05 16:23:58,663 INFO org.polytech.pfe.domego.protocol.game.PayResourcesEvent [http-nio-8080-exec-12] PaymentResourcesEvent : In the game 7494fd54-763b-48e0-81a3-85a45be671c5, the player named Z has realize 3 payment for the activity : 11
2021-07-05 16:23:58,674 INFO org.polytech.pfe.domego.protocol.game.PayResourcesEvent [http-nio-8080-exec-12] PaymentResourcesEvent : List Payment :  [Payment{amount=2, type='RISKS'}, Payment{amount=2, type='MANDATORY'}, Payment{amount=3, type='DAYS'}]
2021-07-05 16:23:58,676 INFO org.polytech.pfe.domego.protocol.game.PayResourcesEvent [http-nio-8080-exec-12] PaymentResourcesEvent : In the game 7494fd54-763b-48e0-81a3-85a45be671c5, the player named Z has now 0 resources
2021-07-05 16:24:27,338 INFO org.polytech.pfe.domego.models.activity.Activity [http-nio-8080-exec-13] The mandatory payment is done
2021-07-05 16:24:27,344 INFO org.polytech.pfe.domego.protocol.game.PayResourcesEvent [http-nio-8080-exec-13] PaymentResourcesEvent : In the game 7494fd54-763b-48e0-81a3-85a45be671c5, the player named R has realize 1 payment for the activity : 11
2021-07-05 16:24:27,382 INFO org.polytech.pfe.domego.protocol.game.PayResourcesEvent [http-nio-8080-exec-13] PaymentResourcesEvent : List Payment :  [Payment{amount=2, type='MANDATORY'}]
2021-07-05 16:24:27,387 INFO org.polytech.pfe.domego.protocol.game.PayResourcesEvent [http-nio-8080-exec-13] PaymentResourcesEvent : In the game 7494fd54-763b-48e0-81a3-85a45be671c5, the player named R has now 0 resources
2021-07-05 16:24:49,528 INFO org.polytech.pfe.domego.models.activity.Activity [http-nio-8080-exec-5] The RISKS payment is done
2021-07-05 16:24:49,530 INFO org.polytech.pfe.domego.models.activity.Activity [http-nio-8080-exec-5] The mandatory payment is done
2021-07-05 16:24:49,533 INFO org.polytech.pfe.domego.models.activity.Activity [http-nio-8080-exec-5] The DAYS payment is done
2021-07-05 16:24:49,535 INFO org.polytech.pfe.domego.protocol.game.PayResourcesEvent [http-nio-8080-exec-5] PaymentResourcesEvent : In the game 7494fd54-763b-48e0-81a3-85a45be671c5, the player named T has realize 3 payment for the activity : 11
2021-07-05 16:24:49,537 INFO org.polytech.pfe.domego.protocol.game.PayResourcesEvent [http-nio-8080-exec-5] PaymentResourcesEvent : List Payment :  [Payment{amount=2, type='RISKS'}, Payment{amount=8, type='MANDATORY'}, Payment{amount=0, type='DAYS'}]
2021-07-05 16:24:49,539 INFO org.polytech.pfe.domego.protocol.game.PayResourcesEvent [http-nio-8080-exec-5] PaymentResourcesEvent : In the game 7494fd54-763b-48e0-81a3-85a45be671c5, the player named T has now 2 resources
2021-07-05 16:24:49,576 INFO org.polytech.pfe.domego.models.activity.Activity [http-nio-8080-exec-5] The mandatory payment is done
2021-07-05 16:24:49,588 INFO org.polytech.pfe.domego.models.activity.Activity [http-nio-8080-exec-5] The mandatory payment is done
2021-07-05 16:24:49,600 INFO org.polytech.pfe.domego.models.activity.Activity [http-nio-8080-exec-5] The mandatory payment is done
2021-07-05 16:24:49,612 INFO org.polytech.pfe.domego.protocol.game.DrawCardEvent [http-nio-8080-exec-5] DrawCardEvent : In the game 7494fd54-763b-48e0-81a3-85a45be671c5 for the activity 11 they draw 3 risk cards and 0 quality card
2021-07-05 16:24:49,619 INFO org.polytech.pfe.domego.protocol.game.DrawCardEvent [http-nio-8080-exec-5] DrawCardEvent : List of Risk : [RiskAction{riskOfActivityId=11, description='Erreur de verification', bonusList=[DaysBonus{activityID=11, amount=3}, ResourcesBonus{roleType=BUREAU_DE_CONTROLE, activityID=11, amount=2}]}, RiskAction{riskOfActivityId=11, description='Mauvaise entente entre les ouvriers de CES', bonusList=[ResourcesBonus{roleType=ENTREPRISE_GROS_OEUVRE, activityID=11, amount=1}, DaysBonus{activityID=11, amount=5}]}, RiskAction{riskOfActivityId=11, description='Accident sur le chantier', bonusList=[DaysBonus{activityID=11, amount=5}, ResourcesBonus{roleType=ENTREPRISE_CORPS_ETAT_SECONDAIRE, activityID=11, amount=1}]}]
2021-07-05 16:24:49,635 INFO org.polytech.pfe.domego.protocol.game.DrawCardEvent [http-nio-8080-exec-5] DrawCardEvent : List of Quality : []
2021-07-05 16:24:49,645 INFO org.polytech.pfe.domego.protocol.game.PayContractEvent [http-nio-8080-exec-5] PayContractEvent : GIVER name :  A, money 31 resource 1
2021-07-05 16:24:49,648 INFO org.polytech.pfe.domego.protocol.game.PayContractEvent [http-nio-8080-exec-5] PayContractEvent : RECEIVER name :  Z, money 8,2 resource 0
2021-07-05 16:24:49,652 INFO org.polytech.pfe.domego.protocol.game.PayContractEvent [http-nio-8080-exec-5] PayContractEvent : In game 7494fd54-763b-48e0-81a3-85a45be671c5, MAITRE_D_OUVRAGE paid MAITRE_D_OEUVRE the amount 20.
2021-07-05 16:24:49,654 INFO org.polytech.pfe.domego.protocol.game.PayContractEvent [http-nio-8080-exec-5] PayContractEvent : GIVER name :  A, money 11 resource 1
2021-07-05 16:24:49,656 INFO org.polytech.pfe.domego.protocol.game.PayContractEvent [http-nio-8080-exec-5] PayContractEvent : RECEIVER name :  Z, money 28,2 resource 0
2021-07-05 16:24:49,659 INFO org.polytech.pfe.domego.protocol.game.PayContractEvent [http-nio-8080-exec-5] PayContractEvent : GIVER name :  Z, money 28,2 resource 0
2021-07-05 16:24:49,663 INFO org.polytech.pfe.domego.protocol.game.PayContractEvent [http-nio-8080-exec-5] PayContractEvent : RECEIVER name :  E, money 20,8 resource 2
2021-07-05 16:24:49,673 INFO org.polytech.pfe.domego.protocol.game.PayContractEvent [http-nio-8080-exec-5] PayContractEvent : In game 7494fd54-763b-48e0-81a3-85a45be671c5, MAITRE_D_OEUVRE paid BUREAU_D_ETUDE the amount 1,2.
2021-07-05 16:24:49,675 INFO org.polytech.pfe.domego.protocol.game.PayContractEvent [http-nio-8080-exec-5] PayContractEvent : GIVER name :  Z, money 27 resource 0
2021-07-05 16:24:49,679 INFO org.polytech.pfe.domego.protocol.game.PayContractEvent [http-nio-8080-exec-5] PayContractEvent : RECEIVER name :  E, money 22 resource 2
2021-07-05 16:24:49,681 INFO org.polytech.pfe.domego.protocol.game.PayContractEvent [http-nio-8080-exec-5] PayContractEvent : GIVER name :  Z, money 27 resource 0
2021-07-05 16:24:49,685 INFO org.polytech.pfe.domego.protocol.game.PayContractEvent [http-nio-8080-exec-5] PayContractEvent : RECEIVER name :  Y, money 38 resource 0
2021-07-05 16:24:49,691 INFO org.polytech.pfe.domego.protocol.game.PayContractEvent [http-nio-8080-exec-5] PayContractEvent : In game 7494fd54-763b-48e0-81a3-85a45be671c5, MAITRE_D_OEUVRE paid ENTREPRISE_GROS_OEUVRE the amount 10.
2021-07-05 16:24:49,695 INFO org.polytech.pfe.domego.protocol.game.PayContractEvent [http-nio-8080-exec-5] PayContractEvent : GIVER name :  Z, money 17 resource 0
2021-07-05 16:24:49,699 INFO org.polytech.pfe.domego.protocol.game.PayContractEvent [http-nio-8080-exec-5] PayContractEvent : RECEIVER name :  Y, money 48 resource 0
2021-07-05 16:24:49,701 INFO org.polytech.pfe.domego.protocol.game.PayContractEvent [http-nio-8080-exec-5] PayContractEvent : GIVER name :  Z, money 17 resource 0
2021-07-05 16:24:49,704 INFO org.polytech.pfe.domego.protocol.game.PayContractEvent [http-nio-8080-exec-5] PayContractEvent : RECEIVER name :  T, money 22 resource 1
2021-07-05 16:24:49,709 INFO org.polytech.pfe.domego.protocol.game.PayContractEvent [http-nio-8080-exec-5] PayContractEvent : In game 7494fd54-763b-48e0-81a3-85a45be671c5, MAITRE_D_OEUVRE paid ENTREPRISE_CORPS_ETAT_SECONDAIRE the amount 4.
2021-07-05 16:24:49,711 INFO org.polytech.pfe.domego.protocol.game.PayContractEvent [http-nio-8080-exec-5] PayContractEvent : GIVER name :  Z, money 13 resource 0
2021-07-05 16:24:49,713 INFO org.polytech.pfe.domego.protocol.game.PayContractEvent [http-nio-8080-exec-5] PayContractEvent : RECEIVER name :  T, money 26 resource 1
2021-07-05 16:24:49,716 INFO org.polytech.pfe.domego.protocol.game.PayContractEvent [http-nio-8080-exec-5] PayContractEvent : GIVER name :  A, money 11 resource 1
2021-07-05 16:24:49,719 INFO org.polytech.pfe.domego.protocol.game.PayContractEvent [http-nio-8080-exec-5] PayContractEvent : RECEIVER name :  R, money 10 resource 0
2021-07-05 16:24:49,732 INFO org.polytech.pfe.domego.protocol.game.PayContractEvent [http-nio-8080-exec-5] PayContractEvent : In game 7494fd54-763b-48e0-81a3-85a45be671c5, MAITRE_D_OUVRAGE paid BUREAU_DE_CONTROLE the amount 6.
2021-07-05 16:24:49,734 INFO org.polytech.pfe.domego.protocol.game.PayContractEvent [http-nio-8080-exec-5] PayContractEvent : GIVER name :  A, money 5 resource 1
2021-07-05 16:24:49,736 INFO org.polytech.pfe.domego.protocol.game.PayContractEvent [http-nio-8080-exec-5] PayContractEvent : RECEIVER name :  R, money 16 resource 0
2021-07-05 16:24:49,739 INFO org.polytech.pfe.domego.protocol.game.ChangeActivityEvent [http-nio-8080-exec-5] ChangeActivityEvent : In game : 7494fd54-763b-48e0-81a3-85a45be671c5, the current activity is now 12
2021-07-05 16:25:23,633 INFO org.polytech.pfe.domego.protocol.game.BuyResourceEvent [http-nio-8080-exec-14] BuyResourceEvent : In game  7494fd54-763b-48e0-81a3-85a45be671c5 the player named : Y has buy 12 resources. He has now : 12 resources and : 24 money.
2021-07-05 16:25:33,505 INFO org.polytech.pfe.domego.models.activity.Activity [http-nio-8080-exec-7] The RISKS payment is done
2021-07-05 16:25:33,508 INFO org.polytech.pfe.domego.models.activity.Activity [http-nio-8080-exec-7] The mandatory payment is done
2021-07-05 16:25:33,510 INFO org.polytech.pfe.domego.models.activity.Activity [http-nio-8080-exec-7] The DAYS payment is done
2021-07-05 16:25:33,512 INFO org.polytech.pfe.domego.protocol.game.PayResourcesEvent [http-nio-8080-exec-7] PaymentResourcesEvent : In the game 7494fd54-763b-48e0-81a3-85a45be671c5, the player named Y has realize 3 payment for the activity : 12
2021-07-05 16:25:33,515 INFO org.polytech.pfe.domego.protocol.game.PayResourcesEvent [http-nio-8080-exec-7] PaymentResourcesEvent : List Payment :  [Payment{amount=3, type='RISKS'}, Payment{amount=3, type='MANDATORY'}, Payment{amount=4, type='DAYS'}]
2021-07-05 16:25:33,517 INFO org.polytech.pfe.domego.protocol.game.PayResourcesEvent [http-nio-8080-exec-7] PaymentResourcesEvent : In the game 7494fd54-763b-48e0-81a3-85a45be671c5, the player named Y has now 2 resources
2021-07-05 16:25:47,390 INFO org.polytech.pfe.domego.protocol.game.BuyResourceEvent [http-nio-8080-exec-1] BuyResourceEvent : In game  7494fd54-763b-48e0-81a3-85a45be671c5 the player named : T has buy 3 resources. He has now : 4 resources and : 20 money.
2021-07-05 16:25:51,560 INFO org.polytech.pfe.domego.models.activity.Activity [http-nio-8080-exec-9] The mandatory payment is done
2021-07-05 16:25:51,561 INFO org.polytech.pfe.domego.protocol.game.PayResourcesEvent [http-nio-8080-exec-9] PaymentResourcesEvent : In the game 7494fd54-763b-48e0-81a3-85a45be671c5, the player named T has realize 1 payment for the activity : 12
2021-07-05 16:25:51,563 INFO org.polytech.pfe.domego.protocol.game.PayResourcesEvent [http-nio-8080-exec-9] PaymentResourcesEvent : List Payment :  [Payment{amount=4, type='MANDATORY'}]
2021-07-05 16:25:51,566 INFO org.polytech.pfe.domego.protocol.game.PayResourcesEvent [http-nio-8080-exec-9] PaymentResourcesEvent : In the game 7494fd54-763b-48e0-81a3-85a45be671c5, the player named T has now 0 resources
2021-07-05 16:26:12,570 INFO org.polytech.pfe.domego.protocol.game.BuyResourceEvent [http-nio-8080-exec-11] BuyResourceEvent : In game  7494fd54-763b-48e0-81a3-85a45be671c5 the player named : R has buy 4 resources. He has now : 4 resources and : 8 money.
2021-07-05 16:26:19,591 INFO org.polytech.pfe.domego.models.activity.Activity [http-nio-8080-exec-2] The RISKS payment is done
2021-07-05 16:26:19,596 INFO org.polytech.pfe.domego.models.activity.Activity [http-nio-8080-exec-2] The mandatory payment is done
2021-07-05 16:26:19,599 INFO org.polytech.pfe.domego.models.activity.Activity [http-nio-8080-exec-2] The DAYS payment is done
2021-07-05 16:26:19,601 INFO org.polytech.pfe.domego.protocol.game.PayResourcesEvent [http-nio-8080-exec-2] PaymentResourcesEvent : In the game 7494fd54-763b-48e0-81a3-85a45be671c5, the player named R has realize 3 payment for the activity : 12
2021-07-05 16:26:19,603 INFO org.polytech.pfe.domego.protocol.game.PayResourcesEvent [http-nio-8080-exec-2] PaymentResourcesEvent : List Payment :  [Payment{amount=2, type='RISKS'}, Payment{amount=1, type='MANDATORY'}, Payment{amount=1, type='DAYS'}]
2021-07-05 16:26:19,606 INFO org.polytech.pfe.domego.protocol.game.PayResourcesEvent [http-nio-8080-exec-2] PaymentResourcesEvent : In the game 7494fd54-763b-48e0-81a3-85a45be671c5, the player named R has now 0 resources
2021-07-05 16:26:53,255 INFO org.polytech.pfe.domego.protocol.game.BuyResourceEvent [http-nio-8080-exec-10] BuyResourceEvent : In game  7494fd54-763b-48e0-81a3-85a45be671c5 the player named : Z has buy 2 resources. He has now : 2 resources and : 9 money.
2021-07-05 16:26:56,669 INFO org.polytech.pfe.domego.models.activity.Activity [http-nio-8080-exec-12] The mandatory payment is done
2021-07-05 16:26:56,685 INFO org.polytech.pfe.domego.protocol.game.PayResourcesEvent [http-nio-8080-exec-12] PaymentResourcesEvent : In the game 7494fd54-763b-48e0-81a3-85a45be671c5, the player named Z has realize 1 payment for the activity : 12
2021-07-05 16:26:56,689 INFO org.polytech.pfe.domego.protocol.game.PayResourcesEvent [http-nio-8080-exec-12] PaymentResourcesEvent : List Payment :  [Payment{amount=2, type='MANDATORY'}]
2021-07-05 16:26:56,692 INFO org.polytech.pfe.domego.protocol.game.PayResourcesEvent [http-nio-8080-exec-12] PaymentResourcesEvent : In the game 7494fd54-763b-48e0-81a3-85a45be671c5, the player named Z has now 0 resources
2021-07-05 16:27:23,129 WARN org.polytech.pfe.domego.models.activity.Activity [http-nio-8080-exec-13] Payment Not found
2021-07-05 16:27:23,132 INFO org.polytech.pfe.domego.models.activity.Activity [http-nio-8080-exec-13] The mandatory payment is done
2021-07-05 16:27:23,135 INFO org.polytech.pfe.domego.protocol.game.PayResourcesEvent [http-nio-8080-exec-13] PaymentResourcesEvent : In the game 7494fd54-763b-48e0-81a3-85a45be671c5, the player named E has realize 2 payment for the activity : 12
2021-07-05 16:27:23,138 INFO org.polytech.pfe.domego.protocol.game.PayResourcesEvent [http-nio-8080-exec-13] PaymentResourcesEvent : List Payment :  [Payment{amount=1, type='RISKS'}, Payment{amount=1, type='MANDATORY'}]
2021-07-05 16:27:23,140 INFO org.polytech.pfe.domego.protocol.game.PayResourcesEvent [http-nio-8080-exec-13] PaymentResourcesEvent : In the game 7494fd54-763b-48e0-81a3-85a45be671c5, the player named E has now 0 resources
2021-07-05 16:27:53,178 INFO org.polytech.pfe.domego.protocol.game.BuyResourceEvent [http-nio-8080-exec-5] BuyResourceEvent : In game  7494fd54-763b-48e0-81a3-85a45be671c5 the player named : A has buy 1 resources. He has now : 2 resources and : 3 money.
2021-07-05 16:27:57,543 INFO org.polytech.pfe.domego.models.activity.Activity [http-nio-8080-exec-14] The mandatory payment is done
2021-07-05 16:27:57,547 INFO org.polytech.pfe.domego.protocol.game.PayResourcesEvent [http-nio-8080-exec-14] PaymentResourcesEvent : In the game 7494fd54-763b-48e0-81a3-85a45be671c5, the player named A has realize 1 payment for the activity : 12
2021-07-05 16:27:57,549 INFO org.polytech.pfe.domego.protocol.game.PayResourcesEvent [http-nio-8080-exec-14] PaymentResourcesEvent : List Payment :  [Payment{amount=2, type='MANDATORY'}]
2021-07-05 16:27:57,552 INFO org.polytech.pfe.domego.protocol.game.PayResourcesEvent [http-nio-8080-exec-14] PaymentResourcesEvent : In the game 7494fd54-763b-48e0-81a3-85a45be671c5, the player named A has now 0 resources
2021-07-05 16:27:57,572 INFO org.polytech.pfe.domego.models.activity.Activity [http-nio-8080-exec-14] The mandatory payment is done
2021-07-05 16:27:57,579 INFO org.polytech.pfe.domego.models.activity.Activity [http-nio-8080-exec-14] The mandatory payment is done
2021-07-05 16:27:57,586 INFO org.polytech.pfe.domego.models.activity.Activity [http-nio-8080-exec-14] The mandatory payment is done
2021-07-05 16:27:57,593 INFO org.polytech.pfe.domego.models.activity.Activity [http-nio-8080-exec-14] The mandatory payment is done
2021-07-05 16:27:57,677 INFO org.polytech.pfe.domego.models.activity.Activity [http-nio-8080-exec-14] The mandatory payment is done
2021-07-05 16:27:57,691 INFO org.polytech.pfe.domego.protocol.game.DrawCardEvent [http-nio-8080-exec-14] DrawCardEvent : In the game 7494fd54-763b-48e0-81a3-85a45be671c5 for the activity 12 they draw 5 risk cards and 0 quality card
2021-07-05 16:27:57,697 INFO org.polytech.pfe.domego.protocol.game.DrawCardEvent [http-nio-8080-exec-14] DrawCardEvent : List of Risk : [RiskAction{riskOfActivityId=12, description='Nombreuses réserves CES', bonusList=[DaysBonus{activityID=12, amount=10}, ResourcesBonus{roleType=ENTREPRISE_CORPS_ETAT_SECONDAIRE, activityID=12, amount=2}, DaysBonus{activityID=12, amount=10}, ResourcesBonus{roleType=ENTREPRISE_GROS_OEUVRE, activityID=12, amount=2}]}, RiskAction{riskOfActivityId=12, description='Cloison mal positionnée', bonusList=[DaysBonus{activityID=12, amount=3}, ResourcesBonus{roleType=ENTREPRISE_CORPS_ETAT_SECONDAIRE, activityID=12, amount=1}]}, RiskAction{riskOfActivityId=12, description='Ouvriers très qualifiés', bonusList=[DaysBonus{activityID=12, amount=-8}]}, RiskAction{riskOfActivityId=12, description='Peinture à refaire', bonusList=[DaysBonus{activityID=12, amount=2}, ResourcesBonus{roleType=ENTREPRISE_CORPS_ETAT_SECONDAIRE, activityID=12, amount=1}]}, RiskAction{riskOfActivityId=12, description='Problème de coordination de planning', bonusList=[DaysBonus{activityID=12, amount=10}, ResourcesBonus{roleType=MAITRE_D_OUVRAGE, activityID=12, amount=1}]}]
2021-07-05 16:27:57,714 INFO org.polytech.pfe.domego.protocol.game.DrawCardEvent [http-nio-8080-exec-14] DrawCardEvent : List of Quality : []
2021-07-05 16:27:57,797 INFO org.polytech.pfe.domego.protocol.game.FinishGameEvent [http-nio-8080-exec-14] Game : The game 7494fd54-763b-48e0-81a3-85a45be671c5 is now Finished
2021-07-05 17:04:17,347 INFO org.polytech.pfe.domego.services.sockets.game.GameSocketHandler [http-nio-8080-exec-14] GameSocketHandler : Close session on socket with ip : /0:0:0:0:0:0:0:1:59655
2021-07-05 17:04:17,342 INFO org.polytech.pfe.domego.services.sockets.room.RoomSocketHandler [http-nio-8080-exec-15] RoomSocketHandler : Close session on socket with ip : /0:0:0:0:0:0:0:1:56582
2021-07-05 17:04:17,378 INFO org.polytech.pfe.domego.services.sockets.game.GameSocketHandler [http-nio-8080-exec-1] GameSocketHandler : Close session on socket with ip : /0:0:0:0:0:0:0:1:55053
2021-07-05 17:04:17,378 INFO org.polytech.pfe.domego.services.sockets.game.GameSocketHandler [http-nio-8080-exec-7] GameSocketHandler : Close session on socket with ip : /0:0:0:0:0:0:0:1:65244
2021-07-05 17:04:17,380 INFO org.polytech.pfe.domego.services.sockets.game.GameSocketHandler [http-nio-8080-exec-13] GameSocketHandler : Close session on socket with ip : /0:0:0:0:0:0:0:1:49259
2021-07-05 17:04:17,218 INFO org.polytech.pfe.domego.services.sockets.room.RoomSocketHandler [http-nio-8080-exec-2] RoomSocketHandler : Close session on socket with ip : /0:0:0:0:0:0:0:1:55540
2021-07-05 17:04:17,225 INFO org.polytech.pfe.domego.services.sockets.room.RoomSocketHandler [http-nio-8080-exec-10] RoomSocketHandler : Close session on socket with ip : /0:0:0:0:0:0:0:1:61134
2021-07-05 17:04:17,232 INFO org.polytech.pfe.domego.services.sockets.room.RoomSocketHandler [http-nio-8080-exec-16] RoomSocketHandler : Close session on socket with ip : /0:0:0:0:0:0:0:1:65143
2021-07-05 17:04:17,379 INFO org.polytech.pfe.domego.services.sockets.game.GameSocketHandler [http-nio-8080-exec-9] GameSocketHandler : Close session on socket with ip : /0:0:0:0:0:0:0:1:56031
2021-07-05 17:04:17,226 INFO org.polytech.pfe.domego.services.sockets.room.RoomSocketHandler [http-nio-8080-exec-5] RoomSocketHandler : Close session on socket with ip : /0:0:0:0:0:0:0:1:58252
2021-07-05 17:04:17,380 INFO org.polytech.pfe.domego.services.sockets.game.GameSocketHandler [http-nio-8080-exec-11] GameSocketHandler : Close session on socket with ip : /0:0:0:0:0:0:0:1:63483
2021-07-05 17:04:17,226 INFO org.polytech.pfe.domego.services.sockets.room.RoomSocketHandler [http-nio-8080-exec-12] RoomSocketHandler : Close session on socket with ip : /0:0:0:0:0:0:0:1:63146
