2021-08-10 15:53:23,035 INFO org.polytech.pfe.domego.services.sockets.room.RoomSocketHandler [http-nio-8080-exec-43] RoomSocketHandler : New user on socket with ip : /0:0:0:0:0:0:0:1:54924
2021-08-10 15:53:23,050 INFO org.polytech.pfe.domego.services.sockets.game.GameSocketHandler [http-nio-8080-exec-31] GameSocketHandler : New user on socket with ip : /127.0.0.1:61997
2021-08-10 15:53:25,632 INFO org.polytech.pfe.domego.services.sockets.room.RoomSocketHandler [http-nio-8080-exec-40] RoomSocketHandler : New user on socket with ip : /0:0:0:0:0:0:0:1:56350
2021-08-10 15:53:25,644 INFO org.polytech.pfe.domego.services.sockets.game.GameSocketHandler [http-nio-8080-exec-37] GameSocketHandler : New user on socket with ip : /0:0:0:0:0:0:0:1:60590
2021-08-10 15:53:28,340 INFO org.polytech.pfe.domego.services.sockets.room.RoomSocketHandler [http-nio-8080-exec-45] RoomSocketHandler : New user on socket with ip : /0:0:0:0:0:0:0:1:59126
2021-08-10 15:53:28,364 INFO org.polytech.pfe.domego.services.sockets.game.GameSocketHandler [http-nio-8080-exec-44] GameSocketHandler : New user on socket with ip : /0:0:0:0:0:0:0:1:50670
2021-08-10 15:53:34,624 INFO org.polytech.pfe.domego.services.sockets.room.RoomSocketHandler [http-nio-8080-exec-46] RoomSocketHandler : New user on socket with ip : /0:0:0:0:0:0:0:1:56395
2021-08-10 15:53:34,644 INFO org.polytech.pfe.domego.services.sockets.game.GameSocketHandler [http-nio-8080-exec-29] GameSocketHandler : New user on socket with ip : /0:0:0:0:0:0:0:1:51305
2021-08-10 15:53:37,369 INFO org.polytech.pfe.domego.services.sockets.room.RoomSocketHandler [http-nio-8080-exec-34] RoomSocketHandler : New user on socket with ip : /0:0:0:0:0:0:0:1:53375
2021-08-10 15:53:37,554 INFO org.polytech.pfe.domego.services.sockets.game.GameSocketHandler [http-nio-8080-exec-41] GameSocketHandler : New user on socket with ip : /0:0:0:0:0:0:0:1:61192
2021-08-10 15:53:38,219 INFO org.polytech.pfe.domego.services.sockets.room.RoomSocketHandler [http-nio-8080-exec-43] RoomSocketHandler : New user on socket with ip : /0:0:0:0:0:0:0:1:61049
2021-08-10 15:53:38,236 INFO org.polytech.pfe.domego.services.sockets.game.GameSocketHandler [http-nio-8080-exec-31] GameSocketHandler : New user on socket with ip : /0:0:0:0:0:0:0:1:52016
2021-08-10 15:53:42,353 INFO org.polytech.pfe.domego.services.sockets.room.RoomSocketHandler [http-nio-8080-exec-40] RoomSocketHandler : New user on socket with ip : /0:0:0:0:0:0:0:1:65362
2021-08-10 15:53:42,672 INFO org.polytech.pfe.domego.services.sockets.game.GameSocketHandler [http-nio-8080-exec-37] GameSocketHandler : New user on socket with ip : /0:0:0:0:0:0:0:1:55291
2021-08-10 20:20:02,277 INFO org.polytech.pfe.domego.services.sockets.game.GameSocketHandler [http-nio-8080-exec-34] GameSocketHandler : Close session on socket with ip : /0:0:0:0:0:0:0:1:52016
2021-08-10 20:20:02,277 INFO org.polytech.pfe.domego.services.sockets.game.GameSocketHandler [http-nio-8080-exec-44] GameSocketHandler : Close session on socket with ip : /0:0:0:0:0:0:0:1:61192
2021-08-10 20:20:02,277 INFO org.polytech.pfe.domego.services.sockets.game.GameSocketHandler [http-nio-8080-exec-45] GameSocketHandler : Close session on socket with ip : /0:0:0:0:0:0:0:1:55291
2021-08-10 20:20:02,273 INFO org.polytech.pfe.domego.services.sockets.room.RoomSocketHandler [http-nio-8080-exec-43] RoomSocketHandler : Close session on socket with ip : /0:0:0:0:0:0:0:1:56395
2021-08-10 20:20:02,271 INFO org.polytech.pfe.domego.services.sockets.room.RoomSocketHandler [http-nio-8080-exec-46] RoomSocketHandler : Close session on socket with ip : /0:0:0:0:0:0:0:1:61049
2021-08-10 20:20:02,271 INFO org.polytech.pfe.domego.services.sockets.room.RoomSocketHandler [http-nio-8080-exec-29] RoomSocketHandler : Close session on socket with ip : /0:0:0:0:0:0:0:1:65362
2021-08-10 20:20:02,273 INFO org.polytech.pfe.domego.services.sockets.room.RoomSocketHandler [http-nio-8080-exec-41] RoomSocketHandler : Close session on socket with ip : /0:0:0:0:0:0:0:1:53375
2021-08-10 20:20:02,277 INFO org.polytech.pfe.domego.services.sockets.game.GameSocketHandler [http-nio-8080-exec-37] GameSocketHandler : Close session on socket with ip : /0:0:0:0:0:0:0:1:60590
2021-08-10 20:20:02,276 INFO org.polytech.pfe.domego.services.sockets.game.GameSocketHandler [http-nio-8080-exec-31] GameSocketHandler : Close session on socket with ip : /0:0:0:0:0:0:0:1:51305
2021-08-10 20:20:02,277 INFO org.polytech.pfe.domego.services.sockets.game.GameSocketHandler [http-nio-8080-exec-40] GameSocketHandler : Close session on socket with ip : /0:0:0:0:0:0:0:1:50670
2021-08-10 20:20:02,336 INFO org.polytech.pfe.domego.services.sockets.room.RoomSocketHandler [http-nio-8080-exec-47] RoomSocketHandler : Close session on socket with ip : /0:0:0:0:0:0:0:1:56350
2021-08-10 20:20:02,348 INFO org.polytech.pfe.domego.services.sockets.room.RoomSocketHandler [http-nio-8080-exec-48] RoomSocketHandler : Close session on socket with ip : /0:0:0:0:0:0:0:1:54924
2021-08-10 20:20:02,360 INFO org.polytech.pfe.domego.services.sockets.room.RoomSocketHandler [http-nio-8080-exec-50] RoomSocketHandler : Close session on socket with ip : /0:0:0:0:0:0:0:1:59126
2021-08-10 20:20:02,353 INFO org.polytech.pfe.domego.services.sockets.game.GameSocketHandler [http-nio-8080-exec-49] GameSocketHandler : Close session on socket with ip : /127.0.0.1:61997
