2021-08-12 14:09:49,183 INFO org.polytech.pfe.domego.services.sockets.game.GameSocketHandler [http-nio-8080-exec-47] GameSocketHandler : New user on socket with ip : /0:0:0:0:0:0:0:1:57729
2021-08-12 14:09:49,172 INFO org.polytech.pfe.domego.services.sockets.room.RoomSocketHandler [http-nio-8080-exec-43] RoomSocketHandler : New user on socket with ip : /0:0:0:0:0:0:0:1:53899
2021-08-12 14:09:50,745 INFO org.polytech.pfe.domego.services.sockets.room.RoomSocketHandler [http-nio-8080-exec-44] RoomSocketHandler : New user on socket with ip : /0:0:0:0:0:0:0:1:51800
2021-08-12 14:09:50,762 INFO org.polytech.pfe.domego.services.sockets.game.GameSocketHandler [http-nio-8080-exec-48] GameSocketHandler : New user on socket with ip : /0:0:0:0:0:0:0:1:50691
2021-08-12 14:10:04,588 INFO org.polytech.pfe.domego.services.sockets.room.RoomSocketHandler [http-nio-8080-exec-50] RoomSocketHandler : New user on socket with ip : /0:0:0:0:0:0:0:1:51880
2021-08-12 14:10:04,686 INFO org.polytech.pfe.domego.services.sockets.room.RoomSocketHandler [http-nio-8080-exec-40] RoomSocketHandler : New user on socket with ip : /0:0:0:0:0:0:0:1:58005
2021-08-12 14:10:04,710 INFO org.polytech.pfe.domego.services.sockets.game.GameSocketHandler [http-nio-8080-exec-46] GameSocketHandler : New user on socket with ip : /0:0:0:0:0:0:0:1:56527
2021-08-12 14:10:05,776 INFO org.polytech.pfe.domego.services.sockets.game.GameSocketHandler [http-nio-8080-exec-41] GameSocketHandler : New user on socket with ip : /0:0:0:0:0:0:0:1:64837
2021-08-12 14:10:07,147 INFO org.polytech.pfe.domego.services.sockets.room.RoomSocketHandler [http-nio-8080-exec-51] RoomSocketHandler : New user on socket with ip : /0:0:0:0:0:0:0:1:62747
2021-08-12 14:10:07,226 INFO org.polytech.pfe.domego.services.sockets.game.GameSocketHandler [http-nio-8080-exec-29] GameSocketHandler : New user on socket with ip : /0:0:0:0:0:0:0:1:55156
2021-08-12 14:10:10,183 INFO org.polytech.pfe.domego.services.sockets.room.RoomSocketHandler [http-nio-8080-exec-43] RoomSocketHandler : New user on socket with ip : /0:0:0:0:0:0:0:1:54962
2021-08-12 14:10:10,234 INFO org.polytech.pfe.domego.services.sockets.game.GameSocketHandler [http-nio-8080-exec-47] GameSocketHandler : New user on socket with ip : /0:0:0:0:0:0:0:1:54111
2021-08-12 14:41:34,344 INFO org.polytech.pfe.domego.services.sockets.room.RoomSocketHandler [http-nio-8080-exec-51] RoomSocketHandler : Close session on socket with ip : /0:0:0:0:0:0:0:1:51880
2021-08-12 14:41:34,330 INFO org.polytech.pfe.domego.services.sockets.room.RoomSocketHandler [http-nio-8080-exec-46] RoomSocketHandler : Close session on socket with ip : /0:0:0:0:0:0:0:1:58005
2021-08-12 14:41:34,361 INFO org.polytech.pfe.domego.services.sockets.game.GameSocketHandler [http-nio-8080-exec-43] GameSocketHandler : Close session on socket with ip : /0:0:0:0:0:0:0:1:64837
2021-08-12 14:41:34,360 INFO org.polytech.pfe.domego.services.sockets.game.GameSocketHandler [http-nio-8080-exec-41] GameSocketHandler : Close session on socket with ip : /0:0:0:0:0:0:0:1:56527
2021-08-12 14:41:34,344 INFO org.polytech.pfe.domego.services.sockets.room.RoomSocketHandler [http-nio-8080-exec-40] RoomSocketHandler : Close session on socket with ip : /0:0:0:0:0:0:0:1:62747
2021-08-12 14:41:34,344 INFO org.polytech.pfe.domego.services.sockets.room.RoomSocketHandler [http-nio-8080-exec-48] RoomSocketHandler : Close session on socket with ip : /0:0:0:0:0:0:0:1:54962
2021-08-12 14:41:34,381 INFO org.polytech.pfe.domego.services.sockets.game.GameSocketHandler [http-nio-8080-exec-53] GameSocketHandler : Close session on socket with ip : /0:0:0:0:0:0:0:1:57729
2021-08-12 14:41:34,431 INFO org.polytech.pfe.domego.services.sockets.room.RoomSocketHandler [http-nio-8080-exec-54] RoomSocketHandler : Close session on socket with ip : /0:0:0:0:0:0:0:1:53899
2021-08-12 14:41:34,344 INFO org.polytech.pfe.domego.services.sockets.room.RoomSocketHandler [http-nio-8080-exec-47] RoomSocketHandler : Close session on socket with ip : /0:0:0:0:0:0:0:1:51800
2021-08-12 14:41:34,361 INFO org.polytech.pfe.domego.services.sockets.game.GameSocketHandler [http-nio-8080-exec-29] GameSocketHandler : Close session on socket with ip : /0:0:0:0:0:0:0:1:50691
2021-08-12 14:41:34,360 INFO org.polytech.pfe.domego.services.sockets.game.GameSocketHandler [http-nio-8080-exec-44] GameSocketHandler : Close session on socket with ip : /0:0:0:0:0:0:0:1:54111
2021-08-12 14:41:34,360 INFO org.polytech.pfe.domego.services.sockets.game.GameSocketHandler [http-nio-8080-exec-50] GameSocketHandler : Close session on socket with ip : /0:0:0:0:0:0:0:1:55156
2021-08-12 15:01:01,203 INFO org.polytech.pfe.domego.services.sockets.room.RoomSocketHandler [http-nio-8080-exec-41] RoomSocketHandler : New user on socket with ip : /0:0:0:0:0:0:0:1:51849
2021-08-12 15:01:01,217 INFO org.polytech.pfe.domego.services.sockets.game.GameSocketHandler [http-nio-8080-exec-44] GameSocketHandler : New user on socket with ip : /0:0:0:0:0:0:0:1:65084
2021-08-12 15:01:02,871 INFO org.polytech.pfe.domego.services.sockets.room.RoomSocketHandler [http-nio-8080-exec-46] RoomSocketHandler : New user on socket with ip : /0:0:0:0:0:0:0:1:49506
2021-08-12 15:01:02,890 INFO org.polytech.pfe.domego.services.sockets.game.GameSocketHandler [http-nio-8080-exec-29] GameSocketHandler : New user on socket with ip : /0:0:0:0:0:0:0:1:59084
2021-08-12 15:01:05,061 INFO org.polytech.pfe.domego.services.sockets.room.RoomSocketHandler [http-nio-8080-exec-48] RoomSocketHandler : New user on socket with ip : /0:0:0:0:0:0:0:1:61083
2021-08-12 15:01:05,380 INFO org.polytech.pfe.domego.services.sockets.game.GameSocketHandler [http-nio-8080-exec-51] GameSocketHandler : New user on socket with ip : /0:0:0:0:0:0:0:1:61381
2021-08-12 15:01:07,459 INFO org.polytech.pfe.domego.services.sockets.room.RoomSocketHandler [http-nio-8080-exec-40] RoomSocketHandler : New user on socket with ip : /0:0:0:0:0:0:0:1:57913
2021-08-12 15:01:07,584 INFO org.polytech.pfe.domego.services.sockets.game.GameSocketHandler [http-nio-8080-exec-54] GameSocketHandler : New user on socket with ip : /0:0:0:0:0:0:0:1:62570
2021-08-12 15:01:07,817 INFO org.polytech.pfe.domego.services.sockets.room.RoomSocketHandler [http-nio-8080-exec-47] RoomSocketHandler : New user on socket with ip : /0:0:0:0:0:0:0:1:64853
2021-08-12 15:01:07,893 INFO org.polytech.pfe.domego.services.sockets.game.GameSocketHandler [http-nio-8080-exec-50] GameSocketHandler : New user on socket with ip : /0:0:0:0:0:0:0:1:64996
2021-08-12 15:01:09,717 INFO org.polytech.pfe.domego.services.sockets.room.RoomSocketHandler [http-nio-8080-exec-41] RoomSocketHandler : New user on socket with ip : /0:0:0:0:0:0:0:1:51656
2021-08-12 15:01:09,887 INFO org.polytech.pfe.domego.services.sockets.game.GameSocketHandler [http-nio-8080-exec-44] GameSocketHandler : New user on socket with ip : /0:0:0:0:0:0:0:1:55028
2021-08-12 15:10:01,538 INFO org.polytech.pfe.domego.services.sockets.game.GameSocketHandler [http-nio-8080-exec-29] GameSocketHandler : Close session on socket with ip : /0:0:0:0:0:0:0:1:62570
2021-08-12 15:10:01,536 INFO org.polytech.pfe.domego.services.sockets.room.RoomSocketHandler [http-nio-8080-exec-51] RoomSocketHandler : Close session on socket with ip : /0:0:0:0:0:0:0:1:51656
2021-08-12 15:10:01,536 INFO org.polytech.pfe.domego.services.sockets.room.RoomSocketHandler [http-nio-8080-exec-54] RoomSocketHandler : Close session on socket with ip : /0:0:0:0:0:0:0:1:64853
2021-08-12 15:10:01,538 INFO org.polytech.pfe.domego.services.sockets.game.GameSocketHandler [http-nio-8080-exec-46] GameSocketHandler : Close session on socket with ip : /0:0:0:0:0:0:0:1:55028
2021-08-12 15:10:01,533 INFO org.polytech.pfe.domego.services.sockets.room.RoomSocketHandler [http-nio-8080-exec-48] RoomSocketHandler : Close session on socket with ip : /0:0:0:0:0:0:0:1:61083
2021-08-12 15:10:01,538 INFO org.polytech.pfe.domego.services.sockets.game.GameSocketHandler [http-nio-8080-exec-50] GameSocketHandler : Close session on socket with ip : /0:0:0:0:0:0:0:1:64996
2021-08-12 15:10:01,539 INFO org.polytech.pfe.domego.services.sockets.game.GameSocketHandler [http-nio-8080-exec-44] GameSocketHandler : Close session on socket with ip : /0:0:0:0:0:0:0:1:65084
2021-08-12 15:10:01,538 INFO org.polytech.pfe.domego.services.sockets.game.GameSocketHandler [http-nio-8080-exec-47] GameSocketHandler : Close session on socket with ip : /0:0:0:0:0:0:0:1:61381
2021-08-12 15:10:01,538 INFO org.polytech.pfe.domego.services.sockets.game.GameSocketHandler [http-nio-8080-exec-41] GameSocketHandler : Close session on socket with ip : /0:0:0:0:0:0:0:1:59084
2021-08-12 15:10:01,536 INFO org.polytech.pfe.domego.services.sockets.room.RoomSocketHandler [http-nio-8080-exec-40] RoomSocketHandler : Close session on socket with ip : /0:0:0:0:0:0:0:1:57913
2021-08-12 15:10:01,536 INFO org.polytech.pfe.domego.services.sockets.room.RoomSocketHandler [http-nio-8080-exec-56] RoomSocketHandler : Close session on socket with ip : /0:0:0:0:0:0:0:1:49506
2021-08-12 15:10:01,533 INFO org.polytech.pfe.domego.services.sockets.room.RoomSocketHandler [http-nio-8080-exec-55] RoomSocketHandler : Close session on socket with ip : /0:0:0:0:0:0:0:1:51849
2021-08-12 15:54:20,506 INFO org.polytech.pfe.domego.services.sockets.room.RoomSocketHandler [http-nio-8080-exec-29] RoomSocketHandler : New user on socket with ip : /0:0:0:0:0:0:0:1:52847
2021-08-12 15:54:20,528 INFO org.polytech.pfe.domego.services.sockets.game.GameSocketHandler [http-nio-8080-exec-47] GameSocketHandler : New user on socket with ip : /0:0:0:0:0:0:0:1:50768
2021-08-12 15:54:23,433 INFO org.polytech.pfe.domego.services.sockets.room.RoomSocketHandler [http-nio-8080-exec-44] RoomSocketHandler : New user on socket with ip : /0:0:0:0:0:0:0:1:53262
2021-08-12 15:54:23,451 INFO org.polytech.pfe.domego.services.sockets.game.GameSocketHandler [http-nio-8080-exec-41] GameSocketHandler : New user on socket with ip : /0:0:0:0:0:0:0:1:56008
2021-08-12 15:54:26,707 INFO org.polytech.pfe.domego.services.sockets.room.RoomSocketHandler [http-nio-8080-exec-48] RoomSocketHandler : New user on socket with ip : /0:0:0:0:0:0:0:1:57714
2021-08-12 15:54:26,762 INFO org.polytech.pfe.domego.services.sockets.game.GameSocketHandler [http-nio-8080-exec-56] GameSocketHandler : New user on socket with ip : /0:0:0:0:0:0:0:1:65516
2021-08-12 15:54:30,249 INFO org.polytech.pfe.domego.services.sockets.room.RoomSocketHandler [http-nio-8080-exec-40] RoomSocketHandler : New user on socket with ip : /0:0:0:0:0:0:0:1:64511
2021-08-12 15:54:30,470 INFO org.polytech.pfe.domego.services.sockets.game.GameSocketHandler [http-nio-8080-exec-54] GameSocketHandler : New user on socket with ip : /0:0:0:0:0:0:0:1:60902
2021-08-12 15:54:32,601 INFO org.polytech.pfe.domego.services.sockets.room.RoomSocketHandler [http-nio-8080-exec-55] RoomSocketHandler : New user on socket with ip : /0:0:0:0:0:0:0:1:61404
2021-08-12 15:54:32,668 INFO org.polytech.pfe.domego.services.sockets.game.GameSocketHandler [http-nio-8080-exec-51] GameSocketHandler : New user on socket with ip : /0:0:0:0:0:0:0:1:55630
2021-08-12 19:06:11,064 INFO org.springframework.scheduling.concurrent.ExecutorConfigurationSupport [SpringContextShutdownHook] Shutting down ExecutorService 'applicationTaskExecutor'
2021-08-12 19:06:11,110 INFO org.springframework.scheduling.concurrent.ExecutorConfigurationSupport [SpringContextShutdownHook] Shutting down ExecutorService 'defaultSockJsTaskScheduler'
2021-08-12 19:06:11,215 INFO com.mongodb.diagnostics.logging.SLF4JLogger [SpringContextShutdownHook] Closed connection [connectionId{localValue:2, serverValue:26}] to localhost:27017 because the pool has been closed.
