2021-07-16 10:39:50,005 INFO org.springframework.boot.StartupInfoLogger [main] Starting DomegoApplication on DESKTOP-8CKEDBD with PID 5932 (C:\Users\R-mann\Documents\GitHub\SI4-stage-Domego\Server\target\classes started by R-mann in C:\Users\R-mann\Documents\GitHub\SI4-stage-Domego\Server)
2021-07-16 10:39:50,014 INFO org.springframework.boot.SpringApplication [main] No active profile set, falling back to default profiles: default
2021-07-16 10:39:50,857 INFO org.springframework.data.repository.config.RepositoryConfigurationDelegate [main] Bootstrapping Spring Data repositories in DEFAULT mode.
2021-07-16 10:39:50,995 INFO org.springframework.data.repository.config.RepositoryConfigurationDelegate [main] Finished Spring Data repository scanning in 129ms. Found 2 repository interfaces.
2021-07-16 10:39:51,533 INFO org.springframework.boot.web.embedded.tomcat.TomcatWebServer [main] Tomcat initialized with port(s): 8080 (http)
2021-07-16 10:39:51,552 INFO org.apache.juli.logging.DirectJDKLog [main] Initializing ProtocolHandler ["http-nio-8080"]
2021-07-16 10:39:51,553 INFO org.apache.juli.logging.DirectJDKLog [main] Starting service [Tomcat]
2021-07-16 10:39:51,555 INFO org.apache.juli.logging.DirectJDKLog [main] Starting Servlet engine: [Apache Tomcat/9.0.27]
2021-07-16 10:39:51,694 INFO org.apache.juli.logging.DirectJDKLog [main] Initializing Spring embedded WebApplicationContext
2021-07-16 10:39:51,695 INFO org.springframework.boot.web.servlet.context.ServletWebServerApplicationContext [main] Root WebApplicationContext: initialization completed in 1615 ms
2021-07-16 10:39:52,064 INFO com.mongodb.diagnostics.logging.SLF4JLogger [main] Cluster created with settings {hosts=[localhost:27017], mode=MULTIPLE, requiredClusterType=UNKNOWN, serverSelectionTimeout='30000 ms', maxWaitQueueSize=500}
2021-07-16 10:39:52,066 INFO com.mongodb.diagnostics.logging.SLF4JLogger [main] Adding discovered server localhost:27017 to client view of cluster
2021-07-16 10:39:52,168 INFO com.mongodb.diagnostics.logging.SLF4JLogger [cluster-ClusterId{value='60f145d8ce32da0fed6c2c03', description='null'}-localhost:27017] Opened connection [connectionId{localValue:1, serverValue:1}] to localhost:27017
2021-07-16 10:39:52,180 INFO com.mongodb.diagnostics.logging.SLF4JLogger [cluster-ClusterId{value='60f145d8ce32da0fed6c2c03', description='null'}-localhost:27017] Monitor thread successfully connected to server with description ServerDescription{address=localhost:27017, type=STANDALONE, state=CONNECTED, ok=true, version=ServerVersion{versionList=[4, 4, 6]}, minWireVersion=0, maxWireVersion=9, maxDocumentSize=16777216, logicalSessionTimeoutMinutes=30, roundTripTimeNanos=5256500}
2021-07-16 10:39:52,185 INFO com.mongodb.diagnostics.logging.SLF4JLogger [cluster-ClusterId{value='60f145d8ce32da0fed6c2c03', description='null'}-localhost:27017] Discovered cluster type of STANDALONE
2021-07-16 10:39:52,225 WARN org.springframework.data.convert.CustomConversions [main] Registering converter from class java.time.LocalDateTime to class java.time.Instant as reading converter although it doesn't convert from a store-supported type! You might wanna check you annotation setup at the converter implementation.
2021-07-16 10:39:52,227 WARN org.springframework.data.convert.CustomConversions [main] Registering converter from class java.time.Instant to class java.time.LocalDateTime as reading converter although it doesn't convert from a store-supported type! You might wanna check you annotation setup at the converter implementation.
2021-07-16 10:39:52,346 WARN org.springframework.data.convert.CustomConversions [main] Registering converter from class java.time.LocalDateTime to class java.time.Instant as reading converter although it doesn't convert from a store-supported type! You might wanna check you annotation setup at the converter implementation.
2021-07-16 10:39:52,348 WARN org.springframework.data.convert.CustomConversions [main] Registering converter from class java.time.Instant to class java.time.LocalDateTime as reading converter although it doesn't convert from a store-supported type! You might wanna check you annotation setup at the converter implementation.
2021-07-16 10:39:52,568 INFO com.mongodb.diagnostics.logging.SLF4JLogger [main] Opened connection [connectionId{localValue:2, serverValue:2}] to localhost:27017
2021-07-16 10:39:52,755 INFO org.springframework.scheduling.concurrent.ExecutorConfigurationSupport [main] Initializing ExecutorService 'defaultSockJsTaskScheduler'
2021-07-16 10:39:52,945 INFO org.springframework.scheduling.concurrent.ExecutorConfigurationSupport [main] Initializing ExecutorService 'applicationTaskExecutor'
2021-07-16 10:39:53,012 INFO org.springframework.boot.autoconfigure.web.servlet.WelcomePageHandlerMapping [main] Adding welcome page: class path resource [static/index.html]
2021-07-16 10:39:53,138 INFO org.apache.juli.logging.DirectJDKLog [main] Starting ProtocolHandler ["http-nio-8080"]
2021-07-16 10:39:53,179 INFO org.springframework.boot.web.embedded.tomcat.TomcatWebServer [main] Tomcat started on port(s): 8080 (http) with context path ''
2021-07-16 10:39:53,185 INFO org.springframework.boot.StartupInfoLogger [main] Started DomegoApplication in 4.382 seconds (JVM running for 4.958)
2021-07-22 18:52:07,466 INFO org.springframework.boot.StartupInfoLogger [main] Starting DomegoApplication on PC-8 with PID 1656 (D:\SI4\Stage\SI4-stage-Domego\Server\target\classes started by Utilisateur in D:\SI4\Stage\SI4-stage-Domego\Server)
2021-07-22 18:52:07,494 INFO org.springframework.boot.SpringApplication [main] No active profile set, falling back to default profiles: default
2021-07-22 18:52:09,510 INFO org.springframework.data.repository.config.RepositoryConfigurationDelegate [main] Bootstrapping Spring Data repositories in DEFAULT mode.
2021-07-22 18:52:09,757 INFO org.springframework.data.repository.config.RepositoryConfigurationDelegate [main] Finished Spring Data repository scanning in 222ms. Found 2 repository interfaces.
2021-07-22 18:52:10,627 INFO org.springframework.boot.web.embedded.tomcat.TomcatWebServer [main] Tomcat initialized with port(s): 8080 (http)
2021-07-22 18:52:10,663 INFO org.apache.juli.logging.DirectJDKLog [main] Initializing ProtocolHandler ["http-nio-8080"]
2021-07-22 18:52:10,666 INFO org.apache.juli.logging.DirectJDKLog [main] Starting service [Tomcat]
2021-07-22 18:52:10,669 INFO org.apache.juli.logging.DirectJDKLog [main] Starting Servlet engine: [Apache Tomcat/9.0.27]
2021-07-22 18:52:10,975 INFO org.apache.juli.logging.DirectJDKLog [main] Initializing Spring embedded WebApplicationContext
2021-07-22 18:52:10,979 INFO org.springframework.boot.web.servlet.context.ServletWebServerApplicationContext [main] Root WebApplicationContext: initialization completed in 3355 ms
2021-07-22 18:52:11,833 INFO com.mongodb.diagnostics.logging.SLF4JLogger [main] Cluster created with settings {hosts=[localhost:27017], mode=MULTIPLE, requiredClusterType=UNKNOWN, serverSelectionTimeout='30000 ms', maxWaitQueueSize=500}
2021-07-22 18:52:11,835 INFO com.mongodb.diagnostics.logging.SLF4JLogger [main] Adding discovered server localhost:27017 to client view of cluster
2021-07-22 18:52:11,983 INFO com.mongodb.diagnostics.logging.SLF4JLogger [cluster-ClusterId{value='60f9a23b1c8c203a7564938f', description='null'}-localhost:27017] Opened connection [connectionId{localValue:1, serverValue:1}] to localhost:27017
2021-07-22 18:52:11,995 INFO com.mongodb.diagnostics.logging.SLF4JLogger [cluster-ClusterId{value='60f9a23b1c8c203a7564938f', description='null'}-localhost:27017] Monitor thread successfully connected to server with description ServerDescription{address=localhost:27017, type=STANDALONE, state=CONNECTED, ok=true, version=ServerVersion{versionList=[4, 4, 5]}, minWireVersion=0, maxWireVersion=9, maxDocumentSize=16777216, logicalSessionTimeoutMinutes=30, roundTripTimeNanos=5304000}
2021-07-22 18:52:12,012 INFO com.mongodb.diagnostics.logging.SLF4JLogger [cluster-ClusterId{value='60f9a23b1c8c203a7564938f', description='null'}-localhost:27017] Discovered cluster type of STANDALONE
2021-07-22 18:52:12,109 WARN org.springframework.data.convert.CustomConversions [main] Registering converter from class java.time.LocalDateTime to class java.time.Instant as reading converter although it doesn't convert from a store-supported type! You might wanna check you annotation setup at the converter implementation.
2021-07-22 18:52:12,146 WARN org.springframework.data.convert.CustomConversions [main] Registering converter from class java.time.Instant to class java.time.LocalDateTime as reading converter although it doesn't convert from a store-supported type! You might wanna check you annotation setup at the converter implementation.
2021-07-22 18:52:13,086 WARN org.springframework.data.convert.CustomConversions [main] Registering converter from class java.time.LocalDateTime to class java.time.Instant as reading converter although it doesn't convert from a store-supported type! You might wanna check you annotation setup at the converter implementation.
2021-07-22 18:52:13,097 WARN org.springframework.data.convert.CustomConversions [main] Registering converter from class java.time.Instant to class java.time.LocalDateTime as reading converter although it doesn't convert from a store-supported type! You might wanna check you annotation setup at the converter implementation.
2021-07-22 18:52:13,963 INFO com.mongodb.diagnostics.logging.SLF4JLogger [main] Opened connection [connectionId{localValue:2, serverValue:2}] to localhost:27017
2021-07-22 18:52:14,268 INFO org.springframework.scheduling.concurrent.ExecutorConfigurationSupport [main] Initializing ExecutorService 'defaultSockJsTaskScheduler'
2021-07-22 18:52:15,067 INFO org.springframework.scheduling.concurrent.ExecutorConfigurationSupport [main] Initializing ExecutorService 'applicationTaskExecutor'
2021-07-22 18:52:15,257 INFO org.springframework.boot.autoconfigure.web.servlet.WelcomePageHandlerMapping [main] Adding welcome page: class path resource [static/index.html]
2021-07-22 18:52:15,669 INFO org.apache.juli.logging.DirectJDKLog [main] Starting ProtocolHandler ["http-nio-8080"]
2021-07-22 18:52:15,782 INFO org.springframework.boot.web.embedded.tomcat.TomcatWebServer [main] Tomcat started on port(s): 8080 (http) with context path ''
2021-07-22 18:52:15,797 INFO org.springframework.boot.StartupInfoLogger [main] Started DomegoApplication in 10.783 seconds (JVM running for 11.685)
2021-07-22 19:05:26,693 INFO org.apache.juli.logging.DirectJDKLog [http-nio-8080-exec-1] Initializing Spring DispatcherServlet 'dispatcherServlet'
2021-07-22 19:05:26,696 INFO org.springframework.web.servlet.FrameworkServlet [http-nio-8080-exec-1] Initializing Servlet 'dispatcherServlet'
2021-07-22 19:05:26,715 INFO org.springframework.web.servlet.FrameworkServlet [http-nio-8080-exec-1] Completed initialization in 18 ms
2021-07-22 19:05:26,921 INFO org.polytech.pfe.domego.services.sockets.room.RoomSocketHandler [http-nio-8080-exec-1] RoomSocketHandler : New user on socket with ip : /0:0:0:0:0:0:0:1:61247
2021-07-22 19:05:28,031 INFO org.polytech.pfe.domego.services.sockets.room.RoomSocketHandler [http-nio-8080-exec-3] RoomSocketHandler : New user on socket with ip : /0:0:0:0:0:0:0:1:53542
2021-07-22 19:05:38,518 INFO org.polytech.pfe.domego.services.sockets.room.RoomSocketHandler [http-nio-8080-exec-10] RoomSocketHandler : New user on socket with ip : /0:0:0:0:0:0:0:1:51308
2021-07-22 19:05:40,705 INFO org.polytech.pfe.domego.services.sockets.room.RoomSocketHandler [http-nio-8080-exec-1] RoomSocketHandler : New user on socket with ip : /0:0:0:0:0:0:0:1:62355
2021-07-22 19:05:42,671 INFO org.polytech.pfe.domego.services.sockets.room.RoomSocketHandler [http-nio-8080-exec-6] RoomSocketHandler : New user on socket with ip : /0:0:0:0:0:0:0:1:63015
2021-07-22 19:05:44,194 INFO org.polytech.pfe.domego.services.sockets.room.RoomSocketHandler [http-nio-8080-exec-9] RoomSocketHandler : New user on socket with ip : /0:0:0:0:0:0:0:1:60953
2021-07-22 19:07:37,257 INFO org.polytech.pfe.domego.services.sockets.room.RoomRequestHandler [http-nio-8080-exec-8] RoomRequestHandler : New Room request type : class org.polytech.pfe.domego.protocol.room.CreateGameEvent
2021-07-22 19:07:37,295 INFO org.polytech.pfe.domego.protocol.room.CreateGameEvent [http-nio-8080-exec-8] CreateGameEvent : A has created a Room named : A's lobby with ID : e3d72107-6945-4a20-bb5a-cc6ae84240bf
2021-07-22 19:07:37,321 INFO org.polytech.pfe.domego.services.sockets.game.GameSocketHandler [http-nio-8080-exec-6] GameSocketHandler : New user on socket with ip : /0:0:0:0:0:0:0:1:62322
2021-07-22 19:10:54,370 INFO org.polytech.pfe.domego.services.sockets.room.RoomRequestHandler [http-nio-8080-exec-1] RoomRequestHandler : New Room request type : class org.polytech.pfe.domego.protocol.room.JoinRoomEvent
2021-07-22 19:10:54,374 INFO org.polytech.pfe.domego.protocol.room.JoinRoomEvent [http-nio-8080-exec-1] JoinRoomEvent : New player named : Z has join the room : e3d72107-6945-4a20-bb5a-cc6ae84240bf
2021-07-22 19:10:54,395 INFO org.polytech.pfe.domego.services.sockets.game.GameSocketHandler [http-nio-8080-exec-4] GameSocketHandler : New user on socket with ip : /0:0:0:0:0:0:0:1:61245
2021-07-22 19:51:58,678 INFO org.polytech.pfe.domego.services.sockets.room.RoomRequestHandler [http-nio-8080-exec-2] RoomRequestHandler : New Room request type : class org.polytech.pfe.domego.protocol.room.ChooseRoleEvent
2021-07-22 19:51:58,891 INFO org.polytech.pfe.domego.protocol.room.ChooseRoleEvent [http-nio-8080-exec-2] ChooseRoleEvent : In game : e3d72107-6945-4a20-bb5a-cc6ae84240bf the player name : A has change role, new role : MANAGER
2021-07-22 19:51:59,749 INFO org.polytech.pfe.domego.services.sockets.room.RoomRequestHandler [http-nio-8080-exec-1] RoomRequestHandler : New Room request type : class org.polytech.pfe.domego.protocol.room.ChangeStatusEvent
2021-07-22 19:51:59,751 INFO org.polytech.pfe.domego.protocol.room.ChangeStatusEvent [http-nio-8080-exec-1] ChangeStatusEvent : In game : e3d72107-6945-4a20-bb5a-cc6ae84240bf the player name : A has change status, new status : Ready
2021-07-22 19:52:02,777 INFO org.polytech.pfe.domego.services.sockets.room.RoomRequestHandler [http-nio-8080-exec-4] RoomRequestHandler : New Room request type : class org.polytech.pfe.domego.protocol.room.ChooseRoleEvent
2021-07-22 19:52:02,785 INFO org.polytech.pfe.domego.protocol.room.ChooseRoleEvent [http-nio-8080-exec-4] ChooseRoleEvent : In game : e3d72107-6945-4a20-bb5a-cc6ae84240bf the player name : Z has change role, new role : ARCHITECT
2021-07-22 19:52:03,799 INFO org.polytech.pfe.domego.services.sockets.room.RoomRequestHandler [http-nio-8080-exec-5] RoomRequestHandler : New Room request type : class org.polytech.pfe.domego.protocol.room.ChangeStatusEvent
2021-07-22 19:52:03,802 INFO org.polytech.pfe.domego.protocol.room.ChangeStatusEvent [http-nio-8080-exec-5] ChangeStatusEvent : In game : e3d72107-6945-4a20-bb5a-cc6ae84240bf the player name : Z has change status, new status : Ready
2021-07-22 19:52:09,809 INFO org.polytech.pfe.domego.services.sockets.room.RoomRequestHandler [http-nio-8080-exec-8] RoomRequestHandler : New Room request type : class org.polytech.pfe.domego.protocol.room.JoinRoomEvent
2021-07-22 19:52:09,813 INFO org.polytech.pfe.domego.protocol.room.JoinRoomEvent [http-nio-8080-exec-8] JoinRoomEvent : New player named : R has join the room : e3d72107-6945-4a20-bb5a-cc6ae84240bf
2021-07-22 19:52:09,896 INFO org.polytech.pfe.domego.services.sockets.game.GameSocketHandler [http-nio-8080-exec-6] GameSocketHandler : New user on socket with ip : /0:0:0:0:0:0:0:1:58787
2021-07-22 19:52:12,182 INFO org.polytech.pfe.domego.services.sockets.room.RoomRequestHandler [http-nio-8080-exec-9] RoomRequestHandler : New Room request type : class org.polytech.pfe.domego.protocol.room.ChooseRoleEvent
2021-07-22 19:52:12,189 INFO org.polytech.pfe.domego.protocol.room.ChooseRoleEvent [http-nio-8080-exec-9] ChooseRoleEvent : In game : e3d72107-6945-4a20-bb5a-cc6ae84240bf the player name : R has change role, new role : OFFICER
2021-07-22 19:52:13,255 INFO org.polytech.pfe.domego.services.sockets.room.RoomRequestHandler [http-nio-8080-exec-10] RoomRequestHandler : New Room request type : class org.polytech.pfe.domego.protocol.room.ChangeStatusEvent
2021-07-22 19:52:13,256 INFO org.polytech.pfe.domego.protocol.room.ChangeStatusEvent [http-nio-8080-exec-10] ChangeStatusEvent : In game : e3d72107-6945-4a20-bb5a-cc6ae84240bf the player name : R has change status, new status : Ready
2021-07-22 19:52:27,943 INFO org.polytech.pfe.domego.services.sockets.room.RoomRequestHandler [http-nio-8080-exec-7] RoomRequestHandler : New Room request type : class org.polytech.pfe.domego.protocol.room.JoinRoomEvent
2021-07-22 19:52:27,945 INFO org.polytech.pfe.domego.protocol.room.JoinRoomEvent [http-nio-8080-exec-7] JoinRoomEvent : New player named : S has join the room : e3d72107-6945-4a20-bb5a-cc6ae84240bf
2021-07-22 19:52:28,031 INFO org.polytech.pfe.domego.services.sockets.game.GameSocketHandler [http-nio-8080-exec-3] GameSocketHandler : New user on socket with ip : /0:0:0:0:0:0:0:1:63977
2021-07-22 19:52:30,939 INFO org.polytech.pfe.domego.services.sockets.room.RoomRequestHandler [http-nio-8080-exec-8] RoomRequestHandler : New Room request type : class org.polytech.pfe.domego.protocol.room.ChooseRoleEvent
2021-07-22 19:52:30,946 INFO org.polytech.pfe.domego.protocol.room.ChooseRoleEvent [http-nio-8080-exec-8] ChooseRoleEvent : In game : e3d72107-6945-4a20-bb5a-cc6ae84240bf the player name : S has change role, new role : CONTROLLER
2021-07-22 19:52:32,171 INFO org.polytech.pfe.domego.services.sockets.room.RoomRequestHandler [http-nio-8080-exec-6] RoomRequestHandler : New Room request type : class org.polytech.pfe.domego.protocol.room.ChangeStatusEvent
2021-07-22 19:52:32,172 INFO org.polytech.pfe.domego.protocol.room.ChangeStatusEvent [http-nio-8080-exec-6] ChangeStatusEvent : In game : e3d72107-6945-4a20-bb5a-cc6ae84240bf the player name : S has change status, new status : Ready
2021-07-22 19:52:45,376 INFO org.polytech.pfe.domego.services.sockets.room.RoomRequestHandler [http-nio-8080-exec-5] RoomRequestHandler : New Room request type : class org.polytech.pfe.domego.protocol.room.JoinRoomEvent
2021-07-22 19:52:45,384 INFO org.polytech.pfe.domego.protocol.room.JoinRoomEvent [http-nio-8080-exec-5] JoinRoomEvent : New player named : DD has join the room : e3d72107-6945-4a20-bb5a-cc6ae84240bf
2021-07-22 19:52:45,439 INFO org.polytech.pfe.domego.services.sockets.game.GameSocketHandler [http-nio-8080-exec-7] GameSocketHandler : New user on socket with ip : /0:0:0:0:0:0:0:1:51144
2021-07-22 19:52:47,492 INFO org.polytech.pfe.domego.services.sockets.room.RoomRequestHandler [http-nio-8080-exec-3] RoomRequestHandler : New Room request type : class org.polytech.pfe.domego.protocol.room.ChooseRoleEvent
2021-07-22 19:52:47,499 INFO org.polytech.pfe.domego.protocol.room.ChooseRoleEvent [http-nio-8080-exec-3] ChooseRoleEvent : In game : e3d72107-6945-4a20-bb5a-cc6ae84240bf the player name : DD has change role, new role : SECONDARY
2021-07-22 19:52:48,726 INFO org.polytech.pfe.domego.services.sockets.room.RoomRequestHandler [http-nio-8080-exec-8] RoomRequestHandler : New Room request type : class org.polytech.pfe.domego.protocol.room.ChangeStatusEvent
2021-07-22 19:52:48,728 INFO org.polytech.pfe.domego.protocol.room.ChangeStatusEvent [http-nio-8080-exec-8] ChangeStatusEvent : In game : e3d72107-6945-4a20-bb5a-cc6ae84240bf the player name : DD has change status, new status : Ready
2021-07-22 19:52:54,823 INFO org.polytech.pfe.domego.services.sockets.room.RoomRequestHandler [http-nio-8080-exec-10] RoomRequestHandler : New Room request type : class org.polytech.pfe.domego.protocol.room.JoinRoomEvent
2021-07-22 19:52:54,825 INFO org.polytech.pfe.domego.protocol.room.JoinRoomEvent [http-nio-8080-exec-10] JoinRoomEvent : New player named : J has join the room : e3d72107-6945-4a20-bb5a-cc6ae84240bf
2021-07-22 19:52:54,872 INFO org.polytech.pfe.domego.services.sockets.game.GameSocketHandler [http-nio-8080-exec-2] GameSocketHandler : New user on socket with ip : /0:0:0:0:0:0:0:1:57798
2021-07-22 19:52:58,044 INFO org.polytech.pfe.domego.services.sockets.room.RoomRequestHandler [http-nio-8080-exec-1] RoomRequestHandler : New Room request type : class org.polytech.pfe.domego.protocol.room.ChooseRoleEvent
2021-07-22 19:52:58,050 INFO org.polytech.pfe.domego.protocol.room.ChooseRoleEvent [http-nio-8080-exec-1] ChooseRoleEvent : In game : e3d72107-6945-4a20-bb5a-cc6ae84240bf the player name : J has change role, new role : 
2021-07-22 19:52:59,075 INFO org.polytech.pfe.domego.services.sockets.room.RoomRequestHandler [http-nio-8080-exec-4] RoomRequestHandler : New Room request type : class org.polytech.pfe.domego.protocol.room.ChangeStatusEvent
2021-07-22 19:52:59,078 INFO org.polytech.pfe.domego.protocol.room.ChangeStatusEvent [http-nio-8080-exec-4] ChangeStatusEvent : In game : e3d72107-6945-4a20-bb5a-cc6ae84240bf the player name : J has change status, new status : Ready
2021-07-22 19:53:25,786 INFO org.polytech.pfe.domego.services.sockets.room.RoomRequestHandler [http-nio-8080-exec-7] RoomRequestHandler : New Room request type : class org.polytech.pfe.domego.protocol.room.StartGameEvent
2021-07-22 19:53:25,875 INFO org.polytech.pfe.domego.protocol.room.StartGameEvent [http-nio-8080-exec-7] StartGameEvent: Player name : A start the game for room with ID e3d72107-6945-4a20-bb5a-cc6ae84240bf
2021-07-22 19:53:25,878 INFO org.polytech.pfe.domego.protocol.room.StartGameEvent [http-nio-8080-exec-7] StartGameEvent : Delete room : e3d72107-6945-4a20-bb5a-cc6ae84240bf
2021-07-22 19:53:25,923 INFO org.polytech.pfe.domego.protocol.game.JoinGameEvent [http-nio-8080-exec-8] JoinGameEvent : Le joueur : R a rejoint la partie : e3d72107-6945-4a20-bb5a-cc6ae84240bf
2021-07-22 19:53:25,923 INFO org.polytech.pfe.domego.protocol.game.JoinGameEvent [http-nio-8080-exec-3] JoinGameEvent : Le joueur : A a rejoint la partie : e3d72107-6945-4a20-bb5a-cc6ae84240bf
2021-07-22 19:53:26,129 INFO org.polytech.pfe.domego.protocol.game.JoinGameEvent [http-nio-8080-exec-6] JoinGameEvent : Le joueur : DD a rejoint la partie : e3d72107-6945-4a20-bb5a-cc6ae84240bf
2021-07-22 19:53:26,143 INFO org.polytech.pfe.domego.protocol.game.JoinGameEvent [http-nio-8080-exec-9] JoinGameEvent : Le joueur : J a rejoint la partie : e3d72107-6945-4a20-bb5a-cc6ae84240bf
2021-07-22 19:53:26,403 INFO org.polytech.pfe.domego.protocol.game.JoinGameEvent [http-nio-8080-exec-10] JoinGameEvent : Le joueur : Z a rejoint la partie : e3d72107-6945-4a20-bb5a-cc6ae84240bf
2021-07-22 19:53:26,448 INFO org.polytech.pfe.domego.protocol.game.JoinGameEvent [http-nio-8080-exec-2] JoinGameEvent : Le joueur : S a rejoint la partie : e3d72107-6945-4a20-bb5a-cc6ae84240bf
2021-07-22 19:53:26,546 INFO org.polytech.pfe.domego.protocol.game.LaunchGameEvent [http-nio-8080-exec-2] LaunchGameEvent : Send Message LaunchGameEvent to all players
