2021-08-09 14:49:00,683 INFO org.polytech.pfe.domego.services.sockets.room.RoomSocketHandler [http-nio-8080-exec-4] RoomSocketHandler : New user on socket with ip : /0:0:0:0:0:0:0:1:49629
2021-08-09 14:49:00,686 INFO org.polytech.pfe.domego.services.sockets.game.GameSocketHandler [http-nio-8080-exec-22] GameSocketHandler : New user on socket with ip : /127.0.0.1:60479
2021-08-09 14:49:00,683 INFO org.polytech.pfe.domego.services.sockets.room.RoomSocketHandler [http-nio-8080-exec-31] RoomSocketHandler : New user on socket with ip : /0:0:0:0:0:0:0:1:55860
2021-08-09 14:49:00,683 INFO org.polytech.pfe.domego.services.sockets.game.GameSocketHandler [http-nio-8080-exec-38] GameSocketHandler : New user on socket with ip : /127.0.0.1:51129
2021-08-09 14:49:30,815 INFO org.polytech.pfe.domego.services.sockets.room.RoomSocketHandler [http-nio-8080-exec-29] RoomSocketHandler : New user on socket with ip : /0:0:0:0:0:0:0:1:50670
2021-08-09 14:49:30,832 INFO org.polytech.pfe.domego.services.sockets.game.GameSocketHandler [http-nio-8080-exec-23] GameSocketHandler : New user on socket with ip : /0:0:0:0:0:0:0:1:62040
2021-08-09 14:50:16,851 INFO org.polytech.pfe.domego.services.sockets.room.RoomSocketHandler [http-nio-8080-exec-37] RoomSocketHandler : New user on socket with ip : /0:0:0:0:0:0:0:1:56087
2021-08-09 14:50:16,975 INFO org.polytech.pfe.domego.services.sockets.game.GameSocketHandler [http-nio-8080-exec-34] GameSocketHandler : New user on socket with ip : /0:0:0:0:0:0:0:1:56379
2021-08-09 14:50:17,002 INFO org.polytech.pfe.domego.services.sockets.room.RoomSocketHandler [http-nio-8080-exec-35] RoomSocketHandler : New user on socket with ip : /0:0:0:0:0:0:0:1:53747
2021-08-09 14:50:19,145 INFO org.polytech.pfe.domego.services.sockets.game.GameSocketHandler [http-nio-8080-exec-28] GameSocketHandler : New user on socket with ip : /0:0:0:0:0:0:0:1:52940
2021-08-09 14:50:19,589 INFO org.polytech.pfe.domego.services.sockets.room.RoomSocketHandler [http-nio-8080-exec-4] RoomSocketHandler : New user on socket with ip : /0:0:0:0:0:0:0:1:63828
2021-08-09 14:50:19,761 INFO org.polytech.pfe.domego.services.sockets.game.GameSocketHandler [http-nio-8080-exec-22] GameSocketHandler : New user on socket with ip : /0:0:0:0:0:0:0:1:49541
2021-08-09 14:50:22,350 INFO org.polytech.pfe.domego.services.sockets.room.RoomSocketHandler [http-nio-8080-exec-31] RoomSocketHandler : New user on socket with ip : /0:0:0:0:0:0:0:1:51972
2021-08-09 14:50:22,575 INFO org.polytech.pfe.domego.services.sockets.game.GameSocketHandler [http-nio-8080-exec-38] GameSocketHandler : New user on socket with ip : /0:0:0:0:0:0:0:1:64600
2021-08-09 20:31:43,953 INFO org.polytech.pfe.domego.services.sockets.room.RoomSocketHandler [http-nio-8080-exec-31] RoomSocketHandler : Close session on socket with ip : /0:0:0:0:0:0:0:1:49629
2021-08-09 20:31:43,955 INFO org.polytech.pfe.domego.services.sockets.room.RoomSocketHandler [http-nio-8080-exec-28] RoomSocketHandler : Close session on socket with ip : /0:0:0:0:0:0:0:1:51972
2021-08-09 20:31:43,955 INFO org.polytech.pfe.domego.services.sockets.room.RoomSocketHandler [http-nio-8080-exec-37] RoomSocketHandler : Close session on socket with ip : /0:0:0:0:0:0:0:1:53747
2021-08-09 20:31:43,953 INFO org.polytech.pfe.domego.services.sockets.game.GameSocketHandler [http-nio-8080-exec-38] GameSocketHandler : Close session on socket with ip : /127.0.0.1:51129
2021-08-09 20:31:43,955 INFO org.polytech.pfe.domego.services.sockets.game.GameSocketHandler [http-nio-8080-exec-35] GameSocketHandler : Close session on socket with ip : /0:0:0:0:0:0:0:1:49541
2021-08-09 20:31:43,955 INFO org.polytech.pfe.domego.services.sockets.game.GameSocketHandler [http-nio-8080-exec-34] GameSocketHandler : Close session on socket with ip : /0:0:0:0:0:0:0:1:62040
2021-08-09 20:31:43,955 INFO org.polytech.pfe.domego.services.sockets.game.GameSocketHandler [http-nio-8080-exec-23] GameSocketHandler : Close session on socket with ip : /0:0:0:0:0:0:0:1:56379
2021-08-09 20:31:43,955 INFO org.polytech.pfe.domego.services.sockets.game.GameSocketHandler [http-nio-8080-exec-22] GameSocketHandler : Close session on socket with ip : /127.0.0.1:60479
2021-08-09 20:31:43,955 INFO org.polytech.pfe.domego.services.sockets.game.GameSocketHandler [http-nio-8080-exec-29] GameSocketHandler : Close session on socket with ip : /0:0:0:0:0:0:0:1:64600
2021-08-09 20:31:43,955 INFO org.polytech.pfe.domego.services.sockets.game.GameSocketHandler [http-nio-8080-exec-4] GameSocketHandler : Close session on socket with ip : /0:0:0:0:0:0:0:1:52940
2021-08-09 20:31:43,953 INFO org.polytech.pfe.domego.services.sockets.room.RoomSocketHandler [http-nio-8080-exec-39] RoomSocketHandler : Close session on socket with ip : /0:0:0:0:0:0:0:1:50670
2021-08-09 20:31:43,955 INFO org.polytech.pfe.domego.services.sockets.room.RoomSocketHandler [http-nio-8080-exec-40] RoomSocketHandler : Close session on socket with ip : /0:0:0:0:0:0:0:1:55860
2021-08-09 20:31:43,953 INFO org.polytech.pfe.domego.services.sockets.room.RoomSocketHandler [http-nio-8080-exec-41] RoomSocketHandler : Close session on socket with ip : /0:0:0:0:0:0:0:1:63828
2021-08-09 20:31:43,953 INFO org.polytech.pfe.domego.services.sockets.room.RoomSocketHandler [http-nio-8080-exec-42] RoomSocketHandler : Close session on socket with ip : /0:0:0:0:0:0:0:1:56087
2021-08-09 21:50:47,294 INFO org.polytech.pfe.domego.services.sockets.room.RoomSocketHandler [http-nio-8080-exec-34] RoomSocketHandler : New user on socket with ip : /0:0:0:0:0:0:0:1:52911
2021-08-09 21:50:47,314 INFO org.polytech.pfe.domego.services.sockets.game.GameSocketHandler [http-nio-8080-exec-29] GameSocketHandler : New user on socket with ip : /0:0:0:0:0:0:0:1:56952
2021-08-09 21:50:47,444 INFO org.polytech.pfe.domego.services.sockets.room.RoomSocketHandler [http-nio-8080-exec-23] RoomSocketHandler : New user on socket with ip : /0:0:0:0:0:0:0:1:63168
2021-08-09 21:50:47,461 INFO org.polytech.pfe.domego.services.sockets.game.GameSocketHandler [http-nio-8080-exec-41] GameSocketHandler : New user on socket with ip : /0:0:0:0:0:0:0:1:55523
2021-08-09 21:50:48,896 INFO org.polytech.pfe.domego.services.sockets.room.RoomSocketHandler [http-nio-8080-exec-28] RoomSocketHandler : New user on socket with ip : /0:0:0:0:0:0:0:1:59009
2021-08-09 21:50:48,910 INFO org.polytech.pfe.domego.services.sockets.game.GameSocketHandler [http-nio-8080-exec-37] GameSocketHandler : New user on socket with ip : /0:0:0:0:0:0:0:1:63121
2021-08-09 21:50:53,400 INFO org.polytech.pfe.domego.services.sockets.room.RoomSocketHandler [http-nio-8080-exec-39] RoomSocketHandler : New user on socket with ip : /0:0:0:0:0:0:0:1:59734
2021-08-09 21:50:53,594 INFO org.polytech.pfe.domego.services.sockets.game.GameSocketHandler [http-nio-8080-exec-40] GameSocketHandler : New user on socket with ip : /0:0:0:0:0:0:0:1:56018
2021-08-09 21:50:53,753 INFO org.polytech.pfe.domego.services.sockets.room.RoomSocketHandler [http-nio-8080-exec-31] RoomSocketHandler : New user on socket with ip : /0:0:0:0:0:0:0:1:64825
2021-08-09 21:50:53,800 INFO org.polytech.pfe.domego.services.sockets.room.RoomSocketHandler [http-nio-8080-exec-42] RoomSocketHandler : New user on socket with ip : /0:0:0:0:0:0:0:1:50692
2021-08-09 21:50:53,845 INFO org.polytech.pfe.domego.services.sockets.game.GameSocketHandler [http-nio-8080-exec-34] GameSocketHandler : New user on socket with ip : /0:0:0:0:0:0:0:1:53691
2021-08-09 21:50:53,873 INFO org.polytech.pfe.domego.services.sockets.game.GameSocketHandler [http-nio-8080-exec-29] GameSocketHandler : New user on socket with ip : /0:0:0:0:0:0:0:1:51556
2021-08-09 21:50:54,431 INFO org.polytech.pfe.domego.services.sockets.room.RoomSocketHandler [http-nio-8080-exec-23] RoomSocketHandler : New user on socket with ip : /0:0:0:0:0:0:0:1:50060
2021-08-09 21:50:54,542 INFO org.polytech.pfe.domego.services.sockets.game.GameSocketHandler [http-nio-8080-exec-41] GameSocketHandler : New user on socket with ip : /0:0:0:0:0:0:0:1:56888
2021-08-09 22:19:51,900 INFO org.polytech.pfe.domego.services.sockets.game.GameSocketHandler [http-nio-8080-exec-42] GameSocketHandler : Close session on socket with ip : /0:0:0:0:0:0:0:1:56018
2021-08-09 22:19:51,900 INFO org.polytech.pfe.domego.services.sockets.game.GameSocketHandler [http-nio-8080-exec-28] GameSocketHandler : Close session on socket with ip : /0:0:0:0:0:0:0:1:56888
2021-08-09 22:19:51,900 INFO org.polytech.pfe.domego.services.sockets.room.RoomSocketHandler [http-nio-8080-exec-41] RoomSocketHandler : Close session on socket with ip : /0:0:0:0:0:0:0:1:59009
2021-08-09 22:19:51,900 INFO org.polytech.pfe.domego.services.sockets.room.RoomSocketHandler [http-nio-8080-exec-37] RoomSocketHandler : Close session on socket with ip : /0:0:0:0:0:0:0:1:50060
2021-08-09 22:19:51,901 INFO org.polytech.pfe.domego.services.sockets.game.GameSocketHandler [http-nio-8080-exec-39] GameSocketHandler : Close session on socket with ip : /0:0:0:0:0:0:0:1:53691
2021-08-09 22:19:51,900 INFO org.polytech.pfe.domego.services.sockets.room.RoomSocketHandler [http-nio-8080-exec-34] RoomSocketHandler : Close session on socket with ip : /0:0:0:0:0:0:0:1:59734
2021-08-09 22:19:51,899 INFO org.polytech.pfe.domego.services.sockets.game.GameSocketHandler [http-nio-8080-exec-43] GameSocketHandler : Close session on socket with ip : /0:0:0:0:0:0:0:1:55523
2021-08-09 22:19:51,900 INFO org.polytech.pfe.domego.services.sockets.game.GameSocketHandler [http-nio-8080-exec-23] GameSocketHandler : Close session on socket with ip : /0:0:0:0:0:0:0:1:63121
2021-08-09 22:19:51,899 INFO org.polytech.pfe.domego.services.sockets.room.RoomSocketHandler [http-nio-8080-exec-40] RoomSocketHandler : Close session on socket with ip : /0:0:0:0:0:0:0:1:50692
2021-08-09 22:19:51,900 INFO org.polytech.pfe.domego.services.sockets.room.RoomSocketHandler [http-nio-8080-exec-31] RoomSocketHandler : Close session on socket with ip : /0:0:0:0:0:0:0:1:64825
2021-08-09 22:19:51,899 INFO org.polytech.pfe.domego.services.sockets.game.GameSocketHandler [http-nio-8080-exec-29] GameSocketHandler : Close session on socket with ip : /0:0:0:0:0:0:0:1:51556
2021-08-09 22:19:51,901 INFO org.polytech.pfe.domego.services.sockets.game.GameSocketHandler [http-nio-8080-exec-44] GameSocketHandler : Close session on socket with ip : /0:0:0:0:0:0:0:1:56952
2021-08-09 22:19:51,899 INFO org.polytech.pfe.domego.services.sockets.room.RoomSocketHandler [http-nio-8080-exec-46] RoomSocketHandler : Close session on socket with ip : /0:0:0:0:0:0:0:1:63168
2021-08-09 22:19:51,900 INFO org.polytech.pfe.domego.services.sockets.room.RoomSocketHandler [http-nio-8080-exec-45] RoomSocketHandler : Close session on socket with ip : /0:0:0:0:0:0:0:1:52911
