2021-07-07 00:10:28,795 INFO org.polytech.pfe.domego.services.sockets.game.GameSocketHandler [http-nio-8080-exec-5] GameSocketHandler : New user on socket with ip : /0:0:0:0:0:0:0:1:60134
2021-07-07 00:10:28,958 INFO org.polytech.pfe.domego.services.sockets.game.GameSocketHandler [http-nio-8080-exec-5] GameSocketHandler : Close session on socket with ip : /0:0:0:0:0:0:0:1:60134
2021-07-07 00:10:35,221 INFO org.polytech.pfe.domego.services.sockets.room.RoomSocketHandler [http-nio-8080-exec-11] RoomSocketHandler : New user on socket with ip : /0:0:0:0:0:0:0:1:64819
2021-07-07 00:10:38,580 INFO org.polytech.pfe.domego.services.sockets.room.RoomSocketHandler [http-nio-8080-exec-1] RoomSocketHandler : New user on socket with ip : /0:0:0:0:0:0:0:1:58936
2021-07-07 00:10:40,584 INFO org.polytech.pfe.domego.services.sockets.room.RoomSocketHandler [http-nio-8080-exec-12] RoomSocketHandler : New user on socket with ip : /0:0:0:0:0:0:0:1:64700
2021-07-07 00:10:45,077 INFO org.polytech.pfe.domego.services.sockets.room.RoomSocketHandler [http-nio-8080-exec-11] RoomSocketHandler : New user on socket with ip : /0:0:0:0:0:0:0:1:58896
2021-07-07 00:10:45,269 INFO org.polytech.pfe.domego.services.sockets.room.RoomSocketHandler [http-nio-8080-exec-17] RoomSocketHandler : New user on socket with ip : /0:0:0:0:0:0:0:1:60320
2021-07-07 00:10:48,259 INFO org.polytech.pfe.domego.services.sockets.room.RoomSocketHandler [http-nio-8080-exec-9] RoomSocketHandler : New user on socket with ip : /0:0:0:0:0:0:0:1:63118
2021-07-07 00:11:25,133 INFO org.polytech.pfe.domego.services.sockets.room.RoomRequestHandler [http-nio-8080-exec-7] RoomRequestHandler : New Room request type : class org.polytech.pfe.domego.protocol.room.CreateGameEvent
2021-07-07 00:11:25,175 INFO org.polytech.pfe.domego.protocol.room.CreateGameEvent [http-nio-8080-exec-7] CreateGameEvent : A has created a Room named : A's lobby with ID : 54a13a60-b8f3-4b29-883c-c6611aae9fe7
2021-07-07 00:11:25,215 INFO org.polytech.pfe.domego.services.sockets.game.GameSocketHandler [http-nio-8080-exec-12] GameSocketHandler : New user on socket with ip : /0:0:0:0:0:0:0:1:51177
2021-07-07 00:11:26,880 INFO org.polytech.pfe.domego.services.sockets.room.RoomRequestHandler [http-nio-8080-exec-5] RoomRequestHandler : New Room request type : class org.polytech.pfe.domego.protocol.room.ChooseRoleEvent
2021-07-07 00:11:27,078 INFO org.polytech.pfe.domego.protocol.room.ChooseRoleEvent [http-nio-8080-exec-5] ChooseRoleEvent : In game : 54a13a60-b8f3-4b29-883c-c6611aae9fe7 the player name : A has change role, new role : MANAGER
2021-07-07 00:11:27,953 INFO org.polytech.pfe.domego.services.sockets.room.RoomRequestHandler [http-nio-8080-exec-17] RoomRequestHandler : New Room request type : class org.polytech.pfe.domego.protocol.room.ChangeStatusEvent
2021-07-07 00:11:27,992 INFO org.polytech.pfe.domego.protocol.room.ChangeStatusEvent [http-nio-8080-exec-17] ChangeStatusEvent : In game : 54a13a60-b8f3-4b29-883c-c6611aae9fe7 the player name : A has change status, new status : Ready
2021-07-07 00:11:39,704 INFO org.polytech.pfe.domego.services.sockets.room.RoomRequestHandler [http-nio-8080-exec-10] RoomRequestHandler : New Room request type : class org.polytech.pfe.domego.protocol.room.JoinRoomEvent
2021-07-07 00:11:39,706 INFO org.polytech.pfe.domego.protocol.room.JoinRoomEvent [http-nio-8080-exec-10] JoinRoomEvent : New player named : Z has join the room : 54a13a60-b8f3-4b29-883c-c6611aae9fe7
2021-07-07 00:11:39,763 INFO org.polytech.pfe.domego.services.sockets.game.GameSocketHandler [http-nio-8080-exec-7] GameSocketHandler : New user on socket with ip : /0:0:0:0:0:0:0:1:57066
2021-07-07 00:11:41,318 INFO org.polytech.pfe.domego.services.sockets.room.RoomRequestHandler [http-nio-8080-exec-18] RoomRequestHandler : New Room request type : class org.polytech.pfe.domego.protocol.room.ChooseRoleEvent
2021-07-07 00:11:41,355 INFO org.polytech.pfe.domego.protocol.room.ChooseRoleEvent [http-nio-8080-exec-18] ChooseRoleEvent : In game : 54a13a60-b8f3-4b29-883c-c6611aae9fe7 the player name : Z has change role, new role : ARCHITECT
2021-07-07 00:11:44,472 INFO org.polytech.pfe.domego.services.sockets.room.RoomRequestHandler [http-nio-8080-exec-17] RoomRequestHandler : New Room request type : class org.polytech.pfe.domego.protocol.room.ChangeStatusEvent
2021-07-07 00:11:44,478 INFO org.polytech.pfe.domego.protocol.room.ChangeStatusEvent [http-nio-8080-exec-17] ChangeStatusEvent : In game : 54a13a60-b8f3-4b29-883c-c6611aae9fe7 the player name : Z has change status, new status : Ready
2021-07-07 00:11:51,203 INFO org.polytech.pfe.domego.services.sockets.room.RoomRequestHandler [http-nio-8080-exec-18] RoomRequestHandler : New Room request type : class org.polytech.pfe.domego.protocol.room.JoinRoomEvent
2021-07-07 00:11:51,205 INFO org.polytech.pfe.domego.protocol.room.JoinRoomEvent [http-nio-8080-exec-18] JoinRoomEvent : New player named : E has join the room : 54a13a60-b8f3-4b29-883c-c6611aae9fe7
2021-07-07 00:11:51,257 INFO org.polytech.pfe.domego.services.sockets.game.GameSocketHandler [http-nio-8080-exec-11] GameSocketHandler : New user on socket with ip : /0:0:0:0:0:0:0:1:55569
2021-07-07 00:11:53,348 INFO org.polytech.pfe.domego.services.sockets.room.RoomRequestHandler [http-nio-8080-exec-17] RoomRequestHandler : New Room request type : class org.polytech.pfe.domego.protocol.room.ChooseRoleEvent
2021-07-07 00:11:53,364 INFO org.polytech.pfe.domego.protocol.room.ChooseRoleEvent [http-nio-8080-exec-17] ChooseRoleEvent : In game : 54a13a60-b8f3-4b29-883c-c6611aae9fe7 the player name : E has change role, new role : OFFICER
2021-07-07 00:11:53,460 INFO org.polytech.pfe.domego.services.sockets.room.RoomRequestHandler [http-nio-8080-exec-13] RoomRequestHandler : New Room request type : class org.polytech.pfe.domego.protocol.room.ChooseRoleEvent
2021-07-07 00:11:53,470 INFO org.polytech.pfe.domego.protocol.room.ChooseRoleEvent [http-nio-8080-exec-13] ChooseRoleEvent : In game : 54a13a60-b8f3-4b29-883c-c6611aae9fe7 the player name : E has change role, new role : NONE
2021-07-07 00:11:54,433 INFO org.polytech.pfe.domego.services.sockets.room.RoomRequestHandler [http-nio-8080-exec-10] RoomRequestHandler : New Room request type : class org.polytech.pfe.domego.protocol.room.ChooseRoleEvent
2021-07-07 00:11:54,437 INFO org.polytech.pfe.domego.protocol.room.ChooseRoleEvent [http-nio-8080-exec-10] ChooseRoleEvent : In game : 54a13a60-b8f3-4b29-883c-c6611aae9fe7 the player name : E has change role, new role : OFFICER
2021-07-07 00:11:55,683 INFO org.polytech.pfe.domego.services.sockets.room.RoomRequestHandler [http-nio-8080-exec-7] RoomRequestHandler : New Room request type : class org.polytech.pfe.domego.protocol.room.ChangeStatusEvent
2021-07-07 00:11:55,685 INFO org.polytech.pfe.domego.protocol.room.ChangeStatusEvent [http-nio-8080-exec-7] ChangeStatusEvent : In game : 54a13a60-b8f3-4b29-883c-c6611aae9fe7 the player name : E has change status, new status : Ready
2021-07-07 00:12:03,451 INFO org.polytech.pfe.domego.services.sockets.room.RoomRequestHandler [http-nio-8080-exec-17] RoomRequestHandler : New Room request type : class org.polytech.pfe.domego.protocol.room.JoinRoomEvent
2021-07-07 00:12:03,454 INFO org.polytech.pfe.domego.protocol.room.JoinRoomEvent [http-nio-8080-exec-17] JoinRoomEvent : New player named : R has join the room : 54a13a60-b8f3-4b29-883c-c6611aae9fe7
2021-07-07 00:12:03,500 INFO org.polytech.pfe.domego.services.sockets.game.GameSocketHandler [http-nio-8080-exec-13] GameSocketHandler : New user on socket with ip : /0:0:0:0:0:0:0:1:55608
2021-07-07 00:12:06,915 INFO org.polytech.pfe.domego.services.sockets.room.RoomRequestHandler [http-nio-8080-exec-7] RoomRequestHandler : New Room request type : class org.polytech.pfe.domego.protocol.room.ChooseRoleEvent
2021-07-07 00:12:06,919 INFO org.polytech.pfe.domego.protocol.room.ChooseRoleEvent [http-nio-8080-exec-7] ChooseRoleEvent : In game : 54a13a60-b8f3-4b29-883c-c6611aae9fe7 the player name : R has change role, new role : CONTROLLER
2021-07-07 00:12:08,115 INFO org.polytech.pfe.domego.services.sockets.room.RoomRequestHandler [http-nio-8080-exec-12] RoomRequestHandler : New Room request type : class org.polytech.pfe.domego.protocol.room.ChangeStatusEvent
2021-07-07 00:12:08,117 INFO org.polytech.pfe.domego.protocol.room.ChangeStatusEvent [http-nio-8080-exec-12] ChangeStatusEvent : In game : 54a13a60-b8f3-4b29-883c-c6611aae9fe7 the player name : R has change status, new status : Ready
2021-07-07 00:12:13,534 INFO org.polytech.pfe.domego.services.sockets.room.RoomRequestHandler [http-nio-8080-exec-17] RoomRequestHandler : New Room request type : class org.polytech.pfe.domego.protocol.room.JoinRoomEvent
2021-07-07 00:12:13,536 INFO org.polytech.pfe.domego.protocol.room.JoinRoomEvent [http-nio-8080-exec-17] JoinRoomEvent : New player named : T has join the room : 54a13a60-b8f3-4b29-883c-c6611aae9fe7
2021-07-07 00:12:15,382 INFO org.polytech.pfe.domego.services.sockets.game.GameSocketHandler [http-nio-8080-exec-13] GameSocketHandler : New user on socket with ip : /0:0:0:0:0:0:0:1:64792
2021-07-07 00:12:15,789 INFO org.polytech.pfe.domego.services.sockets.room.RoomRequestHandler [http-nio-8080-exec-1] RoomRequestHandler : New Room request type : class org.polytech.pfe.domego.protocol.room.ChooseRoleEvent
2021-07-07 00:12:15,869 INFO org.polytech.pfe.domego.protocol.room.ChooseRoleEvent [http-nio-8080-exec-1] ChooseRoleEvent : In game : 54a13a60-b8f3-4b29-883c-c6611aae9fe7 the player name : T has change role, new role : SECONDARY
2021-07-07 00:12:16,876 INFO org.polytech.pfe.domego.services.sockets.room.RoomRequestHandler [http-nio-8080-exec-7] RoomRequestHandler : New Room request type : class org.polytech.pfe.domego.protocol.room.ChangeStatusEvent
2021-07-07 00:12:16,877 INFO org.polytech.pfe.domego.protocol.room.ChangeStatusEvent [http-nio-8080-exec-7] ChangeStatusEvent : In game : 54a13a60-b8f3-4b29-883c-c6611aae9fe7 the player name : T has change status, new status : Ready
2021-07-07 00:12:22,042 INFO org.polytech.pfe.domego.services.sockets.room.RoomRequestHandler [http-nio-8080-exec-9] RoomRequestHandler : New Room request type : class org.polytech.pfe.domego.protocol.room.JoinRoomEvent
2021-07-07 00:12:22,088 INFO org.polytech.pfe.domego.protocol.room.JoinRoomEvent [http-nio-8080-exec-9] JoinRoomEvent : New player named : Y has join the room : 54a13a60-b8f3-4b29-883c-c6611aae9fe7
2021-07-07 00:12:22,098 INFO org.polytech.pfe.domego.services.sockets.game.GameSocketHandler [http-nio-8080-exec-18] GameSocketHandler : New user on socket with ip : /0:0:0:0:0:0:0:1:49661
2021-07-07 00:12:24,857 INFO org.polytech.pfe.domego.services.sockets.room.RoomRequestHandler [http-nio-8080-exec-5] RoomRequestHandler : New Room request type : class org.polytech.pfe.domego.protocol.room.ChooseRoleEvent
2021-07-07 00:12:24,890 INFO org.polytech.pfe.domego.protocol.room.ChooseRoleEvent [http-nio-8080-exec-5] ChooseRoleEvent : In game : 54a13a60-b8f3-4b29-883c-c6611aae9fe7 the player name : Y has change role, new role : 
2021-07-07 00:12:25,746 INFO org.polytech.pfe.domego.services.sockets.room.RoomRequestHandler [http-nio-8080-exec-11] RoomRequestHandler : New Room request type : class org.polytech.pfe.domego.protocol.room.ChangeStatusEvent
2021-07-07 00:12:25,748 INFO org.polytech.pfe.domego.protocol.room.ChangeStatusEvent [http-nio-8080-exec-11] ChangeStatusEvent : In game : 54a13a60-b8f3-4b29-883c-c6611aae9fe7 the player name : Y has change status, new status : Ready
2021-07-07 00:12:50,920 INFO org.polytech.pfe.domego.services.sockets.room.RoomRequestHandler [http-nio-8080-exec-17] RoomRequestHandler : New Room request type : class org.polytech.pfe.domego.protocol.room.StartGameEvent
2021-07-07 00:12:50,954 INFO org.polytech.pfe.domego.protocol.room.StartGameEvent [http-nio-8080-exec-17] StartGameEvent: Player name : A start the game for room with ID 54a13a60-b8f3-4b29-883c-c6611aae9fe7
2021-07-07 00:12:50,962 INFO org.polytech.pfe.domego.protocol.room.StartGameEvent [http-nio-8080-exec-17] StartGameEvent : Delete room : 54a13a60-b8f3-4b29-883c-c6611aae9fe7
2021-07-07 00:12:50,964 INFO org.polytech.pfe.domego.protocol.game.JoinGameEvent [http-nio-8080-exec-13] JoinGameEvent : Le joueur : A a rejoint la partie : 54a13a60-b8f3-4b29-883c-c6611aae9fe7
2021-07-07 00:12:51,419 INFO org.polytech.pfe.domego.protocol.game.JoinGameEvent [http-nio-8080-exec-1] JoinGameEvent : Le joueur : R a rejoint la partie : 54a13a60-b8f3-4b29-883c-c6611aae9fe7
2021-07-07 00:12:51,438 INFO org.polytech.pfe.domego.protocol.game.JoinGameEvent [http-nio-8080-exec-10] JoinGameEvent : Le joueur : Z a rejoint la partie : 54a13a60-b8f3-4b29-883c-c6611aae9fe7
2021-07-07 00:12:51,441 INFO org.polytech.pfe.domego.protocol.game.JoinGameEvent [http-nio-8080-exec-7] JoinGameEvent : Le joueur : E a rejoint la partie : 54a13a60-b8f3-4b29-883c-c6611aae9fe7
2021-07-07 00:12:51,717 INFO org.polytech.pfe.domego.protocol.game.JoinGameEvent [http-nio-8080-exec-12] JoinGameEvent : Le joueur : Y a rejoint la partie : 54a13a60-b8f3-4b29-883c-c6611aae9fe7
2021-07-07 00:12:51,780 INFO org.polytech.pfe.domego.protocol.game.JoinGameEvent [http-nio-8080-exec-18] JoinGameEvent : Le joueur : T a rejoint la partie : 54a13a60-b8f3-4b29-883c-c6611aae9fe7
2021-07-07 00:12:51,848 INFO org.polytech.pfe.domego.protocol.game.LaunchGameEvent [http-nio-8080-exec-18] LaunchGameEvent : Send Message LaunchGameEvent to all players
2021-07-07 00:13:30,014 INFO org.polytech.pfe.domego.protocol.game.BuyResourceEvent [http-nio-8080-exec-5] BuyResourceEvent : In game  54a13a60-b8f3-4b29-883c-c6611aae9fe7 the player named : A has buy 30 resources. He has now : 30 resources and : 120 money.
2021-07-07 00:13:35,086 INFO org.polytech.pfe.domego.models.activity.Activity [http-nio-8080-exec-11] The RISKS payment is done
2021-07-07 00:13:35,089 INFO org.polytech.pfe.domego.models.activity.Activity [http-nio-8080-exec-11] The mandatory payment is done
2021-07-07 00:13:35,093 INFO org.polytech.pfe.domego.protocol.game.PayResourcesEvent [http-nio-8080-exec-11] PaymentResourcesEvent : In the game 54a13a60-b8f3-4b29-883c-c6611aae9fe7, the player named A has realize 2 payment for the activity : 1
2021-07-07 00:13:35,097 INFO org.polytech.pfe.domego.protocol.game.PayResourcesEvent [http-nio-8080-exec-11] PaymentResourcesEvent : List Payment :  [Payment{amount=3, type='RISKS'}, Payment{amount=1, type='MANDATORY'}]
2021-07-07 00:13:35,099 INFO org.polytech.pfe.domego.protocol.game.PayResourcesEvent [http-nio-8080-exec-11] PaymentResourcesEvent : In the game 54a13a60-b8f3-4b29-883c-c6611aae9fe7, the player named A has now 26 resources
2021-07-07 00:13:35,109 INFO org.polytech.pfe.domego.protocol.game.DrawCardEvent [http-nio-8080-exec-11] DrawCardEvent : In the game 54a13a60-b8f3-4b29-883c-c6611aae9fe7 for the activity 1 they draw 0 risk cards and 0 quality card
2021-07-07 00:13:35,112 INFO org.polytech.pfe.domego.protocol.game.DrawCardEvent [http-nio-8080-exec-11] DrawCardEvent : List of Risk : []
2021-07-07 00:13:35,130 INFO org.polytech.pfe.domego.protocol.game.DrawCardEvent [http-nio-8080-exec-11] DrawCardEvent : List of Quality : []
2021-07-07 00:13:35,167 INFO org.polytech.pfe.domego.protocol.game.ChangeActivityEvent [http-nio-8080-exec-11] ChangeActivityEvent : In game : 54a13a60-b8f3-4b29-883c-c6611aae9fe7, the current activity is now 2
2021-07-07 00:14:25,525 INFO org.polytech.pfe.domego.models.activity.Activity [http-nio-8080-exec-17] The mandatory payment is done
2021-07-07 00:14:25,548 INFO org.polytech.pfe.domego.models.activity.Activity [http-nio-8080-exec-17] The DAYS payment is done
2021-07-07 00:14:25,552 INFO org.polytech.pfe.domego.protocol.game.PayResourcesEvent [http-nio-8080-exec-17] PaymentResourcesEvent : In the game 54a13a60-b8f3-4b29-883c-c6611aae9fe7, the player named A has realize 2 payment for the activity : 2
2021-07-07 00:14:25,553 INFO org.polytech.pfe.domego.protocol.game.PayResourcesEvent [http-nio-8080-exec-17] PaymentResourcesEvent : List Payment :  [Payment{amount=1, type='MANDATORY'}, Payment{amount=2, type='DAYS'}]
2021-07-07 00:14:25,554 INFO org.polytech.pfe.domego.protocol.game.PayResourcesEvent [http-nio-8080-exec-17] PaymentResourcesEvent : In the game 54a13a60-b8f3-4b29-883c-c6611aae9fe7, the player named A has now 23 resources
2021-07-07 00:14:25,565 INFO org.polytech.pfe.domego.protocol.game.DrawCardEvent [http-nio-8080-exec-17] DrawCardEvent : In the game 54a13a60-b8f3-4b29-883c-c6611aae9fe7 for the activity 2 they draw 2 risk cards and 0 quality card
2021-07-07 00:14:25,568 INFO org.polytech.pfe.domego.protocol.game.DrawCardEvent [http-nio-8080-exec-17] DrawCardEvent : List of Risk : [RiskAction{riskOfActivityId=2, description='Pas de concertation avec le voisinage', bonusList=[RiskBonus{activityID=10, amount=1}]}, RiskAction{riskOfActivityId=2, description='Défaut d’une banque', bonusList=[MoneyBonus{roleType=MAITRE_D_OUVRAGE, amount=-10}]}]
2021-07-07 00:14:25,570 INFO org.polytech.pfe.domego.protocol.game.DrawCardEvent [http-nio-8080-exec-17] DrawCardEvent : List of Quality : []
2021-07-07 00:14:25,578 INFO org.polytech.pfe.domego.protocol.game.ChangeActivityEvent [http-nio-8080-exec-17] ChangeActivityEvent : In game : 54a13a60-b8f3-4b29-883c-c6611aae9fe7, the current activity is now 3
2021-07-07 00:15:12,302 INFO org.polytech.pfe.domego.models.activity.Activity [http-nio-8080-exec-13] The mandatory payment is done
2021-07-07 00:15:12,303 INFO org.polytech.pfe.domego.models.activity.Activity [http-nio-8080-exec-13] The DAYS payment is done
2021-07-07 00:15:12,305 INFO org.polytech.pfe.domego.protocol.game.PayResourcesEvent [http-nio-8080-exec-13] PaymentResourcesEvent : In the game 54a13a60-b8f3-4b29-883c-c6611aae9fe7, the player named A has realize 2 payment for the activity : 3
2021-07-07 00:15:12,317 INFO org.polytech.pfe.domego.protocol.game.PayResourcesEvent [http-nio-8080-exec-13] PaymentResourcesEvent : List Payment :  [Payment{amount=1, type='MANDATORY'}, Payment{amount=4, type='DAYS'}]
2021-07-07 00:15:12,320 INFO org.polytech.pfe.domego.protocol.game.PayResourcesEvent [http-nio-8080-exec-13] PaymentResourcesEvent : In the game 54a13a60-b8f3-4b29-883c-c6611aae9fe7, the player named A has now 18 resources
2021-07-07 00:16:04,318 INFO org.polytech.pfe.domego.protocol.game.negociation.EndNegotiationEvent [http-nio-8080-exec-12] EndNegotiationEvent : In game 54a13a60-b8f3-4b29-883c-c6611aae9fe7 the negotiation beetween MAITRE_D_OUVRAGE and MAITRE_D_OEUVRE is over. The amount of the negociation is 100.
2021-07-07 00:16:04,350 INFO org.polytech.pfe.domego.models.activity.Activity [http-nio-8080-exec-12] The mandatory payment is done
2021-07-07 00:16:04,369 INFO org.polytech.pfe.domego.models.activity.Activity [http-nio-8080-exec-12] The mandatory payment is done
2021-07-07 00:16:04,374 INFO org.polytech.pfe.domego.protocol.game.DrawCardEvent [http-nio-8080-exec-12] DrawCardEvent : In the game 54a13a60-b8f3-4b29-883c-c6611aae9fe7 for the activity 3 they draw 2 risk cards and 0 quality card
2021-07-07 00:16:04,377 INFO org.polytech.pfe.domego.protocol.game.DrawCardEvent [http-nio-8080-exec-12] DrawCardEvent : List of Risk : [RiskAction{riskOfActivityId=3, description='Incompréhension entre les parties', bonusList=[ResourcesBonus{roleType=MAITRE_D_OUVRAGE, activityID=3, amount=1}, ResourcesBonus{roleType=MAITRE_D_OEUVRE, activityID=3, amount=1}]}, RiskAction{riskOfActivityId=3, description='Contrat mal rédigé', bonusList=[DaysBonus{activityID=12, amount=5}, RiskBonus{activityID=12, amount=1}]}]
2021-07-07 00:16:04,386 INFO org.polytech.pfe.domego.protocol.game.DrawCardEvent [http-nio-8080-exec-12] DrawCardEvent : List of Quality : []
2021-07-07 00:16:04,392 INFO org.polytech.pfe.domego.protocol.game.ChangeActivityEvent [http-nio-8080-exec-12] ChangeActivityEvent : In game : 54a13a60-b8f3-4b29-883c-c6611aae9fe7, the current activity is now 4
2021-07-07 00:17:52,569 INFO org.polytech.pfe.domego.protocol.game.negociation.EndNegotiationEvent [http-nio-8080-exec-18] EndNegotiationEvent : In game 54a13a60-b8f3-4b29-883c-c6611aae9fe7 the negotiation beetween MAITRE_D_OUVRAGE and BUREAU_DE_CONTROLE is over. The amount of the negociation is 20.
2021-07-07 00:17:56,693 INFO org.polytech.pfe.domego.protocol.game.negociation.EndNegotiationEvent [http-nio-8080-exec-9] EndNegotiationEvent : In game 54a13a60-b8f3-4b29-883c-c6611aae9fe7 the negotiation beetween MAITRE_D_OEUVRE and ENTREPRISE_GROS_OEUVRE is over. The amount of the negociation is 20.
2021-07-07 00:17:56,921 INFO org.polytech.pfe.domego.protocol.game.negociation.EndNegotiationEvent [http-nio-8080-exec-5] EndNegotiationEvent : In game 54a13a60-b8f3-4b29-883c-c6611aae9fe7 the negotiation beetween MAITRE_D_OEUVRE and ENTREPRISE_CORPS_ETAT_SECONDAIRE is over. The amount of the negociation is 20.
2021-07-07 00:17:57,223 INFO org.polytech.pfe.domego.protocol.game.negociation.EndNegotiationEvent [http-nio-8080-exec-11] EndNegotiationEvent : In game 54a13a60-b8f3-4b29-883c-c6611aae9fe7 the negotiation beetween MAITRE_D_OEUVRE and BUREAU_D_ETUDE is over. The amount of the negociation is 20.
2021-07-07 00:18:06,444 INFO org.polytech.pfe.domego.models.activity.Activity [http-nio-8080-exec-17] The mandatory payment is done
2021-07-07 00:18:06,448 INFO org.polytech.pfe.domego.models.activity.Activity [http-nio-8080-exec-17] The DAYS payment is done
2021-07-07 00:18:06,452 INFO org.polytech.pfe.domego.protocol.game.PayResourcesEvent [http-nio-8080-exec-17] PaymentResourcesEvent : In the game 54a13a60-b8f3-4b29-883c-c6611aae9fe7, the player named A has realize 2 payment for the activity : 4
2021-07-07 00:18:06,454 INFO org.polytech.pfe.domego.protocol.game.PayResourcesEvent [http-nio-8080-exec-17] PaymentResourcesEvent : List Payment :  [Payment{amount=1, type='MANDATORY'}, Payment{amount=3, type='DAYS'}]
2021-07-07 00:18:06,456 INFO org.polytech.pfe.domego.protocol.game.PayResourcesEvent [http-nio-8080-exec-17] PaymentResourcesEvent : In the game 54a13a60-b8f3-4b29-883c-c6611aae9fe7, the player named A has now 13 resources
2021-07-07 00:18:06,462 INFO org.polytech.pfe.domego.protocol.game.DrawCardEvent [http-nio-8080-exec-17] DrawCardEvent : In the game 54a13a60-b8f3-4b29-883c-c6611aae9fe7 for the activity 4 they draw 2 risk cards and 0 quality card
2021-07-07 00:18:06,464 INFO org.polytech.pfe.domego.protocol.game.DrawCardEvent [http-nio-8080-exec-17] DrawCardEvent : List of Risk : [RiskAction{riskOfActivityId=4, description='Grève des transports', bonusList=[]}, RiskAction{riskOfActivityId=4, description='Bonne confiance entre les parties', bonusList=[DaysBonus{activityID=4, amount=-5}]}]
2021-07-07 00:18:06,465 INFO org.polytech.pfe.domego.protocol.game.DrawCardEvent [http-nio-8080-exec-17] DrawCardEvent : List of Quality : []
2021-07-07 00:18:06,472 INFO org.polytech.pfe.domego.protocol.game.PayContractEvent [http-nio-8080-exec-17] PayContractEvent : GIVER name :  A, money 110 resource 13
2021-07-07 00:18:06,474 INFO org.polytech.pfe.domego.protocol.game.PayContractEvent [http-nio-8080-exec-17] PayContractEvent : RECEIVER name :  Z, money 28 resource 0
2021-07-07 00:18:06,475 INFO org.polytech.pfe.domego.protocol.game.PayContractEvent [http-nio-8080-exec-17] PayContractEvent : In game 54a13a60-b8f3-4b29-883c-c6611aae9fe7, MAITRE_D_OUVRAGE paid MAITRE_D_OEUVRE the amount 10.
2021-07-07 00:18:06,476 INFO org.polytech.pfe.domego.protocol.game.PayContractEvent [http-nio-8080-exec-17] PayContractEvent : GIVER name :  A, money 100 resource 13
2021-07-07 00:18:06,478 INFO org.polytech.pfe.domego.protocol.game.PayContractEvent [http-nio-8080-exec-17] PayContractEvent : RECEIVER name :  Z, money 38 resource 0
2021-07-07 00:18:06,479 INFO org.polytech.pfe.domego.protocol.game.PayContractEvent [http-nio-8080-exec-17] PayContractEvent : GIVER name :  A, money 100 resource 13
2021-07-07 00:18:06,480 INFO org.polytech.pfe.domego.protocol.game.PayContractEvent [http-nio-8080-exec-17] PayContractEvent : RECEIVER name :  R, money 20 resource 0
2021-07-07 00:18:06,482 INFO org.polytech.pfe.domego.protocol.game.PayContractEvent [http-nio-8080-exec-17] PayContractEvent : In game 54a13a60-b8f3-4b29-883c-c6611aae9fe7, MAITRE_D_OUVRAGE paid BUREAU_DE_CONTROLE the amount 2.
2021-07-07 00:18:06,484 INFO org.polytech.pfe.domego.protocol.game.PayContractEvent [http-nio-8080-exec-17] PayContractEvent : GIVER name :  A, money 98 resource 13
2021-07-07 00:18:06,485 INFO org.polytech.pfe.domego.protocol.game.PayContractEvent [http-nio-8080-exec-17] PayContractEvent : RECEIVER name :  R, money 22 resource 0
2021-07-07 00:18:06,486 INFO org.polytech.pfe.domego.protocol.game.PayContractEvent [http-nio-8080-exec-17] PayContractEvent : GIVER name :  Z, money 38 resource 0
2021-07-07 00:18:06,487 INFO org.polytech.pfe.domego.protocol.game.PayContractEvent [http-nio-8080-exec-17] PayContractEvent : RECEIVER name :  E, money 20 resource 0
2021-07-07 00:18:06,489 INFO org.polytech.pfe.domego.protocol.game.PayContractEvent [http-nio-8080-exec-17] PayContractEvent : In game 54a13a60-b8f3-4b29-883c-c6611aae9fe7, MAITRE_D_OEUVRE paid BUREAU_D_ETUDE the amount 6.
2021-07-07 00:18:06,490 INFO org.polytech.pfe.domego.protocol.game.PayContractEvent [http-nio-8080-exec-17] PayContractEvent : GIVER name :  Z, money 32 resource 0
2021-07-07 00:18:06,492 INFO org.polytech.pfe.domego.protocol.game.PayContractEvent [http-nio-8080-exec-17] PayContractEvent : RECEIVER name :  E, money 26 resource 0
2021-07-07 00:18:06,494 INFO org.polytech.pfe.domego.protocol.game.ChangeActivityEvent [http-nio-8080-exec-17] ChangeActivityEvent : In game : 54a13a60-b8f3-4b29-883c-c6611aae9fe7, the current activity is now 5
2021-07-07 00:18:57,105 INFO org.polytech.pfe.domego.protocol.game.BuyResourceEvent [http-nio-8080-exec-13] BuyResourceEvent : In game  54a13a60-b8f3-4b29-883c-c6611aae9fe7 the player named : Z has buy 25 resources. He has now : 25 resources and : 7 money.
2021-07-07 00:19:04,183 INFO org.polytech.pfe.domego.models.activity.Activity [http-nio-8080-exec-1] The RISKS payment is done
2021-07-07 00:19:04,184 INFO org.polytech.pfe.domego.models.activity.Activity [http-nio-8080-exec-1] The mandatory payment is done
2021-07-07 00:19:04,187 INFO org.polytech.pfe.domego.models.activity.Activity [http-nio-8080-exec-1] The DAYS payment is done
2021-07-07 00:19:04,188 INFO org.polytech.pfe.domego.protocol.game.PayResourcesEvent [http-nio-8080-exec-1] PaymentResourcesEvent : In the game 54a13a60-b8f3-4b29-883c-c6611aae9fe7, the player named Z has realize 3 payment for the activity : 5
2021-07-07 00:19:04,189 INFO org.polytech.pfe.domego.protocol.game.PayResourcesEvent [http-nio-8080-exec-1] PaymentResourcesEvent : List Payment :  [Payment{amount=2, type='RISKS'}, Payment{amount=1, type='MANDATORY'}, Payment{amount=1, type='DAYS'}]
2021-07-07 00:19:04,190 INFO org.polytech.pfe.domego.protocol.game.PayResourcesEvent [http-nio-8080-exec-1] PaymentResourcesEvent : In the game 54a13a60-b8f3-4b29-883c-c6611aae9fe7, the player named Z has now 21 resources
2021-07-07 00:19:27,423 INFO org.polytech.pfe.domego.protocol.game.BuyResourceEvent [http-nio-8080-exec-7] BuyResourceEvent : In game  54a13a60-b8f3-4b29-883c-c6611aae9fe7 the player named : E has buy 14 resources. He has now : 14 resources and : 12 money.
2021-07-07 00:19:35,564 INFO org.polytech.pfe.domego.models.activity.Activity [http-nio-8080-exec-10] The mandatory payment is done
2021-07-07 00:19:35,566 INFO org.polytech.pfe.domego.models.activity.Activity [http-nio-8080-exec-10] The DAYS payment is done
2021-07-07 00:19:35,567 INFO org.polytech.pfe.domego.protocol.game.PayResourcesEvent [http-nio-8080-exec-10] PaymentResourcesEvent : In the game 54a13a60-b8f3-4b29-883c-c6611aae9fe7, the player named E has realize 2 payment for the activity : 5
2021-07-07 00:19:35,568 INFO org.polytech.pfe.domego.protocol.game.PayResourcesEvent [http-nio-8080-exec-10] PaymentResourcesEvent : List Payment :  [Payment{amount=1, type='MANDATORY'}, Payment{amount=1, type='DAYS'}]
2021-07-07 00:19:35,570 INFO org.polytech.pfe.domego.protocol.game.PayResourcesEvent [http-nio-8080-exec-10] PaymentResourcesEvent : In the game 54a13a60-b8f3-4b29-883c-c6611aae9fe7, the player named E has now 12 resources
2021-07-07 00:20:13,181 INFO org.polytech.pfe.domego.protocol.game.BuyResourceEvent [http-nio-8080-exec-12] BuyResourceEvent : In game  54a13a60-b8f3-4b29-883c-c6611aae9fe7 the player named : R has buy 18 resources. He has now : 18 resources and : 4 money.
2021-07-07 00:20:20,764 INFO org.polytech.pfe.domego.models.activity.Activity [http-nio-8080-exec-18] The RISKS payment is done
2021-07-07 00:20:20,765 INFO org.polytech.pfe.domego.models.activity.Activity [http-nio-8080-exec-18] The mandatory payment is done
2021-07-07 00:20:20,766 INFO org.polytech.pfe.domego.models.activity.Activity [http-nio-8080-exec-18] The DAYS payment is done
2021-07-07 00:20:20,768 INFO org.polytech.pfe.domego.protocol.game.PayResourcesEvent [http-nio-8080-exec-18] PaymentResourcesEvent : In the game 54a13a60-b8f3-4b29-883c-c6611aae9fe7, the player named R has realize 3 payment for the activity : 5
2021-07-07 00:20:20,814 INFO org.polytech.pfe.domego.protocol.game.PayResourcesEvent [http-nio-8080-exec-18] PaymentResourcesEvent : List Payment :  [Payment{amount=2, type='RISKS'}, Payment{amount=1, type='MANDATORY'}, Payment{amount=1, type='DAYS'}]
2021-07-07 00:20:20,815 INFO org.polytech.pfe.domego.protocol.game.PayResourcesEvent [http-nio-8080-exec-18] PaymentResourcesEvent : In the game 54a13a60-b8f3-4b29-883c-c6611aae9fe7, the player named R has now 14 resources
2021-07-07 00:20:20,834 INFO org.polytech.pfe.domego.protocol.game.DrawCardEvent [http-nio-8080-exec-18] DrawCardEvent : In the game 54a13a60-b8f3-4b29-883c-c6611aae9fe7 for the activity 5 they draw 1 risk cards and 0 quality card
2021-07-07 00:20:20,836 INFO org.polytech.pfe.domego.protocol.game.DrawCardEvent [http-nio-8080-exec-18] DrawCardEvent : List of Risk : [RiskAction{riskOfActivityId=5, description='Architecte inexpérimenté', bonusList=[RiskBonus{activityID=6, amount=1}, RiskBonus{activityID=7, amount=1}]}]
2021-07-07 00:20:20,837 INFO org.polytech.pfe.domego.protocol.game.DrawCardEvent [http-nio-8080-exec-18] DrawCardEvent : List of Quality : []
2021-07-07 00:20:20,843 INFO org.polytech.pfe.domego.protocol.game.PayContractEvent [http-nio-8080-exec-18] PayContractEvent : GIVER name :  A, money 98 resource 13
2021-07-07 00:20:20,844 INFO org.polytech.pfe.domego.protocol.game.PayContractEvent [http-nio-8080-exec-18] PayContractEvent : RECEIVER name :  Z, money 7 resource 21
2021-07-07 00:20:20,846 INFO org.polytech.pfe.domego.protocol.game.PayContractEvent [http-nio-8080-exec-18] PayContractEvent : In game 54a13a60-b8f3-4b29-883c-c6611aae9fe7, MAITRE_D_OUVRAGE paid MAITRE_D_OEUVRE the amount 20.
2021-07-07 00:20:20,847 INFO org.polytech.pfe.domego.protocol.game.PayContractEvent [http-nio-8080-exec-18] PayContractEvent : GIVER name :  A, money 78 resource 13
2021-07-07 00:20:20,848 INFO org.polytech.pfe.domego.protocol.game.PayContractEvent [http-nio-8080-exec-18] PayContractEvent : RECEIVER name :  Z, money 27 resource 21
2021-07-07 00:20:20,849 INFO org.polytech.pfe.domego.protocol.game.ChangeActivityEvent [http-nio-8080-exec-18] ChangeActivityEvent : In game : 54a13a60-b8f3-4b29-883c-c6611aae9fe7, the current activity is now 6
2021-07-07 00:21:16,251 INFO org.polytech.pfe.domego.models.activity.Activity [http-nio-8080-exec-9] The mandatory payment is done
2021-07-07 00:21:16,253 INFO org.polytech.pfe.domego.models.activity.Activity [http-nio-8080-exec-9] The DAYS payment is done
2021-07-07 00:21:16,254 INFO org.polytech.pfe.domego.protocol.game.PayResourcesEvent [http-nio-8080-exec-9] PaymentResourcesEvent : In the game 54a13a60-b8f3-4b29-883c-c6611aae9fe7, the player named A has realize 2 payment for the activity : 6
2021-07-07 00:21:16,255 INFO org.polytech.pfe.domego.protocol.game.PayResourcesEvent [http-nio-8080-exec-9] PaymentResourcesEvent : List Payment :  [Payment{amount=1, type='MANDATORY'}, Payment{amount=2, type='DAYS'}]
2021-07-07 00:21:16,257 INFO org.polytech.pfe.domego.protocol.game.PayResourcesEvent [http-nio-8080-exec-9] PaymentResourcesEvent : In the game 54a13a60-b8f3-4b29-883c-c6611aae9fe7, the player named A has now 10 resources
2021-07-07 00:21:29,675 INFO org.polytech.pfe.domego.models.activity.Activity [http-nio-8080-exec-5] The RISKS payment is done
2021-07-07 00:21:29,676 INFO org.polytech.pfe.domego.models.activity.Activity [http-nio-8080-exec-5] The mandatory payment is done
2021-07-07 00:21:29,678 INFO org.polytech.pfe.domego.protocol.game.PayResourcesEvent [http-nio-8080-exec-5] PaymentResourcesEvent : In the game 54a13a60-b8f3-4b29-883c-c6611aae9fe7, the player named Z has realize 2 payment for the activity : 6
2021-07-07 00:21:29,681 INFO org.polytech.pfe.domego.protocol.game.PayResourcesEvent [http-nio-8080-exec-5] PaymentResourcesEvent : List Payment :  [Payment{amount=4, type='RISKS'}, Payment{amount=2, type='MANDATORY'}]
2021-07-07 00:21:29,685 INFO org.polytech.pfe.domego.protocol.game.PayResourcesEvent [http-nio-8080-exec-5] PaymentResourcesEvent : In the game 54a13a60-b8f3-4b29-883c-c6611aae9fe7, the player named Z has now 15 resources
2021-07-07 00:21:29,697 INFO org.polytech.pfe.domego.models.activity.Activity [http-nio-8080-exec-5] The mandatory payment is done
2021-07-07 00:21:29,712 INFO org.polytech.pfe.domego.models.activity.Activity [http-nio-8080-exec-5] The mandatory payment is done
2021-07-07 00:21:29,716 INFO org.polytech.pfe.domego.protocol.game.DrawCardEvent [http-nio-8080-exec-5] DrawCardEvent : In the game 54a13a60-b8f3-4b29-883c-c6611aae9fe7 for the activity 6 they draw 2 risk cards and 0 quality card
2021-07-07 00:21:29,719 INFO org.polytech.pfe.domego.protocol.game.DrawCardEvent [http-nio-8080-exec-5] DrawCardEvent : List of Risk : [RiskAction{riskOfActivityId=6, description='Idée pertinente de l’architecte', bonusList=[DaysBonus{activityID=6, amount=-8}]}, RiskAction{riskOfActivityId=6, description='Oubli d’un élément', bonusList=[DaysBonus{activityID=6, amount=3}, ResourcesBonus{roleType=MAITRE_D_OEUVRE, activityID=6, amount=1}, ResourcesBonus{roleType=MAITRE_D_OUVRAGE, activityID=6, amount=1}]}]
2021-07-07 00:21:29,721 INFO org.polytech.pfe.domego.protocol.game.DrawCardEvent [http-nio-8080-exec-5] DrawCardEvent : List of Quality : []
2021-07-07 00:21:29,726 INFO org.polytech.pfe.domego.protocol.game.PayContractEvent [http-nio-8080-exec-5] PayContractEvent : GIVER name :  A, money 78 resource 9
2021-07-07 00:21:29,727 INFO org.polytech.pfe.domego.protocol.game.PayContractEvent [http-nio-8080-exec-5] PayContractEvent : RECEIVER name :  Z, money 27 resource 14
2021-07-07 00:21:29,728 INFO org.polytech.pfe.domego.protocol.game.PayContractEvent [http-nio-8080-exec-5] PayContractEvent : In game 54a13a60-b8f3-4b29-883c-c6611aae9fe7, MAITRE_D_OUVRAGE paid MAITRE_D_OEUVRE the amount 20.
2021-07-07 00:21:29,730 INFO org.polytech.pfe.domego.protocol.game.PayContractEvent [http-nio-8080-exec-5] PayContractEvent : GIVER name :  A, money 58 resource 9
2021-07-07 00:21:29,732 INFO org.polytech.pfe.domego.protocol.game.PayContractEvent [http-nio-8080-exec-5] PayContractEvent : RECEIVER name :  Z, money 47 resource 14
2021-07-07 00:21:29,733 INFO org.polytech.pfe.domego.protocol.game.PayContractEvent [http-nio-8080-exec-5] PayContractEvent : GIVER name :  A, money 58 resource 9
2021-07-07 00:21:29,734 INFO org.polytech.pfe.domego.protocol.game.PayContractEvent [http-nio-8080-exec-5] PayContractEvent : RECEIVER name :  R, money 4 resource 14
2021-07-07 00:21:29,735 INFO org.polytech.pfe.domego.protocol.game.PayContractEvent [http-nio-8080-exec-5] PayContractEvent : In game 54a13a60-b8f3-4b29-883c-c6611aae9fe7, MAITRE_D_OUVRAGE paid BUREAU_DE_CONTROLE the amount 6.
2021-07-07 00:21:29,737 INFO org.polytech.pfe.domego.protocol.game.PayContractEvent [http-nio-8080-exec-5] PayContractEvent : GIVER name :  A, money 52 resource 9
2021-07-07 00:21:29,739 INFO org.polytech.pfe.domego.protocol.game.PayContractEvent [http-nio-8080-exec-5] PayContractEvent : RECEIVER name :  R, money 10 resource 14
2021-07-07 00:21:29,743 INFO org.polytech.pfe.domego.protocol.game.PayContractEvent [http-nio-8080-exec-5] PayContractEvent : GIVER name :  Z, money 47 resource 14
2021-07-07 00:21:29,751 INFO org.polytech.pfe.domego.protocol.game.PayContractEvent [http-nio-8080-exec-5] PayContractEvent : RECEIVER name :  E, money 12 resource 12
2021-07-07 00:21:29,753 INFO org.polytech.pfe.domego.protocol.game.PayContractEvent [http-nio-8080-exec-5] PayContractEvent : In game 54a13a60-b8f3-4b29-883c-c6611aae9fe7, MAITRE_D_OEUVRE paid BUREAU_D_ETUDE the amount 12.
2021-07-07 00:21:29,755 INFO org.polytech.pfe.domego.protocol.game.PayContractEvent [http-nio-8080-exec-5] PayContractEvent : GIVER name :  Z, money 35 resource 14
2021-07-07 00:21:29,763 INFO org.polytech.pfe.domego.protocol.game.PayContractEvent [http-nio-8080-exec-5] PayContractEvent : RECEIVER name :  E, money 24 resource 12
2021-07-07 00:21:29,765 INFO org.polytech.pfe.domego.protocol.game.ChangeActivityEvent [http-nio-8080-exec-5] ChangeActivityEvent : In game : 54a13a60-b8f3-4b29-883c-c6611aae9fe7, the current activity is now 7
2021-07-07 00:22:15,168 INFO org.polytech.pfe.domego.models.activity.Activity [http-nio-8080-exec-11] The mandatory payment is done
2021-07-07 00:22:15,170 INFO org.polytech.pfe.domego.protocol.game.PayResourcesEvent [http-nio-8080-exec-11] PaymentResourcesEvent : In the game 54a13a60-b8f3-4b29-883c-c6611aae9fe7, the player named A has realize 1 payment for the activity : 7
2021-07-07 00:22:15,172 INFO org.polytech.pfe.domego.protocol.game.PayResourcesEvent [http-nio-8080-exec-11] PaymentResourcesEvent : List Payment :  [Payment{amount=1, type='MANDATORY'}]
2021-07-07 00:22:15,173 INFO org.polytech.pfe.domego.protocol.game.PayResourcesEvent [http-nio-8080-exec-11] PaymentResourcesEvent : In the game 54a13a60-b8f3-4b29-883c-c6611aae9fe7, the player named A has now 8 resources
2021-07-07 00:22:23,427 INFO org.polytech.pfe.domego.models.activity.Activity [http-nio-8080-exec-17] The mandatory payment is done
2021-07-07 00:22:23,429 INFO org.polytech.pfe.domego.protocol.game.PayResourcesEvent [http-nio-8080-exec-17] PaymentResourcesEvent : In the game 54a13a60-b8f3-4b29-883c-c6611aae9fe7, the player named Z has realize 1 payment for the activity : 7
2021-07-07 00:22:23,431 INFO org.polytech.pfe.domego.protocol.game.PayResourcesEvent [http-nio-8080-exec-17] PaymentResourcesEvent : List Payment :  [Payment{amount=5, type='MANDATORY'}]
2021-07-07 00:22:23,432 INFO org.polytech.pfe.domego.protocol.game.PayResourcesEvent [http-nio-8080-exec-17] PaymentResourcesEvent : In the game 54a13a60-b8f3-4b29-883c-c6611aae9fe7, the player named Z has now 9 resources
2021-07-07 00:22:34,277 INFO org.polytech.pfe.domego.models.activity.Activity [http-nio-8080-exec-13] The mandatory payment is done
2021-07-07 00:22:34,279 INFO org.polytech.pfe.domego.protocol.game.PayResourcesEvent [http-nio-8080-exec-13] PaymentResourcesEvent : In the game 54a13a60-b8f3-4b29-883c-c6611aae9fe7, the player named E has realize 1 payment for the activity : 7
2021-07-07 00:22:34,280 INFO org.polytech.pfe.domego.protocol.game.PayResourcesEvent [http-nio-8080-exec-13] PaymentResourcesEvent : List Payment :  [Payment{amount=5, type='MANDATORY'}]
2021-07-07 00:22:34,281 INFO org.polytech.pfe.domego.protocol.game.PayResourcesEvent [http-nio-8080-exec-13] PaymentResourcesEvent : In the game 54a13a60-b8f3-4b29-883c-c6611aae9fe7, the player named E has now 7 resources
2021-07-07 00:22:45,143 INFO org.polytech.pfe.domego.models.activity.Activity [http-nio-8080-exec-1] The mandatory payment is done
2021-07-07 00:22:45,145 INFO org.polytech.pfe.domego.models.activity.Activity [http-nio-8080-exec-1] The DAYS payment is done
2021-07-07 00:22:45,146 INFO org.polytech.pfe.domego.protocol.game.PayResourcesEvent [http-nio-8080-exec-1] PaymentResourcesEvent : In the game 54a13a60-b8f3-4b29-883c-c6611aae9fe7, the player named R has realize 2 payment for the activity : 7
2021-07-07 00:22:45,147 INFO org.polytech.pfe.domego.protocol.game.PayResourcesEvent [http-nio-8080-exec-1] PaymentResourcesEvent : List Payment :  [Payment{amount=2, type='MANDATORY'}, Payment{amount=2, type='DAYS'}]
2021-07-07 00:22:45,148 INFO org.polytech.pfe.domego.protocol.game.PayResourcesEvent [http-nio-8080-exec-1] PaymentResourcesEvent : In the game 54a13a60-b8f3-4b29-883c-c6611aae9fe7, the player named R has now 10 resources
2021-07-07 00:22:45,155 INFO org.polytech.pfe.domego.models.activity.Activity [http-nio-8080-exec-1] The mandatory payment is done
2021-07-07 00:22:45,160 INFO org.polytech.pfe.domego.models.activity.Activity [http-nio-8080-exec-1] The mandatory payment is done
2021-07-07 00:22:45,167 INFO org.polytech.pfe.domego.models.activity.Activity [http-nio-8080-exec-1] The mandatory payment is done
2021-07-07 00:22:45,183 INFO org.polytech.pfe.domego.models.activity.Activity [http-nio-8080-exec-1] The mandatory payment is done
2021-07-07 00:22:45,188 INFO org.polytech.pfe.domego.protocol.game.DrawCardEvent [http-nio-8080-exec-1] DrawCardEvent : In the game 54a13a60-b8f3-4b29-883c-c6611aae9fe7 for the activity 7 they draw 5 risk cards and 0 quality card
2021-07-07 00:22:45,189 INFO org.polytech.pfe.domego.protocol.game.DrawCardEvent [http-nio-8080-exec-1] DrawCardEvent : List of Risk : [RiskAction{riskOfActivityId=7, description='Erreur sur les calculs', bonusList=[ResourcesBonus{roleType=ENTREPRISE_GROS_OEUVRE, activityID=10, amount=1}, MoneyBonus{roleType=BUREAU_D_ETUDE, amount=-3}]}, RiskAction{riskOfActivityId=7, description='Projet classique en termes de calculs', bonusList=[DaysBonus{activityID=7, amount=-6}]}, RiskAction{riskOfActivityId=7, description='Plus d'encre dans l'imprimante', bonusList=[]}, RiskAction{riskOfActivityId=7, description='Mauvaise entente entre les acteurs', bonusList=[DaysBonus{activityID=7, amount=3}, ResourcesBonus{roleType=MAITRE_D_OEUVRE, activityID=7, amount=1}, ResourcesBonus{roleType=MAITRE_D_OUVRAGE, activityID=7, amount=1}, ResourcesBonus{roleType=BUREAU_D_ETUDE, activityID=7, amount=1}]}, RiskAction{riskOfActivityId=7, description='Nouvelle réglementation non maitrisée', bonusList=[DaysBonus{activityID=7, amount=7}, ResourcesBonus{roleType=BUREAU_DE_CONTROLE, activityID=7, amount=2}]}]
2021-07-07 00:22:45,193 INFO org.polytech.pfe.domego.protocol.game.DrawCardEvent [http-nio-8080-exec-1] DrawCardEvent : List of Quality : []
2021-07-07 00:22:45,199 INFO org.polytech.pfe.domego.protocol.game.PayContractEvent [http-nio-8080-exec-1] PayContractEvent : GIVER name :  Z, money 35 resource 8
2021-07-07 00:22:45,201 INFO org.polytech.pfe.domego.protocol.game.PayContractEvent [http-nio-8080-exec-1] PayContractEvent : RECEIVER name :  Y, money 30 resource 0
2021-07-07 00:22:45,203 INFO org.polytech.pfe.domego.protocol.game.PayContractEvent [http-nio-8080-exec-1] PayContractEvent : In game 54a13a60-b8f3-4b29-883c-c6611aae9fe7, MAITRE_D_OEUVRE paid ENTREPRISE_GROS_OEUVRE the amount 4.
2021-07-07 00:22:45,205 INFO org.polytech.pfe.domego.protocol.game.PayContractEvent [http-nio-8080-exec-1] PayContractEvent : GIVER name :  Z, money 31 resource 8
2021-07-07 00:22:45,206 INFO org.polytech.pfe.domego.protocol.game.PayContractEvent [http-nio-8080-exec-1] PayContractEvent : RECEIVER name :  Y, money 34 resource 0
2021-07-07 00:22:45,208 INFO org.polytech.pfe.domego.protocol.game.PayContractEvent [http-nio-8080-exec-1] PayContractEvent : GIVER name :  Z, money 31 resource 8
2021-07-07 00:22:45,210 INFO org.polytech.pfe.domego.protocol.game.PayContractEvent [http-nio-8080-exec-1] PayContractEvent : RECEIVER name :  T, money 30 resource 0
2021-07-07 00:22:45,212 INFO org.polytech.pfe.domego.protocol.game.PayContractEvent [http-nio-8080-exec-1] PayContractEvent : In game 54a13a60-b8f3-4b29-883c-c6611aae9fe7, MAITRE_D_OEUVRE paid ENTREPRISE_CORPS_ETAT_SECONDAIRE the amount 4.
2021-07-07 00:22:45,215 INFO org.polytech.pfe.domego.protocol.game.PayContractEvent [http-nio-8080-exec-1] PayContractEvent : GIVER name :  Z, money 27 resource 8
2021-07-07 00:22:45,222 INFO org.polytech.pfe.domego.protocol.game.PayContractEvent [http-nio-8080-exec-1] PayContractEvent : RECEIVER name :  T, money 34 resource 0
2021-07-07 00:22:45,223 INFO org.polytech.pfe.domego.protocol.game.ChangeActivityEvent [http-nio-8080-exec-1] ChangeActivityEvent : In game : 54a13a60-b8f3-4b29-883c-c6611aae9fe7, the current activity is now 8
2021-07-07 00:23:57,377 INFO org.polytech.pfe.domego.protocol.game.BuyResourceEvent [http-nio-8080-exec-7] BuyResourceEvent : In game  54a13a60-b8f3-4b29-883c-c6611aae9fe7 the player named : T has buy 22 resources. He has now : 22 resources and : 12 money.
2021-07-07 00:24:11,903 INFO org.polytech.pfe.domego.models.activity.Activity [http-nio-8080-exec-10] The mandatory payment is done
2021-07-07 00:24:11,904 INFO org.polytech.pfe.domego.models.activity.Activity [http-nio-8080-exec-10] The DAYS payment is done
2021-07-07 00:24:11,905 INFO org.polytech.pfe.domego.protocol.game.PayResourcesEvent [http-nio-8080-exec-10] PaymentResourcesEvent : In the game 54a13a60-b8f3-4b29-883c-c6611aae9fe7, the player named T has realize 2 payment for the activity : 8
2021-07-07 00:24:11,906 INFO org.polytech.pfe.domego.protocol.game.PayResourcesEvent [http-nio-8080-exec-10] PaymentResourcesEvent : List Payment :  [Payment{amount=2, type='MANDATORY'}, Payment{amount=3, type='DAYS'}]
2021-07-07 00:24:11,908 INFO org.polytech.pfe.domego.protocol.game.PayResourcesEvent [http-nio-8080-exec-10] PaymentResourcesEvent : In the game 54a13a60-b8f3-4b29-883c-c6611aae9fe7, the player named T has now 17 resources
2021-07-07 00:24:46,732 INFO org.polytech.pfe.domego.protocol.game.BuyResourceEvent [http-nio-8080-exec-12] BuyResourceEvent : In game  54a13a60-b8f3-4b29-883c-c6611aae9fe7 the player named : Y has buy 23 resources. He has now : 23 resources and : 11 money.
2021-07-07 00:25:00,593 INFO org.polytech.pfe.domego.models.activity.Activity [http-nio-8080-exec-18] The mandatory payment is done
2021-07-07 00:25:00,594 INFO org.polytech.pfe.domego.models.activity.Activity [http-nio-8080-exec-18] The DAYS payment is done
2021-07-07 00:25:00,596 INFO org.polytech.pfe.domego.protocol.game.PayResourcesEvent [http-nio-8080-exec-18] PaymentResourcesEvent : In the game 54a13a60-b8f3-4b29-883c-c6611aae9fe7, the player named Y has realize 2 payment for the activity : 8
2021-07-07 00:25:00,598 INFO org.polytech.pfe.domego.protocol.game.PayResourcesEvent [http-nio-8080-exec-18] PaymentResourcesEvent : List Payment :  [Payment{amount=2, type='MANDATORY'}, Payment{amount=3, type='DAYS'}]
2021-07-07 00:25:00,601 INFO org.polytech.pfe.domego.protocol.game.PayResourcesEvent [http-nio-8080-exec-18] PaymentResourcesEvent : In the game 54a13a60-b8f3-4b29-883c-c6611aae9fe7, the player named Y has now 18 resources
2021-07-07 00:25:00,606 INFO org.polytech.pfe.domego.models.activity.Activity [http-nio-8080-exec-18] The mandatory payment is done
2021-07-07 00:25:00,611 INFO org.polytech.pfe.domego.models.activity.Activity [http-nio-8080-exec-18] The mandatory payment is done
2021-07-07 00:25:00,616 INFO org.polytech.pfe.domego.models.activity.Activity [http-nio-8080-exec-18] The mandatory payment is done
2021-07-07 00:25:00,622 INFO org.polytech.pfe.domego.models.activity.Activity [http-nio-8080-exec-18] The mandatory payment is done
2021-07-07 00:25:00,631 INFO org.polytech.pfe.domego.protocol.game.DrawCardEvent [http-nio-8080-exec-18] DrawCardEvent : In the game 54a13a60-b8f3-4b29-883c-c6611aae9fe7 for the activity 8 they draw 4 risk cards and 0 quality card
2021-07-07 00:25:00,633 INFO org.polytech.pfe.domego.protocol.game.DrawCardEvent [http-nio-8080-exec-18] DrawCardEvent : List of Risk : [RiskAction{riskOfActivityId=8, description='Nouvelle procédure interne incompréhensible', bonusList=[ResourcesBonus{roleType=ENTREPRISE_GROS_OEUVRE, activityID=8, amount=2}]}, RiskAction{riskOfActivityId=8, description='Difficultés à trouver des fournisseurs CES', bonusList=[ResourcesBonus{roleType=ENTREPRISE_CORPS_ETAT_SECONDAIRE, activityID=8, amount=2}]}, RiskAction{riskOfActivityId=8, description='Manque de ressources internes CES', bonusList=[ResourcesBonus{roleType=ENTREPRISE_CORPS_ETAT_SECONDAIRE, activityID=8, amount=1}]}, RiskAction{riskOfActivityId=8, description='Difficultés à trouver des fournisseurs structure', bonusList=[ResourcesBonus{roleType=ENTREPRISE_GROS_OEUVRE, activityID=8, amount=1}]}]
2021-07-07 00:25:00,636 INFO org.polytech.pfe.domego.protocol.game.DrawCardEvent [http-nio-8080-exec-18] DrawCardEvent : List of Quality : []
2021-07-07 00:25:00,641 INFO org.polytech.pfe.domego.protocol.game.PayContractEvent [http-nio-8080-exec-18] PayContractEvent : GIVER name :  A, money 52 resource 7
2021-07-07 00:25:00,643 INFO org.polytech.pfe.domego.protocol.game.PayContractEvent [http-nio-8080-exec-18] PayContractEvent : RECEIVER name :  Z, money 27 resource 8
2021-07-07 00:25:00,645 INFO org.polytech.pfe.domego.protocol.game.PayContractEvent [http-nio-8080-exec-18] PayContractEvent : In game 54a13a60-b8f3-4b29-883c-c6611aae9fe7, MAITRE_D_OUVRAGE paid MAITRE_D_OEUVRE the amount 10.
2021-07-07 00:25:00,646 INFO org.polytech.pfe.domego.protocol.game.PayContractEvent [http-nio-8080-exec-18] PayContractEvent : GIVER name :  A, money 42 resource 7
2021-07-07 00:25:00,647 INFO org.polytech.pfe.domego.protocol.game.PayContractEvent [http-nio-8080-exec-18] PayContractEvent : RECEIVER name :  Z, money 37 resource 8
2021-07-07 00:25:00,649 INFO org.polytech.pfe.domego.protocol.game.PayContractEvent [http-nio-8080-exec-18] PayContractEvent : GIVER name :  Z, money 37 resource 8
2021-07-07 00:25:00,651 INFO org.polytech.pfe.domego.protocol.game.PayContractEvent [http-nio-8080-exec-18] PayContractEvent : RECEIVER name :  Y, money 11 resource 15
2021-07-07 00:25:00,652 INFO org.polytech.pfe.domego.protocol.game.PayContractEvent [http-nio-8080-exec-18] PayContractEvent : In game 54a13a60-b8f3-4b29-883c-c6611aae9fe7, MAITRE_D_OEUVRE paid ENTREPRISE_GROS_OEUVRE the amount 6.
2021-07-07 00:25:00,654 INFO org.polytech.pfe.domego.protocol.game.PayContractEvent [http-nio-8080-exec-18] PayContractEvent : GIVER name :  Z, money 31 resource 8
2021-07-07 00:25:00,656 INFO org.polytech.pfe.domego.protocol.game.PayContractEvent [http-nio-8080-exec-18] PayContractEvent : RECEIVER name :  Y, money 17 resource 15
2021-07-07 00:25:00,658 INFO org.polytech.pfe.domego.protocol.game.ChangeActivityEvent [http-nio-8080-exec-18] ChangeActivityEvent : In game : 54a13a60-b8f3-4b29-883c-c6611aae9fe7, the current activity is now 9
2021-07-07 00:25:56,326 INFO org.polytech.pfe.domego.models.activity.Activity [http-nio-8080-exec-9] The mandatory payment is done
2021-07-07 00:25:56,327 INFO org.polytech.pfe.domego.models.activity.Activity [http-nio-8080-exec-9] The DAYS payment is done
2021-07-07 00:25:56,329 INFO org.polytech.pfe.domego.protocol.game.PayResourcesEvent [http-nio-8080-exec-9] PaymentResourcesEvent : In the game 54a13a60-b8f3-4b29-883c-c6611aae9fe7, the player named Z has realize 2 payment for the activity : 9
2021-07-07 00:25:56,330 INFO org.polytech.pfe.domego.protocol.game.PayResourcesEvent [http-nio-8080-exec-9] PaymentResourcesEvent : List Payment :  [Payment{amount=1, type='MANDATORY'}, Payment{amount=2, type='DAYS'}]
2021-07-07 00:25:56,331 INFO org.polytech.pfe.domego.protocol.game.PayResourcesEvent [http-nio-8080-exec-9] PaymentResourcesEvent : In the game 54a13a60-b8f3-4b29-883c-c6611aae9fe7, the player named Z has now 5 resources
2021-07-07 00:26:25,720 INFO org.polytech.pfe.domego.models.activity.Activity [http-nio-8080-exec-5] The RISKS payment is done
2021-07-07 00:26:25,722 INFO org.polytech.pfe.domego.models.activity.Activity [http-nio-8080-exec-5] The mandatory payment is done
2021-07-07 00:26:25,723 INFO org.polytech.pfe.domego.protocol.game.PayResourcesEvent [http-nio-8080-exec-5] PaymentResourcesEvent : In the game 54a13a60-b8f3-4b29-883c-c6611aae9fe7, the player named Y has realize 2 payment for the activity : 9
2021-07-07 00:26:25,725 INFO org.polytech.pfe.domego.protocol.game.PayResourcesEvent [http-nio-8080-exec-5] PaymentResourcesEvent : List Payment :  [Payment{amount=0, type='RISKS'}, Payment{amount=5, type='MANDATORY'}]
2021-07-07 00:26:25,726 INFO org.polytech.pfe.domego.protocol.game.PayResourcesEvent [http-nio-8080-exec-5] PaymentResourcesEvent : In the game 54a13a60-b8f3-4b29-883c-c6611aae9fe7, the player named Y has now 10 resources
2021-07-07 00:26:25,730 INFO org.polytech.pfe.domego.models.activity.Activity [http-nio-8080-exec-5] The mandatory payment is done
2021-07-07 00:26:25,734 INFO org.polytech.pfe.domego.protocol.game.DrawCardEvent [http-nio-8080-exec-5] DrawCardEvent : In the game 54a13a60-b8f3-4b29-883c-c6611aae9fe7 for the activity 9 they draw 4 risk cards and 0 quality card
2021-07-07 00:26:25,736 INFO org.polytech.pfe.domego.protocol.game.DrawCardEvent [http-nio-8080-exec-5] DrawCardEvent : List of Risk : [RiskAction{riskOfActivityId=9, description='Accident sur le chantier', bonusList=[ResourcesBonus{roleType=ENTREPRISE_CORPS_ETAT_SECONDAIRE, activityID=9, amount=2}, DaysBonus{activityID=9, amount=5}]}, RiskAction{riskOfActivityId=9, description='Ouvrage mal implanté', bonusList=[ResourcesBonus{roleType=ENTREPRISE_GROS_OEUVRE, activityID=10, amount=1}, DaysBonus{activityID=9, amount=3}]}, RiskAction{riskOfActivityId=9, description='Equipe d'ouvriers efficace', bonusList=[DaysBonus{activityID=9, amount=-8}]}, RiskAction{riskOfActivityId=9, description='Blague pas drole', bonusList=[]}]
2021-07-07 00:26:25,753 INFO org.polytech.pfe.domego.protocol.game.DrawCardEvent [http-nio-8080-exec-5] DrawCardEvent : List of Quality : []
2021-07-07 00:26:25,768 INFO org.polytech.pfe.domego.protocol.game.PayContractEvent [http-nio-8080-exec-5] PayContractEvent : GIVER name :  A, money 42 resource 7
2021-07-07 00:26:25,771 INFO org.polytech.pfe.domego.protocol.game.PayContractEvent [http-nio-8080-exec-5] PayContractEvent : RECEIVER name :  Z, money 31 resource 5
2021-07-07 00:26:25,776 INFO org.polytech.pfe.domego.protocol.game.PayContractEvent [http-nio-8080-exec-5] PayContractEvent : In game 54a13a60-b8f3-4b29-883c-c6611aae9fe7, MAITRE_D_OUVRAGE paid MAITRE_D_OEUVRE the amount 10.
2021-07-07 00:26:25,778 INFO org.polytech.pfe.domego.protocol.game.PayContractEvent [http-nio-8080-exec-5] PayContractEvent : GIVER name :  A, money 32 resource 7
2021-07-07 00:26:25,780 INFO org.polytech.pfe.domego.protocol.game.PayContractEvent [http-nio-8080-exec-5] PayContractEvent : RECEIVER name :  Z, money 41 resource 5
2021-07-07 00:26:25,785 INFO org.polytech.pfe.domego.protocol.game.PayContractEvent [http-nio-8080-exec-5] PayContractEvent : GIVER name :  Z, money 41 resource 5
2021-07-07 00:26:25,798 INFO org.polytech.pfe.domego.protocol.game.PayContractEvent [http-nio-8080-exec-5] PayContractEvent : RECEIVER name :  Y, money 17 resource 10
2021-07-07 00:26:25,820 INFO org.polytech.pfe.domego.protocol.game.PayContractEvent [http-nio-8080-exec-5] PayContractEvent : In game 54a13a60-b8f3-4b29-883c-c6611aae9fe7, MAITRE_D_OEUVRE paid ENTREPRISE_GROS_OEUVRE the amount 6.
2021-07-07 00:26:25,826 INFO org.polytech.pfe.domego.protocol.game.PayContractEvent [http-nio-8080-exec-5] PayContractEvent : GIVER name :  Z, money 35 resource 5
2021-07-07 00:26:25,829 INFO org.polytech.pfe.domego.protocol.game.PayContractEvent [http-nio-8080-exec-5] PayContractEvent : RECEIVER name :  Y, money 23 resource 10
2021-07-07 00:26:25,832 INFO org.polytech.pfe.domego.protocol.game.PayContractEvent [http-nio-8080-exec-5] PayContractEvent : GIVER name :  A, money 32 resource 7
2021-07-07 00:26:25,836 INFO org.polytech.pfe.domego.protocol.game.PayContractEvent [http-nio-8080-exec-5] PayContractEvent : RECEIVER name :  R, money 10 resource 8
2021-07-07 00:26:25,850 INFO org.polytech.pfe.domego.protocol.game.PayContractEvent [http-nio-8080-exec-5] PayContractEvent : In game 54a13a60-b8f3-4b29-883c-c6611aae9fe7, MAITRE_D_OUVRAGE paid BUREAU_DE_CONTROLE the amount 3.
2021-07-07 00:26:25,855 INFO org.polytech.pfe.domego.protocol.game.PayContractEvent [http-nio-8080-exec-5] PayContractEvent : GIVER name :  A, money 29 resource 7
2021-07-07 00:26:25,864 INFO org.polytech.pfe.domego.protocol.game.PayContractEvent [http-nio-8080-exec-5] PayContractEvent : RECEIVER name :  R, money 13 resource 8
2021-07-07 00:26:25,867 INFO org.polytech.pfe.domego.protocol.game.ChangeActivityEvent [http-nio-8080-exec-5] ChangeActivityEvent : In game : 54a13a60-b8f3-4b29-883c-c6611aae9fe7, the current activity is now 10
2021-07-07 00:27:08,386 INFO org.polytech.pfe.domego.models.activity.Activity [http-nio-8080-exec-11] The mandatory payment is done
2021-07-07 00:27:08,388 INFO org.polytech.pfe.domego.protocol.game.PayResourcesEvent [http-nio-8080-exec-11] PaymentResourcesEvent : In the game 54a13a60-b8f3-4b29-883c-c6611aae9fe7, the player named Y has realize 1 payment for the activity : 10
2021-07-07 00:27:08,394 INFO org.polytech.pfe.domego.protocol.game.PayResourcesEvent [http-nio-8080-exec-11] PaymentResourcesEvent : List Payment :  [Payment{amount=9, type='MANDATORY'}]
2021-07-07 00:27:08,396 INFO org.polytech.pfe.domego.protocol.game.PayResourcesEvent [http-nio-8080-exec-11] PaymentResourcesEvent : In the game 54a13a60-b8f3-4b29-883c-c6611aae9fe7, the player named Y has now 1 resources
2021-07-07 00:28:05,827 INFO org.polytech.pfe.domego.models.activity.Activity [http-nio-8080-exec-17] The mandatory payment is done
2021-07-07 00:28:05,830 INFO org.polytech.pfe.domego.protocol.game.PayResourcesEvent [http-nio-8080-exec-17] PaymentResourcesEvent : In the game 54a13a60-b8f3-4b29-883c-c6611aae9fe7, the player named Z has realize 1 payment for the activity : 10
2021-07-07 00:28:05,831 INFO org.polytech.pfe.domego.protocol.game.PayResourcesEvent [http-nio-8080-exec-17] PaymentResourcesEvent : List Payment :  [Payment{amount=1, type='MANDATORY'}]
2021-07-07 00:28:05,833 INFO org.polytech.pfe.domego.protocol.game.PayResourcesEvent [http-nio-8080-exec-17] PaymentResourcesEvent : In the game 54a13a60-b8f3-4b29-883c-c6611aae9fe7, the player named Z has now 4 resources
2021-07-07 00:28:14,396 INFO org.polytech.pfe.domego.models.activity.Activity [http-nio-8080-exec-13] The RISKS payment is done
2021-07-07 00:28:14,397 INFO org.polytech.pfe.domego.models.activity.Activity [http-nio-8080-exec-13] The mandatory payment is done
2021-07-07 00:28:14,398 INFO org.polytech.pfe.domego.protocol.game.PayResourcesEvent [http-nio-8080-exec-13] PaymentResourcesEvent : In the game 54a13a60-b8f3-4b29-883c-c6611aae9fe7, the player named R has realize 2 payment for the activity : 10
2021-07-07 00:28:14,399 INFO org.polytech.pfe.domego.protocol.game.PayResourcesEvent [http-nio-8080-exec-13] PaymentResourcesEvent : List Payment :  [Payment{amount=2, type='RISKS'}, Payment{amount=2, type='MANDATORY'}]
2021-07-07 00:28:14,401 INFO org.polytech.pfe.domego.protocol.game.PayResourcesEvent [http-nio-8080-exec-13] PaymentResourcesEvent : In the game 54a13a60-b8f3-4b29-883c-c6611aae9fe7, the player named R has now 4 resources
2021-07-07 00:28:14,407 INFO org.polytech.pfe.domego.models.activity.Activity [http-nio-8080-exec-13] The mandatory payment is done
2021-07-07 00:28:14,414 INFO org.polytech.pfe.domego.models.activity.Activity [http-nio-8080-exec-13] The mandatory payment is done
2021-07-07 00:28:14,419 INFO org.polytech.pfe.domego.protocol.game.DrawCardEvent [http-nio-8080-exec-13] DrawCardEvent : In the game 54a13a60-b8f3-4b29-883c-c6611aae9fe7 for the activity 10 they draw 4 risk cards and 0 quality card
2021-07-07 00:28:14,421 INFO org.polytech.pfe.domego.protocol.game.DrawCardEvent [http-nio-8080-exec-13] DrawCardEvent : List of Risk : [RiskAction{riskOfActivityId=10, description='La France dernière de l'Eurovision', bonusList=[]}, RiskAction{riskOfActivityId=10, description='Mauvaise Compréhension d'instructions', bonusList=[DaysBonus{activityID=10, amount=1}, ResourcesBonus{roleType=ENTREPRISE_GROS_OEUVRE, activityID=10, amount=1}]}, RiskAction{riskOfActivityId=10, description='Grue en panne', bonusList=[DaysBonus{activityID=10, amount=5}, ResourcesBonus{roleType=ENTREPRISE_GROS_OEUVRE, activityID=10, amount=1}]}, RiskAction{riskOfActivityId=10, description='Equipe d'ouvriers efficace', bonusList=[DaysBonus{activityID=10, amount=-7}]}]
2021-07-07 00:28:14,425 INFO org.polytech.pfe.domego.protocol.game.DrawCardEvent [http-nio-8080-exec-13] DrawCardEvent : List of Quality : []
2021-07-07 00:28:14,435 INFO org.polytech.pfe.domego.protocol.game.PayContractEvent [http-nio-8080-exec-13] PayContractEvent : GIVER name :  A, money 29 resource 7
2021-07-07 00:28:14,439 INFO org.polytech.pfe.domego.protocol.game.PayContractEvent [http-nio-8080-exec-13] PayContractEvent : RECEIVER name :  Z, money 35 resource 4
2021-07-07 00:28:14,440 INFO org.polytech.pfe.domego.protocol.game.PayContractEvent [http-nio-8080-exec-13] PayContractEvent : In game 54a13a60-b8f3-4b29-883c-c6611aae9fe7, MAITRE_D_OUVRAGE paid MAITRE_D_OEUVRE the amount 10.
2021-07-07 00:28:14,442 INFO org.polytech.pfe.domego.protocol.game.PayContractEvent [http-nio-8080-exec-13] PayContractEvent : GIVER name :  A, money 19 resource 7
2021-07-07 00:28:14,443 INFO org.polytech.pfe.domego.protocol.game.PayContractEvent [http-nio-8080-exec-13] PayContractEvent : RECEIVER name :  Z, money 45 resource 4
2021-07-07 00:28:14,443 INFO org.polytech.pfe.domego.protocol.game.PayContractEvent [http-nio-8080-exec-13] PayContractEvent : GIVER name :  Z, money 45 resource 4
2021-07-07 00:28:14,450 INFO org.polytech.pfe.domego.protocol.game.PayContractEvent [http-nio-8080-exec-13] PayContractEvent : RECEIVER name :  T, money 12 resource 12
2021-07-07 00:28:14,471 INFO org.polytech.pfe.domego.protocol.game.PayContractEvent [http-nio-8080-exec-13] PayContractEvent : In game 54a13a60-b8f3-4b29-883c-c6611aae9fe7, MAITRE_D_OEUVRE paid ENTREPRISE_CORPS_ETAT_SECONDAIRE the amount 12.
2021-07-07 00:28:14,474 INFO org.polytech.pfe.domego.protocol.game.PayContractEvent [http-nio-8080-exec-13] PayContractEvent : GIVER name :  Z, money 33 resource 4
2021-07-07 00:28:14,480 INFO org.polytech.pfe.domego.protocol.game.PayContractEvent [http-nio-8080-exec-13] PayContractEvent : RECEIVER name :  T, money 24 resource 12
2021-07-07 00:28:14,487 INFO org.polytech.pfe.domego.protocol.game.PayContractEvent [http-nio-8080-exec-13] PayContractEvent : GIVER name :  A, money 19 resource 7
2021-07-07 00:28:14,491 INFO org.polytech.pfe.domego.protocol.game.PayContractEvent [http-nio-8080-exec-13] PayContractEvent : RECEIVER name :  R, money 13 resource 4
2021-07-07 00:28:14,499 INFO org.polytech.pfe.domego.protocol.game.PayContractEvent [http-nio-8080-exec-13] PayContractEvent : In game 54a13a60-b8f3-4b29-883c-c6611aae9fe7, MAITRE_D_OUVRAGE paid BUREAU_DE_CONTROLE the amount 3.
2021-07-07 00:28:14,508 INFO org.polytech.pfe.domego.protocol.game.PayContractEvent [http-nio-8080-exec-13] PayContractEvent : GIVER name :  A, money 16 resource 7
2021-07-07 00:28:14,513 INFO org.polytech.pfe.domego.protocol.game.PayContractEvent [http-nio-8080-exec-13] PayContractEvent : RECEIVER name :  R, money 16 resource 4
2021-07-07 00:28:14,516 INFO org.polytech.pfe.domego.protocol.game.ChangeActivityEvent [http-nio-8080-exec-13] ChangeActivityEvent : In game : 54a13a60-b8f3-4b29-883c-c6611aae9fe7, the current activity is now 11
2021-07-07 00:29:21,130 INFO org.polytech.pfe.domego.models.activity.Activity [http-nio-8080-exec-1] The RISKS payment is done
2021-07-07 00:29:21,131 INFO org.polytech.pfe.domego.models.activity.Activity [http-nio-8080-exec-1] The mandatory payment is done
2021-07-07 00:29:21,132 INFO org.polytech.pfe.domego.models.activity.Activity [http-nio-8080-exec-1] The DAYS payment is done
2021-07-07 00:29:21,134 INFO org.polytech.pfe.domego.protocol.game.PayResourcesEvent [http-nio-8080-exec-1] PaymentResourcesEvent : In the game 54a13a60-b8f3-4b29-883c-c6611aae9fe7, the player named Z has realize 3 payment for the activity : 11
2021-07-07 00:29:21,137 INFO org.polytech.pfe.domego.protocol.game.PayResourcesEvent [http-nio-8080-exec-1] PaymentResourcesEvent : List Payment :  [Payment{amount=2, type='RISKS'}, Payment{amount=2, type='MANDATORY'}, Payment{amount=0, type='DAYS'}]
2021-07-07 00:29:21,138 INFO org.polytech.pfe.domego.protocol.game.PayResourcesEvent [http-nio-8080-exec-1] PaymentResourcesEvent : In the game 54a13a60-b8f3-4b29-883c-c6611aae9fe7, the player named Z has now 0 resources
2021-07-07 00:29:59,206 INFO org.polytech.pfe.domego.models.activity.Activity [http-nio-8080-exec-7] The RISKS payment is done
2021-07-07 00:29:59,207 INFO org.polytech.pfe.domego.models.activity.Activity [http-nio-8080-exec-7] The mandatory payment is done
2021-07-07 00:29:59,212 INFO org.polytech.pfe.domego.protocol.game.PayResourcesEvent [http-nio-8080-exec-7] PaymentResourcesEvent : In the game 54a13a60-b8f3-4b29-883c-c6611aae9fe7, the player named R has realize 2 payment for the activity : 11
2021-07-07 00:29:59,214 INFO org.polytech.pfe.domego.protocol.game.PayResourcesEvent [http-nio-8080-exec-7] PaymentResourcesEvent : List Payment :  [Payment{amount=2, type='RISKS'}, Payment{amount=2, type='MANDATORY'}]
2021-07-07 00:29:59,215 INFO org.polytech.pfe.domego.protocol.game.PayResourcesEvent [http-nio-8080-exec-7] PaymentResourcesEvent : In the game 54a13a60-b8f3-4b29-883c-c6611aae9fe7, the player named R has now 0 resources
2021-07-07 00:30:16,930 INFO org.polytech.pfe.domego.models.activity.Activity [http-nio-8080-exec-10] The mandatory payment is done
2021-07-07 00:30:16,932 INFO org.polytech.pfe.domego.protocol.game.PayResourcesEvent [http-nio-8080-exec-10] PaymentResourcesEvent : In the game 54a13a60-b8f3-4b29-883c-c6611aae9fe7, the player named T has realize 1 payment for the activity : 11
2021-07-07 00:30:16,933 INFO org.polytech.pfe.domego.protocol.game.PayResourcesEvent [http-nio-8080-exec-10] PaymentResourcesEvent : List Payment :  [Payment{amount=8, type='MANDATORY'}]
2021-07-07 00:30:16,936 INFO org.polytech.pfe.domego.protocol.game.PayResourcesEvent [http-nio-8080-exec-10] PaymentResourcesEvent : In the game 54a13a60-b8f3-4b29-883c-c6611aae9fe7, the player named T has now 4 resources
2021-07-07 00:30:16,940 INFO org.polytech.pfe.domego.models.activity.Activity [http-nio-8080-exec-10] The mandatory payment is done
2021-07-07 00:30:16,944 INFO org.polytech.pfe.domego.models.activity.Activity [http-nio-8080-exec-10] The mandatory payment is done
2021-07-07 00:30:16,950 INFO org.polytech.pfe.domego.models.activity.Activity [http-nio-8080-exec-10] The mandatory payment is done
2021-07-07 00:30:16,960 INFO org.polytech.pfe.domego.protocol.game.DrawCardEvent [http-nio-8080-exec-10] DrawCardEvent : In the game 54a13a60-b8f3-4b29-883c-c6611aae9fe7 for the activity 11 they draw 3 risk cards and 0 quality card
2021-07-07 00:30:16,962 INFO org.polytech.pfe.domego.protocol.game.DrawCardEvent [http-nio-8080-exec-10] DrawCardEvent : List of Risk : [RiskAction{riskOfActivityId=11, description='Mauvaise entente entre les ouvriers de CES', bonusList=[ResourcesBonus{roleType=ENTREPRISE_GROS_OEUVRE, activityID=11, amount=1}, DaysBonus{activityID=11, amount=5}]}, RiskAction{riskOfActivityId=11, description='Erreur de verification', bonusList=[DaysBonus{activityID=11, amount=3}, ResourcesBonus{roleType=BUREAU_DE_CONTROLE, activityID=11, amount=2}]}, RiskAction{riskOfActivityId=11, description='Vol de matériel', bonusList=[ResourcesBonus{roleType=ENTREPRISE_CORPS_ETAT_SECONDAIRE, activityID=11, amount=1}, DaysBonus{activityID=11, amount=5}]}]
2021-07-07 00:30:16,964 INFO org.polytech.pfe.domego.protocol.game.DrawCardEvent [http-nio-8080-exec-10] DrawCardEvent : List of Quality : []
2021-07-07 00:30:16,969 INFO org.polytech.pfe.domego.protocol.game.PayContractEvent [http-nio-8080-exec-10] PayContractEvent : GIVER name :  A, money 16 resource 7
2021-07-07 00:30:16,970 INFO org.polytech.pfe.domego.protocol.game.PayContractEvent [http-nio-8080-exec-10] PayContractEvent : RECEIVER name :  Z, money 33 resource 0
2021-07-07 00:30:16,972 INFO org.polytech.pfe.domego.protocol.game.PayContractEvent [http-nio-8080-exec-10] PayContractEvent : In game 54a13a60-b8f3-4b29-883c-c6611aae9fe7, MAITRE_D_OUVRAGE paid MAITRE_D_OEUVRE the amount 20.
2021-07-07 00:30:16,976 INFO org.polytech.pfe.domego.protocol.game.PayContractEvent [http-nio-8080-exec-10] PayContractEvent : GIVER name :  A, money -4 resource 7
2021-07-07 00:30:16,977 INFO org.polytech.pfe.domego.protocol.game.PayContractEvent [http-nio-8080-exec-10] PayContractEvent : RECEIVER name :  Z, money 53 resource 0
2021-07-07 00:30:16,979 INFO org.polytech.pfe.domego.protocol.game.PayContractEvent [http-nio-8080-exec-10] PayContractEvent : GIVER name :  Z, money 53 resource 0
2021-07-07 00:30:16,980 INFO org.polytech.pfe.domego.protocol.game.PayContractEvent [http-nio-8080-exec-10] PayContractEvent : RECEIVER name :  E, money 21 resource 6
2021-07-07 00:30:16,982 INFO org.polytech.pfe.domego.protocol.game.PayContractEvent [http-nio-8080-exec-10] PayContractEvent : In game 54a13a60-b8f3-4b29-883c-c6611aae9fe7, MAITRE_D_OEUVRE paid BUREAU_D_ETUDE the amount 2.
2021-07-07 00:30:16,983 INFO org.polytech.pfe.domego.protocol.game.PayContractEvent [http-nio-8080-exec-10] PayContractEvent : GIVER name :  Z, money 51 resource 0
2021-07-07 00:30:16,985 INFO org.polytech.pfe.domego.protocol.game.PayContractEvent [http-nio-8080-exec-10] PayContractEvent : RECEIVER name :  E, money 23 resource 6
2021-07-07 00:30:16,986 INFO org.polytech.pfe.domego.protocol.game.PayContractEvent [http-nio-8080-exec-10] PayContractEvent : GIVER name :  Z, money 51 resource 0
2021-07-07 00:30:16,987 INFO org.polytech.pfe.domego.protocol.game.PayContractEvent [http-nio-8080-exec-10] PayContractEvent : RECEIVER name :  Y, money 19 resource 0
2021-07-07 00:30:16,989 INFO org.polytech.pfe.domego.protocol.game.PayContractEvent [http-nio-8080-exec-10] PayContractEvent : In game 54a13a60-b8f3-4b29-883c-c6611aae9fe7, MAITRE_D_OEUVRE paid ENTREPRISE_GROS_OEUVRE the amount 4.
2021-07-07 00:30:16,998 INFO org.polytech.pfe.domego.protocol.game.PayContractEvent [http-nio-8080-exec-10] PayContractEvent : GIVER name :  Z, money 47 resource 0
2021-07-07 00:30:17,000 INFO org.polytech.pfe.domego.protocol.game.PayContractEvent [http-nio-8080-exec-10] PayContractEvent : RECEIVER name :  Y, money 23 resource 0
2021-07-07 00:30:17,003 INFO org.polytech.pfe.domego.protocol.game.PayContractEvent [http-nio-8080-exec-10] PayContractEvent : GIVER name :  Z, money 47 resource 0
2021-07-07 00:30:17,005 INFO org.polytech.pfe.domego.protocol.game.PayContractEvent [http-nio-8080-exec-10] PayContractEvent : RECEIVER name :  T, money 24 resource 3
2021-07-07 00:30:17,014 INFO org.polytech.pfe.domego.protocol.game.PayContractEvent [http-nio-8080-exec-10] PayContractEvent : In game 54a13a60-b8f3-4b29-883c-c6611aae9fe7, MAITRE_D_OEUVRE paid ENTREPRISE_CORPS_ETAT_SECONDAIRE the amount 4.
2021-07-07 00:30:17,015 INFO org.polytech.pfe.domego.protocol.game.PayContractEvent [http-nio-8080-exec-10] PayContractEvent : GIVER name :  Z, money 43 resource 0
2021-07-07 00:30:17,017 INFO org.polytech.pfe.domego.protocol.game.PayContractEvent [http-nio-8080-exec-10] PayContractEvent : RECEIVER name :  T, money 28 resource 3
2021-07-07 00:30:17,019 INFO org.polytech.pfe.domego.protocol.game.PayContractEvent [http-nio-8080-exec-10] PayContractEvent : GIVER name :  A, money -4 resource 7
2021-07-07 00:30:17,023 INFO org.polytech.pfe.domego.protocol.game.PayContractEvent [http-nio-8080-exec-10] PayContractEvent : RECEIVER name :  R, money 12 resource 0
2021-07-07 00:30:17,028 INFO org.polytech.pfe.domego.protocol.game.PayContractEvent [http-nio-8080-exec-10] PayContractEvent : In game 54a13a60-b8f3-4b29-883c-c6611aae9fe7, MAITRE_D_OUVRAGE paid BUREAU_DE_CONTROLE the amount 6.
2021-07-07 00:30:17,035 INFO org.polytech.pfe.domego.protocol.game.PayContractEvent [http-nio-8080-exec-10] PayContractEvent : GIVER name :  A, money -10 resource 7
2021-07-07 00:30:17,041 INFO org.polytech.pfe.domego.protocol.game.PayContractEvent [http-nio-8080-exec-10] PayContractEvent : RECEIVER name :  R, money 18 resource 0
2021-07-07 00:30:17,053 INFO org.polytech.pfe.domego.protocol.game.ChangeActivityEvent [http-nio-8080-exec-10] ChangeActivityEvent : In game : 54a13a60-b8f3-4b29-883c-c6611aae9fe7, the current activity is now 12
2021-07-07 00:31:06,279 INFO org.polytech.pfe.domego.models.activity.Activity [http-nio-8080-exec-12] The RISKS payment is done
2021-07-07 00:31:06,281 INFO org.polytech.pfe.domego.models.activity.Activity [http-nio-8080-exec-12] The mandatory payment is done
2021-07-07 00:31:06,282 INFO org.polytech.pfe.domego.models.activity.Activity [http-nio-8080-exec-12] The DAYS payment is done
2021-07-07 00:31:06,284 INFO org.polytech.pfe.domego.protocol.game.PayResourcesEvent [http-nio-8080-exec-12] PaymentResourcesEvent : In the game 54a13a60-b8f3-4b29-883c-c6611aae9fe7, the player named A has realize 3 payment for the activity : 12
2021-07-07 00:31:06,287 INFO org.polytech.pfe.domego.protocol.game.PayResourcesEvent [http-nio-8080-exec-12] PaymentResourcesEvent : List Payment :  [Payment{amount=3, type='RISKS'}, Payment{amount=2, type='MANDATORY'}, Payment{amount=2, type='DAYS'}]
2021-07-07 00:31:06,290 INFO org.polytech.pfe.domego.protocol.game.PayResourcesEvent [http-nio-8080-exec-12] PaymentResourcesEvent : In the game 54a13a60-b8f3-4b29-883c-c6611aae9fe7, the player named A has now 0 resources
2021-07-07 00:31:46,698 INFO org.polytech.pfe.domego.protocol.game.BuyResourceEvent [http-nio-8080-exec-18] BuyResourceEvent : In game  54a13a60-b8f3-4b29-883c-c6611aae9fe7 the player named : Z has buy 5 resources. He has now : 5 resources and : 33 money.
2021-07-07 00:31:55,358 INFO org.polytech.pfe.domego.models.activity.Activity [http-nio-8080-exec-9] The mandatory payment is done
2021-07-07 00:31:55,360 INFO org.polytech.pfe.domego.models.activity.Activity [http-nio-8080-exec-9] The DAYS payment is done
2021-07-07 00:31:55,362 INFO org.polytech.pfe.domego.protocol.game.PayResourcesEvent [http-nio-8080-exec-9] PaymentResourcesEvent : In the game 54a13a60-b8f3-4b29-883c-c6611aae9fe7, the player named Z has realize 2 payment for the activity : 12
2021-07-07 00:31:55,363 INFO org.polytech.pfe.domego.protocol.game.PayResourcesEvent [http-nio-8080-exec-9] PaymentResourcesEvent : List Payment :  [Payment{amount=2, type='MANDATORY'}, Payment{amount=3, type='DAYS'}]
2021-07-07 00:31:55,365 INFO org.polytech.pfe.domego.protocol.game.PayResourcesEvent [http-nio-8080-exec-9] PaymentResourcesEvent : In the game 54a13a60-b8f3-4b29-883c-c6611aae9fe7, the player named Z has now 0 resources
2021-07-07 00:32:07,883 WARN org.polytech.pfe.domego.models.activity.Activity [http-nio-8080-exec-5] Payment Not found
2021-07-07 00:32:07,885 INFO org.polytech.pfe.domego.models.activity.Activity [http-nio-8080-exec-5] The mandatory payment is done
2021-07-07 00:32:07,886 INFO org.polytech.pfe.domego.protocol.game.PayResourcesEvent [http-nio-8080-exec-5] PaymentResourcesEvent : In the game 54a13a60-b8f3-4b29-883c-c6611aae9fe7, the player named E has realize 2 payment for the activity : 12
2021-07-07 00:32:07,888 INFO org.polytech.pfe.domego.protocol.game.PayResourcesEvent [http-nio-8080-exec-5] PaymentResourcesEvent : List Payment :  [Payment{amount=1, type='RISKS'}, Payment{amount=1, type='MANDATORY'}]
2021-07-07 00:32:07,888 INFO org.polytech.pfe.domego.protocol.game.PayResourcesEvent [http-nio-8080-exec-5] PaymentResourcesEvent : In the game 54a13a60-b8f3-4b29-883c-c6611aae9fe7, the player named E has now 4 resources
2021-07-07 00:32:25,368 INFO org.polytech.pfe.domego.protocol.game.BuyResourceEvent [http-nio-8080-exec-11] BuyResourceEvent : In game  54a13a60-b8f3-4b29-883c-c6611aae9fe7 the player named : R has buy 1 resources. He has now : 1 resources and : 16 money.
2021-07-07 00:32:38,649 INFO org.polytech.pfe.domego.protocol.game.BuyResourceEvent [http-nio-8080-exec-17] BuyResourceEvent : In game  54a13a60-b8f3-4b29-883c-c6611aae9fe7 the player named : T has buy 1 resources. He has now : 4 resources and : 26 money.
2021-07-07 00:32:43,226 INFO org.polytech.pfe.domego.models.activity.Activity [http-nio-8080-exec-13] The mandatory payment is done
2021-07-07 00:32:43,229 INFO org.polytech.pfe.domego.protocol.game.PayResourcesEvent [http-nio-8080-exec-13] PaymentResourcesEvent : In the game 54a13a60-b8f3-4b29-883c-c6611aae9fe7, the player named T has realize 1 payment for the activity : 12
2021-07-07 00:32:43,230 INFO org.polytech.pfe.domego.protocol.game.PayResourcesEvent [http-nio-8080-exec-13] PaymentResourcesEvent : List Payment :  [Payment{amount=4, type='MANDATORY'}]
2021-07-07 00:32:43,231 INFO org.polytech.pfe.domego.protocol.game.PayResourcesEvent [http-nio-8080-exec-13] PaymentResourcesEvent : In the game 54a13a60-b8f3-4b29-883c-c6611aae9fe7, the player named T has now 0 resources
2021-07-07 00:32:58,302 INFO org.polytech.pfe.domego.protocol.game.BuyResourceEvent [http-nio-8080-exec-1] BuyResourceEvent : In game  54a13a60-b8f3-4b29-883c-c6611aae9fe7 the player named : Y has buy 3 resources. He has now : 3 resources and : 17 money.
2021-07-07 00:33:02,010 INFO org.polytech.pfe.domego.models.activity.Activity [http-nio-8080-exec-7] The mandatory payment is done
2021-07-07 00:33:02,013 INFO org.polytech.pfe.domego.protocol.game.PayResourcesEvent [http-nio-8080-exec-7] PaymentResourcesEvent : In the game 54a13a60-b8f3-4b29-883c-c6611aae9fe7, the player named Y has realize 1 payment for the activity : 12
2021-07-07 00:33:02,017 INFO org.polytech.pfe.domego.protocol.game.PayResourcesEvent [http-nio-8080-exec-7] PaymentResourcesEvent : List Payment :  [Payment{amount=3, type='MANDATORY'}]
2021-07-07 00:33:02,020 INFO org.polytech.pfe.domego.protocol.game.PayResourcesEvent [http-nio-8080-exec-7] PaymentResourcesEvent : In the game 54a13a60-b8f3-4b29-883c-c6611aae9fe7, the player named Y has now 0 resources
2021-07-07 00:33:24,703 INFO org.polytech.pfe.domego.models.activity.Activity [http-nio-8080-exec-10] The mandatory payment is done
2021-07-07 00:33:24,706 INFO org.polytech.pfe.domego.protocol.game.PayResourcesEvent [http-nio-8080-exec-10] PaymentResourcesEvent : In the game 54a13a60-b8f3-4b29-883c-c6611aae9fe7, the player named R has realize 1 payment for the activity : 12
2021-07-07 00:33:24,707 INFO org.polytech.pfe.domego.protocol.game.PayResourcesEvent [http-nio-8080-exec-10] PaymentResourcesEvent : List Payment :  [Payment{amount=1, type='MANDATORY'}]
2021-07-07 00:33:24,708 INFO org.polytech.pfe.domego.protocol.game.PayResourcesEvent [http-nio-8080-exec-10] PaymentResourcesEvent : In the game 54a13a60-b8f3-4b29-883c-c6611aae9fe7, the player named R has now 0 resources
2021-07-07 00:33:24,717 INFO org.polytech.pfe.domego.models.activity.Activity [http-nio-8080-exec-10] The mandatory payment is done
2021-07-07 00:33:24,724 INFO org.polytech.pfe.domego.models.activity.Activity [http-nio-8080-exec-10] The mandatory payment is done
2021-07-07 00:33:24,734 INFO org.polytech.pfe.domego.models.activity.Activity [http-nio-8080-exec-10] The mandatory payment is done
2021-07-07 00:33:24,740 INFO org.polytech.pfe.domego.models.activity.Activity [http-nio-8080-exec-10] The mandatory payment is done
2021-07-07 00:33:24,747 INFO org.polytech.pfe.domego.models.activity.Activity [http-nio-8080-exec-10] The mandatory payment is done
2021-07-07 00:33:24,753 INFO org.polytech.pfe.domego.models.activity.Activity [http-nio-8080-exec-10] The mandatory payment is done
2021-07-07 00:33:24,763 INFO org.polytech.pfe.domego.models.activity.Activity [http-nio-8080-exec-10] The mandatory payment is done
2021-07-07 00:33:24,770 INFO org.polytech.pfe.domego.protocol.game.DrawCardEvent [http-nio-8080-exec-10] DrawCardEvent : In the game 54a13a60-b8f3-4b29-883c-c6611aae9fe7 for the activity 12 they draw 5 risk cards and 0 quality card
2021-07-07 00:33:24,772 INFO org.polytech.pfe.domego.protocol.game.DrawCardEvent [http-nio-8080-exec-10] DrawCardEvent : List of Risk : [RiskAction{riskOfActivityId=12, description='Ouvriers très qualifiés', bonusList=[DaysBonus{activityID=12, amount=-8}]}, RiskAction{riskOfActivityId=12, description='Problème de plomberie', bonusList=[DaysBonus{activityID=12, amount=2}, ResourcesBonus{roleType=ENTREPRISE_CORPS_ETAT_SECONDAIRE, activityID=12, amount=1}]}, RiskAction{riskOfActivityId=12, description='Nombreuses réserves CES', bonusList=[DaysBonus{activityID=12, amount=10}, ResourcesBonus{roleType=ENTREPRISE_CORPS_ETAT_SECONDAIRE, activityID=12, amount=2}, DaysBonus{activityID=12, amount=10}, ResourcesBonus{roleType=ENTREPRISE_GROS_OEUVRE, activityID=12, amount=2}]}, RiskAction{riskOfActivityId=12, description='Cloison mal positionnée', bonusList=[DaysBonus{activityID=12, amount=3}, ResourcesBonus{roleType=ENTREPRISE_CORPS_ETAT_SECONDAIRE, activityID=12, amount=1}]}, RiskAction{riskOfActivityId=12, description='Normes handicapés non respectées', bonusList=[DaysBonus{activityID=12, amount=5}, ResourcesBonus{roleType=ENTREPRISE_CORPS_ETAT_SECONDAIRE, activityID=12, amount=1}, ResourcesBonus{roleType=ENTREPRISE_GROS_OEUVRE, activityID=12, amount=1}, ResourcesBonus{roleType=BUREAU_DE_CONTROLE, activityID=12, amount=1}]}]
2021-07-07 00:33:24,777 INFO org.polytech.pfe.domego.protocol.game.DrawCardEvent [http-nio-8080-exec-10] DrawCardEvent : List of Quality : []
2021-07-07 00:33:24,788 INFO org.polytech.pfe.domego.protocol.game.FinishGameEvent [http-nio-8080-exec-10] Game : The game 54a13a60-b8f3-4b29-883c-c6611aae9fe7 is now Finished
2021-07-07 00:45:26,895 INFO org.polytech.pfe.domego.services.sockets.game.GameSocketHandler [http-nio-8080-exec-18] GameSocketHandler : Close session on socket with ip : /0:0:0:0:0:0:0:1:55569
2021-07-07 00:45:26,899 INFO org.polytech.pfe.domego.services.sockets.room.RoomSocketHandler [http-nio-8080-exec-12] RoomSocketHandler : Close session on socket with ip : /0:0:0:0:0:0:0:1:60320
2021-07-07 00:45:26,895 INFO org.polytech.pfe.domego.services.sockets.game.GameSocketHandler [http-nio-8080-exec-9] GameSocketHandler : Close session on socket with ip : /0:0:0:0:0:0:0:1:57066
2021-07-07 00:45:26,899 INFO org.polytech.pfe.domego.services.sockets.room.RoomSocketHandler [http-nio-8080-exec-5] RoomSocketHandler : Close session on socket with ip : /0:0:0:0:0:0:0:1:63118
2021-07-07 00:45:27,335 INFO org.polytech.pfe.domego.services.sockets.game.GameSocketHandler [http-nio-8080-exec-11] GameSocketHandler : Close session on socket with ip : /0:0:0:0:0:0:0:1:49661
2021-07-07 00:45:27,337 INFO org.polytech.pfe.domego.services.sockets.room.RoomSocketHandler [http-nio-8080-exec-17] RoomSocketHandler : Close session on socket with ip : /0:0:0:0:0:0:0:1:64819
2021-07-07 00:45:27,658 INFO org.polytech.pfe.domego.services.sockets.room.RoomSocketHandler [http-nio-8080-exec-13] RoomSocketHandler : Close session on socket with ip : /0:0:0:0:0:0:0:1:64700
2021-07-07 00:45:27,683 INFO org.polytech.pfe.domego.services.sockets.game.GameSocketHandler [http-nio-8080-exec-1] GameSocketHandler : Close session on socket with ip : /0:0:0:0:0:0:0:1:55608
2021-07-07 00:45:27,988 INFO org.polytech.pfe.domego.services.sockets.game.GameSocketHandler [http-nio-8080-exec-7] GameSocketHandler : Close session on socket with ip : /0:0:0:0:0:0:0:1:64792
2021-07-07 00:45:28,689 INFO org.polytech.pfe.domego.services.sockets.room.RoomSocketHandler [http-nio-8080-exec-10] RoomSocketHandler : Close session on socket with ip : /0:0:0:0:0:0:0:1:58936
2021-07-07 00:45:28,741 INFO org.polytech.pfe.domego.services.sockets.room.RoomSocketHandler [http-nio-8080-exec-12] RoomSocketHandler : Close session on socket with ip : /0:0:0:0:0:0:0:1:58896
2021-07-07 00:45:28,765 INFO org.polytech.pfe.domego.services.sockets.game.GameSocketHandler [http-nio-8080-exec-9] GameSocketHandler : Close session on socket with ip : /0:0:0:0:0:0:0:1:51177
2021-07-07 00:45:55,242 INFO org.polytech.pfe.domego.services.sockets.game.GameSocketHandler [http-nio-8080-exec-5] GameSocketHandler : New user on socket with ip : /0:0:0:0:0:0:0:1:63791
2021-07-07 00:45:55,277 INFO org.polytech.pfe.domego.services.sockets.game.GameSocketHandler [http-nio-8080-exec-18] GameSocketHandler : New user on socket with ip : /0:0:0:0:0:0:0:1:60894
2021-07-07 00:45:55,717 INFO org.polytech.pfe.domego.services.sockets.game.GameSocketHandler [http-nio-8080-exec-11] GameSocketHandler : New user on socket with ip : /0:0:0:0:0:0:0:1:63986
2021-07-07 00:45:58,097 INFO org.polytech.pfe.domego.services.sockets.game.GameSocketHandler [http-nio-8080-exec-17] GameSocketHandler : New user on socket with ip : /0:0:0:0:0:0:0:1:59472
2021-07-07 00:57:27,364 INFO org.polytech.pfe.domego.services.sockets.game.GameSocketHandler [http-nio-8080-exec-13] GameSocketHandler : Close session on socket with ip : /0:0:0:0:0:0:0:1:63986
2021-07-07 00:57:30,278 INFO org.polytech.pfe.domego.services.sockets.game.GameSocketHandler [http-nio-8080-exec-1] GameSocketHandler : Close session on socket with ip : /0:0:0:0:0:0:0:1:63791
2021-07-07 00:57:30,473 INFO org.polytech.pfe.domego.services.sockets.game.GameSocketHandler [http-nio-8080-exec-7] GameSocketHandler : Close session on socket with ip : /0:0:0:0:0:0:0:1:60894
2021-07-07 00:57:30,758 INFO org.polytech.pfe.domego.services.sockets.game.GameSocketHandler [http-nio-8080-exec-10] GameSocketHandler : Close session on socket with ip : /0:0:0:0:0:0:0:1:59472
